{"/Volumes/Coding/forest-fire/vuex-plugin-firemodel/dist/cjs/abc/api/AbcApi.js":{"path":"/Volumes/Coding/forest-fire/vuex-plugin-firemodel/dist/cjs/abc/api/AbcApi.js","statementMap":{"0":{"start":{"line":2,"column":0},"end":{"line":2,"column":62}},"1":{"start":{"line":3,"column":20},"end":{"line":3,"column":40}},"2":{"start":{"line":4,"column":14},"end":{"line":4,"column":40}},"3":{"start":{"line":5,"column":20},"end":{"line":5,"column":57}},"4":{"start":{"line":6,"column":17},"end":{"line":6,"column":40}},"5":{"start":{"line":7,"column":17},"end":{"line":7,"column":40}},"6":{"start":{"line":8,"column":14},"end":{"line":8,"column":40}},"7":{"start":{"line":16,"column":8},"end":{"line":16,"column":28}},"8":{"start":{"line":17,"column":8},"end":{"line":17,"column":30}},"9":{"start":{"line":18,"column":8},"end":{"line":18,"column":31}},"10":{"start":{"line":19,"column":8},"end":{"line":21,"column":9}},"11":{"start":{"line":20,"column":12},"end":{"line":20,"column":255}},"12":{"start":{"line":22,"column":8},"end":{"line":22,"column":39}},"13":{"start":{"line":23,"column":8},"end":{"line":23,"column":99}},"14":{"start":{"line":24,"column":20},"end":{"line":24,"column":69}},"15":{"start":{"line":25,"column":8},"end":{"line":25,"column":93}},"16":{"start":{"line":26,"column":8},"end":{"line":26,"column":38}},"17":{"start":{"line":27,"column":8},"end":{"line":27,"column":122}},"18":{"start":{"line":28,"column":8},"end":{"line":28,"column":35}},"19":{"start":{"line":29,"column":8},"end":{"line":29,"column":30}},"20":{"start":{"line":36,"column":8},"end":{"line":36,"column":74}},"21":{"start":{"line":42,"column":26},"end":{"line":42,"column":50}},"22":{"start":{"line":43,"column":8},"end":{"line":45,"column":9}},"23":{"start":{"line":44,"column":12},"end":{"line":44,"column":142}},"24":{"start":{"line":46,"column":8},"end":{"line":46,"column":49}},"25":{"start":{"line":47,"column":8},"end":{"line":47,"column":21}},"26":{"start":{"line":54,"column":8},"end":{"line":54,"column":50}},"27":{"start":{"line":60,"column":8},"end":{"line":62,"column":63}},"28":{"start":{"line":61,"column":25},"end":{"line":61,"column":66}},"29":{"start":{"line":62,"column":22},"end":{"line":62,"column":61}},"30":{"start":{"line":68,"column":8},"end":{"line":70,"column":9}},"31":{"start":{"line":69,"column":12},"end":{"line":69,"column":151}},"32":{"start":{"line":71,"column":8},"end":{"line":71,"column":43}},"33":{"start":{"line":77,"column":8},"end":{"line":77,"column":35}},"34":{"start":{"line":78,"column":8},"end":{"line":80,"column":9}},"35":{"start":{"line":79,"column":12},"end":{"line":79,"column":32}},"36":{"start":{"line":83,"column":8},"end":{"line":83,"column":39}},"37":{"start":{"line":90,"column":23},"end":{"line":90,"column":56}},"38":{"start":{"line":91,"column":8},"end":{"line":99,"column":9}},"39":{"start":{"line":92,"column":12},"end":{"line":92,"column":76}},"40":{"start":{"line":93,"column":12},"end":{"line":95,"column":13}},"41":{"start":{"line":94,"column":16},"end":{"line":94,"column":45}},"42":{"start":{"line":98,"column":12},"end":{"line":98,"column":66}},"43":{"start":{"line":106,"column":8},"end":{"line":115,"column":10}},"44":{"start":{"line":122,"column":8},"end":{"line":129,"column":10}},"45":{"start":{"line":137,"column":8},"end":{"line":142,"column":9}},"46":{"start":{"line":138,"column":12},"end":{"line":138,"column":69}},"47":{"start":{"line":141,"column":12},"end":{"line":141,"column":49}},"48":{"start":{"line":148,"column":19},"end":{"line":148,"column":68}},"49":{"start":{"line":149,"column":8},"end":{"line":151,"column":9}},"50":{"start":{"line":150,"column":12},"end":{"line":150,"column":211}},"51":{"start":{"line":152,"column":8},"end":{"line":152,"column":18}},"52":{"start":{"line":158,"column":8},"end":{"line":158,"column":28}},"53":{"start":{"line":164,"column":8},"end":{"line":164,"column":56}},"54":{"start":{"line":170,"column":8},"end":{"line":170,"column":57}},"55":{"start":{"line":176,"column":8},"end":{"line":176,"column":55}},"56":{"start":{"line":179,"column":8},"end":{"line":179,"column":31}},"57":{"start":{"line":187,"column":8},"end":{"line":192,"column":9}},"58":{"start":{"line":188,"column":12},"end":{"line":188,"column":70}},"59":{"start":{"line":191,"column":12},"end":{"line":191,"column":50}},"60":{"start":{"line":198,"column":8},"end":{"line":198,"column":18}},"61":{"start":{"line":201,"column":8},"end":{"line":205,"column":10}},"62":{"start":{"line":208,"column":8},"end":{"line":208,"column":141}},"63":{"start":{"line":211,"column":0},"end":{"line":211,"column":24}},"64":{"start":{"line":216,"column":0},"end":{"line":216,"column":27}}},"fnMap":{"0":{"name":"(anonymous_0)","decl":{"start":{"line":14,"column":4},"end":{"line":14,"column":5}},"loc":{"start":{"line":14,"column":36},"end":{"line":30,"column":5}},"line":14},"1":{"name":"(anonymous_1)","decl":{"start":{"line":35,"column":4},"end":{"line":35,"column":5}},"loc":{"start":{"line":35,"column":36},"end":{"line":37,"column":5}},"line":35},"2":{"name":"(anonymous_2)","decl":{"start":{"line":41,"column":4},"end":{"line":41,"column":5}},"loc":{"start":{"line":41,"column":27},"end":{"line":48,"column":5}},"line":41},"3":{"name":"(anonymous_3)","decl":{"start":{"line":53,"column":4},"end":{"line":53,"column":5}},"loc":{"start":{"line":53,"column":34},"end":{"line":55,"column":5}},"line":53},"4":{"name":"(anonymous_4)","decl":{"start":{"line":59,"column":4},"end":{"line":59,"column":5}},"loc":{"start":{"line":59,"column":44},"end":{"line":63,"column":5}},"line":59},"5":{"name":"(anonymous_5)","decl":{"start":{"line":61,"column":20},"end":{"line":61,"column":21}},"loc":{"start":{"line":61,"column":25},"end":{"line":61,"column":66}},"line":61},"6":{"name":"(anonymous_6)","decl":{"start":{"line":62,"column":17},"end":{"line":62,"column":18}},"loc":{"start":{"line":62,"column":22},"end":{"line":62,"column":61}},"line":62},"7":{"name":"(anonymous_7)","decl":{"start":{"line":67,"column":4},"end":{"line":67,"column":5}},"loc":{"start":{"line":67,"column":29},"end":{"line":72,"column":5}},"line":67},"8":{"name":"(anonymous_8)","decl":{"start":{"line":76,"column":4},"end":{"line":76,"column":5}},"loc":{"start":{"line":76,"column":19},"end":{"line":81,"column":5}},"line":76},"9":{"name":"(anonymous_9)","decl":{"start":{"line":82,"column":4},"end":{"line":82,"column":5}},"loc":{"start":{"line":82,"column":24},"end":{"line":84,"column":5}},"line":82},"10":{"name":"(anonymous_10)","decl":{"start":{"line":89,"column":4},"end":{"line":89,"column":5}},"loc":{"start":{"line":89,"column":36},"end":{"line":100,"column":5}},"line":89},"11":{"name":"(anonymous_11)","decl":{"start":{"line":105,"column":4},"end":{"line":105,"column":5}},"loc":{"start":{"line":105,"column":16},"end":{"line":116,"column":5}},"line":105},"12":{"name":"(anonymous_12)","decl":{"start":{"line":121,"column":4},"end":{"line":121,"column":5}},"loc":{"start":{"line":121,"column":27},"end":{"line":130,"column":5}},"line":121},"13":{"name":"(anonymous_13)","decl":{"start":{"line":136,"column":4},"end":{"line":136,"column":5}},"loc":{"start":{"line":136,"column":37},"end":{"line":143,"column":5}},"line":136},"14":{"name":"(anonymous_14)","decl":{"start":{"line":147,"column":4},"end":{"line":147,"column":5}},"loc":{"start":{"line":147,"column":13},"end":{"line":153,"column":5}},"line":147},"15":{"name":"(anonymous_15)","decl":{"start":{"line":157,"column":4},"end":{"line":157,"column":5}},"loc":{"start":{"line":157,"column":17},"end":{"line":159,"column":5}},"line":157},"16":{"name":"(anonymous_16)","decl":{"start":{"line":163,"column":4},"end":{"line":163,"column":5}},"loc":{"start":{"line":163,"column":21},"end":{"line":165,"column":5}},"line":163},"17":{"name":"(anonymous_17)","decl":{"start":{"line":169,"column":4},"end":{"line":169,"column":5}},"loc":{"start":{"line":169,"column":22},"end":{"line":171,"column":5}},"line":169},"18":{"name":"(anonymous_18)","decl":{"start":{"line":175,"column":4},"end":{"line":175,"column":5}},"loc":{"start":{"line":175,"column":20},"end":{"line":177,"column":5}},"line":175},"19":{"name":"(anonymous_19)","decl":{"start":{"line":178,"column":4},"end":{"line":178,"column":5}},"loc":{"start":{"line":178,"column":16},"end":{"line":180,"column":5}},"line":178},"20":{"name":"(anonymous_20)","decl":{"start":{"line":186,"column":4},"end":{"line":186,"column":5}},"loc":{"start":{"line":186,"column":38},"end":{"line":193,"column":5}},"line":186},"21":{"name":"(anonymous_21)","decl":{"start":{"line":197,"column":4},"end":{"line":197,"column":5}},"loc":{"start":{"line":197,"column":18},"end":{"line":199,"column":5}},"line":197},"22":{"name":"(anonymous_22)","decl":{"start":{"line":200,"column":4},"end":{"line":200,"column":5}},"loc":{"start":{"line":200,"column":13},"end":{"line":206,"column":5}},"line":200},"23":{"name":"(anonymous_23)","decl":{"start":{"line":207,"column":4},"end":{"line":207,"column":5}},"loc":{"start":{"line":207,"column":15},"end":{"line":209,"column":5}},"line":207}},"branchMap":{"0":{"loc":{"start":{"line":14,"column":23},"end":{"line":14,"column":34}},"type":"default-arg","locations":[{"start":{"line":14,"column":32},"end":{"line":14,"column":34}}],"line":14},"1":{"loc":{"start":{"line":19,"column":8},"end":{"line":21,"column":9}},"type":"if","locations":[{"start":{"line":19,"column":8},"end":{"line":21,"column":9}},{"start":{"line":19,"column":8},"end":{"line":21,"column":9}}],"line":19},"2":{"loc":{"start":{"line":19,"column":12},"end":{"line":19,"column":57}},"type":"binary-expr","locations":[{"start":{"line":19,"column":12},"end":{"line":19,"column":22}},{"start":{"line":19,"column":26},"end":{"line":19,"column":57}}],"line":19},"3":{"loc":{"start":{"line":25,"column":38},"end":{"line":25,"column":92}},"type":"cond-expr","locations":[{"start":{"line":25,"column":59},"end":{"line":25,"column":84}},{"start":{"line":25,"column":87},"end":{"line":25,"column":92}}],"line":25},"4":{"loc":{"start":{"line":36,"column":15},"end":{"line":36,"column":73}},"type":"cond-expr","locations":[{"start":{"line":36,"column":61},"end":{"line":36,"column":65}},{"start":{"line":36,"column":68},"end":{"line":36,"column":73}}],"line":36},"5":{"loc":{"start":{"line":36,"column":15},"end":{"line":36,"column":58}},"type":"binary-expr","locations":[{"start":{"line":36,"column":15},"end":{"line":36,"column":30}},{"start":{"line":36,"column":34},"end":{"line":36,"column":58}}],"line":36},"6":{"loc":{"start":{"line":43,"column":8},"end":{"line":45,"column":9}},"type":"if","locations":[{"start":{"line":43,"column":8},"end":{"line":45,"column":9}},{"start":{"line":43,"column":8},"end":{"line":45,"column":9}}],"line":43},"7":{"loc":{"start":{"line":68,"column":8},"end":{"line":70,"column":9}},"type":"if","locations":[{"start":{"line":68,"column":8},"end":{"line":70,"column":9}},{"start":{"line":68,"column":8},"end":{"line":70,"column":9}}],"line":68},"8":{"loc":{"start":{"line":78,"column":8},"end":{"line":80,"column":9}},"type":"if","locations":[{"start":{"line":78,"column":8},"end":{"line":80,"column":9}},{"start":{"line":78,"column":8},"end":{"line":80,"column":9}}],"line":78},"9":{"loc":{"start":{"line":91,"column":8},"end":{"line":99,"column":9}},"type":"if","locations":[{"start":{"line":91,"column":8},"end":{"line":99,"column":9}},{"start":{"line":91,"column":8},"end":{"line":99,"column":9}}],"line":91},"10":{"loc":{"start":{"line":93,"column":12},"end":{"line":95,"column":13}},"type":"if","locations":[{"start":{"line":93,"column":12},"end":{"line":95,"column":13}},{"start":{"line":93,"column":12},"end":{"line":95,"column":13}}],"line":93},"11":{"loc":{"start":{"line":136,"column":23},"end":{"line":136,"column":35}},"type":"default-arg","locations":[{"start":{"line":136,"column":33},"end":{"line":136,"column":35}}],"line":136},"12":{"loc":{"start":{"line":137,"column":8},"end":{"line":142,"column":9}},"type":"if","locations":[{"start":{"line":137,"column":8},"end":{"line":142,"column":9}},{"start":{"line":137,"column":8},"end":{"line":142,"column":9}}],"line":137},"13":{"loc":{"start":{"line":148,"column":19},"end":{"line":148,"column":68}},"type":"binary-expr","locations":[{"start":{"line":148,"column":19},"end":{"line":148,"column":33}},{"start":{"line":148,"column":37},"end":{"line":148,"column":68}}],"line":148},"14":{"loc":{"start":{"line":149,"column":8},"end":{"line":151,"column":9}},"type":"if","locations":[{"start":{"line":149,"column":8},"end":{"line":151,"column":9}},{"start":{"line":149,"column":8},"end":{"line":151,"column":9}}],"line":149},"15":{"loc":{"start":{"line":186,"column":24},"end":{"line":186,"column":36}},"type":"default-arg","locations":[{"start":{"line":186,"column":34},"end":{"line":186,"column":36}}],"line":186},"16":{"loc":{"start":{"line":187,"column":8},"end":{"line":192,"column":9}},"type":"if","locations":[{"start":{"line":187,"column":8},"end":{"line":192,"column":9}},{"start":{"line":187,"column":8},"end":{"line":192,"column":9}}],"line":187}},"s":{"0":0,"1":0,"2":0,"3":0,"4":0,"5":0,"6":0,"7":0,"8":0,"9":0,"10":0,"11":0,"12":0,"13":0,"14":0,"15":0,"16":0,"17":0,"18":0,"19":0,"20":0,"21":0,"22":0,"23":0,"24":0,"25":0,"26":0,"27":0,"28":0,"29":0,"30":0,"31":0,"32":0,"33":0,"34":0,"35":0,"36":0,"37":0,"38":0,"39":0,"40":0,"41":0,"42":0,"43":0,"44":0,"45":0,"46":0,"47":0,"48":0,"49":0,"50":0,"51":0,"52":0,"53":0,"54":0,"55":0,"56":0,"57":0,"58":0,"59":0,"60":0,"61":0,"62":0,"63":0,"64":0},"f":{"0":0,"1":0,"2":0,"3":0,"4":0,"5":0,"6":0,"7":0,"8":0,"9":0,"10":0,"11":0,"12":0,"13":0,"14":0,"15":0,"16":0,"17":0,"18":0,"19":0,"20":0,"21":0,"22":0,"23":0},"b":{"0":[0],"1":[0,0],"2":[0,0],"3":[0,0],"4":[0,0],"5":[0,0],"6":[0,0],"7":[0,0],"8":[0,0],"9":[0,0],"10":[0,0],"11":[0],"12":[0,0],"13":[0,0],"14":[0,0],"15":[0],"16":[0,0]},"inputSourceMap":{"version":3,"file":"AbcApi.js","sourceRoot":"","sources":["../../../../src/abc/api/AbcApi.ts"],"names":[],"mappings":";;AAAA,yCAA4E;AAC5E,yCAA0H;AAC1H,0DAAiE;AACjE,yCAA0D;AAG1D,yCAAwC;AACxC,yCAA+C;AAG/C;;;GAGG;AACH,MAAa,MAAM;IA0GjB,YAAY,KAA6B,EAAE,SAA2B,EAAE;QALxE,cAAc;QACN,eAAU,GAAW,CAAC,CAAC;QACvB,iBAAY,GAAW,CAAC,CAAC;QACzB,kBAAa,GAAW,CAAC,CAAC;QAGhC,IAAI,CAAC,MAAM,CAAC,EAAE,IAAI,qBAAS,CAAC,SAAS,EAAE;YACrC,MAAM,IAAI,iBAAQ,CAAC,wMAAwM,EAAE,WAAW,CAAC,CAAA;SAC1O;QACD,IAAI,CAAC,iBAAiB,GAAG,KAAK,CAAC;QAC/B,IAAI,CAAC,OAAO,mCAAQ,+BAAmB,EAAE,GAAK,MAAM,CAAE,CAAA;QACtD,MAAM,GAAG,GAAG,kBAAM,CAAC,MAAM,CAAC,IAAI,CAAC,iBAAiB,CAAC,CAAC;QAClD,IAAI,CAAC,sBAAsB,GAAG,GAAG,CAAC,cAAc,CAAC,CAAC,CAAC,GAAG,CAAC,qBAAqB,CAAC,CAAC,CAAC,KAAK,CAAC;QACrF,IAAI,CAAC,SAAS,GAAG,GAAG,CAAC,QAAQ,CAAC;QAC9B,IAAI,CAAC,UAAU,GAAG,EAAE,QAAQ,EAAE,GAAG,CAAC,SAAS,EAAE,MAAM,EAAE,GAAG,CAAC,UAAU,EAAE,MAAM,EAAE,mBAAU,CAAC,GAAG,CAAC,SAAS,CAAC,EAAE,CAAC;QACzG,IAAI,CAAC,UAAU,GAAG,GAAG,CAAC,IAAI,CAAA;QAC1B,MAAM,CAAC,QAAQ,CAAC,IAAI,CAAC,CAAA;IACvB,CAAC;IAvGD;;;OAGG;IACI,MAAM,KAAK,kBAAkB;QAClC,OAAO,MAAM,CAAC,QAAQ,IAAI,MAAM,CAAC,QAAQ,CAAC,MAAM,EAAE,CAAC,CAAC,CAAC,IAAI,CAAC,CAAC,CAAC,KAAK,CAAC;IACpE,CAAC;IAED;;OAEG;IACI,MAAM,CAAC,QAAQ,CAAC,KAAkB;QACvC,MAAM,SAAS,GAAG,KAAK,CAAC,KAAK,CAAC,KAAK,CAAC,MAAM,CAAC;QAC3C,IAAI,MAAM,CAAC,cAAc,CAAC,SAAS,CAAC,EAAE;YACpC,MAAM,IAAI,iBAAQ,CAAC,4CAA4C,SAAS,SAAS,EAAE,oCAAoC,CAAC,CAAA;SACzH;QAED,MAAM,CAAC,cAAc,CAAC,SAAS,CAAC,GAAG,KAAK,CAAC;QAEzC,OAAO,KAAK,CAAC;IACf,CAAC;IAED;;;OAGG;IACI,MAAM,KAAK,gBAAgB;QAChC,OAAO,MAAM,CAAC,IAAI,CAAC,MAAM,CAAC,cAAc,CAAC,CAAA;IAC3C,CAAC;IAED;;OAEG;IACO,MAAM,KAAK,0BAA0B;QAC7C,OAAO,MAAM,CAAC,IAAI,CAAC,MAAM,CAAC,cAAc,CAAC;aACtC,MAAM,CAAC,CAAC,CAAC,EAAE,CAAC,MAAM,CAAC,WAAW,CAAC,CAAC,CAAC,CAAC,MAAM,CAAC,YAAY,CAAC;aACtD,GAAG,CAAC,CAAC,CAAC,EAAE,CAAC,MAAM,CAAC,WAAW,CAAC,CAAC,CAAC,CAAC,iBAAiB,CAAC,CAAA;IACtD,CAAC;IAED;;OAEG;IACI,MAAM,CAAC,WAAW,CAAC,IAAY;QACpC,IAAI,CAAC,MAAM,CAAC,cAAc,CAAC,IAAI,CAAC,EAAE;YAChC,MAAM,IAAI,iBAAQ,CAAC,gDAAgD,IAAI,gCAAgC,EAAE,uBAAuB,CAAC,CAAA;SAClI;QACD,OAAO,MAAM,CAAC,cAAc,CAAC,IAAI,CAAC,CAAA;IACpC,CAAC;IAED;;OAEG;IACI,MAAM,CAAC,KAAK;QACjB,MAAM,CAAC,cAAc,GAAG,EAAE,CAAA;QAC1B,IAAI,MAAM,CAAC,kBAAkB,EAAE;YAC7B,MAAM,CAAC,UAAU,EAAE,CAAC;SACrB;IACH,CAAC;IAEM,MAAM,CAAC,UAAU;QACtB,OAAO,MAAM,CAAC,QAAQ,CAAC,KAAK,EAAE,CAAC;IACjC,CAAC;IAED;;;OAGG;IACI,MAAM,CAAC,KAAK,CAAC,gBAAgB;QAClC,MAAM,MAAM,GAAG,MAAM,CAAC,0BAA0B,CAAC;QACjD,IAAI,MAAM,CAAC,MAAM,GAAG,CAAC,EAAE;YACrB,MAAM,CAAC,QAAQ,GAAG,IAAI,mBAAO,CAAC,SAAS,EAAE,GAAG,MAAM,CAAC,CAAC;YACpD,IAAI,CAAC,MAAM,CAAC,QAAQ,CAAC,MAAM,EAAE,EAAE;gBAC7B,MAAM,MAAM,CAAC,QAAQ,CAAC,IAAI,EAAE,CAAC;aAC9B;SACF;aAAM;YACL,OAAO,CAAC,IAAI,CAAC,uCAAuC,CAAC,CAAC;SACvD;IACH,CAAC;IA4BD;;;OAGG;IACH,IAAI,KAAK;QACP,OAAO;YACL,+CAA+C;YAC/C,KAAK,EAAE,IAAI,CAAC,UAAU;YACtB,sDAAsD;YACtD,SAAS,EAAE,IAAI,CAAC,UAAU;YAC1B,kCAAkC;YAClC,MAAM,EAAE,IAAI,CAAC,OAAO;YACpB,QAAQ,EAAE,IAAI,CAAC,SAAS;YACxB,qBAAqB,EAAE,IAAI,CAAC,sBAAsB;SACnD,CAAA;IACH,CAAC;IAED;;;OAGG;IACH,IAAI,gBAAgB;QAClB,OAAO;YACL,iCAAiC;YACjC,IAAI,EAAE,IAAI,CAAC,UAAU;YACrB,wCAAwC;YACxC,MAAM,EAAE,IAAI,CAAC,YAAY;YACzB,0DAA0D;YAC1D,OAAO,EAAE,IAAI,CAAC,aAAa;SAC5B,CAAA;IACH,CAAC;IAED;;;;OAIG;IACH,KAAK,CAAC,GAAG,CAAC,OAAwD,EAAE,UAA0B,EAAE;QAE9F,IAAI,uBAAiB,CAAC,OAAO,CAAC,EAAE;YAC9B,OAAO,kBAAY,CAAC,KAAK,EAAE,OAAO,EAAE,OAAO,EAAE,IAAI,CAAC,CAAA;SACnD;aAAM;YACL,OAAO,OAAO,CAAC,KAAK,EAAE,OAAO,EAAE,IAAI,CAAC,CAAC;SACtC;IAEH,CAAC;IAED;;OAEG;IACH,IAAI,EAAE;QACJ,MAAM,EAAE,GAAG,IAAI,CAAC,MAAM,CAAC,EAAE,IAAI,qBAAS,CAAC,SAAS,CAAC;QACjD,IAAI,CAAC,EAAE,EAAE;YACP,MAAM,IAAI,iBAAQ,CAAC,yKAAyK,CAAC,CAAA;SAC9L;QAED,OAAO,EAAE,CAAC;IACZ,CAAC;IAED;;OAEG;IACH,IAAI,MAAM;QACR,OAAO,IAAI,CAAC,OAAO,CAAC;IACtB,CAAC;IAED;;KAEC;IACD,IAAI,UAAU;QACZ,OAAO,IAAI,CAAC,KAAK,CAAC,KAAK,CAAC,IAAI,CAAC,iBAAiB,CAAC,CAAC;IAClD,CAAC;IAED;;OAEG;IACH,IAAI,WAAW;QACb,OAAO,IAAI,CAAC,KAAK,CAAC,MAAM,CAAC,IAAI,CAAC,iBAAiB,CAAC,CAAC;IACnD,CAAC;IAED;;OAEG;IACH,IAAI,SAAS;QACX,OAAO,IAAI,CAAC,KAAK,CAAC,IAAI,CAAC,IAAI,CAAC,iBAAiB,CAAC,CAAC;IACjD,CAAC;IAED,IAAc,KAAK;QACjB,OAAO,MAAM,CAAC,QAAQ,CAAC;IACzB,CAAC;IAED;;;;OAIG;IACH,KAAK,CAAC,IAAI,CAAC,OAAwD,EAAE,UAA0B,EAAE;QAE/F,IAAI,uBAAiB,CAAC,OAAO,CAAC,EAAE;YAC9B,OAAO,kBAAY,CAAC,MAAM,EAAE,OAAO,EAAE,OAAO,EAAE,IAAI,CAAC,CAAA;SACpD;aAAM;YACL,OAAO,OAAO,CAAC,MAAM,EAAE,OAAO,EAAE,IAAI,CAAC,CAAC;SACvC;IAEH,CAAC;IAED;;OAEG;IACH,KAAK,CAAC,KAAK;QACT,OAAO,EAAE,CAAA;IACX,CAAC;IAID,MAAM;QACJ,OAAO;YACL,KAAK,EAAE,IAAI,CAAC,KAAK,CAAC,KAAK,CAAC,MAAM;YAC9B,MAAM,EAAE,IAAI,CAAC,KAAK,CAAC,MAAM;YACzB,gBAAgB,EAAE,IAAI,CAAC,gBAAgB;SACxC,CAAA;IACH,CAAC;IACD,QAAQ;QACN,OAAO,oBAAoB,IAAI,CAAC,KAAK,CAAC,KAAK,CAAC,MAAM,oBAAoB,IAAI,CAAC,gBAAgB,CAAC,IAAI,IAAI,IAAI,CAAC,gBAAgB,CAAC,MAAM,IAAI,CAAA;IACtI,CAAC;;AApPH,wBAqPC;AApPC;;;GAGG;AACY,qBAAc,GAA6B,EAAE,CAAA"},"all":true},"/Volumes/Coding/forest-fire/vuex-plugin-firemodel/dist/cjs/abc/api/AbcResult.js":{"path":"/Volumes/Coding/forest-fire/vuex-plugin-firemodel/dist/cjs/abc/api/AbcResult.js","statementMap":{"0":{"start":{"line":2,"column":0},"end":{"line":2,"column":62}},"1":{"start":{"line":11,"column":8},"end":{"line":11,"column":18}},"2":{"start":{"line":14,"column":8},"end":{"line":18,"column":10}},"3":{"start":{"line":28,"column":27},"end":{"line":28,"column":43}},"4":{"start":{"line":31,"column":0},"end":{"line":31,"column":30}}},"fnMap":{"0":{"name":"(anonymous_0)","decl":{"start":{"line":10,"column":4},"end":{"line":10,"column":5}},"loc":{"start":{"line":10,"column":18},"end":{"line":12,"column":5}},"line":10},"1":{"name":"(anonymous_1)","decl":{"start":{"line":13,"column":4},"end":{"line":13,"column":5}},"loc":{"start":{"line":13,"column":27},"end":{"line":19,"column":5}},"line":13},"2":{"name":"(anonymous_2)","decl":{"start":{"line":27,"column":4},"end":{"line":27,"column":5}},"loc":{"start":{"line":27,"column":14},"end":{"line":29,"column":5}},"line":27}},"branchMap":{},"s":{"0":0,"1":0,"2":0,"3":0,"4":0},"f":{"0":0,"1":0,"2":0},"b":{},"inputSourceMap":{"version":3,"file":"AbcResult.js","sourceRoot":"","sources":["../../../../src/abc/api/AbcResult.ts"],"names":[],"mappings":";;AAGA;;;;;GAKG;AACH,MAAa,SAAS;IAEpB,IAAI,OAAO;QACT,OAAO,EAAE,CAAC;IACZ,CAAC;IAED,IAAI,gBAAgB;QAClB,OAAO;YACL,IAAI,EAAE,CAAC;YACP,MAAM,EAAE,CAAC;YACT,KAAK,EAAE,CAAC;SACT,CAAA;IACH,CAAC;IAED;;;;;;OAMG;IACH,KAAK,CAAC,EAAsB;QAC1B,MAAM,UAAU,GAAI,EAAE,CAAC,IAAI,CAAC,OAAO,CAAC,CAAC;IAEvC,CAAC;CACF;AAzBD,8BAyBC"},"all":true},"/Volumes/Coding/forest-fire/vuex-plugin-firemodel/dist/cjs/abc/api/api-parts/get.js":{"path":"/Volumes/Coding/forest-fire/vuex-plugin-firemodel/dist/cjs/abc/api/api-parts/get.js","statementMap":{"0":{"start":{"line":2,"column":22},"end":{"line":4,"column":1}},"1":{"start":{"line":3,"column":4},"end":{"line":3,"column":62}},"2":{"start":{"line":5,"column":0},"end":{"line":5,"column":62}},"3":{"start":{"line":6,"column":17},"end":{"line":6,"column":37}},"4":{"start":{"line":7,"column":16},"end":{"line":7,"column":41}},"5":{"start":{"line":8,"column":21},"end":{"line":8,"column":59}},"6":{"start":{"line":20,"column":20},"end":{"line":20,"column":22}},"7":{"start":{"line":21,"column":18},"end":{"line":21,"column":36}},"8":{"start":{"line":22,"column":23},"end":{"line":22,"column":98}},"9":{"start":{"line":23,"column":4},"end":{"line":25,"column":5}},"10":{"start":{"line":24,"column":8},"end":{"line":24,"column":49}},"11":{"start":{"line":26,"column":4},"end":{"line":30,"column":5}},"12":{"start":{"line":27,"column":24},"end":{"line":27,"column":26}},"13":{"start":{"line":28,"column":8},"end":{"line":28,"column":100}},"14":{"start":{"line":28,"column":26},"end":{"line":28,"column":98}},"15":{"start":{"line":28,"column":79},"end":{"line":28,"column":96}},"16":{"start":{"line":29,"column":8},"end":{"line":29,"column":35}},"17":{"start":{"line":31,"column":4},"end":{"line":31,"column":14}},"18":{"start":{"line":33,"column":0},"end":{"line":33,"column":36}}},"fnMap":{"0":{"name":"(anonymous_0)","decl":{"start":{"line":2,"column":56},"end":{"line":2,"column":57}},"loc":{"start":{"line":2,"column":71},"end":{"line":4,"column":1}},"line":2},"1":{"name":"retrieveKeys","decl":{"start":{"line":19,"column":15},"end":{"line":19,"column":27}},"loc":{"start":{"line":19,"column":60},"end":{"line":32,"column":1}},"line":19},"2":{"name":"(anonymous_2)","decl":{"start":{"line":28,"column":20},"end":{"line":28,"column":21}},"loc":{"start":{"line":28,"column":26},"end":{"line":28,"column":98}},"line":28},"3":{"name":"(anonymous_3)","decl":{"start":{"line":28,"column":72},"end":{"line":28,"column":73}},"loc":{"start":{"line":28,"column":79},"end":{"line":28,"column":96}},"line":28}},"branchMap":{"0":{"loc":{"start":{"line":2,"column":22},"end":{"line":4,"column":1}},"type":"binary-expr","locations":[{"start":{"line":2,"column":23},"end":{"line":2,"column":27}},{"start":{"line":2,"column":31},"end":{"line":2,"column":51}},{"start":{"line":2,"column":56},"end":{"line":4,"column":1}}],"line":2},"1":{"loc":{"start":{"line":3,"column":11},"end":{"line":3,"column":61}},"type":"cond-expr","locations":[{"start":{"line":3,"column":37},"end":{"line":3,"column":40}},{"start":{"line":3,"column":43},"end":{"line":3,"column":61}}],"line":3},"2":{"loc":{"start":{"line":3,"column":12},"end":{"line":3,"column":33}},"type":"binary-expr","locations":[{"start":{"line":3,"column":12},"end":{"line":3,"column":15}},{"start":{"line":3,"column":19},"end":{"line":3,"column":33}}],"line":3},"3":{"loc":{"start":{"line":23,"column":4},"end":{"line":25,"column":5}},"type":"if","locations":[{"start":{"line":23,"column":4},"end":{"line":25,"column":5}},{"start":{"line":23,"column":4},"end":{"line":25,"column":5}}],"line":23},"4":{"loc":{"start":{"line":26,"column":4},"end":{"line":30,"column":5}},"type":"if","locations":[{"start":{"line":26,"column":4},"end":{"line":30,"column":5}},{"start":{"line":26,"column":4},"end":{"line":30,"column":5}}],"line":26}},"s":{"0":0,"1":0,"2":0,"3":0,"4":0,"5":0,"6":0,"7":0,"8":0,"9":0,"10":0,"11":0,"12":0,"13":0,"14":0,"15":0,"16":0,"17":0,"18":0},"f":{"0":0,"1":0,"2":0,"3":0},"b":{"0":[0,0,0],"1":[0,0],"2":[0,0],"3":[0,0],"4":[0,0]},"inputSourceMap":{"version":3,"file":"get.js","sourceRoot":"","sources":["../../../../../src/abc/api/api-parts/get.ts"],"names":[],"mappings":";;;;;AAEA,sCAAmC;AACnC,0CAA0C;AAC1C,4DAA6B;AAE7B;;;;;;;;;GASG;AACI,KAAK,UAAU,YAAY,CAAkB,OAA0B,EAAE,GAA2B,EAAE,OAAuB,EAAE,OAAkB;IACtJ,MAAM,OAAO,GAAQ,EAAE,CAAA;IACvB,MAAM,KAAK,GAAG,gBAAQ,EAAE,CAAC;IACzB,MAAM,UAAU,GAAG,oBAAG,CAAC,KAAK,CAAC,KAAK,EAAE,GAAG,OAAO,CAAC,KAAK,CAAC,SAAS,CAAC,WAAW,EAAE,CAAC,CAAA;IAE7E,IAAI,CAAC,eAAM,CAAC,kBAAkB,EAAE;QAC9B,MAAM,eAAM,CAAC,gBAAgB,EAAE,CAAA;KAChC;IAED,IAAI,OAAO,CAAC,MAAM,CAAC,YAAY,EAAE;QAC/B,MAAM,OAAO,GAAU,EAAE,CAAC;QAC1B,GAAG,CAAC,OAAO,CAAC,EAAE,CAAC,EAAE,CAAC,OAAO,CAAC,IAAI,CAC5B,OAAO,CAAC,WAAW,CAAC,GAAG,CAAC,EAAE,CAAC,CAAC,IAAI,CAAC,GAAG,CAAC,EAAE,CAAC,OAAO,CAAC,IAAI,CAAC,GAAG,CAAC,CAAC,CAC3D,CAAC,CAAA;QACF,MAAM,OAAO,CAAC,GAAG,CAAC,OAAO,CAAC,CAAC;KAE5B;IAED,OAAO,EAAE,CAAA;AACX,CAAC;AAnBD,oCAmBC"},"all":true},"/Volumes/Coding/forest-fire/vuex-plugin-firemodel/dist/cjs/abc/api/api-parts/load.js":{"path":"/Volumes/Coding/forest-fire/vuex-plugin-firemodel/dist/cjs/abc/api/api-parts/load.js","statementMap":{"0":{"start":{"line":2,"column":0},"end":{"line":2,"column":62}},"1":{"start":{"line":4,"column":4},"end":{"line":4,"column":31}},"2":{"start":{"line":6,"column":0},"end":{"line":6,"column":30}},"3":{"start":{"line":8,"column":4},"end":{"line":8,"column":31}},"4":{"start":{"line":10,"column":0},"end":{"line":10,"column":26}}},"fnMap":{"0":{"name":"loadQuery","decl":{"start":{"line":3,"column":15},"end":{"line":3,"column":24}},"loc":{"start":{"line":3,"column":41},"end":{"line":5,"column":1}},"line":3},"1":{"name":"loadIds","decl":{"start":{"line":7,"column":15},"end":{"line":7,"column":22}},"loc":{"start":{"line":7,"column":32},"end":{"line":9,"column":1}},"line":7}},"branchMap":{},"s":{"0":0,"1":0,"2":0,"3":0,"4":0},"f":{"0":0,"1":0},"b":{},"inputSourceMap":{"version":3,"file":"load.js","sourceRoot":"","sources":["../../../../../src/abc/api/api-parts/load.ts"],"names":[],"mappings":";;AAEO,KAAK,UAAU,SAAS,CAAkB,KAAU,EAAE,OAAY;IACvE,OAAO,OAAO,CAAC,OAAO,CAAC,EAAE,CAAC,CAAC;AAC7B,CAAC;AAFD,8BAEC;AAGM,KAAK,UAAU,OAAO,CAAkB,GAAG,IAAW;IAC3D,OAAO,OAAO,CAAC,OAAO,CAAC,EAAE,CAAC,CAAC;AAC7B,CAAC;AAFD,0BAEC"},"all":true},"/Volumes/Coding/forest-fire/vuex-plugin-firemodel/dist/cjs/abc/api/api-parts/watch.js":{"path":"/Volumes/Coding/forest-fire/vuex-plugin-firemodel/dist/cjs/abc/api/api-parts/watch.js","statementMap":{},"fnMap":{},"branchMap":{},"s":{},"f":{},"b":{},"inputSourceMap":{"version":3,"file":"watch.js","sourceRoot":"","sources":["../../../../../src/abc/api/api-parts/watch.ts"],"names":[],"mappings":""},"all":true},"/Volumes/Coding/forest-fire/vuex-plugin-firemodel/dist/cjs/abc/api/index.js":{"path":"/Volumes/Coding/forest-fire/vuex-plugin-firemodel/dist/cjs/abc/api/index.js","statementMap":{"0":{"start":{"line":3,"column":4},"end":{"line":3,"column":71}},"1":{"start":{"line":3,"column":21},"end":{"line":3,"column":71}},"2":{"start":{"line":3,"column":53},"end":{"line":3,"column":71}},"3":{"start":{"line":5,"column":0},"end":{"line":5,"column":62}},"4":{"start":{"line":6,"column":0},"end":{"line":6,"column":30}},"5":{"start":{"line":7,"column":0},"end":{"line":7,"column":33}},"6":{"start":{"line":8,"column":0},"end":{"line":8,"column":36}}},"fnMap":{"0":{"name":"__export","decl":{"start":{"line":2,"column":9},"end":{"line":2,"column":17}},"loc":{"start":{"line":2,"column":21},"end":{"line":4,"column":1}},"line":2}},"branchMap":{"0":{"loc":{"start":{"line":3,"column":21},"end":{"line":3,"column":71}},"type":"if","locations":[{"start":{"line":3,"column":21},"end":{"line":3,"column":71}},{"start":{"line":3,"column":21},"end":{"line":3,"column":71}}],"line":3}},"s":{"0":0,"1":0,"2":0,"3":0,"4":0,"5":0,"6":0},"f":{"0":0},"b":{"0":[0,0]},"inputSourceMap":{"version":3,"file":"index.js","sourceRoot":"","sources":["../../../../src/abc/api/index.ts"],"names":[],"mappings":";;;;;AAAA,8BAAyB;AACzB,iCAA4B;AAC5B,oCAA+B"},"all":true},"/Volumes/Coding/forest-fire/vuex-plugin-firemodel/dist/cjs/abc/api/queryHelpers/all.js":{"path":"/Volumes/Coding/forest-fire/vuex-plugin-firemodel/dist/cjs/abc/api/queryHelpers/all.js","statementMap":{"0":{"start":{"line":2,"column":0},"end":{"line":2,"column":62}},"1":{"start":{"line":3,"column":10},"end":{"line":5,"column":1}},"2":{"start":{"line":4,"column":4},"end":{"line":4,"column":14}},"3":{"start":{"line":6,"column":0},"end":{"line":6,"column":18}},"4":{"start":{"line":7,"column":0},"end":{"line":7,"column":35}}},"fnMap":{"0":{"name":"all","decl":{"start":{"line":3,"column":19},"end":{"line":3,"column":22}},"loc":{"start":{"line":3,"column":25},"end":{"line":5,"column":1}},"line":3}},"branchMap":{},"s":{"0":0,"1":0,"2":0,"3":0,"4":0},"f":{"0":0},"b":{},"inputSourceMap":{"version":3,"file":"all.js","sourceRoot":"","sources":["../../../../../src/abc/api/queryHelpers/all.ts"],"names":[],"mappings":";;AAAA,IAAI,GAAG,GAAG,SAAS,GAAG;IACpB,OAAO,EAAE,CAAA;AACX,CAAC,CAAA;AAIQ,kBAAG;AAFZ,GAAG,CAAC,SAAS,CAAC,aAAa,GAAG,IAAI,CAAC"},"all":true},"/Volumes/Coding/forest-fire/vuex-plugin-firemodel/dist/cjs/abc/api/queryHelpers/index.js":{"path":"/Volumes/Coding/forest-fire/vuex-plugin-firemodel/dist/cjs/abc/api/queryHelpers/index.js","statementMap":{"0":{"start":{"line":3,"column":4},"end":{"line":3,"column":71}},"1":{"start":{"line":3,"column":21},"end":{"line":3,"column":71}},"2":{"start":{"line":3,"column":53},"end":{"line":3,"column":71}},"3":{"start":{"line":5,"column":0},"end":{"line":5,"column":62}},"4":{"start":{"line":6,"column":0},"end":{"line":6,"column":27}},"5":{"start":{"line":7,"column":0},"end":{"line":7,"column":29}},"6":{"start":{"line":8,"column":0},"end":{"line":8,"column":29}}},"fnMap":{"0":{"name":"__export","decl":{"start":{"line":2,"column":9},"end":{"line":2,"column":17}},"loc":{"start":{"line":2,"column":21},"end":{"line":4,"column":1}},"line":2}},"branchMap":{"0":{"loc":{"start":{"line":3,"column":21},"end":{"line":3,"column":71}},"type":"if","locations":[{"start":{"line":3,"column":21},"end":{"line":3,"column":71}},{"start":{"line":3,"column":21},"end":{"line":3,"column":71}}],"line":3}},"s":{"0":0,"1":0,"2":0,"3":0,"4":0,"5":0,"6":0},"f":{"0":0},"b":{"0":[0,0]},"inputSourceMap":{"version":3,"file":"index.js","sourceRoot":"","sources":["../../../../../src/abc/api/queryHelpers/index.ts"],"names":[],"mappings":";;;;;AAAA,2BAAsB;AACtB,6BAAwB;AACxB,6BAAwB"},"all":true},"/Volumes/Coding/forest-fire/vuex-plugin-firemodel/dist/cjs/abc/api/queryHelpers/refresh.js":{"path":"/Volumes/Coding/forest-fire/vuex-plugin-firemodel/dist/cjs/abc/api/queryHelpers/refresh.js","statementMap":{"0":{"start":{"line":2,"column":0},"end":{"line":2,"column":62}},"1":{"start":{"line":3,"column":17},"end":{"line":3,"column":43}},"2":{"start":{"line":13,"column":14},"end":{"line":26,"column":1}},"3":{"start":{"line":14,"column":4},"end":{"line":25,"column":6}},"4":{"start":{"line":17,"column":8},"end":{"line":21,"column":9}},"5":{"start":{"line":20,"column":12},"end":{"line":20,"column":249}},"6":{"start":{"line":24,"column":8},"end":{"line":24,"column":35}},"7":{"start":{"line":27,"column":0},"end":{"line":27,"column":26}},"8":{"start":{"line":28,"column":0},"end":{"line":28,"column":39}}},"fnMap":{"0":{"name":"refresh","decl":{"start":{"line":13,"column":23},"end":{"line":13,"column":30}},"loc":{"start":{"line":13,"column":42},"end":{"line":26,"column":1}},"line":13},"1":{"name":"(anonymous_1)","decl":{"start":{"line":14,"column":11},"end":{"line":14,"column":12}},"loc":{"start":{"line":14,"column":42},"end":{"line":25,"column":5}},"line":14}},"branchMap":{"0":{"loc":{"start":{"line":17,"column":8},"end":{"line":21,"column":9}},"type":"if","locations":[{"start":{"line":17,"column":8},"end":{"line":21,"column":9}},{"start":{"line":17,"column":8},"end":{"line":21,"column":9}}],"line":17}},"s":{"0":0,"1":0,"2":0,"3":0,"4":0,"5":0,"6":0,"7":0,"8":0},"f":{"0":0,"1":0},"b":{"0":[0,0]},"inputSourceMap":{"version":3,"file":"refresh.js","sourceRoot":"","sources":["../../../../../src/abc/api/queryHelpers/refresh.ts"],"names":[],"mappings":";;AAGA,4CAA2C;AAG3C;;;;;;;;GAQG;AACH,IAAI,OAAO,GAAG,SAAS,OAAO,CAAgC,SAAiB;IAC7E,OAAO,CAAI,OAA0B,EAAE,OAAuB,EAAE,OAAkB,EAAgB,EAAE;QAClG,0DAA0D;QAC1D,kDAAkD;QAClD,IAAI,OAAO,CAAC,MAAM,CAAC,YAAY,EAAE;SAIhC;aAAM;YACL,MAAM,IAAI,iBAAQ,CAAC,qBAAqB,OAAO,QAAQ,OAAO,CAAC,KAAK,CAAC,KAAK,CAAC,MAAM,kIAAkI,EAAE,aAAa,CAAC,CAAC;SACrO;QAED,uBAAuB;QAEvB,wBAAwB;QAExB,OAAO,OAAO,CAAC,OAAO,CAAC,EAAE,CAAC,CAAC;IAC7B,CAAC,CAAA;AAEH,CAAC,CAAA;AAIQ,0BAAO;AAFhB,OAAO,CAAC,SAAS,CAAC,aAAa,GAAG,IAAI,CAAC"},"all":true},"/Volumes/Coding/forest-fire/vuex-plugin-firemodel/dist/cjs/abc/api/queryHelpers/since.js":{"path":"/Volumes/Coding/forest-fire/vuex-plugin-firemodel/dist/cjs/abc/api/queryHelpers/since.js","statementMap":{"0":{"start":{"line":2,"column":0},"end":{"line":2,"column":62}},"1":{"start":{"line":8,"column":12},"end":{"line":14,"column":1}},"2":{"start":{"line":9,"column":4},"end":{"line":13,"column":6}},"3":{"start":{"line":12,"column":8},"end":{"line":12,"column":35}},"4":{"start":{"line":15,"column":0},"end":{"line":15,"column":22}},"5":{"start":{"line":16,"column":0},"end":{"line":16,"column":37}}},"fnMap":{"0":{"name":"since","decl":{"start":{"line":8,"column":21},"end":{"line":8,"column":26}},"loc":{"start":{"line":8,"column":38},"end":{"line":14,"column":1}},"line":8},"1":{"name":"(anonymous_1)","decl":{"start":{"line":9,"column":11},"end":{"line":9,"column":12}},"loc":{"start":{"line":9,"column":33},"end":{"line":13,"column":5}},"line":9}},"branchMap":{},"s":{"0":0,"1":0,"2":0,"3":0,"4":0,"5":0},"f":{"0":0,"1":0},"b":{},"inputSourceMap":{"version":3,"file":"since.js","sourceRoot":"","sources":["../../../../../src/abc/api/queryHelpers/since.ts"],"names":[],"mappings":";;AAIA;;;;GAIG;AACH,IAAI,KAAK,GAAG,SAAS,KAAK,CAAgC,SAAiB;IACzE,OAAO,CAAI,OAAuB,EAAE,OAAkB,EAAgB,EAAE;QACtE,mCAAmC;QACnC,GAAG;QAEH,OAAO,OAAO,CAAC,OAAO,CAAC,EAAE,CAAC,CAAC;IAC7B,CAAC,CAAA;AAEH,CAAC,CAAA;AAIQ,sBAAK;AAFd,KAAK,CAAC,SAAS,CAAC,aAAa,GAAG,IAAI,CAAC"},"all":true},"/Volumes/Coding/forest-fire/vuex-plugin-firemodel/dist/cjs/abc/api/queryHelpers/where.js":{"path":"/Volumes/Coding/forest-fire/vuex-plugin-firemodel/dist/cjs/abc/api/queryHelpers/where.js","statementMap":{"0":{"start":{"line":2,"column":0},"end":{"line":2,"column":62}},"1":{"start":{"line":3,"column":12},"end":{"line":5,"column":1}},"2":{"start":{"line":4,"column":4},"end":{"line":4,"column":14}},"3":{"start":{"line":6,"column":0},"end":{"line":6,"column":22}},"4":{"start":{"line":7,"column":0},"end":{"line":7,"column":37}}},"fnMap":{"0":{"name":"where","decl":{"start":{"line":3,"column":21},"end":{"line":3,"column":26}},"loc":{"start":{"line":3,"column":29},"end":{"line":5,"column":1}},"line":3}},"branchMap":{},"s":{"0":0,"1":0,"2":0,"3":0,"4":0},"f":{"0":0},"b":{},"inputSourceMap":{"version":3,"file":"where.js","sourceRoot":"","sources":["../../../../../src/abc/api/queryHelpers/where.ts"],"names":[],"mappings":";;AAAA,IAAI,KAAK,GAAG,SAAS,KAAK;IACxB,OAAO,EAAE,CAAA;AACX,CAAC,CAAA;AAIQ,sBAAK;AAFd,KAAK,CAAC,SAAS,CAAC,aAAa,GAAG,IAAI,CAAC"},"all":true},"/Volumes/Coding/forest-fire/vuex-plugin-firemodel/dist/cjs/abc/api/shared/retrieve.js":{"path":"/Volumes/Coding/forest-fire/vuex-plugin-firemodel/dist/cjs/abc/api/shared/retrieve.js","statementMap":{},"fnMap":{},"branchMap":{},"s":{},"f":{},"b":{},"inputSourceMap":{"version":3,"file":"retrieve.js","sourceRoot":"","sources":["../../../../../src/abc/api/shared/retrieve.ts"],"names":[],"mappings":""},"all":true},"/Volumes/Coding/forest-fire/vuex-plugin-firemodel/dist/cjs/abc/configuration/abc.js":{"path":"/Volumes/Coding/forest-fire/vuex-plugin-firemodel/dist/cjs/abc/configuration/abc.js","statementMap":{"0":{"start":{"line":2,"column":0},"end":{"line":2,"column":62}},"1":{"start":{"line":3,"column":17},"end":{"line":3,"column":41}},"2":{"start":{"line":8,"column":16},"end":{"line":8,"column":50}},"3":{"start":{"line":9,"column":4},"end":{"line":9,"column":72}},"4":{"start":{"line":11,"column":0},"end":{"line":11,"column":18}}},"fnMap":{"0":{"name":"abc","decl":{"start":{"line":7,"column":9},"end":{"line":7,"column":12}},"loc":{"start":{"line":7,"column":33},"end":{"line":10,"column":1}},"line":7}},"branchMap":{"0":{"loc":{"start":{"line":7,"column":20},"end":{"line":7,"column":31}},"type":"default-arg","locations":[{"start":{"line":7,"column":29},"end":{"line":7,"column":31}}],"line":7}},"s":{"0":0,"1":0,"2":0,"3":0,"4":0},"f":{"0":0},"b":{"0":[0]},"inputSourceMap":{"version":3,"file":"abc.js","sourceRoot":"","sources":["../../../../src/abc/configuration/abc.ts"],"names":[],"mappings":";;AAAA,0CAAsC;AAKtC;;GAEG;AACH,SAAgB,GAAG,CAAkB,KAA6B,EAAE,SAA2B,EAAE;IAC/F,MAAM,GAAG,GAAG,IAAI,eAAM,CAAC,KAAK,EAAE,MAAM,CAAC,CAAC;IACtC,OAAO,CAAE,GAAG,CAAC,GAAG,CAAC,IAAI,CAAC,GAAG,CAAC,EAAE,GAAG,CAAC,IAAI,CAAC,IAAI,CAAC,GAAG,CAAC,EAAE,GAAG,CAAC,KAAK,CAAC,IAAI,CAAC,GAAG,CAAC,CAAE,CAAA;AACvE,CAAC;AAHD,kBAGC"},"all":true},"/Volumes/Coding/forest-fire/vuex-plugin-firemodel/dist/cjs/abc/configuration/configApi.js":{"path":"/Volumes/Coding/forest-fire/vuex-plugin-firemodel/dist/cjs/abc/configuration/configApi.js","statementMap":{"0":{"start":{"line":2,"column":0},"end":{"line":2,"column":62}},"1":{"start":{"line":3,"column":20},"end":{"line":7,"column":1}},"2":{"start":{"line":20,"column":4},"end":{"line":20,"column":76}},"3":{"start":{"line":21,"column":4},"end":{"line":21,"column":25}},"4":{"start":{"line":23,"column":0},"end":{"line":23,"column":30}},"5":{"start":{"line":26,"column":4},"end":{"line":26,"column":25}},"6":{"start":{"line":28,"column":0},"end":{"line":28,"column":50}}},"fnMap":{"0":{"name":"configApi","decl":{"start":{"line":19,"column":9},"end":{"line":19,"column":18}},"loc":{"start":{"line":19,"column":27},"end":{"line":22,"column":1}},"line":19},"1":{"name":"getDefaultApiConfig","decl":{"start":{"line":25,"column":9},"end":{"line":25,"column":28}},"loc":{"start":{"line":25,"column":31},"end":{"line":27,"column":1}},"line":25}},"branchMap":{},"s":{"0":0,"1":0,"2":0,"3":0,"4":0,"5":0,"6":0},"f":{"0":0,"1":0},"b":{},"inputSourceMap":{"version":3,"file":"configApi.js","sourceRoot":"","sources":["../../../../src/abc/configuration/configApi.ts"],"names":[],"mappings":";;AAEA,IAAI,aAAa,GAAsC;IACrD,YAAY,EAAE,IAAI;IAClB,MAAM,EAAE,IAAI;IACZ,OAAO,EAAE,KAAK;CACf,CAAA;AAED;;;;;;;;;;GAUG;AACH,SAAgB,SAAS,CAAC,MAAyC;IACjE,aAAa,mCAAQ,aAAa,GAAK,MAAM,CAAE,CAAA;IAC/C,OAAO,aAAa,CAAA;AACtB,CAAC;AAHD,8BAGC;AAED,2DAA2D;AAC3D,SAAgB,mBAAmB;IACjC,OAAO,aAAa,CAAA;AACtB,CAAC;AAFD,kDAEC"},"all":true},"/Volumes/Coding/forest-fire/vuex-plugin-firemodel/dist/cjs/abc/configuration/get.js":{"path":"/Volumes/Coding/forest-fire/vuex-plugin-firemodel/dist/cjs/abc/configuration/get.js","statementMap":{"0":{"start":{"line":2,"column":0},"end":{"line":2,"column":62}},"1":{"start":{"line":3,"column":17},"end":{"line":3,"column":41}},"2":{"start":{"line":8,"column":16},"end":{"line":8,"column":50}},"3":{"start":{"line":9,"column":4},"end":{"line":9,"column":19}},"4":{"start":{"line":11,"column":0},"end":{"line":11,"column":18}}},"fnMap":{"0":{"name":"get","decl":{"start":{"line":7,"column":9},"end":{"line":7,"column":12}},"loc":{"start":{"line":7,"column":33},"end":{"line":10,"column":1}},"line":7}},"branchMap":{"0":{"loc":{"start":{"line":7,"column":20},"end":{"line":7,"column":31}},"type":"default-arg","locations":[{"start":{"line":7,"column":29},"end":{"line":7,"column":31}}],"line":7}},"s":{"0":0,"1":0,"2":0,"3":0,"4":0},"f":{"0":0},"b":{"0":[0]},"inputSourceMap":{"version":3,"file":"get.js","sourceRoot":"","sources":["../../../../src/abc/configuration/get.ts"],"names":[],"mappings":";;AAAA,0CAAsC;AAKtC;;GAEG;AACH,SAAgB,GAAG,CAAkB,KAA6B,EAAE,SAA2B,EAAE;IAC/F,MAAM,GAAG,GAAG,IAAI,eAAM,CAAC,KAAK,EAAE,MAAM,CAAC,CAAC;IAEtC,OAAO,GAAG,CAAC,GAAG,CAAA;AAChB,CAAC;AAJD,kBAIC"},"all":true},"/Volumes/Coding/forest-fire/vuex-plugin-firemodel/dist/cjs/abc/configuration/loadRecords.js":{"path":"/Volumes/Coding/forest-fire/vuex-plugin-firemodel/dist/cjs/abc/configuration/loadRecords.js","statementMap":{},"fnMap":{},"branchMap":{},"s":{},"f":{},"b":{},"inputSourceMap":{"version":3,"file":"loadRecords.js","sourceRoot":"","sources":["../../../../src/abc/configuration/loadRecords.ts"],"names":[],"mappings":""},"all":true},"/Volumes/Coding/forest-fire/vuex-plugin-firemodel/dist/cjs/abc/index.js":{"path":"/Volumes/Coding/forest-fire/vuex-plugin-firemodel/dist/cjs/abc/index.js","statementMap":{"0":{"start":{"line":3,"column":4},"end":{"line":3,"column":71}},"1":{"start":{"line":3,"column":21},"end":{"line":3,"column":71}},"2":{"start":{"line":3,"column":53},"end":{"line":3,"column":71}},"3":{"start":{"line":5,"column":0},"end":{"line":5,"column":62}},"4":{"start":{"line":6,"column":0},"end":{"line":6,"column":41}},"5":{"start":{"line":7,"column":0},"end":{"line":7,"column":47}},"6":{"start":{"line":8,"column":0},"end":{"line":8,"column":27}}},"fnMap":{"0":{"name":"__export","decl":{"start":{"line":2,"column":9},"end":{"line":2,"column":17}},"loc":{"start":{"line":2,"column":21},"end":{"line":4,"column":1}},"line":2}},"branchMap":{"0":{"loc":{"start":{"line":3,"column":21},"end":{"line":3,"column":71}},"type":"if","locations":[{"start":{"line":3,"column":21},"end":{"line":3,"column":71}},{"start":{"line":3,"column":21},"end":{"line":3,"column":71}}],"line":3}},"s":{"0":0,"1":0,"2":0,"3":0,"4":0,"5":0,"6":0},"f":{"0":0},"b":{"0":[0,0]},"inputSourceMap":{"version":3,"file":"index.js","sourceRoot":"","sources":["../../../src/abc/index.ts"],"names":[],"mappings":";;;;;AAAA,yCAAoC;AACpC,+CAA0C;AAC1C,2BAAqB"},"all":true},"/Volumes/Coding/forest-fire/vuex-plugin-firemodel/dist/cjs/api/auth.js":{"path":"/Volumes/Coding/forest-fire/vuex-plugin-firemodel/dist/cjs/api/auth.js","statementMap":{"0":{"start":{"line":7,"column":0},"end":{"line":7,"column":62}},"1":{"start":{"line":8,"column":16},"end":{"line":8,"column":35}},"2":{"start":{"line":9,"column":31},"end":{"line":9,"column":72}},"3":{"start":{"line":15,"column":4},"end":{"line":19,"column":7}},"4":{"start":{"line":21,"column":0},"end":{"line":21,"column":64}},"5":{"start":{"line":28,"column":4},"end":{"line":32,"column":7}},"6":{"start":{"line":34,"column":0},"end":{"line":34,"column":72}},"7":{"start":{"line":41,"column":4},"end":{"line":44,"column":7}},"8":{"start":{"line":46,"column":0},"end":{"line":46,"column":26}},"9":{"start":{"line":49,"column":20},"end":{"line":49,"column":58}},"10":{"start":{"line":50,"column":4},"end":{"line":52,"column":5}},"11":{"start":{"line":51,"column":8},"end":{"line":51,"column":29}},"12":{"start":{"line":53,"column":17},"end":{"line":53,"column":40}},"13":{"start":{"line":54,"column":25},"end":{"line":54,"column":119}},"14":{"start":{"line":55,"column":4},"end":{"line":58,"column":5}},"15":{"start":{"line":56,"column":22},"end":{"line":56,"column":40}},"16":{"start":{"line":57,"column":8},"end":{"line":57,"column":21}},"17":{"start":{"line":59,"column":4},"end":{"line":61,"column":117}},"18":{"start":{"line":63,"column":0},"end":{"line":63,"column":32}},"19":{"start":{"line":71,"column":4},"end":{"line":75,"column":7}},"20":{"start":{"line":77,"column":0},"end":{"line":77,"column":56}},"21":{"start":{"line":83,"column":4},"end":{"line":87,"column":7}},"22":{"start":{"line":89,"column":0},"end":{"line":89,"column":52}},"23":{"start":{"line":95,"column":4},"end":{"line":98,"column":7}},"24":{"start":{"line":100,"column":0},"end":{"line":100,"column":58}},"25":{"start":{"line":106,"column":4},"end":{"line":109,"column":7}},"26":{"start":{"line":111,"column":0},"end":{"line":111,"column":34}},"27":{"start":{"line":119,"column":4},"end":{"line":122,"column":7}},"28":{"start":{"line":124,"column":0},"end":{"line":124,"column":40}},"29":{"start":{"line":130,"column":4},"end":{"line":133,"column":7}},"30":{"start":{"line":135,"column":0},"end":{"line":135,"column":38}},"31":{"start":{"line":140,"column":4},"end":{"line":142,"column":7}},"32":{"start":{"line":144,"column":0},"end":{"line":144,"column":54}},"33":{"start":{"line":146,"column":4},"end":{"line":149,"column":7}},"34":{"start":{"line":151,"column":0},"end":{"line":151,"column":68}},"35":{"start":{"line":153,"column":4},"end":{"line":156,"column":7}},"36":{"start":{"line":158,"column":0},"end":{"line":158,"column":48}}},"fnMap":{"0":{"name":"signInWithEmailAndPassword","decl":{"start":{"line":14,"column":15},"end":{"line":14,"column":41}},"loc":{"start":{"line":14,"column":59},"end":{"line":20,"column":1}},"line":14},"1":{"name":"createUserWithEmailAndPassword","decl":{"start":{"line":27,"column":15},"end":{"line":27,"column":45}},"loc":{"start":{"line":27,"column":63},"end":{"line":33,"column":1}},"line":27},"2":{"name":"signOut","decl":{"start":{"line":40,"column":15},"end":{"line":40,"column":22}},"loc":{"start":{"line":40,"column":32},"end":{"line":45,"column":1}},"line":40},"3":{"name":"getIdToken","decl":{"start":{"line":47,"column":15},"end":{"line":47,"column":25}},"loc":{"start":{"line":47,"column":40},"end":{"line":62,"column":1}},"line":47},"4":{"name":"sendPasswordResetEmail","decl":{"start":{"line":70,"column":15},"end":{"line":70,"column":37}},"loc":{"start":{"line":70,"column":65},"end":{"line":76,"column":1}},"line":70},"5":{"name":"confirmPasswordReset","decl":{"start":{"line":82,"column":15},"end":{"line":82,"column":35}},"loc":{"start":{"line":82,"column":55},"end":{"line":88,"column":1}},"line":82},"6":{"name":"verifyPasswordResetCode","decl":{"start":{"line":94,"column":15},"end":{"line":94,"column":38}},"loc":{"start":{"line":94,"column":45},"end":{"line":99,"column":1}},"line":94},"7":{"name":"updateEmail","decl":{"start":{"line":105,"column":15},"end":{"line":105,"column":26}},"loc":{"start":{"line":105,"column":37},"end":{"line":110,"column":1}},"line":105},"8":{"name":"updatePassword","decl":{"start":{"line":118,"column":15},"end":{"line":118,"column":29}},"loc":{"start":{"line":118,"column":40},"end":{"line":123,"column":1}},"line":118},"9":{"name":"updateProfile","decl":{"start":{"line":129,"column":15},"end":{"line":129,"column":28}},"loc":{"start":{"line":129,"column":38},"end":{"line":134,"column":1}},"line":129},"10":{"name":"sendEmailVerification","decl":{"start":{"line":139,"column":15},"end":{"line":139,"column":36}},"loc":{"start":{"line":139,"column":39},"end":{"line":143,"column":1}},"line":139},"11":{"name":"reauthenticateWithCredential","decl":{"start":{"line":145,"column":15},"end":{"line":145,"column":43}},"loc":{"start":{"line":145,"column":56},"end":{"line":150,"column":1}},"line":145},"12":{"name":"linkWithCredential","decl":{"start":{"line":152,"column":15},"end":{"line":152,"column":33}},"loc":{"start":{"line":152,"column":46},"end":{"line":157,"column":1}},"line":152}},"branchMap":{"0":{"loc":{"start":{"line":50,"column":4},"end":{"line":52,"column":5}},"type":"if","locations":[{"start":{"line":50,"column":4},"end":{"line":52,"column":5}},{"start":{"line":50,"column":4},"end":{"line":52,"column":5}}],"line":50},"1":{"loc":{"start":{"line":50,"column":8},"end":{"line":50,"column":46}},"type":"binary-expr","locations":[{"start":{"line":50,"column":8},"end":{"line":50,"column":21}},{"start":{"line":50,"column":25},"end":{"line":50,"column":46}}],"line":50},"2":{"loc":{"start":{"line":54,"column":25},"end":{"line":54,"column":119}},"type":"cond-expr","locations":[{"start":{"line":54,"column":77},"end":{"line":54,"column":83}},{"start":{"line":54,"column":86},"end":{"line":54,"column":119}}],"line":54},"3":{"loc":{"start":{"line":54,"column":25},"end":{"line":54,"column":74}},"type":"binary-expr","locations":[{"start":{"line":54,"column":25},"end":{"line":54,"column":57}},{"start":{"line":54,"column":61},"end":{"line":54,"column":74}}],"line":54},"4":{"loc":{"start":{"line":55,"column":4},"end":{"line":58,"column":5}},"type":"if","locations":[{"start":{"line":55,"column":4},"end":{"line":58,"column":5}},{"start":{"line":55,"column":4},"end":{"line":58,"column":5}}],"line":55},"5":{"loc":{"start":{"line":59,"column":100},"end":{"line":61,"column":81}},"type":"cond-expr","locations":[{"start":{"line":60,"column":10},"end":{"line":60,"column":12}},{"start":{"line":61,"column":10},"end":{"line":61,"column":81}}],"line":59}},"s":{"0":0,"1":0,"2":0,"3":0,"4":0,"5":0,"6":0,"7":0,"8":0,"9":0,"10":0,"11":0,"12":0,"13":0,"14":0,"15":0,"16":0,"17":0,"18":0,"19":0,"20":0,"21":0,"22":0,"23":0,"24":0,"25":0,"26":0,"27":0,"28":0,"29":0,"30":0,"31":0,"32":0,"33":0,"34":0,"35":0,"36":0},"f":{"0":0,"1":0,"2":0,"3":0,"4":0,"5":0,"6":0,"7":0,"8":0,"9":0,"10":0,"11":0,"12":0},"b":{"0":[0,0],"1":[0,0],"2":[0,0],"3":[0,0],"4":[0,0],"5":[0,0]},"inputSourceMap":{"version":3,"file":"auth.js","sourceRoot":"","sources":["../../../src/api/auth.ts"],"names":[],"mappings":";AAAA;;;;GAIG;;AAEH,oCAA6C;AAS7C,yEAAsE;AAEtE;;;GAGG;AACI,KAAK,UAAU,0BAA0B,CAC9C,KAAa,EACb,QAAgB;IAEhB,OAAO,gBAAQ,EAAE,CAAC,QAAQ,CAAC;QACzB,IAAI,EAAE,uCAAuC;QAC7C,KAAK;QACL,QAAQ;KACT,CAAC,CAAC;AACL,CAAC;AATD,gEASC;AAED;;;;GAIG;AACI,KAAK,UAAU,8BAA8B,CAClD,KAAa,EACb,QAAgB;IAEhB,OAAO,gBAAQ,EAAE,CAAC,QAAQ,CAAC;QACzB,IAAI,EAAE,2CAA2C;QACjD,KAAK;QACL,QAAQ;KACT,CAAC,CAAC;AACL,CAAC;AATD,wEASC;AAED;;;;GAIG;AACI,KAAK,UAAU,OAAO,CAAC,OAK7B;IACC,OAAO,gBAAQ,EAAE,CAAC,QAAQ,CAAC;QACzB,IAAI,EAAE,oBAAoB;QAC1B,OAAO;KACR,CAAC,CAAC;AACL,CAAC;AAVD,0BAUC;AAEM,KAAK,UAAU,UAAU,CAC9B,YAAsB;;IAEtB,MAAM,OAAO,GAAG,gBAAQ,EAAE,CAAC,KAAK,CAAC,YAAY,CAAyB,CAAC;IACvE,IAAI,OAAO,CAAC,KAAK,IAAI,YAAY,KAAK,IAAI,EAAE;QAC1C,OAAO,OAAO,CAAC,KAAK,CAAC;KACtB;IACD,MAAM,IAAI,GAAG,MAAM,eAAO,EAAE,CAAC;IAC7B,MAAM,YAAY,SAAG,IAAI,CAAC,WAAW,0CAAE,gBAAgB,CAAC,YAAY,CAAC,CAAC;IACtE,IAAI,YAAY,EAAE;QAChB,MAAM,KAAK,GAAG,MAAM,YAAY,CAAC;QACjC,OAAO,KAAK,CAAC;KACd;IAED,MAAM,IAAI,2CAAoB,CAC5B,0CACE,IAAI,CAAC,WAAW;QACd,CAAC,CAAC,EAAE;QACJ,CAAC,CAAC,uEACN,EAAE,EACF,8BAA8B,CAC/B,CAAC;AACJ,CAAC;AAtBD,gCAsBC;AAED;;;;;GAKG;AACI,KAAK,UAAU,sBAAsB,CAC1C,KAAa,EACb,kBAAuC;IAEvC,OAAO,gBAAQ,EAAE,CAAC,QAAQ,CAAC;QACzB,IAAI,EAAE,mCAAmC;QACzC,KAAK;QACL,kBAAkB;KACnB,CAAC,CAAC;AACL,CAAC;AATD,wDASC;AAED;;;GAGG;AACI,KAAK,UAAU,oBAAoB,CACxC,IAAY,EACZ,WAAmB;IAEnB,OAAO,gBAAQ,EAAE,CAAC,QAAQ,CAAC;QACzB,IAAI,EAAE,gCAAgC;QACtC,IAAI;QACJ,WAAW;KACZ,CAAC,CAAC;AACL,CAAC;AATD,oDASC;AAED;;;GAGG;AACI,KAAK,UAAU,uBAAuB,CAAC,IAAY;IACxD,OAAO,gBAAQ,EAAE,CAAC,QAAQ,CAAC;QACzB,IAAI,EAAE,oCAAoC;QAC1C,IAAI;KACL,CAAC,CAAC;AACL,CAAC;AALD,0DAKC;AAED;;;GAGG;AACI,KAAK,UAAU,WAAW,CAAC,QAAgB;IAChD,OAAO,gBAAQ,EAAE,CAAC,QAAQ,CAAC;QACzB,IAAI,EAAE,wBAAwB;QAC9B,OAAO,EAAE,QAAQ;KAClB,CAAC,CAAC;AACL,CAAC;AALD,kCAKC;AAED;;;;;GAKG;AACI,KAAK,UAAU,cAAc,CAAC,QAAgB;IACnD,OAAO,gBAAQ,EAAE,CAAC,QAAQ,CAAC;QACzB,IAAI,EAAE,2BAA2B;QACjC,QAAQ;KACT,CAAC,CAAC;AACL,CAAC;AALD,wCAKC;AAED;;;GAGG;AACI,KAAK,UAAU,aAAa,CAAC,OAAqB;IACvD,OAAO,gBAAQ,EAAE,CAAC,QAAQ,CAAC;QACzB,IAAI,EAAE,0BAA0B;QAChC,OAAO;KACR,CAAC,CAAC;AACL,CAAC;AALD,sCAKC;AAED;;GAEG;AACI,KAAK,UAAU,qBAAqB;IACzC,OAAO,gBAAQ,EAAE,CAAC,QAAQ,CAAC;QACzB,IAAI,EAAE,kCAAkC;KACzC,CAAC,CAAC;AACL,CAAC;AAJD,sDAIC;AAEM,KAAK,UAAU,4BAA4B,CAChD,UAA0B;IAE1B,OAAO,gBAAQ,EAAE,CAAC,QAAQ,CAAC;QACzB,IAAI,EAAE,yCAAyC;QAC/C,UAAU;KACX,CAAC,CAAC;AACL,CAAC;AAPD,oEAOC;AAEM,KAAK,UAAU,kBAAkB,CAAC,UAA0B;IACjE,OAAO,gBAAQ,EAAE,CAAC,QAAQ,CAAC;QACzB,IAAI,EAAE,+BAA+B;QACrC,UAAU;KACX,CAAC,CAAC;AACL,CAAC;AALD,gDAKC"},"all":true},"/Volumes/Coding/forest-fire/vuex-plugin-firemodel/dist/cjs/api/index.js":{"path":"/Volumes/Coding/forest-fire/vuex-plugin-firemodel/dist/cjs/api/index.js","statementMap":{"0":{"start":{"line":3,"column":4},"end":{"line":3,"column":71}},"1":{"start":{"line":3,"column":21},"end":{"line":3,"column":71}},"2":{"start":{"line":3,"column":53},"end":{"line":3,"column":71}},"3":{"start":{"line":5,"column":0},"end":{"line":5,"column":62}},"4":{"start":{"line":6,"column":0},"end":{"line":6,"column":28}},"5":{"start":{"line":7,"column":0},"end":{"line":7,"column":29}},"6":{"start":{"line":8,"column":0},"end":{"line":8,"column":51}}},"fnMap":{"0":{"name":"__export","decl":{"start":{"line":2,"column":9},"end":{"line":2,"column":17}},"loc":{"start":{"line":2,"column":21},"end":{"line":4,"column":1}},"line":2}},"branchMap":{"0":{"loc":{"start":{"line":3,"column":21},"end":{"line":3,"column":71}},"type":"if","locations":[{"start":{"line":3,"column":21},"end":{"line":3,"column":71}},{"start":{"line":3,"column":21},"end":{"line":3,"column":71}}],"line":3}},"s":{"0":0,"1":0,"2":0,"3":0,"4":0,"5":0,"6":0},"f":{"0":0},"b":{"0":[0,0]},"inputSourceMap":{"version":3,"file":"index.js","sourceRoot":"","sources":["../../../src/api/index.ts"],"names":[],"mappings":";;;;;AAAA,4BAAuB;AACvB,6BAAwB;AACxB,mDAA8C"},"all":true},"/Volumes/Coding/forest-fire/vuex-plugin-firemodel/dist/cjs/api/other.js":{"path":"/Volumes/Coding/forest-fire/vuex-plugin-firemodel/dist/cjs/api/other.js","statementMap":{"0":{"start":{"line":2,"column":0},"end":{"line":2,"column":62}},"1":{"start":{"line":3,"column":16},"end":{"line":3,"column":35}},"2":{"start":{"line":5,"column":4},"end":{"line":5,"column":64}},"3":{"start":{"line":7,"column":0},"end":{"line":7,"column":34}}},"fnMap":{"0":{"name":"resetModule","decl":{"start":{"line":4,"column":9},"end":{"line":4,"column":20}},"loc":{"start":{"line":4,"column":29},"end":{"line":6,"column":1}},"line":4}},"branchMap":{},"s":{"0":0,"1":0,"2":0,"3":0},"f":{"0":0},"b":{},"inputSourceMap":{"version":3,"file":"other.js","sourceRoot":"","sources":["../../../src/api/other.ts"],"names":[],"mappings":";;AAAA,oCAAoC;AAEpC,SAAgB,WAAW,CAAC,MAAc;IACxC,OAAO,gBAAQ,EAAE,CAAC,MAAM,CAAC,GAAG,MAAM,QAAQ,EAAE,MAAM,CAAC,CAAC;AACtD,CAAC;AAFD,kCAEC"},"all":true},"/Volumes/Coding/forest-fire/vuex-plugin-firemodel/dist/cjs/api/providers/EmailAuthProvider.js":{"path":"/Volumes/Coding/forest-fire/vuex-plugin-firemodel/dist/cjs/api/providers/EmailAuthProvider.js","statementMap":{"0":{"start":{"line":2,"column":0},"end":{"line":2,"column":62}},"1":{"start":{"line":3,"column":19},"end":{"line":3,"column":51}},"2":{"start":{"line":4,"column":31},"end":{"line":4,"column":75}},"3":{"start":{"line":7,"column":19},"end":{"line":7,"column":46}},"4":{"start":{"line":8,"column":8},"end":{"line":10,"column":9}},"5":{"start":{"line":9,"column":12},"end":{"line":9,"column":225}},"6":{"start":{"line":11,"column":8},"end":{"line":11,"column":78}},"7":{"start":{"line":14,"column":0},"end":{"line":14,"column":46}}},"fnMap":{"0":{"name":"(anonymous_0)","decl":{"start":{"line":6,"column":4},"end":{"line":6,"column":5}},"loc":{"start":{"line":6,"column":45},"end":{"line":12,"column":5}},"line":6}},"branchMap":{"0":{"loc":{"start":{"line":8,"column":8},"end":{"line":10,"column":9}},"type":"if","locations":[{"start":{"line":8,"column":8},"end":{"line":10,"column":9}},{"start":{"line":8,"column":8},"end":{"line":10,"column":9}}],"line":8}},"s":{"0":0,"1":0,"2":0,"3":0,"4":0,"5":0,"6":0,"7":0},"f":{"0":0},"b":{"0":[0,0]},"inputSourceMap":{"version":3,"file":"EmailAuthProvider.js","sourceRoot":"","sources":["../../../../src/api/providers/EmailAuthProvider.ts"],"names":[],"mappings":";;AAAA,oDAAiD;AACjD,4EAAyE;AAEzE,MAAa,iBAAiB;IAC5B,MAAM,CAAC,KAAK,CAAC,UAAU,CAAC,KAAa,EAAE,QAAgB;QACrD,MAAM,EAAE,GAAG,MAAM,mBAAQ,EAAE,CAAC;QAC5B,IAAI,CAAC,EAAE,CAAC,aAAa,EAAE;YACrB,MAAM,IAAI,2CAAoB,CAC5B,6JAA6J,CAC9J,CAAC;SACH;QACD,OAAO,EAAE,CAAC,aAAa,CAAC,iBAAiB,CAAC,UAAU,CAAC,KAAK,EAAE,QAAQ,CAAC,CAAC;IACxE,CAAC;CACF;AAVD,8CAUC"},"all":true},"/Volumes/Coding/forest-fire/vuex-plugin-firemodel/dist/cjs/auth/api/auth.js":{"path":"/Volumes/Coding/forest-fire/vuex-plugin-firemodel/dist/cjs/auth/api/auth.js","statementMap":{"0":{"start":{"line":7,"column":0},"end":{"line":7,"column":62}},"1":{"start":{"line":8,"column":16},"end":{"line":8,"column":38}},"2":{"start":{"line":9,"column":31},"end":{"line":9,"column":75}},"3":{"start":{"line":15,"column":4},"end":{"line":19,"column":7}},"4":{"start":{"line":21,"column":0},"end":{"line":21,"column":64}},"5":{"start":{"line":28,"column":4},"end":{"line":32,"column":7}},"6":{"start":{"line":34,"column":0},"end":{"line":34,"column":72}},"7":{"start":{"line":41,"column":4},"end":{"line":44,"column":7}},"8":{"start":{"line":46,"column":0},"end":{"line":46,"column":26}},"9":{"start":{"line":49,"column":20},"end":{"line":49,"column":58}},"10":{"start":{"line":50,"column":4},"end":{"line":52,"column":5}},"11":{"start":{"line":51,"column":8},"end":{"line":51,"column":29}},"12":{"start":{"line":53,"column":17},"end":{"line":53,"column":40}},"13":{"start":{"line":54,"column":25},"end":{"line":54,"column":119}},"14":{"start":{"line":55,"column":4},"end":{"line":58,"column":5}},"15":{"start":{"line":56,"column":22},"end":{"line":56,"column":40}},"16":{"start":{"line":57,"column":8},"end":{"line":57,"column":21}},"17":{"start":{"line":59,"column":4},"end":{"line":61,"column":117}},"18":{"start":{"line":63,"column":0},"end":{"line":63,"column":32}},"19":{"start":{"line":71,"column":4},"end":{"line":75,"column":7}},"20":{"start":{"line":77,"column":0},"end":{"line":77,"column":56}},"21":{"start":{"line":83,"column":4},"end":{"line":87,"column":7}},"22":{"start":{"line":89,"column":0},"end":{"line":89,"column":52}},"23":{"start":{"line":95,"column":4},"end":{"line":98,"column":7}},"24":{"start":{"line":100,"column":0},"end":{"line":100,"column":58}},"25":{"start":{"line":106,"column":4},"end":{"line":109,"column":7}},"26":{"start":{"line":111,"column":0},"end":{"line":111,"column":34}},"27":{"start":{"line":119,"column":4},"end":{"line":122,"column":7}},"28":{"start":{"line":124,"column":0},"end":{"line":124,"column":40}},"29":{"start":{"line":130,"column":4},"end":{"line":133,"column":7}},"30":{"start":{"line":135,"column":0},"end":{"line":135,"column":38}},"31":{"start":{"line":140,"column":4},"end":{"line":142,"column":7}},"32":{"start":{"line":144,"column":0},"end":{"line":144,"column":54}},"33":{"start":{"line":146,"column":4},"end":{"line":149,"column":7}},"34":{"start":{"line":151,"column":0},"end":{"line":151,"column":68}},"35":{"start":{"line":153,"column":4},"end":{"line":156,"column":7}},"36":{"start":{"line":158,"column":0},"end":{"line":158,"column":48}}},"fnMap":{"0":{"name":"signInWithEmailAndPassword","decl":{"start":{"line":14,"column":15},"end":{"line":14,"column":41}},"loc":{"start":{"line":14,"column":59},"end":{"line":20,"column":1}},"line":14},"1":{"name":"createUserWithEmailAndPassword","decl":{"start":{"line":27,"column":15},"end":{"line":27,"column":45}},"loc":{"start":{"line":27,"column":63},"end":{"line":33,"column":1}},"line":27},"2":{"name":"signOut","decl":{"start":{"line":40,"column":15},"end":{"line":40,"column":22}},"loc":{"start":{"line":40,"column":32},"end":{"line":45,"column":1}},"line":40},"3":{"name":"getIdToken","decl":{"start":{"line":47,"column":15},"end":{"line":47,"column":25}},"loc":{"start":{"line":47,"column":40},"end":{"line":62,"column":1}},"line":47},"4":{"name":"sendPasswordResetEmail","decl":{"start":{"line":70,"column":15},"end":{"line":70,"column":37}},"loc":{"start":{"line":70,"column":65},"end":{"line":76,"column":1}},"line":70},"5":{"name":"confirmPasswordReset","decl":{"start":{"line":82,"column":15},"end":{"line":82,"column":35}},"loc":{"start":{"line":82,"column":55},"end":{"line":88,"column":1}},"line":82},"6":{"name":"verifyPasswordResetCode","decl":{"start":{"line":94,"column":15},"end":{"line":94,"column":38}},"loc":{"start":{"line":94,"column":45},"end":{"line":99,"column":1}},"line":94},"7":{"name":"updateEmail","decl":{"start":{"line":105,"column":15},"end":{"line":105,"column":26}},"loc":{"start":{"line":105,"column":37},"end":{"line":110,"column":1}},"line":105},"8":{"name":"updatePassword","decl":{"start":{"line":118,"column":15},"end":{"line":118,"column":29}},"loc":{"start":{"line":118,"column":40},"end":{"line":123,"column":1}},"line":118},"9":{"name":"updateProfile","decl":{"start":{"line":129,"column":15},"end":{"line":129,"column":28}},"loc":{"start":{"line":129,"column":38},"end":{"line":134,"column":1}},"line":129},"10":{"name":"sendEmailVerification","decl":{"start":{"line":139,"column":15},"end":{"line":139,"column":36}},"loc":{"start":{"line":139,"column":39},"end":{"line":143,"column":1}},"line":139},"11":{"name":"reauthenticateWithCredential","decl":{"start":{"line":145,"column":15},"end":{"line":145,"column":43}},"loc":{"start":{"line":145,"column":56},"end":{"line":150,"column":1}},"line":145},"12":{"name":"linkWithCredential","decl":{"start":{"line":152,"column":15},"end":{"line":152,"column":33}},"loc":{"start":{"line":152,"column":46},"end":{"line":157,"column":1}},"line":152}},"branchMap":{"0":{"loc":{"start":{"line":50,"column":4},"end":{"line":52,"column":5}},"type":"if","locations":[{"start":{"line":50,"column":4},"end":{"line":52,"column":5}},{"start":{"line":50,"column":4},"end":{"line":52,"column":5}}],"line":50},"1":{"loc":{"start":{"line":50,"column":8},"end":{"line":50,"column":46}},"type":"binary-expr","locations":[{"start":{"line":50,"column":8},"end":{"line":50,"column":21}},{"start":{"line":50,"column":25},"end":{"line":50,"column":46}}],"line":50},"2":{"loc":{"start":{"line":54,"column":25},"end":{"line":54,"column":119}},"type":"cond-expr","locations":[{"start":{"line":54,"column":77},"end":{"line":54,"column":83}},{"start":{"line":54,"column":86},"end":{"line":54,"column":119}}],"line":54},"3":{"loc":{"start":{"line":54,"column":25},"end":{"line":54,"column":74}},"type":"binary-expr","locations":[{"start":{"line":54,"column":25},"end":{"line":54,"column":57}},{"start":{"line":54,"column":61},"end":{"line":54,"column":74}}],"line":54},"4":{"loc":{"start":{"line":55,"column":4},"end":{"line":58,"column":5}},"type":"if","locations":[{"start":{"line":55,"column":4},"end":{"line":58,"column":5}},{"start":{"line":55,"column":4},"end":{"line":58,"column":5}}],"line":55},"5":{"loc":{"start":{"line":59,"column":100},"end":{"line":61,"column":81}},"type":"cond-expr","locations":[{"start":{"line":60,"column":10},"end":{"line":60,"column":12}},{"start":{"line":61,"column":10},"end":{"line":61,"column":81}}],"line":59}},"s":{"0":0,"1":0,"2":0,"3":0,"4":0,"5":0,"6":0,"7":0,"8":0,"9":0,"10":0,"11":0,"12":0,"13":0,"14":0,"15":0,"16":0,"17":0,"18":0,"19":0,"20":0,"21":0,"22":0,"23":0,"24":0,"25":0,"26":0,"27":0,"28":0,"29":0,"30":0,"31":0,"32":0,"33":0,"34":0,"35":0,"36":0},"f":{"0":0,"1":0,"2":0,"3":0,"4":0,"5":0,"6":0,"7":0,"8":0,"9":0,"10":0,"11":0,"12":0},"b":{"0":[0,0],"1":[0,0],"2":[0,0],"3":[0,0],"4":[0,0],"5":[0,0]},"inputSourceMap":{"version":3,"file":"auth.js","sourceRoot":"","sources":["../../../../src/auth/api/auth.ts"],"names":[],"mappings":";AAAA;;;;GAIG;;AAEH,uCAAgD;AAShD,4EAAyE;AAEzE;;;GAGG;AACI,KAAK,UAAU,0BAA0B,CAC9C,KAAa,EACb,QAAgB;IAEhB,OAAO,gBAAQ,EAAE,CAAC,QAAQ,CAAC;QACzB,IAAI,EAAE,uCAAuC;QAC7C,KAAK;QACL,QAAQ;KACT,CAAC,CAAC;AACL,CAAC;AATD,gEASC;AAED;;;;GAIG;AACI,KAAK,UAAU,8BAA8B,CAClD,KAAa,EACb,QAAgB;IAEhB,OAAO,gBAAQ,EAAE,CAAC,QAAQ,CAAC;QACzB,IAAI,EAAE,2CAA2C;QACjD,KAAK;QACL,QAAQ;KACT,CAAC,CAAC;AACL,CAAC;AATD,wEASC;AAED;;;;GAIG;AACI,KAAK,UAAU,OAAO,CAAC,OAK7B;IACC,OAAO,gBAAQ,EAAE,CAAC,QAAQ,CAAC;QACzB,IAAI,EAAE,oBAAoB;QAC1B,OAAO;KACR,CAAC,CAAC;AACL,CAAC;AAVD,0BAUC;AAEM,KAAK,UAAU,UAAU,CAC9B,YAAsB;;IAEtB,MAAM,OAAO,GAAG,gBAAQ,EAAE,CAAC,KAAK,CAAC,YAAY,CAAyB,CAAC;IACvE,IAAI,OAAO,CAAC,KAAK,IAAI,YAAY,KAAK,IAAI,EAAE;QAC1C,OAAO,OAAO,CAAC,KAAK,CAAC;KACtB;IACD,MAAM,IAAI,GAAG,MAAM,eAAO,EAAE,CAAC;IAC7B,MAAM,YAAY,SAAG,IAAI,CAAC,WAAW,0CAAE,gBAAgB,CAAC,YAAY,CAAC,CAAC;IACtE,IAAI,YAAY,EAAE;QAChB,MAAM,KAAK,GAAG,MAAM,YAAY,CAAC;QACjC,OAAO,KAAK,CAAC;KACd;IAED,MAAM,IAAI,2CAAoB,CAC5B,0CACE,IAAI,CAAC,WAAW;QACd,CAAC,CAAC,EAAE;QACJ,CAAC,CAAC,uEACN,EAAE,EACF,8BAA8B,CAC/B,CAAC;AACJ,CAAC;AAtBD,gCAsBC;AAED;;;;;GAKG;AACI,KAAK,UAAU,sBAAsB,CAC1C,KAAa,EACb,kBAAuC;IAEvC,OAAO,gBAAQ,EAAE,CAAC,QAAQ,CAAC;QACzB,IAAI,EAAE,mCAAmC;QACzC,KAAK;QACL,kBAAkB;KACnB,CAAC,CAAC;AACL,CAAC;AATD,wDASC;AAED;;;GAGG;AACI,KAAK,UAAU,oBAAoB,CACxC,IAAY,EACZ,WAAmB;IAEnB,OAAO,gBAAQ,EAAE,CAAC,QAAQ,CAAC;QACzB,IAAI,EAAE,gCAAgC;QACtC,IAAI;QACJ,WAAW;KACZ,CAAC,CAAC;AACL,CAAC;AATD,oDASC;AAED;;;GAGG;AACI,KAAK,UAAU,uBAAuB,CAAC,IAAY;IACxD,OAAO,gBAAQ,EAAE,CAAC,QAAQ,CAAC;QACzB,IAAI,EAAE,oCAAoC;QAC1C,IAAI;KACL,CAAC,CAAC;AACL,CAAC;AALD,0DAKC;AAED;;;GAGG;AACI,KAAK,UAAU,WAAW,CAAC,QAAgB;IAChD,OAAO,gBAAQ,EAAE,CAAC,QAAQ,CAAC;QACzB,IAAI,EAAE,wBAAwB;QAC9B,OAAO,EAAE,QAAQ;KAClB,CAAC,CAAC;AACL,CAAC;AALD,kCAKC;AAED;;;;;GAKG;AACI,KAAK,UAAU,cAAc,CAAC,QAAgB;IACnD,OAAO,gBAAQ,EAAE,CAAC,QAAQ,CAAC;QACzB,IAAI,EAAE,2BAA2B;QACjC,QAAQ;KACT,CAAC,CAAC;AACL,CAAC;AALD,wCAKC;AAED;;;GAGG;AACI,KAAK,UAAU,aAAa,CAAC,OAAqB;IACvD,OAAO,gBAAQ,EAAE,CAAC,QAAQ,CAAC;QACzB,IAAI,EAAE,0BAA0B;QAChC,OAAO;KACR,CAAC,CAAC;AACL,CAAC;AALD,sCAKC;AAED;;GAEG;AACI,KAAK,UAAU,qBAAqB;IACzC,OAAO,gBAAQ,EAAE,CAAC,QAAQ,CAAC;QACzB,IAAI,EAAE,kCAAkC;KACzC,CAAC,CAAC;AACL,CAAC;AAJD,sDAIC;AAEM,KAAK,UAAU,4BAA4B,CAChD,UAA0B;IAE1B,OAAO,gBAAQ,EAAE,CAAC,QAAQ,CAAC;QACzB,IAAI,EAAE,yCAAyC;QAC/C,UAAU;KACX,CAAC,CAAC;AACL,CAAC;AAPD,oEAOC;AAEM,KAAK,UAAU,kBAAkB,CAAC,UAA0B;IACjE,OAAO,gBAAQ,EAAE,CAAC,QAAQ,CAAC;QACzB,IAAI,EAAE,+BAA+B;QACrC,UAAU;KACX,CAAC,CAAC;AACL,CAAC;AALD,gDAKC"},"all":true},"/Volumes/Coding/forest-fire/vuex-plugin-firemodel/dist/cjs/auth/api/index.js":{"path":"/Volumes/Coding/forest-fire/vuex-plugin-firemodel/dist/cjs/auth/api/index.js","statementMap":{"0":{"start":{"line":3,"column":4},"end":{"line":3,"column":71}},"1":{"start":{"line":3,"column":21},"end":{"line":3,"column":71}},"2":{"start":{"line":3,"column":53},"end":{"line":3,"column":71}},"3":{"start":{"line":5,"column":0},"end":{"line":5,"column":62}},"4":{"start":{"line":6,"column":0},"end":{"line":6,"column":28}},"5":{"start":{"line":7,"column":0},"end":{"line":7,"column":29}},"6":{"start":{"line":8,"column":0},"end":{"line":8,"column":51}}},"fnMap":{"0":{"name":"__export","decl":{"start":{"line":2,"column":9},"end":{"line":2,"column":17}},"loc":{"start":{"line":2,"column":21},"end":{"line":4,"column":1}},"line":2}},"branchMap":{"0":{"loc":{"start":{"line":3,"column":21},"end":{"line":3,"column":71}},"type":"if","locations":[{"start":{"line":3,"column":21},"end":{"line":3,"column":71}},{"start":{"line":3,"column":21},"end":{"line":3,"column":71}}],"line":3}},"s":{"0":0,"1":0,"2":0,"3":0,"4":0,"5":0,"6":0},"f":{"0":0},"b":{"0":[0,0]},"inputSourceMap":{"version":3,"file":"index.js","sourceRoot":"","sources":["../../../../src/auth/api/index.ts"],"names":[],"mappings":";;;;;AAAA,4BAAuB;AACvB,6BAAwB;AACxB,mDAA8C"},"all":true},"/Volumes/Coding/forest-fire/vuex-plugin-firemodel/dist/cjs/auth/api/other.js":{"path":"/Volumes/Coding/forest-fire/vuex-plugin-firemodel/dist/cjs/auth/api/other.js","statementMap":{"0":{"start":{"line":2,"column":0},"end":{"line":2,"column":62}},"1":{"start":{"line":3,"column":16},"end":{"line":3,"column":38}},"2":{"start":{"line":5,"column":4},"end":{"line":5,"column":64}},"3":{"start":{"line":7,"column":0},"end":{"line":7,"column":34}}},"fnMap":{"0":{"name":"resetModule","decl":{"start":{"line":4,"column":9},"end":{"line":4,"column":20}},"loc":{"start":{"line":4,"column":29},"end":{"line":6,"column":1}},"line":4}},"branchMap":{},"s":{"0":0,"1":0,"2":0,"3":0},"f":{"0":0},"b":{},"inputSourceMap":{"version":3,"file":"other.js","sourceRoot":"","sources":["../../../../src/auth/api/other.ts"],"names":[],"mappings":";;AAAA,uCAAuC;AAEvC,SAAgB,WAAW,CAAC,MAAc;IACxC,OAAO,gBAAQ,EAAE,CAAC,MAAM,CAAC,GAAG,MAAM,QAAQ,EAAE,MAAM,CAAC,CAAC;AACtD,CAAC;AAFD,kCAEC"},"all":true},"/Volumes/Coding/forest-fire/vuex-plugin-firemodel/dist/cjs/auth/api/providers/EmailAuthProvider.js":{"path":"/Volumes/Coding/forest-fire/vuex-plugin-firemodel/dist/cjs/auth/api/providers/EmailAuthProvider.js","statementMap":{"0":{"start":{"line":2,"column":0},"end":{"line":2,"column":62}},"1":{"start":{"line":3,"column":19},"end":{"line":3,"column":54}},"2":{"start":{"line":4,"column":31},"end":{"line":4,"column":78}},"3":{"start":{"line":7,"column":19},"end":{"line":7,"column":46}},"4":{"start":{"line":8,"column":8},"end":{"line":10,"column":9}},"5":{"start":{"line":9,"column":12},"end":{"line":9,"column":225}},"6":{"start":{"line":11,"column":8},"end":{"line":11,"column":78}},"7":{"start":{"line":14,"column":0},"end":{"line":14,"column":46}}},"fnMap":{"0":{"name":"(anonymous_0)","decl":{"start":{"line":6,"column":4},"end":{"line":6,"column":5}},"loc":{"start":{"line":6,"column":45},"end":{"line":12,"column":5}},"line":6}},"branchMap":{"0":{"loc":{"start":{"line":8,"column":8},"end":{"line":10,"column":9}},"type":"if","locations":[{"start":{"line":8,"column":8},"end":{"line":10,"column":9}},{"start":{"line":8,"column":8},"end":{"line":10,"column":9}}],"line":8}},"s":{"0":0,"1":0,"2":0,"3":0,"4":0,"5":0,"6":0,"7":0},"f":{"0":0},"b":{"0":[0,0]},"inputSourceMap":{"version":3,"file":"EmailAuthProvider.js","sourceRoot":"","sources":["../../../../../src/auth/api/providers/EmailAuthProvider.ts"],"names":[],"mappings":";;AAAA,uDAAoD;AACpD,+EAA4E;AAE5E,MAAa,iBAAiB;IAC5B,MAAM,CAAC,KAAK,CAAC,UAAU,CAAC,KAAa,EAAE,QAAgB;QACrD,MAAM,EAAE,GAAG,MAAM,mBAAQ,EAAE,CAAC;QAC5B,IAAI,CAAC,EAAE,CAAC,aAAa,EAAE;YACrB,MAAM,IAAI,2CAAoB,CAC5B,6JAA6J,CAC9J,CAAC;SACH;QACD,OAAO,EAAE,CAAC,aAAa,CAAC,iBAAiB,CAAC,UAAU,CAAC,KAAK,EAAE,QAAQ,CAAC,CAAC;IACxE,CAAC;CACF;AAVD,8CAUC"},"all":true},"/Volumes/Coding/forest-fire/vuex-plugin-firemodel/dist/cjs/coreServices.js":{"path":"/Volumes/Coding/forest-fire/vuex-plugin-firemodel/dist/cjs/coreServices.js","statementMap":{"0":{"start":{"line":2,"column":0},"end":{"line":2,"column":62}},"1":{"start":{"line":3,"column":23},"end":{"line":3,"column":55}},"2":{"start":{"line":4,"column":18},"end":{"line":4,"column":44}},"3":{"start":{"line":5,"column":16},"end":{"line":5,"column":34}},"4":{"start":{"line":11,"column":21},"end":{"line":11,"column":23}},"5":{"start":{"line":12,"column":4},"end":{"line":16,"column":5}},"6":{"start":{"line":13,"column":8},"end":{"line":13,"column":42}},"7":{"start":{"line":14,"column":8},"end":{"line":14,"column":36}},"8":{"start":{"line":15,"column":8},"end":{"line":15,"column":112}},"9":{"start":{"line":17,"column":4},"end":{"line":20,"column":5}},"10":{"start":{"line":18,"column":8},"end":{"line":18,"column":34}},"11":{"start":{"line":19,"column":8},"end":{"line":19,"column":114}},"12":{"start":{"line":21,"column":4},"end":{"line":23,"column":5}},"13":{"start":{"line":22,"column":8},"end":{"line":22,"column":111}},"14":{"start":{"line":24,"column":4},"end":{"line":24,"column":32}},"15":{"start":{"line":25,"column":4},"end":{"line":28,"column":7}},"16":{"start":{"line":30,"column":0},"end":{"line":30,"column":36}}},"fnMap":{"0":{"name":"coreServices","decl":{"start":{"line":10,"column":15},"end":{"line":10,"column":27}},"loc":{"start":{"line":10,"column":43},"end":{"line":29,"column":1}},"line":10}},"branchMap":{"0":{"loc":{"start":{"line":12,"column":4},"end":{"line":16,"column":5}},"type":"if","locations":[{"start":{"line":12,"column":4},"end":{"line":16,"column":5}},{"start":{"line":12,"column":4},"end":{"line":16,"column":5}}],"line":12},"1":{"loc":{"start":{"line":17,"column":4},"end":{"line":20,"column":5}},"type":"if","locations":[{"start":{"line":17,"column":4},"end":{"line":20,"column":5}},{"start":{"line":17,"column":4},"end":{"line":20,"column":5}}],"line":17},"2":{"loc":{"start":{"line":21,"column":4},"end":{"line":23,"column":5}},"type":"if","locations":[{"start":{"line":21,"column":4},"end":{"line":23,"column":5}},{"start":{"line":21,"column":4},"end":{"line":23,"column":5}}],"line":21}},"s":{"0":0,"1":0,"2":0,"3":0,"4":0,"5":0,"6":0,"7":0,"8":0,"9":0,"10":0,"11":0,"12":0,"13":0,"14":0,"15":0,"16":0},"f":{"0":0},"b":{"0":[0,0],"1":[0,0],"2":[0,0]},"inputSourceMap":{"version":3,"file":"coreServices.js","sourceRoot":"","sources":["../../src/coreServices.ts"],"names":[],"mappings":";;AACA,wDAAqD;AACrD,6CAAiD;AAGjD,mCAAmC;AAEnC;;;GAGG;AACI,KAAK,UAAU,YAAY,CAChC,KAAe,EACf,MAA2B;IAE3B,MAAM,QAAQ,GAAmB,EAAE,CAAC;IACpC,IAAI,MAAM,CAAC,OAAO,EAAE;QAClB,MAAM,gBAAQ,CAAC,MAAM,CAAC,EAAE,CAAC,CAAC;QAC1B,OAAO,CAAC,GAAG,CAAC,cAAc,CAAC,CAAC;QAE5B,QAAQ,CAAC,IAAI,CACX,KAAK,CAAC,QAAQ,CAAC,2BAAY,CAAC,wBAAc,CAAC,OAAO,CAAC,EAAE,MAAM,CAAC,EAAE,CAAC,CAChE,CAAC;KACH;IAED,IAAI,MAAM,CAAC,IAAI,EAAE;QACf,OAAO,CAAC,GAAG,CAAC,YAAY,CAAC,CAAC;QAE1B,QAAQ,CAAC,IAAI,CACX,KAAK,CAAC,QAAQ,CAAC,2BAAY,CAAC,wBAAc,CAAC,YAAY,CAAC,EAAE,MAAM,CAAC,CAClE,CAAC;KACH;IAED,IAAI,MAAM,CAAC,YAAY,EAAE;QACvB,QAAQ,CAAC,IAAI,CACX,KAAK,CAAC,QAAQ,CAAC,2BAAY,CAAC,wBAAc,CAAC,iBAAiB,CAAC,CAAC,CAC/D,CAAC;KACH;IACD,MAAM,OAAO,CAAC,GAAG,CAAC,QAAQ,CAAC,CAAC;IAE5B,KAAK,CAAC,MAAM,CAAC,2BAAY,mDAAsC,EAAE;QAC/D,OAAO,EAAE,4CAA4C;QACrD,MAAM,EAAE,MAAM,CAAC,EAAE;KAClB,CAAC,CAAC;AACL,CAAC;AAjCD,oCAiCC"},"all":true},"/Volumes/Coding/forest-fire/vuex-plugin-firemodel/dist/cjs/errors/AbcError.js":{"path":"/Volumes/Coding/forest-fire/vuex-plugin-firemodel/dist/cjs/errors/AbcError.js","statementMap":{"0":{"start":{"line":2,"column":0},"end":{"line":2,"column":62}},"1":{"start":{"line":9,"column":8},"end":{"line":9,"column":23}},"2":{"start":{"line":10,"column":8},"end":{"line":10,"column":30}},"3":{"start":{"line":11,"column":8},"end":{"line":11,"column":24}},"4":{"start":{"line":12,"column":22},"end":{"line":12,"column":47}},"5":{"start":{"line":13,"column":32},"end":{"line":13,"column":82}},"6":{"start":{"line":14,"column":8},"end":{"line":14,"column":41}},"7":{"start":{"line":15,"column":8},"end":{"line":15,"column":28}},"8":{"start":{"line":18,"column":0},"end":{"line":18,"column":28}}},"fnMap":{"0":{"name":"(anonymous_0)","decl":{"start":{"line":8,"column":4},"end":{"line":8,"column":5}},"loc":{"start":{"line":8,"column":59},"end":{"line":16,"column":5}},"line":8}},"branchMap":{"0":{"loc":{"start":{"line":8,"column":25},"end":{"line":8,"column":57}},"type":"default-arg","locations":[{"start":{"line":8,"column":42},"end":{"line":8,"column":57}}],"line":8},"1":{"loc":{"start":{"line":13,"column":32},"end":{"line":13,"column":82}},"type":"cond-expr","locations":[{"start":{"line":13,"column":53},"end":{"line":13,"column":74}},{"start":{"line":13,"column":77},"end":{"line":13,"column":82}}],"line":13}},"s":{"0":0,"1":0,"2":0,"3":0,"4":0,"5":0,"6":0,"7":0,"8":0},"f":{"0":0},"b":{"0":[0],"1":[0,0]},"inputSourceMap":{"version":3,"file":"AbcError.js","sourceRoot":"","sources":["../../../src/errors/AbcError.ts"],"names":[],"mappings":";;AAAA;;;GAGG;AACH,MAAa,QAAS,SAAQ,KAAK;IAIjC,YAAY,OAAe,EAAE,iBAAyB,eAAe;QACnE,KAAK,CAAC,OAAO,CAAC,CAAC;QAJV,cAAS,GAAG,IAAI,CAAC;QACjB,QAAG,GAAG,IAAI,CAAC;QAIhB,MAAM,KAAK,GAAG,cAAc,CAAC,KAAK,CAAC,GAAG,CAAC,CAAC;QACxC,MAAM,CAAC,IAAI,EAAE,OAAO,CAAC,GAAG,KAAK,CAAC,MAAM,KAAK,CAAC,CAAC,CAAC,CAAC,CAAC,SAAS,EAAE,KAAK,CAAC,CAAC,CAAC,CAAC,CAAC,CAAC,CAAC,KAAK,CAAC;QAC3E,IAAI,CAAC,IAAI,GAAG,GAAG,IAAI,IAAI,OAAO,EAAE,CAAC;QACjC,IAAI,CAAC,IAAI,GAAG,OAAO,CAAC;IACtB,CAAC;CACF;AAXD,4BAWC"},"all":true},"/Volumes/Coding/forest-fire/vuex-plugin-firemodel/dist/cjs/errors/FiremodelPluginError.js":{"path":"/Volumes/Coding/forest-fire/vuex-plugin-firemodel/dist/cjs/errors/FiremodelPluginError.js","statementMap":{"0":{"start":{"line":2,"column":0},"end":{"line":2,"column":62}},"1":{"start":{"line":9,"column":8},"end":{"line":9,"column":23}},"2":{"start":{"line":10,"column":8},"end":{"line":10,"column":30}},"3":{"start":{"line":11,"column":22},"end":{"line":11,"column":47}},"4":{"start":{"line":12,"column":32},"end":{"line":12,"column":91}},"5":{"start":{"line":13,"column":8},"end":{"line":13,"column":41}},"6":{"start":{"line":14,"column":8},"end":{"line":14,"column":28}},"7":{"start":{"line":17,"column":0},"end":{"line":17,"column":52}}},"fnMap":{"0":{"name":"(anonymous_0)","decl":{"start":{"line":8,"column":4},"end":{"line":8,"column":5}},"loc":{"start":{"line":8,"column":68},"end":{"line":15,"column":5}},"line":8}},"branchMap":{"0":{"loc":{"start":{"line":8,"column":25},"end":{"line":8,"column":66}},"type":"default-arg","locations":[{"start":{"line":8,"column":42},"end":{"line":8,"column":66}}],"line":8},"1":{"loc":{"start":{"line":12,"column":32},"end":{"line":12,"column":91}},"type":"cond-expr","locations":[{"start":{"line":12,"column":53},"end":{"line":12,"column":83}},{"start":{"line":12,"column":86},"end":{"line":12,"column":91}}],"line":12}},"s":{"0":0,"1":0,"2":0,"3":0,"4":0,"5":0,"6":0,"7":0},"f":{"0":0},"b":{"0":[0],"1":[0,0]},"inputSourceMap":{"version":3,"file":"FiremodelPluginError.js","sourceRoot":"","sources":["../../../src/errors/FiremodelPluginError.ts"],"names":[],"mappings":";;AAAA;;;GAGG;AACH,MAAa,oBAAqB,SAAQ,KAAK;IAG7C,YAAY,OAAe,EAAE,iBAAyB,wBAAwB;QAC5E,KAAK,CAAC,OAAO,CAAC,CAAC;QAHV,cAAS,GAAG,IAAI,CAAC;QAItB,MAAM,KAAK,GAAG,cAAc,CAAC,KAAK,CAAC,GAAG,CAAC,CAAC;QACxC,MAAM,CAAC,IAAI,EAAE,OAAO,CAAC,GAAG,KAAK,CAAC,MAAM,KAAK,CAAC,CAAC,CAAC,CAAC,CAAC,kBAAkB,EAAE,KAAK,CAAC,CAAC,CAAC,CAAC,CAAC,CAAC,CAAC,KAAK,CAAC;QACpF,IAAI,CAAC,IAAI,GAAG,GAAG,IAAI,IAAI,OAAO,EAAE,CAAC;QACjC,IAAI,CAAC,IAAI,GAAG,OAAO,CAAC;IACtB,CAAC;CACF;AAVD,oDAUC"},"all":true},"/Volumes/Coding/forest-fire/vuex-plugin-firemodel/dist/cjs/errors/index.js":{"path":"/Volumes/Coding/forest-fire/vuex-plugin-firemodel/dist/cjs/errors/index.js","statementMap":{"0":{"start":{"line":3,"column":4},"end":{"line":3,"column":71}},"1":{"start":{"line":3,"column":21},"end":{"line":3,"column":71}},"2":{"start":{"line":3,"column":53},"end":{"line":3,"column":71}},"3":{"start":{"line":5,"column":0},"end":{"line":5,"column":62}},"4":{"start":{"line":6,"column":0},"end":{"line":6,"column":32}},"5":{"start":{"line":7,"column":0},"end":{"line":7,"column":44}}},"fnMap":{"0":{"name":"__export","decl":{"start":{"line":2,"column":9},"end":{"line":2,"column":17}},"loc":{"start":{"line":2,"column":21},"end":{"line":4,"column":1}},"line":2}},"branchMap":{"0":{"loc":{"start":{"line":3,"column":21},"end":{"line":3,"column":71}},"type":"if","locations":[{"start":{"line":3,"column":21},"end":{"line":3,"column":71}},{"start":{"line":3,"column":21},"end":{"line":3,"column":71}}],"line":3}},"s":{"0":0,"1":0,"2":0,"3":0,"4":0,"5":0},"f":{"0":0},"b":{"0":[0,0]},"inputSourceMap":{"version":3,"file":"index.js","sourceRoot":"","sources":["../../../src/errors/index.ts"],"names":[],"mappings":";;;;;AAAA,gCAA2B;AAC3B,4CAAsC"},"all":true},"/Volumes/Coding/forest-fire/vuex-plugin-firemodel/dist/cjs/firemodelMutations/addedLocally.js":{"path":"/Volumes/Coding/forest-fire/vuex-plugin-firemodel/dist/cjs/firemodelMutations/addedLocally.js","statementMap":{"0":{"start":{"line":2,"column":0},"end":{"line":2,"column":62}},"1":{"start":{"line":3,"column":21},"end":{"line":3,"column":52}},"2":{"start":{"line":4,"column":21},"end":{"line":4,"column":52}},"3":{"start":{"line":5,"column":19},"end":{"line":5,"column":48}},"4":{"start":{"line":7,"column":19},"end":{"line":7,"column":51}},"5":{"start":{"line":8,"column":4},"end":{"line":33,"column":6}},"6":{"start":{"line":10,"column":12},"end":{"line":15,"column":13}},"7":{"start":{"line":11,"column":16},"end":{"line":11,"column":81}},"8":{"start":{"line":14,"column":16},"end":{"line":14,"column":70}},"9":{"start":{"line":18,"column":12},"end":{"line":23,"column":13}},"10":{"start":{"line":19,"column":16},"end":{"line":19,"column":81}},"11":{"start":{"line":22,"column":16},"end":{"line":22,"column":70}},"12":{"start":{"line":26,"column":12},"end":{"line":31,"column":13}},"13":{"start":{"line":27,"column":16},"end":{"line":27,"column":72}},"14":{"start":{"line":30,"column":16},"end":{"line":30,"column":61}},"15":{"start":{"line":35,"column":0},"end":{"line":35,"column":36}}},"fnMap":{"0":{"name":"addedLocally","decl":{"start":{"line":6,"column":9},"end":{"line":6,"column":21}},"loc":{"start":{"line":6,"column":34},"end":{"line":34,"column":1}},"line":6},"1":{"name":"(anonymous_1)","decl":{"start":{"line":9,"column":8},"end":{"line":9,"column":9}},"loc":{"start":{"line":9,"column":61},"end":{"line":16,"column":9}},"line":9},"2":{"name":"(anonymous_2)","decl":{"start":{"line":17,"column":8},"end":{"line":17,"column":9}},"loc":{"start":{"line":17,"column":65},"end":{"line":24,"column":9}},"line":17},"3":{"name":"(anonymous_3)","decl":{"start":{"line":25,"column":8},"end":{"line":25,"column":9}},"loc":{"start":{"line":25,"column":65},"end":{"line":32,"column":9}},"line":25}},"branchMap":{"0":{"loc":{"start":{"line":7,"column":19},"end":{"line":7,"column":51}},"type":"cond-expr","locations":[{"start":{"line":7,"column":33},"end":{"line":7,"column":38}},{"start":{"line":7,"column":41},"end":{"line":7,"column":51}}],"line":7},"1":{"loc":{"start":{"line":10,"column":12},"end":{"line":15,"column":13}},"type":"if","locations":[{"start":{"line":10,"column":12},"end":{"line":15,"column":13}},{"start":{"line":10,"column":12},"end":{"line":15,"column":13}}],"line":10},"2":{"loc":{"start":{"line":
[...]
:0,"16":0,"17":0,"18":0,"19":0},"f":{"0":0,"1":0,"2":0,"3":0,"4":0,"5":0,"6":0,"7":0,"8":0,"9":0},"b":{},"all":true},"/Volumes/Coding/forest-fire/vuex-plugin-firemodel/dist/esnext/store/mutations/serverConfirm.js":{"path":"/Volumes/Coding/forest-fire/vuex-plugin-firemodel/dist/esnext/store/mutations/serverConfirm.js","statementMap":{"0":{"start":{"line":2,"column":29},"end":{"line":26,"column":2}},"1":{"start":{"line":2,"column":36},"end":{"line":26,"column":1}},"2":{"start":{"line":7,"column":8},"end":{"line":7,"column":54}},"3":{"start":{"line":10,"column":30},"end":{"line":10,"column":51}},"4":{"start":{"line":11,"column":26},"end":{"line":11,"column":60}},"5":{"start":{"line":12,"column":8},"end":{"line":12,"column":40}},"6":{"start":{"line":13,"column":8},"end":{"line":13,"column":47}},"7":{"start":{"line":21,"column":30},"end":{"line":21,"column":51}},"8":{"start":{"line":22,"column":26},"end":{"line":22,"column":60}},"9":{"start":{"line":23,"column":8},"end":{"line":23,"column":40}},"10":{"start":{"line":24,"column":8},"end":{"line":24,"column":47}}},"fnMap":{"0":{"name":"(anonymous_0)","decl":{"start":{"line":2,"column":29},"end":{"line":2,"column":30}},"loc":{"start":{"line":2,"column":36},"end":{"line":26,"column":1}},"line":2},"1":{"name":"(anonymous_1)","decl":{"start":{"line":6,"column":4},"end":{"line":6,"column":5}},"loc":{"start":{"line":6,"column":64},"end":{"line":8,"column":5}},"line":6},"2":{"name":"(anonymous_2)","decl":{"start":{"line":9,"column":4},"end":{"line":9,"column":5}},"loc":{"start":{"line":9,"column":70},"end":{"line":15,"column":5}},"line":9},"3":{"name":"(anonymous_3)","decl":{"start":{"line":20,"column":4},"end":{"line":20,"column":5}},"loc":{"start":{"line":20,"column":70},"end":{"line":25,"column":5}},"line":20}},"branchMap":{},"s":{"0":0,"1":0,"2":0,"3":0,"4":0,"5":0,"6":0,"7":0,"8":0,"9":0,"10":0},"f":{"0":0,"1":0,"2":0,"3":0},"b":{},"all":true},"/Volumes/Coding/forest-fire/vuex-plugin-firemodel/dist/esnext/store/mutations/serverRollback.js":{"path":"/Volumes/Coding/forest-fire/vuex-plugin-firemodel/dist/esnext/store/mutations/serverRollback.js","statementMap":{"0":{"start":{"line":2,"column":30},"end":{"line":26,"column":2}},"1":{"start":{"line":2,"column":37},"end":{"line":26,"column":1}},"2":{"start":{"line":20,"column":30},"end":{"line":20,"column":51}},"3":{"start":{"line":21,"column":26},"end":{"line":21,"column":60}},"4":{"start":{"line":22,"column":8},"end":{"line":22,"column":40}},"5":{"start":{"line":23,"column":8},"end":{"line":23,"column":47}},"6":{"start":{"line":24,"column":8},"end":{"line":24,"column":94}}},"fnMap":{"0":{"name":"(anonymous_0)","decl":{"start":{"line":2,"column":30},"end":{"line":2,"column":31}},"loc":{"start":{"line":2,"column":37},"end":{"line":26,"column":1}},"line":2},"1":{"name":"(anonymous_1)","decl":{"start":{"line":6,"column":4},"end":{"line":6,"column":5}},"loc":{"start":{"line":6,"column":61},"end":{"line":8,"column":5}},"line":6},"2":{"name":"(anonymous_2)","decl":{"start":{"line":9,"column":4},"end":{"line":9,"column":5}},"loc":{"start":{"line":9,"column":67},"end":{"line":11,"column":5}},"line":9},"3":{"name":"(anonymous_3)","decl":{"start":{"line":16,"column":4},"end":{"line":16,"column":5}},"loc":{"start":{"line":16,"column":67},"end":{"line":18,"column":5}},"line":16},"4":{"name":"(anonymous_4)","decl":{"start":{"line":19,"column":4},"end":{"line":19,"column":5}},"loc":{"start":{"line":19,"column":82},"end":{"line":25,"column":5}},"line":19}},"branchMap":{},"s":{"0":0,"1":0,"2":0,"3":0,"4":0,"5":0,"6":0},"f":{"0":0,"1":0,"2":0,"3":0,"4":0},"b":{},"all":true},"/Volumes/Coding/forest-fire/vuex-plugin-firemodel/dist/esnext/store/mutations/watcher.js":{"path":"/Volumes/Coding/forest-fire/vuex-plugin-firemodel/dist/esnext/store/mutations/watcher.js","statementMap":{"0":{"start":{"line":2,"column":23},"end":{"line":21,"column":2}},"1":{"start":{"line":2,"column":30},"end":{"line":21,"column":1}},"2":{"start":{"line":7,"column":8},"end":{"line":7,"column":96}},"3":{"start":{"line":10,"column":8},"end":{"line":10,"column":87}},"4":{"start":{"line":10,"column":52},"end":{"line":10,"column":85}},"5":{"start":{"line":13,"column":8},"end":{"line":13,"column":28}},"6":{"start":{"line":16,"column":8},"end":{"line":16,"column":52}},"7":{"start":{"line":19,"column":8},"end":{"line":19,"column":63}},"8":{"start":{"line":19,"column":46},"end":{"line":19,"column":61}}},"fnMap":{"0":{"name":"(anonymous_0)","decl":{"start":{"line":2,"column":23},"end":{"line":2,"column":24}},"loc":{"start":{"line":2,"column":30},"end":{"line":21,"column":1}},"line":2},"1":{"name":"(anonymous_1)","decl":{"start":{"line":3,"column":4},"end":{"line":3,"column":5}},"loc":{"start":{"line":3,"column":63},"end":{"line":5,"column":5}},"line":3},"2":{"name":"(anonymous_2)","decl":{"start":{"line":6,"column":4},"end":{"line":6,"column":5}},"loc":{"start":{"line":6,"column":61},"end":{"line":8,"column":5}},"line":6},"3":{"name":"(anonymous_3)","decl":{"start":{"line":9,"column":4},"end":{"line":9,"column":5}},"loc":{"start":{"line":9,"column":61},"end":{"line":11,"column":5}},"line":9},"4":{"name":"(anonymous_4)","decl":{"start":{"line":10,"column":47},"end":{"line":10,"column":48}},"loc":{"start":{"line":10,"column":52},"end":{"line":10,"column":85}},"line":10},"5":{"name":"(anonymous_5)","decl":{"start":{"line":12,"column":4},"end":{"line":12,"column":5}},"loc":{"start":{"line":12,"column":68},"end":{"line":14,"column":5}},"line":12},"6":{"name":"(anonymous_6)","decl":{"start":{"line":15,"column":4},"end":{"line":15,"column":5}},"loc":{"start":{"line":15,"column":59},"end":{"line":17,"column":5}},"line":15},"7":{"name":"(anonymous_7)","decl":{"start":{"line":18,"column":4},"end":{"line":18,"column":5}},"loc":{"start":{"line":18,"column":63},"end":{"line":20,"column":5}},"line":18},"8":{"name":"(anonymous_8)","decl":{"start":{"line":19,"column":41},"end":{"line":19,"column":42}},"loc":{"start":{"line":19,"column":46},"end":{"line":19,"column":61}},"line":19}},"branchMap":{"0":{"loc":{"start":{"line":7,"column":35},"end":{"line":7,"column":94}},"type":"cond-expr","locations":[{"start":{"line":7,"column":52},"end":{"line":7,"column":82}},{"start":{"line":7,"column":85},"end":{"line":7,"column":94}}],"line":7}},"s":{"0":0,"1":0,"2":0,"3":0,"4":0,"5":0,"6":0,"7":0,"8":0},"f":{"0":0,"1":0,"2":0,"3":0,"4":0,"5":0,"6":0,"7":0,"8":0},"b":{"0":[0,0]},"all":true},"/Volumes/Coding/forest-fire/vuex-plugin-firemodel/dist/esnext/store/state.js":{"path":"/Volumes/Coding/forest-fire/vuex-plugin-firemodel/dist/esnext/store/state.js","statementMap":{"0":{"start":{"line":4,"column":21},"end":{"line":11,"column":2}},"1":{"start":{"line":4,"column":28},"end":{"line":11,"column":1}}},"fnMap":{"0":{"name":"(anonymous_0)","decl":{"start":{"line":4,"column":21},"end":{"line":4,"column":22}},"loc":{"start":{"line":4,"column":28},"end":{"line":11,"column":1}},"line":4}},"branchMap":{},"s":{"0":0,"1":0},"f":{"0":0},"b":{},"all":true},"/Volumes/Coding/forest-fire/vuex-plugin-firemodel/dist/esnext/types/abc.js":{"path":"/Volumes/Coding/forest-fire/vuex-plugin-firemodel/dist/esnext/types/abc.js","statementMap":{"0":{"start":{"line":2,"column":4},"end":{"line":2,"column":41}}},"fnMap":{"0":{"name":"isDiscreteRequest","decl":{"start":{"line":1,"column":16},"end":{"line":1,"column":33}},"loc":{"start":{"line":1,"column":43},"end":{"line":3,"column":1}},"line":1}},"branchMap":{},"s":{"0":0},"f":{"0":0},"b":{},"all":true},"/Volumes/Coding/forest-fire/vuex-plugin-firemodel/dist/esnext/types/actions/FmConfigActions.js":{"path":"/Volumes/Coding/forest-fire/vuex-plugin-firemodel/dist/esnext/types/actions/FmConfigActions.js","statementMap":{"0":{"start":{"line":2,"column":0},"end":{"line":9,"column":44}},"1":{"start":{"line":3,"column":4},"end":{"line":3,"column":42}},"2":{"start":{"line":4,"column":4},"end":{"line":4,"column":53}},"3":{"start":{"line":5,"column":4},"end":{"line":5,"column":57}},"4":{"start":{"line":6,"column":4},"end":{"line":6,"column":64}},"5":{"start":{"line":7,"column":4},"end":{"line":7,"column":56}},"6":{"start":{"line":8,"column":4},"end":{"line":8,"column":59}}},"fnMap":{"0":{"name":"(anonymous_0)","decl":{"start":{"line":2,"column":1},"end":{"line":2,"column":2}},"loc":{"start":{"line":2,"column":27},"end":{"line":9,"column":1}},"line":2}},"branchMap":{"0":{"loc":{"start":{"line":9,"column":3},"end":{"line":9,"column":42}},"type":"binary-expr","locations":[{"start":{"line":9,"column":3},"end":{"line":9,"column":17}},{"start":{"line":9,"column":22},"end":{"line":9,"column":41}}],"line":9}},"s":{"0":0,"1":0,"2":0,"3":0,"4":0,"5":0,"6":0},"f":{"0":0},"b":{"0":[0,0]},"all":true},"/Volumes/Coding/forest-fire/vuex-plugin-firemodel/dist/esnext/types/actions/index.js":{"path":"/Volumes/Coding/forest-fire/vuex-plugin-firemodel/dist/esnext/types/actions/index.js","statementMap":{},"fnMap":{},"branchMap":{},"s":{},"f":{},"b":{},"all":true},"/Volumes/Coding/forest-fire/vuex-plugin-firemodel/dist/esnext/types/auth.js":{"path":"/Volumes/Coding/forest-fire/vuex-plugin-firemodel/dist/esnext/types/auth.js","statementMap":{"0":{"start":{"line":2,"column":0},"end":{"line":21,"column":62}},"1":{"start":{"line":9,"column":4},"end":{"line":9,"column":47}},"2":{"start":{"line":15,"column":4},"end":{"line":15,"column":51}},"3":{"start":{"line":20,"column":4},"end":{"line":20,"column":45}}},"fnMap":{"0":{"name":"(anonymous_0)","decl":{"start":{"line":2,"column":1},"end":{"line":2,"column":2}},"loc":{"start":{"line":2,"column":36},"end":{"line":21,"column":1}},"line":2}},"branchMap":{"0":{"loc":{"start":{"line":21,"column":3},"end":{"line":21,"column":60}},"type":"binary-expr","locations":[{"start":{"line":21,"column":3},"end":{"line":21,"column":26}},{"start":{"line":21,"column":31},"end":{"line":21,"column":59}}],"line":21}},"s":{"0":0,"1":0,"2":0,"3":0},"f":{"0":0},"b":{"0":[0,0]},"all":true},"/Volumes/Coding/forest-fire/vuex-plugin-firemodel/dist/esnext/types/config.js":{"path":"/Volumes/Coding/forest-fire/vuex-plugin-firemodel/dist/esnext/types/config.js","statementMap":{},"fnMap":{},"branchMap":{},"s":{},"f":{},"b":{},"all":true},"/Volumes/Coding/forest-fire/vuex-plugin-firemodel/dist/esnext/types/firemodel.js":{"path":"/Volumes/Coding/forest-fire/vuex-plugin-firemodel/dist/esnext/types/firemodel.js","statementMap":{},"fnMap":{},"branchMap":{},"s":{},"f":{},"b":{},"all":true},"/Volumes/Coding/forest-fire/vuex-plugin-firemodel/dist/esnext/types/index.js":{"path":"/Volumes/Coding/forest-fire/vuex-plugin-firemodel/dist/esnext/types/index.js","statementMap":{},"fnMap":{},"branchMap":{},"s":{},"f":{},"b":{},"all":true},"/Volumes/Coding/forest-fire/vuex-plugin-firemodel/dist/esnext/types/mutations/FmConfigMutation.js":{"path":"/Volumes/Coding/forest-fire/vuex-plugin-firemodel/dist/esnext/types/mutations/FmConfigMutation.js","statementMap":{"0":{"start":{"line":2,"column":0},"end":{"line":55,"column":48}},"1":{"start":{"line":3,"column":4},"end":{"line":3,"column":55}},"2":{"start":{"line":4,"column":4},"end":{"line":4,"column":55}},"3":{"start":{"line":6,"column":4},"end":{"line":6,"column":48}},"4":{"start":{"line":8,"column":4},"end":{"line":8,"column":50}},"5":{"start":{"line":10,"column":4},"end":{"line":10,"column":48}},"6":{"start":{"line":12,"column":4},"end":{"line":12,"column":54}},"7":{"start":{"line":14,"column":4},"end":{"line":14,"column":61}},"8":{"start":{"line":16,"column":4},"end":{"line":16,"column":45}},"9":{"start":{"line":18,"column":4},"end":{"line":18,"column":53}},"10":{"start":{"line":20,"column":4},"end":{"line":20,"column":60}},"11":{"start":{"line":22,"column":4},"end":{"line":22,"column":56}},"12":{"start":{"line":24,"column":4},"end":{"line":24,"column":55}},"13":{"start":{"line":26,"column":4},"end":{"line":26,"column":57}},"14":{"start":{"line":28,"column":4},"end":{"line":28,"column":58}},"15":{"start":{"line":30,"column":4},"end":{"line":30,"column":78}},"16":{"start":{"line":32,"column":4},"end":{"line":32,"column":70}},"17":{"start":{"line":35,"column":4},"end":{"line":35,"column":61}},"18":{"start":{"line":37,"column":4},"end":{"line":37,"column":59}},"19":{"start":{"line":39,"column":4},"end":{"line":39,"column":57}},"20":{"start":{"line":41,"column":4},"end":{"line":41,"column":59}},"21":{"start":{"line":43,"column":4},"end":{"line":43,"column":66}},"22":{"start":{"line":49,"column":4},"end":{"line":49,"column":55}},"23":{"start":{"line":54,"column":4},"end":{"line":54,"column":59}}},"fnMap":{"0":{"name":"(anonymous_0)","decl":{"start":{"line":2,"column":1},"end":{"line":2,"column":2}},"loc":{"start":{"line":2,"column":29},"end":{"line":55,"column":1}},"line":2}},"branchMap":{"0":{"loc":{"start":{"line":55,"column":3},"end":{"line":55,"column":46}},"type":"binary-expr","locations":[{"start":{"line":55,"column":3},"end":{"line":55,"column":19}},{"start":{"line":55,"column":24},"end":{"line":55,"column":45}}],"line":55}},"s":{"0":0,"1":0,"2":0,"3":0,"4":0,"5":0,"6":0,"7":0,"8":0,"9":0,"10":0,"11":0,"12":0,"13":0,"14":0,"15":0,"16":0,"17":0,"18":0,"19":0,"20":0,"21":0,"22":0,"23":0},"f":{"0":0},"b":{"0":[0,0]},"all":true},"/Volumes/Coding/forest-fire/vuex-plugin-firemodel/dist/esnext/types/mutations/FmCrudMutation.js":{"path":"/Volumes/Coding/forest-fire/vuex-plugin-firemodel/dist/esnext/types/mutations/FmCrudMutation.js","statementMap":{"0":{"start":{"line":2,"column":0},"end":{"line":39,"column":44}},"1":{"start":{"line":4,"column":4},"end":{"line":4,"column":57}},"2":{"start":{"line":5,"column":4},"end":{"line":5,"column":53}},"3":{"start":{"line":6,"column":4},"end":{"line":6,"column":57}},"4":{"start":{"line":7,"column":4},"end":{"line":7,"column":78}},"5":{"start":{"line":8,"column":4},"end":{"line":8,"column":82}},"6":{"start":{"line":9,"column":4},"end":{"line":9,"column":74}},"7":{"start":{"line":10,"column":4},"end":{"line":10,"column":86}},"8":{"start":{"line":11,"column":4},"end":{"line":11,"column":92}},"9":{"start":{"line":12,"column":4},"end":{"line":12,"column":84}},"10":{"start":{"line":13,"column":4},"end":{"line":13,"column":78}},"11":{"start":{"line":14,"column":4},"end":{"line":14,"column":84}},"12":{"start":{"line":15,"column":4},"end":{"line":15,"column":76}},"13":{"start":{"line":17,"column":4},"end":{"line":17,"column":60}},"14":{"start":{"line":18,"column":4},"end":{"line":18,"column":66}},"15":{"start":{"line":19,"column":4},"end":{"line":19,"column":66}},"16":{"start":{"line":21,"column":4},"end":{"line":21,"column":57}},"17":{"start":{"line":22,"column":4},"end":{"line":22,"column":63}},"18":{"start":{"line":23,"column":4},"end":{"line":23,"column":63}},"19":{"start":{"line":25,"column":4},"end":{"line":25,"column":47}},"20":{"start":{"line":26,"column":4},"end":{"line":26,"column":53}},"21":{"start":{"line":27,"column":4},"end":{"line":27,"column":53}},"22":{"start":{"line":33,"column":4},"end":{"line":33,"column":60}},"23":{"start":{"line":38,"column":4},"end":{"line":38,"column":38}}},"fnMap":{"0":{"name":"(anonymous_0)","decl":{"start":{"line":2,"column":1},"end":{"line":2,"column":2}},"loc":{"start":{"line":2,"column":27},"end":{"line":39,"column":1}},"line":2}},"branchMap":{"0":{"loc":{"start":{"line":39,"column":3},"end":{"line":39,"column":42}},"type":"binary-expr","locations":[{"start":{"line":39,"column":3},"end":{"line":39,"column":17}},{"start":{"line":39,"column":22},"end":{"line":39,"column":41}}],"line":39}},"s":{"0":0,"1":0,"2":0,"3":0,"4":0,"5":0,"6":0,"7":0,"8":0,"9":0,"10":0,"11":0,"12":0,"13":0,"14":0,"15":0,"16":0,"17":0,"18":0,"19":0,"20":0,"21":0,"22":0,"23":0},"f":{"0":0},"b":{"0":[0,0]},"all":true},"/Volumes/Coding/forest-fire/vuex-plugin-firemodel/do.config.js":{"path":"/Volumes/Coding/forest-fire/vuex-plugin-firemodel/do.config.js","statementMap":{"0":{"start":{"line":1,"column":15},"end":{"line":22,"column":1}},"1":{"start":{"line":23,"column":0},"end":{"line":23,"column":24}}},"fnMap":{},"branchMap":{},"s":{"0":0,"1":0},"f":{},"b":{},"all":true},"/Volumes/Coding/forest-fire/vuex-plugin-firemodel/docs/.vuepress/config.js":{"path":"/Volumes/Coding/forest-fire/vuex-plugin-firemodel/docs/.vuepress/config.js","statementMap":{"0":{"start":{"line":1,"column":0},"end":{"line":213,"column":2}},"1":{"start":{"line":31,"column":29},"end":{"line":31,"column":96}}},"fnMap":{"0":{"name":"(anonymous_0)","decl":{"start":{"line":31,"column":16},"end":{"line":31,"column":17}},"loc":{"start":{"line":31,"column":29},"end":{"line":31,"column":96}},"line":31}},"branchMap":{},"s":{"0":0,"1":0},"f":{"0":0},"b":{},"all":true},"/Volumes/Coding/forest-fire/vuex-plugin-firemodel/src/abc/api/api-parts/watch.ts":{"path":"/Volumes/Coding/forest-fire/vuex-plugin-firemodel/src/abc/api/api-parts/watch.ts","statementMap":{},"fnMap":{},"branchMap":{},"s":{},"f":{},"b":{},"all":true},"/Volumes/Coding/forest-fire/vuex-plugin-firemodel/src/abc/api/index.ts":{"path":"/Volumes/Coding/forest-fire/vuex-plugin-firemodel/src/abc/api/index.ts","statementMap":{},"fnMap":{},"branchMap":{},"s":{},"f":{},"b":{},"all":true},"/Volumes/Coding/forest-fire/vuex-plugin-firemodel/src/abc/api/queryHelpers/index.ts":{"path":"/Volumes/Coding/forest-fire/vuex-plugin-firemodel/src/abc/api/queryHelpers/index.ts","statementMap":{},"fnMap":{},"branchMap":{},"s":{},"f":{},"b":{},"all":true},"/Volumes/Coding/forest-fire/vuex-plugin-firemodel/src/abc/api/shared/index.ts":{"path":"/Volumes/Coding/forest-fire/vuex-plugin-firemodel/src/abc/api/shared/index.ts","statementMap":{},"fnMap":{},"branchMap":{},"s":{},"f":{},"b":{},"all":true},"/Volumes/Coding/forest-fire/vuex-plugin-firemodel/src/abc/configuration/loadRecords.ts":{"path":"/Volumes/Coding/forest-fire/vuex-plugin-firemodel/src/abc/configuration/loadRecords.ts","statementMap":{},"fnMap":{},"branchMap":{},"s":{},"f":{},"b":{},"all":true},"/Volumes/Coding/forest-fire/vuex-plugin-firemodel/src/abc/index.ts":{"path":"/Volumes/Coding/forest-fire/vuex-plugin-firemodel/src/abc/index.ts","statementMap":{},"fnMap":{},"branchMap":{},"s":{},"f":{},"b":{},"all":true},"/Volumes/Coding/forest-fire/vuex-plugin-firemodel/src/auth/api/index.ts":{"path":"/Volumes/Coding/forest-fire/vuex-plugin-firemodel/src/auth/api/index.ts","statementMap":{},"fnMap":{},"branchMap":{},"s":{},"f":{},"b":{},"all":true},"/Volumes/Coding/forest-fire/vuex-plugin-firemodel/src/errors/index.ts":{"path":"/Volumes/Coding/forest-fire/vuex-plugin-firemodel/src/errors/index.ts","statementMap":{},"fnMap":{},"branchMap":{},"s":{},"f":{},"b":{},"all":true},"/Volumes/Coding/forest-fire/vuex-plugin-firemodel/src/shared/index.ts":{"path":"/Volumes/Coding/forest-fire/vuex-plugin-firemodel/src/shared/index.ts","statementMap":{},"fnMap":{},"branchMap":{},"s":{},"f":{},"b":{},"all":true},"/Volumes/Coding/forest-fire/vuex-plugin-firemodel/src/types/index.ts":{"path":"/Volumes/Coding/forest-fire/vuex-plugin-firemodel/src/types/index.ts","statementMap":{},"fnMap":{},"branchMap":{},"s":{},"f":{},"b":{},"all":true},"/Volumes/Coding/forest-fire/vuex-plugin-firemodel/wallaby.js":{"path":"/Volumes/Coding/forest-fire/vuex-plugin-firemodel/wallaby.js","statementMap":{"0":{"start":{"line":1,"column":0},"end":{"line":54,"column":2}},"1":{"start":{"line":2,"column":2},"end":{"line":53,"column":4}},"2":{"start":{"line":29,"column":6},"end":{"line":31,"column":7}},"3":{"start":{"line":30,"column":8},"end":{"line":30,"column":39}}},"fnMap":{"0":{"name":"(anonymous_0)","decl":{"start":{"line":1,"column":17},"end":{"line":1,"column":18}},"loc":{"start":{"line":1,"column":29},"end":{"line":54,"column":1}},"line":1},"1":{"name":"(anonymous_1)","decl":{"start":{"line":28,"column":4},"end":{"line":28,"column":5}},"loc":{"start":{"line":28,"column":12},"end":{"line":49,"column":5}},"line":28}},"branchMap":{"0":{"loc":{"start":{"line":29,"column":6},"end":{"line":31,"column":7}},"type":"if","locations":[{"start":{"line":29,"column":6},"end":{"line":31,"column":7}},{"start":{"line":29,"column":6},"end":{"line":31,"column":7}}],"line":29}},"s":{"0":0,"1":0,"2":0,"3":0},"f":{"0":0,"1":0},"b":{"0":[0,0]},"all":true}}