{"/Volumes/Coding/forest-fire/vuex-plugin-firemodel/src/index.ts":{"path":"/Volumes/Coding/forest-fire/vuex-plugin-firemodel/src/index.ts","statementMap":{"0":{"start":{"line":3,"column":4},"end":{"line":3,"column":71}},"1":{"start":{"line":3,"column":21},"end":{"line":3,"column":71}},"2":{"start":{"line":3,"column":53},"end":{"line":3,"column":71}},"3":{"start":{"line":5,"column":22},"end":{"line":7,"column":1}},"4":{"start":{"line":6,"column":4},"end":{"line":6,"column":62}},"5":{"start":{"line":8,"column":0},"end":{"line":8,"column":62}},"6":{"start":{"line":9,"column":16},"end":{"line":9,"column":34}},"7":{"start":{"line":10,"column":26},"end":{"line":10,"column":68}},"8":{"start":{"line":11,"column":31},"end":{"line":11,"column":71}},"9":{"start":{"line":12,"column":23},"end":{"line":12,"column":55}},"10":{"start":{"line":13,"column":23},"end":{"line":13,"column":48}},"11":{"start":{"line":14,"column":20},"end":{"line":14,"column":40}},"12":{"start":{"line":15,"column":20},"end":{"line":15,"column":57}},"13":{"start":{"line":16,"column":0},"end":{"line":16,"column":29}},"14":{"start":{"line":17,"column":0},"end":{"line":17,"column":48}},"15":{"start":{"line":18,"column":0},"end":{"line":18,"column":31}},"16":{"start":{"line":19,"column":14},"end":{"line":19,"column":32}},"17":{"start":{"line":20,"column":0},"end":{"line":20,"column":36}},"18":{"start":{"line":21,"column":0},"end":{"line":21,"column":32}},"19":{"start":{"line":22,"column":0},"end":{"line":22,"column":33}},"20":{"start":{"line":24,"column":0},"end":{"line":26,"column":2}},"21":{"start":{"line":25,"column":4},"end":{"line":25,"column":19}},"22":{"start":{"line":28,"column":4},"end":{"line":28,"column":18}},"23":{"start":{"line":30,"column":0},"end":{"line":30,"column":28}},"24":{"start":{"line":34,"column":4},"end":{"line":37,"column":5}},"25":{"start":{"line":35,"column":19},"end":{"line":35,"column":43}},"26":{"start":{"line":36,"column":8},"end":{"line":36,"column":33}},"27":{"start":{"line":38,"column":4},"end":{"line":38,"column":17}},"28":{"start":{"line":40,"column":0},"end":{"line":40,"column":26}},"29":{"start":{"line":42,"column":4},"end":{"line":42,"column":17}},"30":{"start":{"line":44,"column":0},"end":{"line":44,"column":26}},"31":{"start":{"line":45,"column":24},"end":{"line":59,"column":1}},"32":{"start":{"line":46,"column":4},"end":{"line":46,"column":35}},"33":{"start":{"line":47,"column":4},"end":{"line":58,"column":6}},"34":{"start":{"line":48,"column":8},"end":{"line":48,"column":64}},"35":{"start":{"line":49,"column":8},"end":{"line":49,"column":32}},"36":{"start":{"line":50,"column":8},"end":{"line":50,"column":56}},"37":{"start":{"line":51,"column":8},"end":{"line":55,"column":11}},"38":{"start":{"line":52,"column":12},"end":{"line":54,"column":13}},"39":{"start":{"line":53,"column":16},"end":{"line":53,"column":149}},"40":{"start":{"line":56,"column":8},"end":{"line":56,"column":70}},"41":{"start":{"line":57,"column":8},"end":{"line":57,"column":133}},"42":{"start":{"line":57,"column":55},"end":{"line":57,"column":131}},"43":{"start":{"line":60,"column":0},"end":{"line":60,"column":34}},"44":{"start":{"line":62,"column":4},"end":{"line":65,"column":5}},"45":{"start":{"line":63,"column":8},"end":{"line":63,"column":138}},"46":{"start":{"line":64,"column":8},"end":{"line":64,"column":15}},"47":{"start":{"line":66,"column":21},"end":{"line":74,"column":5}},"48":{"start":{"line":75,"column":4},"end":{"line":85,"column":5}},"49":{"start":{"line":76,"column":30},"end":{"line":76,"column":31}},"50":{"start":{"line":77,"column":8},"end":{"line":84,"column":9}},"51":{"start":{"line":78,"column":23},"end":{"line":78,"column":35}},"52":{"start":{"line":79,"column":12},"end":{"line":83,"column":15}}},"fnMap":{"0":{"name":"__export","decl":{"start":{"line":2,"column":9},"end":{"line":2,"column":17}},"loc":{"start":{"line":2,"column":21},"end":{"line":4,"column":1}},"line":2},"1":{"name":"(anonymous_1)","decl":{"start":{"line":5,"column":56},"end":{"line":5,"column":57}},"loc":{"start":{"line":5,"column":71},"end":{"line":7,"column":1}},"line":5},"2":{"name":"(anonymous_2)","decl":{"start":{"line":24,"column":19},"end":{"line":24,"column":20}},"loc":{"start":{"line":24,"column":30},"end":{"line":26,"column":1}},"line":24},"3":{"name":"getStore","decl":{"start":{"line":27,"column":9},"end":{"line":27,"column":17}},"loc":{"start":{"line":27,"column":20},"end":{"line":29,"column":1}},"line":27},"4":{"name":"getAuth","decl":{"start":{"line":33,"column":15},"end":{"line":33,"column":22}},"loc":{"start":{"line":33,"column":25},"end":{"line":39,"column":1}},"line":33},"5":{"name":"setAuth","decl":{"start":{"line":41,"column":9},"end":{"line":41,"column":16}},"loc":{"start":{"line":41,"column":23},"end":{"line":43,"column":1}},"line":41},"6":{"name":"(anonymous_6)","decl":{"start":{"line":45,"column":24},"end":{"line":45,"column":25}},"loc":{"start":{"line":45,"column":36},"end":{"line":59,"column":1}},"line":45},"7":{"name":"(anonymous_7)","decl":{"start":{"line":47,"column":11},"end":{"line":47,"column":12}},"loc":{"start":{"line":47,"column":22},"end":{"line":58,"column":5}},"line":47},"8":{"name":"(anonymous_8)","decl":{"start":{"line":51,"column":24},"end":{"line":51,"column":25}},"loc":{"start":{"line":51,"column":45},"end":{"line":55,"column":9}},"line":51},"9":{"name":"(anonymous_9)","decl":{"start":{"line":57,"column":49},"end":{"line":57,"column":50}},"loc":{"start":{"line":57,"column":55},"end":{"line":57,"column":131}},"line":57},"10":{"name":"queueLifecycleEvents","decl":{"start":{"line":61,"column":15},"end":{"line":61,"column":35}},"loc":{"start":{"line":61,"column":51},"end":{"line":86,"column":1}},"line":61}},"branchMap":{"0":{"loc":{"start":{"line":3,"column":21},"end":{"line":3,"column":71}},"type":"if","locations":[{"start":{"line":3,"column":21},"end":{"line":3,"column":71}},{"start":{"line":3,"column":21},"end":{"line":3,"column":71}}],"line":3},"1":{"loc":{"start":{"line":5,"column":22},"end":{"line":7,"column":1}},"type":"binary-expr","locations":[{"start":{"line":5,"column":23},"end":{"line":5,"column":27}},{"start":{"line":5,"column":31},"end":{"line":5,"column":51}},{"start":{"line":5,"column":56},"end":{"line":7,"column":1}}],"line":5},"2":{"loc":{"start":{"line":6,"column":11},"end":{"line":6,"column":61}},"type":"cond-expr","locations":[{"start":{"line":6,"column":37},"end":{"line":6,"column":40}},{"start":{"line":6,"column":43},"end":{"line":6,"column":61}}],"line":6},"3":{"loc":{"start":{"line":6,"column":12},"end":{"line":6,"column":33}},"type":"binary-expr","locations":[{"start":{"line":6,"column":12},"end":{"line":6,"column":15}},{"start":{"line":6,"column":19},"end":{"line":6,"column":33}}],"line":6},"4":{"loc":{"start":{"line":34,"column":4},"end":{"line":37,"column":5}},"type":"if","locations":[{"start":{"line":34,"column":4},"end":{"line":37,"column":5}},{"start":{"line":34,"column":4},"end":{"line":37,"column":5}}],"line":34},"5":{"loc":{"start":{"line":52,"column":12},"end":{"line":54,"column":13}},"type":"if","locations":[{"start":{"line":52,"column":12},"end":{"line":54,"column":13}},{"start":{"line":52,"column":12},"end":{"line":54,"column":13}}],"line":52},"6":{"loc":{"start":{"line":62,"column":4},"end":{"line":65,"column":5}},"type":"if","locations":[{"start":{"line":62,"column":4},"end":{"line":65,"column":5}},{"start":{"line":62,"column":4},"end":{"line":65,"column":5}}],"line":62},"7":{"loc":{"start":{"line":77,"column":8},"end":{"line":84,"column":9}},"type":"if","locations":[{"start":{"line":77,"column":8},"end":{"line":84,"column":9}},{"start":{"line":77,"column":8},"end":{"line":84,"column":9}}],"line":77}},"s":{"0":5,"1":72,"2":72,"3":1,"4":1,"5":1,"6":1,"7":1,"8":1,"9":1,"10":1,"11":1,"12":1,"13":1,"14":1,"15":1,"16":1,"17":1,"18":1,"19":1,"20":1,"21":3,"22":0,"23":1,"24":0,"25":0,"26":0,"27":0,"28":1,"29":0,"30":1,"31":1,"32":3,"33":3,"34":3,"35":3,"36":3,"37":3,"38":30,"39":0,"40":3,"41":3,"42":3,"43":1,"44":3,"45":0,"46":0,"47":3,"48":3,"49":21,"50":21,"51":15,"52":15},"f":{"0":5,"1":1,"2":3,"3":0,"4":0,"5":0,"6":3,"7":3,"8":30,"9":3,"10":3},"b":{"0":[72,0],"1":[1,1,1],"2":[0,1],"3":[1,1],"4":[0,0],"5":[0,30],"6":[0,3],"7":[15,6]},"inputSourceMap":{"version":3,"file":"/Volumes/Coding/forest-fire/vuex-plugin-firemodel/src/index.ts","sources":["/Volumes/Coding/forest-fire/vuex-plugin-firemodel/src/index.ts"],"names":[],"mappings":";;;;;;;;AAOA,mCAAoD;AAGpD,qEAAiE;AACjE,wEAAqE;AACrE,wDAAqD;AACrD,iDAA8C;AAE9C,yCAAsC;AAEtC,0DAA6B;AAE7B,6BAAwB;AACxB,gDAA2C;AAC3C,+BAA0B;AAC1B,iCAAmC;AAA1B,2BAAA,QAAQ,CAAA;AACjB,gCAA2B;AAC3B,iCAA2B;AAK3B,IAAI,MAAkB,CAAC;AACV,QAAA,QAAQ,GAAG,CAAI,KAAe,EAAE,EAAE;IAC7C,MAAM,GAAG,KAAK,CAAC;AACjB,CAAC,CAAC;AACF,SAAgB,QAAQ;IACtB,OAAO,MAAkB,CAAC;AAC5B,CAAC;AAFD,4BAEC;AAED,IAAI,GAAO,CAAC;AACZ,IAAI,KAAmB,CAAC;AAEjB,KAAK,UAAU,OAAO;IAC3B,IAAI,CAAC,KAAK,EAAE;QACV,MAAM,EAAE,GAAG,MAAM,gBAAQ,EAAE,CAAC;QAC5B,OAAO,CAAC,MAAM,EAAE,CAAC,IAAI,EAAE,CAAC,CAAC;KAC1B;IAED,OAAO,KAAK,CAAC;AACf,CAAC;AAPD,0BAOC;AAED,SAAgB,OAAO,CAAC,IAAkB;IACxC,KAAK,GAAG,IAAI,CAAC;AACf,CAAC;AAFD,0BAEC;AAMD,MAAM,eAAe,GAAG,CAAI,MAAiD,EAAE,EAAE;IAC/E,qBAAa,GAAG,MAAM,CAAC;IAEvB,OAAO,CAAC,KAAwB,EAAE,EAAE;QAClC,oBAAY,GAAG,mBAAI,CAAC,KAAK,CAAC,KAAK,CAAC,CAAC;QACjC,gBAAQ,CAAC,KAAK,CAAC,CAAC;QAChB,qBAAS,CAAC,QAAQ,GAAG,KAAK,CAAC,QAAQ,CAAC;QAEpC,KAAK,CAAC,SAAS,CAAC,CAAC,QAAQ,EAAE,KAAK,EAAE,EAAE;YAClC,IAAI,QAAQ,CAAC,IAAI,KAAK,qBAAqB,EAAE;gBAC3C,KAAK,CAAC,QAAQ,CAAC,2BAAY,CAAC,gCAAc,CAAC,iBAAiB,CAAC,oBACxD,QAAQ,CAAC,OAAO,EACnB,CAAC;aACJ;QACH,CAAC,CAAC,CAAC;QAEH,KAAK,CAAC,cAAc,CAAC,YAAY,EAAE,uBAAe,EAAc,CAAC,CAAC;QAElE,oBAAoB,CAAa,KAAK,EAAE,MAAM,CAAC,CAAC,IAAI,CAAC,GAAG,EAAE,CACxD,2BAAY,CAAC,KAAK,gBAAO,EAAE,OAAO,EAAE,IAAI,EAAE,EAAK,MAAM,EAAG,CACzD,CAAC;IACJ,CAAC,CAAC;AACJ,CAAC,CAAC;AAEF,kBAAe,eAAe,CAAC;AAE/B,KAAK,UAAU,oBAAoB,CACjC,KAAe,EACf,MAAkC;IAElC,IAAI,CAAC,MAAM,EAAE;QACX,MAAM,IAAI,2CAAoB,CAC5B,2DAA2D,EAC3D,aAAa,CACd,CAAC;QACF,OAAO;KACR;IACD,MAAM,QAAQ,GAAG;QACf,CAAC,WAAW,EAAE,WAAW,CAAC;QAC1B,CAAC,QAAQ,EAAE,YAAY,CAAC;QACxB,CAAC,SAAS,EAAE,WAAW,CAAC;QACxB,CAAC,UAAU,EAAE,YAAY,CAAC;QAC1B,CAAC,cAAc,EAAE,cAAc,CAAC;QAChC,CAAC,eAAe,EAAE,eAAe,CAAC;QAClC,CAAC,gBAAgB,EAAE,eAAe,CAAC;KACpC,CAAC;IAEF,KAAK,MAAM,CAAC,IAAI,QAAQ,EAAE;QACxB,MAAM,CAAC,IAAI,EAAE,KAAK,CAAC,GAAG,CAAC,CAAC;QACxB,IAAI,MAAM,CAAC,IAAuC,CAAC,EAAE;YACnD,MAAM,EAAE,GAAe,MAAM,CAC3B,IAAuC,CACjC,CAAC;YACT,MAAM,KAAK,CAAC,MAAM,CAAC,2BAAY,oCAA4B,EAAE;gBAC3D,EAAE,EAAE,KAAK;gBACT,IAAI,EAAE,mBAAmB,KAAK,EAAE;gBAChC,EAAE;aACmB,CAAC,CAAC;SAC1B;KACF;AACH,CAAC","sourcesContent":["import {\n  IFiremodelConfig as IFiremodelPluginConfig,\n  IFiremodelState,\n  IFmQueuedAction,\n  FmCallback\n} from \"./types\";\nimport { Store } from \"vuex\";\nimport { FiremodelModule, database } from \"./store\";\nimport { DB, IFirebaseClientConfig } from \"abstracted-client\";\nimport { FmConfigMutation } from \"./types/mutations/FmConfigMutation\";\nimport { FmConfigAction } from \"./types/actions/FmConfigActions\";\nimport { FireModelPluginError } from \"./errors/FiremodelPluginError\";\nimport { addNamespace } from \"./shared/addNamespace\";\nimport { coreServices } from \"./coreServices\";\nimport { FirebaseAuth } from \"@firebase/auth-types\";\nimport { FireModel } from \"firemodel\";\nimport { IDictionary } from \"firemock\";\nimport copy from \"fast-copy\";\n\nexport * from \"./types\";\nexport * from \"./firemodelMutations/index\";\nexport * from \"firemodel\";\nexport { database } from \"./store\";\nexport * from \"./auth/api\";\nexport * from \"./abc/index\"\n\nexport let configuration: IFiremodelPluginConfig<any>;\nexport let dbConfig: IFirebaseClientConfig;\nexport let firemodelVuex: Store<any>;\nlet _store: Store<any>;\nexport const setStore = <T>(store: Store<T>) => {\n  _store = store;\n};\nexport function getStore<T = any>() {\n  return _store as Store<T>;\n}\n\nlet _db: DB;\nlet _auth: FirebaseAuth;\n\nexport async function getAuth() {\n  if (!_auth) {\n    const db = await database();\n    setAuth(await db.auth());\n  }\n\n  return _auth;\n}\n\nexport function setAuth(auth: FirebaseAuth) {\n  _auth = auth;\n}\n\nexport let initialState: IDictionary;\n\nexport type IFiremodel<T> = { \"@firemodel\": IFiremodelState<T> };\n\nconst FiremodelPlugin = <T>(config: IFiremodelPluginConfig<T & IFiremodel<T>>) => {\n  configuration = config;\n  type IRootState = T & { \"@firemodel\": IFiremodelState<T> };\n  return (store: Store<IRootState>) => {\n    initialState = copy(store.state);\n    setStore(store);\n    FireModel.dispatch = store.dispatch;\n\n    store.subscribe((mutation, state) => {\n      if (mutation.type === \"route/ROUTE_CHANGED\") {\n        store.dispatch(addNamespace(FmConfigAction.watchRouteChanges), {\n          ...mutation.payload\n        });\n      }\n    });\n\n    store.registerModule(\"@firemodel\", FiremodelModule<IRootState>());\n\n    queueLifecycleEvents<IRootState>(store, config).then(() =>\n      coreServices(store, { ...{ connect: true }, ...config })\n    );\n  };\n};\n\nexport default FiremodelPlugin;\n\nasync function queueLifecycleEvents<T>(\n  store: Store<T>,\n  config?: IFiremodelPluginConfig<T>\n) {\n  if (!config) {\n    throw new FireModelPluginError(\n      `There was no configuration sent into the FiremodelPlugin!`,\n      \"not-allowed\"\n    );\n    return;\n  }\n  const iterable = [\n    [\"onConnect\", \"connected\"],\n    [\"onAuth\", \"auth-event\"],\n    [\"onLogin\", \"logged-in\"],\n    [\"onLogout\", \"logged-out\"],\n    [\"onDisconnect\", \"disconnected\"],\n    [\"onRouteChange\", \"route-changed\"],\n    [\"onUserUpgraded\", \"user-upgraded\"]\n  ];\n\n  for (const i of iterable) {\n    const [name, event] = i;\n    if (config[name as keyof IFiremodelPluginConfig<T>]) {\n      const cb: FmCallback = config[\n        name as keyof IFiremodelPluginConfig<T>\n      ] as any;\n      await store.commit(addNamespace(FmConfigMutation.queueHook), {\n        on: event,\n        name: `lifecycle-event-${event}`,\n        cb\n      } as IFmQueuedAction<T>);\n    }\n  }\n}\n"]},"_coverageSchema":"1a1c01bbd47fc00a2c39e90264f33305004495a9","hash":"338929974082e3404f4743f8e13a4682a7263d66","contentHash":"6391311e43c8d0e505ea129f8d48715480e1dc3d540b0f5362eb95290c8da7ee"},"/Volumes/Coding/forest-fire/vuex-plugin-firemodel/src/store/index.ts":{"path":"/Volumes/Coding/forest-fire/vuex-plugin-firemodel/src/store/index.ts","statementMap":{"0":{"start":{"line":2,"column":0},"end":{"line":2,"column":62}},"1":{"start":{"line":3,"column":16},"end":{"line":3,"column":34}},"2":{"start":{"line":4,"column":16},"end":{"line":4,"column":44}},"3":{"start":{"line":5,"column":18},"end":{"line":5,"column":38}},"4":{"start":{"line":7,"column":4},"end":{"line":7,"column":18}},"5":{"start":{"line":9,"column":0},"end":{"line":9,"column":42}},"6":{"start":{"line":10,"column":17},"end":{"line":10,"column":46}},"7":{"start":{"line":11,"column":0},"end":{"line":11,"column":39}},"8":{"start":{"line":12,"column":22},"end":{"line":12,"column":89}},"9":{"start":{"line":12,"column":65},"end":{"line":12,"column":88}},"10":{"start":{"line":16,"column":0},"end":{"line":21,"column":3}},"11":{"start":{"line":16,"column":33},"end":{"line":21,"column":1}}},"fnMap":{"0":{"name":"generateLocalId","decl":{"start":{"line":6,"column":9},"end":{"line":6,"column":24}},"loc":{"start":{"line":6,"column":47},"end":{"line":8,"column":1}},"line":6},"1":{"name":"(anonymous_1)","decl":{"start":{"line":12,"column":60},"end":{"line":12,"column":61}},"loc":{"start":{"line":12,"column":65},"end":{"line":12,"column":88}},"line":12},"2":{"name":"(anonymous_2)","decl":{"start":{"line":16,"column":26},"end":{"line":16,"column":27}},"loc":{"start":{"line":16,"column":33},"end":{"line":21,"column":1}},"line":16}},"branchMap":{},"s":{"0":1,"1":1,"2":1,"3":1,"4":0,"5":1,"6":1,"7":1,"8":1,"9":0,"10":1,"11":3},"f":{"0":0,"1":0,"2":3},"b":{},"inputSourceMap":{"version":3,"file":"/Volumes/Coding/forest-fire/vuex-plugin-firemodel/src/store/index.ts","sources":["/Volumes/Coding/forest-fire/vuex-plugin-firemodel/src/store/index.ts"],"names":[],"mappings":";;AAGA,mCAAgC;AAChC,6CAA8C;AAC9C,uCAAoC;AAEpC,SAAgB,eAAe,CAC7B,YAA8B,EAC9B,MAAuB;IAEvB,OAAO,MAAM,CAAC;AAChB,CAAC;AALD,0CAKC;AAED,+CAA8C;AAArC,8BAAA,QAAQ,CAAA;AAEjB,MAAM,aAAa,GAAG,MAAM,CAAC,IAAI,CAAC,iBAAS,CAAC,CAAC,MAAM,CACjD,CAAC,CAAC,EAAE,CAAC,OAAO,CAAC,KAAK,UAAU,CAC7B,CAAC;AAKF;;GAEG;AACU,QAAA,eAAe,GAAqB,GAAM,EAAE,CAAC,CAAC;IACzD,KAAK,EAAE,aAAK,EAAK;IACjB,SAAS,EAAE,iBAAS,EAAK;IACzB,OAAO,EAAE,iBAAO,EAAK;IACrB,UAAU,EAAE,IAAI;CACjB,CAAC,CAAC","sourcesContent":["import { IFmEventActions, IFiremodelState } from \"../types\";\nimport { Module } from \"vuex\";\nimport { ICompositeKey, Model } from \"firemodel\";\nimport { state } from \"./state\";\nimport { mutations } from \"./mutations/index\";\nimport { actions } from \"./actions\";\n\nexport function generateLocalId<T = Model>(\n  compositeKey: ICompositeKey<T>,\n  action: IFmEventActions\n) {\n  return action;\n}\n\nexport { database } from \"../shared/database\";\n\nconst mutationTypes = Object.keys(mutations).filter(\n  i => typeof i !== \"function\"\n);\nexport type IFmConfigMutationTypes = keyof typeof mutationTypes;\n\ntype FunctionToModule = <T>() => Module<IFiremodelState<T>, T>;\n\n/**\n * The **Vuex** module that this plugin exports\n */\nexport const FiremodelModule: FunctionToModule = <T>() => ({\n  state: state<T>(),\n  mutations: mutations<T>(),\n  actions: actions<T>(),\n  namespaced: true\n});\n"]},"_coverageSchema":"1a1c01bbd47fc00a2c39e90264f33305004495a9","hash":"816d51ac5ec3c2d18e882c4c24b56e71ea48f355","contentHash":"f0e681eb4a1e90c2b8277ed6d95efbe050d3cd234ef0c4f1205a48ff6ce7e9ff"},"/Volumes/Coding/forest-fire/vuex-plugin-firemodel/src/store/state.ts":{"path":"/Volumes/Coding/forest-fire/vuex-plugin-firemodel/src/store/state.ts","statementMap":{"0":{"start":{"line":2,"column":0},"end":{"line":2,"column":62}},"1":{"start":{"line":6,"column":0},"end":{"line":13,"column":3}},"2":{"start":{"line":6,"column":23},"end":{"line":13,"column":1}}},"fnMap":{"0":{"name":"(anonymous_0)","decl":{"start":{"line":6,"column":16},"end":{"line":6,"column":17}},"loc":{"start":{"line":6,"column":23},"end":{"line":13,"column":1}},"line":6}},"branchMap":{},"s":{"0":1,"1":1,"2":3},"f":{"0":3},"b":{},"inputSourceMap":{"version":3,"file":"/Volumes/Coding/forest-fire/vuex-plugin-firemodel/src/store/state.ts","sources":["/Volumes/Coding/forest-fire/vuex-plugin-firemodel/src/store/state.ts"],"names":[],"mappings":";;AAEA;;GAEG;AACU,QAAA,KAAK,GAAgC,GAAM,EAAE,CAAC,CAAC;IAC1D,aAAa,EAAE,KAAK;IACpB,MAAM,EAAE,cAAc;IACtB,MAAM,EAAE,EAAE;IACV,QAAQ,EAAE,EAAE;IACZ,SAAS,EAAE,EAAE;IACb,KAAK,EAAE,EAAE;CACV,CAAC,CAAC","sourcesContent":["import { IFiremodelState } from \"../types\";\n\n/**\n * The default state for this plugin's **Vuex** state node\n */\nexport const state: <T>() => IFiremodelState<T> = <T>() => ({\n  authenticated: false,\n  status: \"unconfigured\",\n  queued: [],\n  watching: [],\n  localOnly: {},\n  muted: []\n});\n"]},"_coverageSchema":"1a1c01bbd47fc00a2c39e90264f33305004495a9","hash":"080f4cbe6fbb7a0428b7513383c2c72e933c7f0e","contentHash":"0e60d9cbb4d95a808da3064e2d3140777986b705f8dd6150e39105017861f19e"},"/Volumes/Coding/forest-fire/vuex-plugin-firemodel/src/store/mutations/index.ts":{"path":"/Volumes/Coding/forest-fire/vuex-plugin-firemodel/src/store/mutations/index.ts","statementMap":{"0":{"start":{"line":2,"column":0},"end":{"line":2,"column":62}},"1":{"start":{"line":3,"column":22},"end":{"line":3,"column":46}},"2":{"start":{"line":4,"column":24},"end":{"line":4,"column":50}},"3":{"start":{"line":5,"column":25},"end":{"line":5,"column":52}},"4":{"start":{"line":6,"column":15},"end":{"line":6,"column":32}},"5":{"start":{"line":7,"column":18},"end":{"line":7,"column":38}},"6":{"start":{"line":8,"column":20},"end":{"line":8,"column":42}},"7":{"start":{"line":9,"column":17},"end":{"line":9,"column":36}},"8":{"start":{"line":10,"column":24},"end":{"line":10,"column":50}},"9":{"start":{"line":16,"column":0},"end":{"line":16,"column":378}},"10":{"start":{"line":16,"column":27},"end":{"line":16,"column":376}}},"fnMap":{"0":{"name":"(anonymous_0)","decl":{"start":{"line":16,"column":20},"end":{"line":16,"column":21}},"loc":{"start":{"line":16,"column":27},"end":{"line":16,"column":376}},"line":16}},"branchMap":{},"s":{"0":1,"1":1,"2":1,"3":1,"4":1,"5":1,"6":1,"7":1,"8":1,"9":1,"10":3},"f":{"0":3},"b":{},"inputSourceMap":{"version":3,"file":"/Volumes/Coding/forest-fire/vuex-plugin-firemodel/src/store/mutations/index.ts","sources":["/Volumes/Coding/forest-fire/vuex-plugin-firemodel/src/store/mutations/index.ts"],"names":[],"mappings":";;AAAA,+CAA4C;AAC5C,mDAAgD;AAChD,qDAAkD;AAClD,iCAAuC;AACvC,uCAAoC;AACpC,2CAAwC;AACxC,qCAA0C;AAG1C,mDAAgD;AAEhD;;;;GAIG;AACU,QAAA,SAAS,GAAG,GAAM,EAAE,CAC/B,CAAC,oHACI,uBAAc,EAAK,GACnB,yBAAW,EAAK,GAChB,oBAAa,EAAK,GAClB,6BAAa,EAAK,GAClB,+BAAc,EAAK,GACnB,qBAAS,EAAK,GACd,6BAAa,EAAK,GAClB,iBAAO,EAAK,CACqB,CAAA,CAAC","sourcesContent":["import { localConfig } from \"./localConfig\";\nimport { serverConfirm } from \"./serverConfirm\";\nimport { serverRollback } from \"./serverRollback\";\nimport { authMutations } from \"./auth\";\nimport { watcher } from \"./watcher\";\nimport { localCrud } from \"./localCrud\";\nimport { errorMutations } from \"./errors\";\nimport { MutationTree } from \"vuex\";\nimport { IFiremodelState } from \"../../types\";\nimport { relationships } from \"./relationships\";\n\n/**\n * The **mutations** to the `@firemodel` state node; this state node will be off the\n * root of a state tree which is defined by the application but remains\n * unknown/generic to this plugin\n */\nexport const mutations = <T>() =>\n  ({\n    ...errorMutations<T>(),\n    ...localConfig<T>(),\n    ...authMutations<T>(),\n    ...serverConfirm<T>(),\n    ...serverRollback<T>(),\n    ...localCrud<T>(),\n    ...relationships<T>(),\n    ...watcher<T>()\n  } as MutationTree<IFiremodelState<T>>);\n\nexport type IFiremodelMutation = keyof typeof mutations;\n"]},"_coverageSchema":"1a1c01bbd47fc00a2c39e90264f33305004495a9","hash":"f22c423723c54f22de6e1a148e5873503ec240b6","contentHash":"8128c812aa48639223254db89d3e2955808a63a6e5bbd60d5d9cc551cd6a7b96"},"/Volumes/Coding/forest-fire/vuex-plugin-firemodel/src/store/mutations/localConfig.ts":{"path":"/Volumes/Coding/forest-fire/vuex-plugin-firemodel/src/store/mutations/localConfig.ts","statementMap":{"0":{"start":{"line":2,"column":22},"end":{"line":4,"column":1}},"1":{"start":{"line":3,"column":4},"end":{"line":3,"column":62}},"2":{"start":{"line":5,"column":0},"end":{"line":5,"column":62}},"3":{"start":{"line":6,"column":14},"end":{"line":6,"column":45}},"4":{"start":{"line":10,"column":0},"end":{"line":59,"column":3}},"5":{"start":{"line":10,"column":29},"end":{"line":59,"column":1}},"6":{"start":{"line":15,"column":8},"end":{"line":15,"column":30}},"7":{"start":{"line":18,"column":8},"end":{"line":18,"column":35}},"8":{"start":{"line":21,"column":8},"end":{"line":21,"column":36}},"9":{"start":{"line":24,"column":8},"end":{"line":24,"column":31}},"10":{"start":{"line":25,"column":8},"end":{"line":25,"column":108}},"11":{"start":{"line":28,"column":8},"end":{"line":30,"column":9}},"12":{"start":{"line":29,"column":12},"end":{"line":29,"column":51}},"13":{"start":{"line":31,"column":8},"end":{"line":31,"column":77}},"14":{"start":{"line":34,"column":8},"end":{"line":34,"column":47}},"15":{"start":{"line":37,"column":8},"end":{"line":37,"column":54}},"16":{"start":{"line":38,"column":8},"end":{"line":38,"column":112}},"17":{"start":{"line":41,"column":8},"end":{"line":41,"column":54}},"18":{"start":{"line":42,"column":8},"end":{"line":42,"column":57}},"19":{"start":{"line":51,"column":8},"end":{"line":51,"column":70}},"20":{"start":{"line":54,"column":8},"end":{"line":54,"column":70}},"21":{"start":{"line":61,"column":4},"end":{"line":61,"column":42}}},"fnMap":{"0":{"name":"(anonymous_0)","decl":{"start":{"line":2,"column":56},"end":{"line":2,"column":57}},"loc":{"start":{"line":2,"column":71},"end":{"line":4,"column":1}},"line":2},"1":{"name":"(anonymous_1)","decl":{"start":{"line":10,"column":22},"end":{"line":10,"column":23}},"loc":{"start":{"line":10,"column":29},"end":{"line":59,"column":1}},"line":10},"2":{"name":"(anonymous_2)","decl":{"start":{"line":11,"column":57},"end":{"line":11,"column":58}},"loc":{"start":{"line":11,"column":66},"end":{"line":13,"column":5}},"line":11},"3":{"name":"(anonymous_3)","decl":{"start":{"line":14,"column":35},"end":{"line":14,"column":36}},"loc":{"start":{"line":14,"column":54},"end":{"line":16,"column":5}},"line":14},"4":{"name":"(anonymous_4)","decl":{"start":{"line":17,"column":4},"end":{"line":17,"column":5}},"loc":{"start":{"line":17,"column":41},"end":{"line":19,"column":5}},"line":17},"5":{"name":"(anonymous_5)","decl":{"start":{"line":20,"column":4},"end":{"line":20,"column":5}},"loc":{"start":{"line":20,"column":43},"end":{"line":22,"column":5}},"line":20},"6":{"name":"(anonymous_6)","decl":{"start":{"line":23,"column":4},"end":{"line":23,"column":5}},"loc":{"start":{"line":23,"column":59},"end":{"line":26,"column":5}},"line":23},"7":{"name":"(anonymous_7)","decl":{"start":{"line":27,"column":4},"end":{"line":27,"column":5}},"loc":{"start":{"line":27,"column":43},"end":{"line":32,"column":5}},"line":27},"8":{"name":"(anonymous_8)","decl":{"start":{"line":33,"column":4},"end":{"line":33,"column":5}},"loc":{"start":{"line":33,"column":46},"end":{"line":35,"column":5}},"line":33},"9":{"name":"(anonymous_9)","decl":{"start":{"line":36,"column":4},"end":{"line":36,"column":5}},"loc":{"start":{"line":36,"column":55},"end":{"line":39,"column":5}},"line":36},"10":{"name":"(anonymous_10)","decl":{"start":{"line":40,"column":4},"end":{"line":40,"column":5}},"loc":{"start":{"line":40,"column":57},"end":{"line":43,"column":5}},"line":40},"11":{"name":"(anonymous_11)","decl":{"start":{"line":44,"column":4},"end":{"line":44,"column":5}},"loc":{"start":{"line":44,"column":57},"end":{"line":46,"column":5}},"line":44},"12":{"name":"(anonymous_12)","decl":{"start":{"line":47,"column":4},"end":{"line":47,"column":5}},"loc":{"start":{"line":47,"column":59},"end":{"line":49,"column":5}},"line":47},"13":{"name":"(anonymous_13)","decl":{"start":{"line":50,"column":4},"end":{"line":50,"column":5}},"loc":{"start":{"line":50,"column":54},"end":{"line":52,"column":5}},"line":50},"14":{"name":"(anonymous_14)","decl":{"start":{"line":53,"column":4},"end":{"line":53,"column":5}},"loc":{"start":{"line":53,"column":54},"end":{"line":55,"column":5}},"line":53},"15":{"name":"(anonymous_15)","decl":{"start":{"line":56,"column":4},"end":{"line":56,"column":5}},"loc":{"start":{"line":56,"column":78},"end":{"line":58,"column":5}},"line":56},"16":{"name":"isUserCredential","decl":{"start":{"line":60,"column":9},"end":{"line":60,"column":25}},"loc":{"start":{"line":60,"column":32},"end":{"line":62,"column":1}},"line":60}},"branchMap":{"0":{"loc":{"start":{"line":2,"column":22},"end":{"line":4,"column":1}},"type":"binary-expr","locations":[{"start":{"line":2,"column":23},"end":{"line":2,"column":27}},{"start":{"line":2,"column":31},"end":{"line":2,"column":51}},{"start":{"line":2,"column":56},"end":{"line":4,"column":1}}],"line":2},"1":{"loc":{"start":{"line":3,"column":11},"end":{"line":3,"column":61}},"type":"cond-expr","locations":[{"start":{"line":3,"column":37},"end":{"line":3,"column":40}},{"start":{"line":3,"column":43},"end":{"line":3,"column":61}}],"line":3},"2":{"loc":{"start":{"line":3,"column":12},"end":{"line":3,"column":33}},"type":"binary-expr","locations":[{"start":{"line":3,"column":12},"end":{"line":3,"column":15}},{"start":{"line":3,"column":19},"end":{"line":3,"column":33}}],"line":3},"3":{"loc":{"start":{"line":25,"column":43},"end":{"line":25,"column":106}},"type":"cond-expr","locations":[{"start":{"line":25,"column":58},"end":{"line":25,"column":90}},{"start":{"line":25,"column":93},"end":{"line":25,"column":106}}],"line":25},"4":{"loc":{"start":{"line":28,"column":8},"end":{"line":30,"column":9}},"type":"if","locations":[{"start":{"line":28,"column":8},"end":{"line":30,"column":9}},{"start":{"line":28,"column":8},"end":{"line":30,"column":9}}],"line":28},"5":{"loc":{"start":{"line":38,"column":50},"end":{"line":38,"column":110}},"type":"cond-expr","locations":[{"start":{"line":38,"column":58},"end":{"line":38,"column":63}},{"start":{"line":38,"column":66},"end":{"line":38,"column":110}}],"line":38},"6":{"loc":{"start":{"line":38,"column":66},"end":{"line":38,"column":110}},"type":"cond-expr","locations":[{"start":{"line":38,"column":85},"end":{"line":38,"column":96}},{"start":{"line":38,"column":99},"end":{"line":38,"column":110}}],"line":38},"7":{"loc":{"start":{"line":61,"column":11},"end":{"line":61,"column":41}},"type":"cond-expr","locations":[{"start":{"line":61,"column":29},"end":{"line":61,"column":33}},{"start":{"line":61,"column":36},"end":{"line":61,"column":41}}],"line":61}},"s":{"0":1,"1":1,"2":1,"3":1,"4":1,"5":3,"6":3,"7":0,"8":0,"9":0,"10":0,"11":0,"12":0,"13":0,"14":0,"15":0,"16":0,"17":3,"18":3,"19":15,"20":0,"21":0},"f":{"0":1,"1":3,"2":3,"3":3,"4":0,"5":0,"6":0,"7":0,"8":0,"9":0,"10":3,"11":0,"12":0,"13":15,"14":0,"15":6,"16":0},"b":{"0":[1,1,1],"1":[0,1],"2":[1,1],"3":[0,0],"4":[0,0],"5":[0,0],"6":[0,0],"7":[0,0]},"inputSourceMap":{"version":3,"file":"/Volumes/Coding/forest-fire/vuex-plugin-firemodel/src/store/mutations/localConfig.ts","sources":["/Volumes/Coding/forest-fire/vuex-plugin-firemodel/src/store/mutations/localConfig.ts"],"names":[],"mappings":";;;;;AASA,8CAAsB;AAEtB;;GAEG;AACU,QAAA,WAAW,GAAG,GAAM,EAAE,CACjC,CAAC;IACC,mDAAsC,EAAE,KAAK,CAAC,EAAE;QAC9C,EAAE;IACJ,CAAC;IACD,6BAA4B,EAAE,CAAC,KAAK,EAAE,MAAM,EAAE,EAAE;QAC9C,KAAK,CAAC,MAAM,GAAG,MAAM,CAAC;IACxB,CAAC;IACD,6BAA4B,CAAC,KAAK;QAChC,KAAK,CAAC,MAAM,GAAG,WAAW,CAAC;IAC7B,CAAC;IACD,+BAA6B,CAAC,KAAK;QACjC,KAAK,CAAC,MAAM,GAAG,YAAY,CAAC;IAC9B,CAAC;IACD,0CAAkC,CAAC,KAAK,EAAE,GAAU;QAClD,KAAK,CAAC,MAAM,GAAG,OAAO,CAAC;QACvB,aAAG,CAAC,GAAG,CACL,KAAK,EACL,QAAQ,EACR,KAAK,CAAC,MAAM,CAAC,CAAC,CAAC,KAAK,CAAC,MAAM,CAAC,MAAM,CAAC,GAAG,CAAC,OAAO,CAAC,CAAC,CAAC,CAAC,CAAC,GAAG,CAAC,OAAO,CAAC,CAChE,CAAC;IACJ,CAAC;IACD,0BAAyB,CAAC,KAAK,EAAE,GAAG;QAClC,IAAI,CAAC,KAAK,CAAC,MAAM,EAAE;YACjB,aAAG,CAAC,GAAG,CAAC,KAAK,EAAE,QAAQ,EAAE,EAAE,CAAC,CAAC;SAC9B;QACD,aAAG,CAAC,GAAG,CAAC,KAAK,EAAE,QAAQ,EAAG,KAAK,CAAC,MAAgB,CAAC,MAAM,CAAC,GAAG,CAAC,OAAO,CAAC,CAAC,CAAC;IACxE,CAAC;IACD,kCAA8B,CAAC,KAAK;QAClC,aAAG,CAAC,GAAG,CAAC,KAAK,EAAE,QAAQ,EAAE,EAAE,CAAC,CAAC;IAC/B,CAAC;IAED,qCAA+B,CAAC,KAAK,EAAE,IAAkB;QACvD,aAAG,CAAC,GAAG,CAAC,KAAK,EAAE,aAAa,EAAE,IAAI,CAAC,CAAC;QAEpC,aAAG,CAAC,GAAG,CACL,KAAK,EACL,eAAe,EACf,CAAC,IAAI,CAAC,CAAC,CAAC,KAAK,CAAC,CAAC,CAAC,IAAI,CAAC,WAAW,CAAC,CAAC,CAAC,WAAW,CAAC,CAAC,CAAC,WAAW,CAC7D,CAAC;IACJ,CAAC;IAED,uCAAgC,CAAC,KAAK,EAAE,IAAkB;QACxD,aAAG,CAAC,GAAG,CAAC,KAAK,EAAE,aAAa,EAAE,IAAI,CAAC,CAAC;QACpC,aAAG,CAAC,GAAG,CAAC,KAAK,EAAE,eAAe,EAAE,KAAK,CAAC,CAAC;IACzC,CAAC;IAED,oCAA+B,CAAC,KAAK,EAAE,OAAO;QAC5C,kBAAkB;IACpB,CAAC;IAED,sCAAgC,CAAC,KAAK,EAAE,OAAO;QAC7C,kBAAkB;IACpB,CAAC;IAED,oCAA4B,CAAC,KAAK,EAAE,IAAwB;QAC1D,aAAG,CAAC,GAAG,CAAC,KAAK,EAAE,QAAQ,EAAE,KAAK,CAAC,MAAM,CAAC,MAAM,CAAC,IAAI,CAAC,CAAC,CAAC;IACtD,CAAC;IAED,oCAA+B,CAAC,KAAK,EAAE,IAAwB;QAC7D,aAAG,CAAC,GAAG,CAAC,KAAK,EAAE,QAAQ,EAAE,KAAK,CAAC,MAAM,CAAC,MAAM,CAAC,IAAI,CAAC,CAAC,CAAC;IACtD,CAAC;IAED,2DAA0C,CACxC,KAAK,EACL,KAA+D;QAE/D,EAAE;IACJ,CAAC;CACmC,CAAA,CAAC;AAEzC,SAAS,gBAAgB,CAAC,IAA2B;IACnD,OAAQ,IAAuB,CAAC,UAAU,CAAC,CAAC,CAAC,IAAI,CAAC,CAAC,CAAC,KAAK,CAAC;AAC5D,CAAC","sourcesContent":["import { MutationTree } from \"vuex\";\nimport {\n  IFiremodelState,\n  IFmLifecycleEvents,\n  IFmQueuedAction,\n  ICurrentUser\n} from \"../../types\";\nimport { FmConfigMutation } from \"../../types/mutations/FmConfigMutation\";\nimport { User, UserCredential } from \"@firebase/auth-types\";\nimport Vue from \"vue\";\n\n/**\n * The **mutations** scoped to the local configuration of Firebase\n */\nexport const localConfig = <T>() =>\n  ({\n    [FmConfigMutation.coreServicesStarted]: state => {\n      //\n    },\n    [FmConfigMutation.configure]: (state, config) => {\n      state.config = config;\n    },\n    [FmConfigMutation.connected](state) {\n      state.status = \"connected\";\n    },\n    [FmConfigMutation.connecting](state) {\n      state.status = \"connecting\";\n    },\n    [FmConfigMutation.connectionError](state, err: Error) {\n      state.status = \"error\";\n      Vue.set(\n        state,\n        \"errors\",\n        state.errors ? state.errors.concat(err.message) : [err.message]\n      );\n    },\n    [FmConfigMutation.appErr](state, err) {\n      if (!state.errors) {\n        Vue.set(state, \"errors\", []);\n      }\n      Vue.set(state, \"errors\", (state.errors as any[]).concat(err.message));\n    },\n    [FmConfigMutation.clearErrors](state) {\n      Vue.set(state, \"errors\", []);\n    },\n\n    [FmConfigMutation.userLoggedIn](state, user: ICurrentUser) {\n      Vue.set(state, \"currentUser\", user);\n\n      Vue.set(\n        state,\n        \"authenticated\",\n        !user ? false : user.isAnonymous ? \"anonymous\" : \"logged-in\"\n      );\n    },\n\n    [FmConfigMutation.userLoggedOut](state, user: ICurrentUser) {\n      Vue.set(state, \"currentUser\", user);\n      Vue.set(state, \"authenticated\", false);\n    },\n\n    [FmConfigMutation.userUpgraded](state, payload) {\n      // TODO: implement\n    },\n\n    [FmConfigMutation.userAbandoned](state, payload) {\n      // TODO: implement\n    },\n\n    [FmConfigMutation.queueHook](state, item: IFmQueuedAction<T>) {\n      Vue.set(state, \"queued\", state.queued.concat(item));\n    },\n\n    [FmConfigMutation.queueWatcher](state, item: IFmQueuedAction<T>) {\n      Vue.set(state, \"queued\", state.queued.concat(item));\n    },\n\n    [FmConfigMutation.lifecycleEventCompleted](\n      state,\n      event: { event: IFmLifecycleEvents; actionCallbacks: string[] }\n    ) {\n      //\n    }\n  } as MutationTree<IFiremodelState<T>>);\n\nfunction isUserCredential(user: User | UserCredential): user is UserCredential {\n  return (user as UserCredential).credential ? true : false;\n}\n"]},"_coverageSchema":"1a1c01bbd47fc00a2c39e90264f33305004495a9","hash":"ea9bedb5be58644585681f521310b26520ea715d","contentHash":"68730b368970a82b7c14ac34a5b654737a10ead4f340ab0d917e54ba0b61c776"},"/Volumes/Coding/forest-fire/vuex-plugin-firemodel/src/store/mutations/serverConfirm.ts":{"path":"/Volumes/Coding/forest-fire/vuex-plugin-firemodel/src/store/mutations/serverConfirm.ts","statementMap":{"0":{"start":{"line":2,"column":22},"end":{"line":4,"column":1}},"1":{"start":{"line":3,"column":4},"end":{"line":3,"column":62}},"2":{"start":{"line":5,"column":0},"end":{"line":5,"column":62}},"3":{"start":{"line":6,"column":14},"end":{"line":6,"column":45}},"4":{"start":{"line":7,"column":0},"end":{"line":31,"column":3}},"5":{"start":{"line":7,"column":31},"end":{"line":31,"column":1}},"6":{"start":{"line":12,"column":8},"end":{"line":12,"column":54}},"7":{"start":{"line":15,"column":30},"end":{"line":15,"column":51}},"8":{"start":{"line":16,"column":26},"end":{"line":16,"column":60}},"9":{"start":{"line":17,"column":8},"end":{"line":17,"column":40}},"10":{"start":{"line":18,"column":8},"end":{"line":18,"column":57}},"11":{"start":{"line":26,"column":30},"end":{"line":26,"column":51}},"12":{"start":{"line":27,"column":26},"end":{"line":27,"column":60}},"13":{"start":{"line":28,"column":8},"end":{"line":28,"column":40}},"14":{"start":{"line":29,"column":8},"end":{"line":29,"column":57}}},"fnMap":{"0":{"name":"(anonymous_0)","decl":{"start":{"line":2,"column":56},"end":{"line":2,"column":57}},"loc":{"start":{"line":2,"column":71},"end":{"line":4,"column":1}},"line":2},"1":{"name":"(anonymous_1)","decl":{"start":{"line":7,"column":24},"end":{"line":7,"column":25}},"loc":{"start":{"line":7,"column":31},"end":{"line":31,"column":1}},"line":7},"2":{"name":"(anonymous_2)","decl":{"start":{"line":11,"column":4},"end":{"line":11,"column":5}},"loc":{"start":{"line":11,"column":64},"end":{"line":13,"column":5}},"line":11},"3":{"name":"(anonymous_3)","decl":{"start":{"line":14,"column":4},"end":{"line":14,"column":5}},"loc":{"start":{"line":14,"column":70},"end":{"line":20,"column":5}},"line":14},"4":{"name":"(anonymous_4)","decl":{"start":{"line":25,"column":4},"end":{"line":25,"column":5}},"loc":{"start":{"line":25,"column":70},"end":{"line":30,"column":5}},"line":25}},"branchMap":{"0":{"loc":{"start":{"line":2,"column":22},"end":{"line":4,"column":1}},"type":"binary-expr","locations":[{"start":{"line":2,"column":23},"end":{"line":2,"column":27}},{"start":{"line":2,"column":31},"end":{"line":2,"column":51}},{"start":{"line":2,"column":56},"end":{"line":4,"column":1}}],"line":2},"1":{"loc":{"start":{"line":3,"column":11},"end":{"line":3,"column":61}},"type":"cond-expr","locations":[{"start":{"line":3,"column":37},"end":{"line":3,"column":40}},{"start":{"line":3,"column":43},"end":{"line":3,"column":61}}],"line":3},"2":{"loc":{"start":{"line":3,"column":12},"end":{"line":3,"column":33}},"type":"binary-expr","locations":[{"start":{"line":3,"column":12},"end":{"line":3,"column":15}},{"start":{"line":3,"column":19},"end":{"line":3,"column":33}}],"line":3}},"s":{"0":1,"1":1,"2":1,"3":1,"4":1,"5":3,"6":0,"7":0,"8":0,"9":0,"10":0,"11":0,"12":0,"13":0,"14":0},"f":{"0":1,"1":3,"2":0,"3":0,"4":0},"b":{"0":[1,1,1],"1":[0,1],"2":[1,1]},"inputSourceMap":{"version":3,"file":"/Volumes/Coding/forest-fire/vuex-plugin-firemodel/src/store/mutations/serverConfirm.ts","sources":["/Volumes/Coding/forest-fire/vuex-plugin-firemodel/src/store/mutations/serverConfirm.ts"],"names":[],"mappings":";;;;;AAEA,8CAAsB;AAGT,QAAA,aAAa,GAAG,GAAM,EAAE,CACnC,CAAC;IACC;;OAEG;IACH,2CAAiC,CAAC,KAAK,EAAE,OAA+B;QACtE,OAAO,KAAK,CAAC,SAAS,CAAC,OAAO,CAAC,aAAa,CAAC,CAAC;IAChD,CAAC;IAED,iDAAoC,CAClC,KAAK,EACL,OAA+B;QAE/B,MAAM,aAAa,GAAG,OAAO,CAAC,aAAa,CAAC;QAC5C,MAAM,SAAS,iBAAgC,EAAE,EAAK,KAAK,CAAC,SAAS,CAAE,CAAC;QACxE,OAAO,SAAS,CAAC,aAAa,CAAC,CAAC;QAEhC,aAAG,CAAC,GAAG,CAAC,KAAK,EAAE,WAAW,EAAE,SAAS,CAAC,CAAC;QACvC,iDAAiD;IACnD,CAAC;IAED;;;OAGG;IACH,iDAAoC,CAClC,KAAK,EACL,OAA+B;QAE/B,MAAM,aAAa,GAAG,OAAO,CAAC,aAAa,CAAC;QAC5C,MAAM,SAAS,iBAAgC,EAAE,EAAK,KAAK,CAAC,SAAS,CAAE,CAAC;QACxE,OAAO,SAAS,CAAC,aAAa,CAAC,CAAC;QAEhC,aAAG,CAAC,GAAG,CAAC,KAAK,EAAE,WAAW,EAAE,SAAS,CAAC,CAAC;IACzC,CAAC;CACmC,CAAA,CAAC","sourcesContent":["import { MutationTree } from \"vuex\";\nimport { IFiremodelState, IFmLocalRecordEvent } from \"../../index\";\nimport Vue from \"vue\";\nimport { FmCrudMutation } from \"../../types/mutations/FmCrudMutation\";\n\nexport const serverConfirm = <T>() =>\n  ({\n    /**\n     * When a change has been made\n     */\n    [FmCrudMutation.serverAddConfirm](state, payload: IFmLocalRecordEvent<T>) {\n      delete state.localOnly[payload.transactionId];\n    },\n\n    [FmCrudMutation.serverChangeConfirm](\n      state,\n      payload: IFmLocalRecordEvent<T>\n    ) {\n      const transactionId = payload.transactionId;\n      const localOnly: typeof state.localOnly = { ...{}, ...state.localOnly };\n      delete localOnly[transactionId];\n\n      Vue.set(state, \"localOnly\", localOnly);\n      // delete state.localOnly[payload.transactionId];\n    },\n\n    /**\n     * Removes the `localOnly` reference to a transaction once the server\n     * has confirmed it.\n     */\n    [FmCrudMutation.serverRemoveConfirm](\n      state,\n      payload: IFmLocalRecordEvent<T>\n    ) {\n      const transactionId = payload.transactionId;\n      const localOnly: typeof state.localOnly = { ...{}, ...state.localOnly };\n      delete localOnly[transactionId];\n\n      Vue.set(state, \"localOnly\", localOnly);\n    }\n  } as MutationTree<IFiremodelState<T>>);\n"]},"_coverageSchema":"1a1c01bbd47fc00a2c39e90264f33305004495a9","hash":"8f2ef5477a2527304dba38bd443b22d46a7343c1","contentHash":"f3d86aab434c2e4057b46944b2d7b8f220610054a41fd0b0cd43c5490144fd75"},"/Volumes/Coding/forest-fire/vuex-plugin-firemodel/src/store/mutations/serverRollback.ts":{"path":"/Volumes/Coding/forest-fire/vuex-plugin-firemodel/src/store/mutations/serverRollback.ts","statementMap":{"0":{"start":{"line":2,"column":22},"end":{"line":4,"column":1}},"1":{"start":{"line":3,"column":4},"end":{"line":3,"column":62}},"2":{"start":{"line":5,"column":0},"end":{"line":5,"column":62}},"3":{"start":{"line":6,"column":14},"end":{"line":6,"column":45}},"4":{"start":{"line":7,"column":0},"end":{"line":31,"column":3}},"5":{"start":{"line":7,"column":32},"end":{"line":31,"column":1}},"6":{"start":{"line":25,"column":30},"end":{"line":25,"column":51}},"7":{"start":{"line":26,"column":26},"end":{"line":26,"column":60}},"8":{"start":{"line":27,"column":8},"end":{"line":27,"column":40}},"9":{"start":{"line":28,"column":8},"end":{"line":28,"column":57}},"10":{"start":{"line":29,"column":8},"end":{"line":29,"column":94}}},"fnMap":{"0":{"name":"(anonymous_0)","decl":{"start":{"line":2,"column":56},"end":{"line":2,"column":57}},"loc":{"start":{"line":2,"column":71},"end":{"line":4,"column":1}},"line":2},"1":{"name":"(anonymous_1)","decl":{"start":{"line":7,"column":25},"end":{"line":7,"column":26}},"loc":{"start":{"line":7,"column":32},"end":{"line":31,"column":1}},"line":7},"2":{"name":"(anonymous_2)","decl":{"start":{"line":11,"column":4},"end":{"line":11,"column":5}},"loc":{"start":{"line":11,"column":61},"end":{"line":13,"column":5}},"line":11},"3":{"name":"(anonymous_3)","decl":{"start":{"line":14,"column":4},"end":{"line":14,"column":5}},"loc":{"start":{"line":14,"column":67},"end":{"line":16,"column":5}},"line":14},"4":{"name":"(anonymous_4)","decl":{"start":{"line":21,"column":4},"end":{"line":21,"column":5}},"loc":{"start":{"line":21,"column":67},"end":{"line":23,"column":5}},"line":21},"5":{"name":"(anonymous_5)","decl":{"start":{"line":24,"column":4},"end":{"line":24,"column":5}},"loc":{"start":{"line":24,"column":82},"end":{"line":30,"column":5}},"line":24}},"branchMap":{"0":{"loc":{"start":{"line":2,"column":22},"end":{"line":4,"column":1}},"type":"binary-expr","locations":[{"start":{"line":2,"column":23},"end":{"line":2,"column":27}},{"start":{"line":2,"column":31},"end":{"line":2,"column":51}},{"start":{"line":2,"column":56},"end":{"line":4,"column":1}}],"line":2},"1":{"loc":{"start":{"line":3,"column":11},"end":{"line":3,"column":61}},"type":"cond-expr","locations":[{"start":{"line":3,"column":37},"end":{"line":3,"column":40}},{"start":{"line":3,"column":43},"end":{"line":3,"column":61}}],"line":3},"2":{"loc":{"start":{"line":3,"column":12},"end":{"line":3,"column":33}},"type":"binary-expr","locations":[{"start":{"line":3,"column":12},"end":{"line":3,"column":15}},{"start":{"line":3,"column":19},"end":{"line":3,"column":33}}],"line":3}},"s":{"0":1,"1":1,"2":1,"3":1,"4":1,"5":3,"6":0,"7":0,"8":0,"9":0,"10":0},"f":{"0":1,"1":3,"2":0,"3":0,"4":0,"5":0},"b":{"0":[1,1,1],"1":[0,1],"2":[1,1]},"inputSourceMap":{"version":3,"file":"/Volumes/Coding/forest-fire/vuex-plugin-firemodel/src/store/mutations/serverRollback.ts","sources":["/Volumes/Coding/forest-fire/vuex-plugin-firemodel/src/store/mutations/serverRollback.ts"],"names":[],"mappings":";;;;;AAEA,8CAAsB;AAGT,QAAA,cAAc,GAAG,GAAM,EAAE,CACpC,CAAC;IACC;;OAEG;IACH,wCAAkC,CAAC,KAAK,EAAE,OAA+B;QACvE,kBAAkB;IACpB,CAAC;IAED,8CAAqC,CACnC,KAAK,EACL,OAA+B;QAE/B,kBAAkB;IACpB,CAAC;IAED;;;OAGG;IACH,8CAAqC,CACnC,KAAK,EACL,OAA+B;QAE/B,kBAAkB;IACpB,CAAC;IAED,6DAAwC,CACtC,KAAK,EACL,OAA+B;QAE/B,MAAM,aAAa,GAAG,OAAO,CAAC,aAAa,CAAC;QAC5C,MAAM,SAAS,iBAAgC,EAAE,EAAK,KAAK,CAAC,SAAS,CAAE,CAAC;QACxE,OAAO,SAAS,CAAC,aAAa,CAAC,CAAC;QAChC,aAAG,CAAC,GAAG,CAAC,KAAK,EAAE,WAAW,EAAE,SAAS,CAAC,CAAC;QACvC,OAAO,CAAC,IAAI,CACV,sDAAsD,aAAa,IAAI,CACxE,CAAC;IACJ,CAAC;CACmC,CAAA,CAAC","sourcesContent":["import { MutationTree } from \"vuex\";\nimport { IFiremodelState, IFmLocalRecordEvent } from \"../../index\";\nimport Vue from \"vue\";\nimport { FmCrudMutation } from \"../../types/mutations/FmCrudMutation\";\n\nexport const serverRollback = <T>() =>\n  ({\n    /**\n     * Local ADD must be rolled back\n     */\n    [FmCrudMutation.serverAddRollback](state, payload: IFmLocalRecordEvent<T>) {\n      // TODO: implement\n    },\n\n    [FmCrudMutation.serverChangeRollback](\n      state,\n      payload: IFmLocalRecordEvent<T>\n    ) {\n      // TODO: implement\n    },\n\n    /**\n     * Removes the `localOnly` reference to a transaction once the server\n     * has confirmed it.\n     */\n    [FmCrudMutation.serverRemoveRollback](\n      state,\n      payload: IFmLocalRecordEvent<T>\n    ) {\n      // TODO: implement\n    },\n\n    [FmCrudMutation.relationshipAddRollback](\n      state,\n      payload: IFmLocalRecordEvent<T>\n    ) {\n      const transactionId = payload.transactionId;\n      const localOnly: typeof state.localOnly = { ...{}, ...state.localOnly };\n      delete localOnly[transactionId];\n      Vue.set(state, \"localOnly\", localOnly);\n      console.info(\n        `Rolled back changes made locally [ transaction id: ${transactionId} ]`\n      );\n    }\n  } as MutationTree<IFiremodelState<T>>);\n"]},"_coverageSchema":"1a1c01bbd47fc00a2c39e90264f33305004495a9","hash":"55fcf6cccd62ee96c3db07842d4696a513950bcc","contentHash":"ea63b68b3b6ed96895cdb88b55f795a4353313f40cbb76897d648fa7bef3b6ee"},"/Volumes/Coding/forest-fire/vuex-plugin-firemodel/src/store/mutations/auth.ts":{"path":"/Volumes/Coding/forest-fire/vuex-plugin-firemodel/src/store/mutations/auth.ts","statementMap":{"0":{"start":{"line":2,"column":22},"end":{"line":4,"column":1}},"1":{"start":{"line":3,"column":4},"end":{"line":3,"column":62}},"2":{"start":{"line":5,"column":0},"end":{"line":5,"column":62}},"3":{"start":{"line":6,"column":14},"end":{"line":6,"column":45}},"4":{"start":{"line":10,"column":0},"end":{"line":53,"column":3}},"5":{"start":{"line":10,"column":31},"end":{"line":53,"column":1}},"6":{"start":{"line":12,"column":8},"end":{"line":12,"column":60}},"7":{"start":{"line":13,"column":8},"end":{"line":13,"column":78}},"8":{"start":{"line":29,"column":8},"end":{"line":29,"column":112}},"9":{"start":{"line":42,"column":8},"end":{"line":42,"column":44}},"10":{"start":{"line":45,"column":8},"end":{"line":45,"column":51}},"11":{"start":{"line":48,"column":8},"end":{"line":48,"column":49}}},"fnMap":{"0":{"name":"(anonymous_0)","decl":{"start":{"line":2,"column":56},"end":{"line":2,"column":57}},"loc":{"start":{"line":2,"column":71},"end":{"line":4,"column":1}},"line":2},"1":{"name":"(anonymous_1)","decl":{"start":{"line":10,"column":24},"end":{"line":10,"column":25}},"loc":{"start":{"line":10,"column":31},"end":{"line":53,"column":1}},"line":10},"2":{"name":"(anonymous_2)","decl":{"start":{"line":11,"column":4},"end":{"line":11,"column":5}},"loc":{"start":{"line":11,"column":54},"end":{"line":15,"column":5}},"line":11},"3":{"name":"(anonymous_3)","decl":{"start":{"line":16,"column":4},"end":{"line":16,"column":5}},"loc":{"start":{"line":16,"column":58},"end":{"line":18,"column":5}},"line":16},"4":{"name":"(anonymous_4)","decl":{"start":{"line":19,"column":4},"end":{"line":19,"column":5}},"loc":{"start":{"line":19,"column":34},"end":{"line":21,"column":5}},"line":19},"5":{"name":"(anonymous_5)","decl":{"start":{"line":22,"column":4},"end":{"line":22,"column":5}},"loc":{"start":{"line":22,"column":32},"end":{"line":24,"column":5}},"line":22},"6":{"name":"(anonymous_6)","decl":{"start":{"line":25,"column":4},"end":{"line":25,"column":5}},"loc":{"start":{"line":25,"column":42},"end":{"line":27,"column":5}},"line":25},"7":{"name":"(anonymous_7)","decl":{"start":{"line":28,"column":4},"end":{"line":28,"column":5}},"loc":{"start":{"line":28,"column":31},"end":{"line":30,"column":5}},"line":28},"8":{"name":"(anonymous_8)","decl":{"start":{"line":31,"column":4},"end":{"line":31,"column":5}},"loc":{"start":{"line":31,"column":22},"end":{"line":33,"column":5}},"line":31},"9":{"name":"(anonymous_9)","decl":{"start":{"line":34,"column":4},"end":{"line":34,"column":5}},"loc":{"start":{"line":34,"column":19},"end":{"line":36,"column":5}},"line":34},"10":{"name":"(anonymous_10)","decl":{"start":{"line":41,"column":4},"end":{"line":41,"column":5}},"loc":{"start":{"line":41,"column":31},"end":{"line":43,"column":5}},"line":41},"11":{"name":"(anonymous_11)","decl":{"start":{"line":44,"column":4},"end":{"line":44,"column":5}},"loc":{"start":{"line":44,"column":37},"end":{"line":46,"column":5}},"line":44},"12":{"name":"(anonymous_12)","decl":{"start":{"line":47,"column":4},"end":{"line":47,"column":5}},"loc":{"start":{"line":47,"column":33},"end":{"line":49,"column":5}},"line":47},"13":{"name":"(anonymous_13)","decl":{"start":{"line":50,"column":4},"end":{"line":50,"column":5}},"loc":{"start":{"line":50,"column":36},"end":{"line":52,"column":5}},"line":50}},"branchMap":{"0":{"loc":{"start":{"line":2,"column":22},"end":{"line":4,"column":1}},"type":"binary-expr","locations":[{"start":{"line":2,"column":23},"end":{"line":2,"column":27}},{"start":{"line":2,"column":31},"end":{"line":2,"column":51}},{"start":{"line":2,"column":56},"end":{"line":4,"column":1}}],"line":2},"1":{"loc":{"start":{"line":3,"column":11},"end":{"line":3,"column":61}},"type":"cond-expr","locations":[{"start":{"line":3,"column":37},"end":{"line":3,"column":40}},{"start":{"line":3,"column":43},"end":{"line":3,"column":61}}],"line":3},"2":{"loc":{"start":{"line":3,"column":12},"end":{"line":3,"column":33}},"type":"binary-expr","locations":[{"start":{"line":3,"column":12},"end":{"line":3,"column":15}},{"start":{"line":3,"column":19},"end":{"line":3,"column":33}}],"line":3}},"s":{"0":1,"1":1,"2":1,"3":1,"4":1,"5":3,"6":0,"7":0,"8":0,"9":0,"10":0,"11":0},"f":{"0":1,"1":3,"2":0,"3":0,"4":0,"5":0,"6":0,"7":0,"8":0,"9":0,"10":0,"11":0,"12":0,"13":0},"b":{"0":[1,1,1],"1":[0,1],"2":[1,1]},"inputSourceMap":{"version":3,"file":"/Volumes/Coding/forest-fire/vuex-plugin-firemodel/src/store/mutations/auth.ts","sources":["/Volumes/Coding/forest-fire/vuex-plugin-firemodel/src/store/mutations/auth.ts"],"names":[],"mappings":";;;;;AAIA,8CAAsB;AAGtB;;GAEG;AACU,QAAA,aAAa,GAAG,GAAM,EAAE,CACnC,CAAC;IACC,0BAA0B,CAAC,KAAK,EAAE,cAA8B;QAC9D,OAAO,CAAC,KAAK,CAAC,oCAAoC,CAAC,CAAC;QACpD,aAAG,CAAC,GAAG,CAAC,KAAK,EAAE,gBAAgB,EAAE,cAAc,CAAC,UAAU,CAAC,CAAC;QAC5D,0EAA0E;IAC5E,CAAC;IACD,8BAA8B,CAAC,KAAK,EAAE,cAA8B;QAClE,kFAAkF;IACpF,CAAC;IAED,sBAAsB,CAAC,KAAK;QAC1B,gBAAgB;IAClB,CAAC;IAED,oBAAoB,CAAC,KAAK;QACxB,gBAAgB;IAClB,CAAC;IAED,uBAAuB,CAAC,KAAK,EAAE,KAAK;QAClC,yEAAyE;IAC3E,CAAC;IAED,YAAY,CAAC,KAAK,EAAE,KAAa;QAC/B,aAAG,CAAC,GAAG,CAAC,KAAK,EAAE,aAAa,kCACtB,KAAK,CAAC,WAA4B,GACnC,EAAE,KAAK,EAAE,EACZ,CAAC;IACL,CAAC;IAED,eAAe;QACb,gBAAgB;IAClB,CAAC;IAED,OAAO,CAAC,KAAK;QACX,kFAAkF;IACpF,CAAC;IAED,uCAAuC;IACvC,iDAAiD;IACjD,KAAK;IAEL,8CAA8C;IAC9C,UAAU,CAAC,KAAK,EAAE,OAAO;QACvB,OAAO,CAAC,GAAG,CAAC,aAAa,EAAE,OAAO,CAAC,CAAC;IACtC,CAAC;IAED,iBAAiB,CAAC,KAAK,EAAE,MAAmB;QAC1C,aAAG,CAAC,GAAG,CAAC,KAAK,EAAE,QAAQ,EAAE,MAAM,CAAC,CAAC;IACnC,CAAC;IAED,cAAc,CAAC,KAAK,EAAE,KAAa;QACjC,aAAG,CAAC,GAAG,CAAC,KAAK,EAAE,OAAO,EAAE,KAAK,CAAC,CAAC;IACjC,CAAC;IAED,eAAe,CAAC,KAAK,EAAE,OAAO;QAC5B,QAAQ;IACV,CAAC;CACmC,CAAA,CAAC","sourcesContent":["import { MutationTree } from \"vuex\";\nimport { IFiremodelState } from \"../..\";\nimport { UserCredential } from \"@firebase/auth-types\";\nimport { IFiremodelAbbreviatedUser, ICurrentUser } from \"../../types\";\nimport Vue from \"vue\";\nimport { IDictionary } from \"firemock\";\n\n/**\n * The **mutations** associated to the Firebase Auth API.\n */\nexport const authMutations = <T>() =>\n  ({\n    signInWithEmailAndPassword(state, userCredential: UserCredential) {\n      console.debug(\"user signed in with email/password\");\n      Vue.set(state, \"userCredential\", userCredential.credential);\n      // the @firemodel.currentUser will be updated by the `changeAuth` function\n    },\n    createUserWithEmailAndPassword(state, userCredential: UserCredential) {\n      // no need to change state tree as the observer on onAuthChanged will address this\n    },\n\n    sendPasswordResetEmail(state) {\n      // nothing to do\n    },\n\n    confirmPasswordReset(state) {\n      // nothing to do\n    },\n\n    verifyPasswordResetCode(state, email) {\n      // on success it returns the email of the user who entered the reset code\n    },\n\n    updatedEmail(state, email: string) {\n      Vue.set(state, \"currentUser\", {\n        ...(state.currentUser as ICurrentUser),\n        ...{ email }\n      });\n    },\n\n    updatedPassword() {\n      // nothing to do\n    },\n\n    signOut(state) {\n      // no need to change state tree as the observer on onAuthChanged will address this\n    },\n\n    // updatedProfile(state, profile: {}) {\n    //   state.currentUser?.fullProfile.displayName =\n    // },\n\n    /** once the sign out process has completed */\n    SIGNED_OUT(state, payload) {\n      console.log(`Signed out:`, payload);\n    },\n\n    SET_CUSTOM_CLAIMS(state, claims: IDictionary) {\n      Vue.set(state, \"claims\", claims);\n    },\n\n    SET_AUTH_TOKEN(state, token: string) {\n      Vue.set(state, \"token\", token);\n    },\n\n    ANONYMOUS_LOGIN(state, payload) {\n      // no-op\n    }\n  } as MutationTree<IFiremodelState<T>>);\n"]},"_coverageSchema":"1a1c01bbd47fc00a2c39e90264f33305004495a9","hash":"3971d24a1b14d866340f53d6f4bfc0b47f42744a","contentHash":"ddab28c4b7b774c2d6530d2b79aa0b1cdf6182282799c31dfa54c7dd2a92dca7"},"/Volumes/Coding/forest-fire/vuex-plugin-firemodel/src/store/mutations/watcher.ts":{"path":"/Volumes/Coding/forest-fire/vuex-plugin-firemodel/src/store/mutations/watcher.ts","statementMap":{"0":{"start":{"line":2,"column":22},"end":{"line":4,"column":1}},"1":{"start":{"line":3,"column":4},"end":{"line":3,"column":62}},"2":{"start":{"line":5,"column":0},"end":{"line":5,"column":62}},"3":{"start":{"line":6,"column":14},"end":{"line":6,"column":45}},"4":{"start":{"line":7,"column":0},"end":{"line":26,"column":3}},"5":{"start":{"line":7,"column":25},"end":{"line":26,"column":1}},"6":{"start":{"line":12,"column":8},"end":{"line":12,"column":106}},"7":{"start":{"line":15,"column":8},"end":{"line":15,"column":87}},"8":{"start":{"line":15,"column":52},"end":{"line":15,"column":85}},"9":{"start":{"line":18,"column":8},"end":{"line":18,"column":28}},"10":{"start":{"line":21,"column":8},"end":{"line":21,"column":52}},"11":{"start":{"line":24,"column":8},"end":{"line":24,"column":63}},"12":{"start":{"line":24,"column":46},"end":{"line":24,"column":61}}},"fnMap":{"0":{"name":"(anonymous_0)","decl":{"start":{"line":2,"column":56},"end":{"line":2,"column":57}},"loc":{"start":{"line":2,"column":71},"end":{"line":4,"column":1}},"line":2},"1":{"name":"(anonymous_1)","decl":{"start":{"line":7,"column":18},"end":{"line":7,"column":19}},"loc":{"start":{"line":7,"column":25},"end":{"line":26,"column":1}},"line":7},"2":{"name":"(anonymous_2)","decl":{"start":{"line":8,"column":4},"end":{"line":8,"column":5}},"loc":{"start":{"line":8,"column":63},"end":{"line":10,"column":5}},"line":8},"3":{"name":"(anonymous_3)","decl":{"start":{"line":11,"column":4},"end":{"line":11,"column":5}},"loc":{"start":{"line":11,"column":61},"end":{"line":13,"column":5}},"line":11},"4":{"name":"(anonymous_4)","decl":{"start":{"line":14,"column":4},"end":{"line":14,"column":5}},"loc":{"start":{"line":14,"column":61},"end":{"line":16,"column":5}},"line":14},"5":{"name":"(anonymous_5)","decl":{"start":{"line":15,"column":47},"end":{"line":15,"column":48}},"loc":{"start":{"line":15,"column":52},"end":{"line":15,"column":85}},"line":15},"6":{"name":"(anonymous_6)","decl":{"start":{"line":17,"column":4},"end":{"line":17,"column":5}},"loc":{"start":{"line":17,"column":68},"end":{"line":19,"column":5}},"line":17},"7":{"name":"(anonymous_7)","decl":{"start":{"line":20,"column":4},"end":{"line":20,"column":5}},"loc":{"start":{"line":20,"column":59},"end":{"line":22,"column":5}},"line":20},"8":{"name":"(anonymous_8)","decl":{"start":{"line":23,"column":4},"end":{"line":23,"column":5}},"loc":{"start":{"line":23,"column":63},"end":{"line":25,"column":5}},"line":23},"9":{"name":"(anonymous_9)","decl":{"start":{"line":24,"column":41},"end":{"line":24,"column":42}},"loc":{"start":{"line":24,"column":46},"end":{"line":24,"column":61}},"line":24}},"branchMap":{"0":{"loc":{"start":{"line":2,"column":22},"end":{"line":4,"column":1}},"type":"binary-expr","locations":[{"start":{"line":2,"column":23},"end":{"line":2,"column":27}},{"start":{"line":2,"column":31},"end":{"line":2,"column":51}},{"start":{"line":2,"column":56},"end":{"line":4,"column":1}}],"line":2},"1":{"loc":{"start":{"line":3,"column":11},"end":{"line":3,"column":61}},"type":"cond-expr","locations":[{"start":{"line":3,"column":37},"end":{"line":3,"column":40}},{"start":{"line":3,"column":43},"end":{"line":3,"column":61}}],"line":3},"2":{"loc":{"start":{"line":3,"column":12},"end":{"line":3,"column":33}},"type":"binary-expr","locations":[{"start":{"line":3,"column":12},"end":{"line":3,"column":15}},{"start":{"line":3,"column":19},"end":{"line":3,"column":33}}],"line":3},"3":{"loc":{"start":{"line":12,"column":45},"end":{"line":12,"column":104}},"type":"cond-expr","locations":[{"start":{"line":12,"column":62},"end":{"line":12,"column":92}},{"start":{"line":12,"column":95},"end":{"line":12,"column":104}}],"line":12}},"s":{"0":1,"1":1,"2":1,"3":1,"4":1,"5":3,"6":0,"7":0,"8":0,"9":0,"10":0,"11":0,"12":0},"f":{"0":1,"1":3,"2":0,"3":0,"4":0,"5":0,"6":0,"7":0,"8":0,"9":0},"b":{"0":[1,1,1],"1":[0,1],"2":[1,1],"3":[0,0]},"inputSourceMap":{"version":3,"file":"/Volumes/Coding/forest-fire/vuex-plugin-firemodel/src/store/mutations/watcher.ts","sources":["/Volumes/Coding/forest-fire/vuex-plugin-firemodel/src/store/mutations/watcher.ts"],"names":[],"mappings":";;;;;AAIA,8CAAsB;AAET,QAAA,OAAO,GAAG,GAAM,EAAE,CAC7B,CAAC;IACC,0CAAkC,CAChC,KAAyB,EACzB,OAA6B;QAE7B,gBAAgB;IAClB,CAAC;IAED,wCAAiC,CAC/B,KAAyB,EACzB,OAA6B;QAE7B,aAAG,CAAC,GAAG,CACL,KAAK,EACL,UAAU,EACV,KAAK,CAAC,QAAQ,CAAC,CAAC,CAAC,KAAK,CAAC,QAAQ,CAAC,MAAM,CAAC,OAAO,CAAC,CAAC,CAAC,CAAC,CAAC,OAAO,CAAC,CAC5D,CAAC;IACJ,CAAC;IAED,wCAAiC,CAC/B,KAAyB,EACzB,OAA0B;QAE1B,KAAK,CAAC,QAAQ,GAAG,KAAK,CAAC,QAAQ,CAAC,MAAM,CACpC,CAAC,CAAC,EAAE,CAAC,CAAC,CAAC,SAAS,KAAK,OAAO,CAAC,SAAS,CACvC,CAAC;IACJ,CAAC;IACD,+CAAoC,CAAC,KAAyB,EAAE,OAAO;QACrE,KAAK,CAAC,QAAQ,GAAG,EAAE,CAAC;IACtB,CAAC;IAED,oCAA+B,CAC7B,KAAyB,EACzB,SAAiB;QAEjB,KAAK,CAAC,KAAK,GAAG,KAAK,CAAC,KAAK,CAAC,MAAM,CAAC,SAAS,CAAC,CAAC;IAC9C,CAAC;IAED,wCAAiC,CAC/B,KAAyB,EACzB,SAAiB;QAEjB,KAAK,CAAC,KAAK,GAAG,KAAK,CAAC,KAAK,CAAC,MAAM,CAAC,CAAC,CAAC,EAAE,CAAC,CAAC,KAAK,SAAS,CAAC,CAAC;IACzD,CAAC;CACmC,CAAA,CAAC","sourcesContent":["import { IFiremodelState } from \"../../index\";\nimport { IFmWatcherStopped, IWatcherEventContext } from \"firemodel\";\nimport { FmConfigMutation } from \"../../types/mutations/FmConfigMutation\";\nimport { MutationTree } from \"vuex\";\nimport Vue from \"vue\";\n\nexport const watcher = <T>() =>\n  ({\n    [FmConfigMutation.watcherStarting](\n      state: IFiremodelState<T>,\n      payload: IWatcherEventContext\n    ) {\n      // nothing to do\n    },\n\n    [FmConfigMutation.watcherStarted](\n      state: IFiremodelState<T>,\n      payload: IWatcherEventContext\n    ) {\n      Vue.set(\n        state,\n        \"watching\",\n        state.watching ? state.watching.concat(payload) : [payload]\n      );\n    },\n\n    [FmConfigMutation.watcherStopped](\n      state: IFiremodelState<T>,\n      payload: IFmWatcherStopped\n    ) {\n      state.watching = state.watching.filter(\n        i => i.watcherId !== payload.watcherId\n      );\n    },\n    [FmConfigMutation.watcherAllStopped](state: IFiremodelState<T>, payload) {\n      state.watching = [];\n    },\n\n    [FmConfigMutation.watcherMuted](\n      state: IFiremodelState<T>,\n      watcherId: string\n    ) {\n      state.muted = state.muted.concat(watcherId);\n    },\n\n    [FmConfigMutation.watcherUnmuted](\n      state: IFiremodelState<T>,\n      watcherId: string\n    ) {\n      state.muted = state.muted.filter(i => i !== watcherId);\n    }\n  } as MutationTree<IFiremodelState<T>>);\n"]},"_coverageSchema":"1a1c01bbd47fc00a2c39e90264f33305004495a9","hash":"cb7e8113e04c72cc9f4d9d7ea2554d2c6335faf7","contentHash":"3340c89fd6e2551aa4d52585e94771804aa89ad929b23054a8b159b34764bccd"},"/Volumes/Coding/forest-fire/vuex-plugin-firemodel/src/store/mutations/localCrud.ts":{"path":"/Volumes/Coding/forest-fire/vuex-plugin-firemodel/src/store/mutations/localCrud.ts","statementMap":{"0":{"start":{"line":2,"column":22},"end":{"line":4,"column":1}},"1":{"start":{"line":3,"column":4},"end":{"line":3,"column":62}},"2":{"start":{"line":5,"column":0},"end":{"line":5,"column":62}},"3":{"start":{"line":6,"column":14},"end":{"line":6,"column":45}},"4":{"start":{"line":7,"column":0},"end":{"line":19,"column":3}},"5":{"start":{"line":7,"column":27},"end":{"line":19,"column":1}},"6":{"start":{"line":9,"column":8},"end":{"line":9,"column":135}},"7":{"start":{"line":12,"column":8},"end":{"line":12,"column":135}},"8":{"start":{"line":15,"column":26},"end":{"line":15,"column":60}},"9":{"start":{"line":16,"column":8},"end":{"line":16,"column":48}},"10":{"start":{"line":17,"column":8},"end":{"line":17,"column":57}}},"fnMap":{"0":{"name":"(anonymous_0)","decl":{"start":{"line":2,"column":56},"end":{"line":2,"column":57}},"loc":{"start":{"line":2,"column":71},"end":{"line":4,"column":1}},"line":2},"1":{"name":"(anonymous_1)","decl":{"start":{"line":7,"column":20},"end":{"line":7,"column":21}},"loc":{"start":{"line":7,"column":27},"end":{"line":19,"column":1}},"line":7},"2":{"name":"(anonymous_2)","decl":{"start":{"line":8,"column":4},"end":{"line":8,"column":5}},"loc":{"start":{"line":8,"column":57},"end":{"line":10,"column":5}},"line":8},"3":{"name":"(anonymous_3)","decl":{"start":{"line":11,"column":4},"end":{"line":11,"column":5}},"loc":{"start":{"line":11,"column":61},"end":{"line":13,"column":5}},"line":11},"4":{"name":"(anonymous_4)","decl":{"start":{"line":14,"column":4},"end":{"line":14,"column":5}},"loc":{"start":{"line":14,"column":61},"end":{"line":18,"column":5}},"line":14}},"branchMap":{"0":{"loc":{"start":{"line":2,"column":22},"end":{"line":4,"column":1}},"type":"binary-expr","locations":[{"start":{"line":2,"column":23},"end":{"line":2,"column":27}},{"start":{"line":2,"column":31},"end":{"line":2,"column":51}},{"start":{"line":2,"column":56},"end":{"line":4,"column":1}}],"line":2},"1":{"loc":{"start":{"line":3,"column":11},"end":{"line":3,"column":61}},"type":"cond-expr","locations":[{"start":{"line":3,"column":37},"end":{"line":3,"column":40}},{"start":{"line":3,"column":43},"end":{"line":3,"column":61}}],"line":3},"2":{"loc":{"start":{"line":3,"column":12},"end":{"line":3,"column":33}},"type":"binary-expr","locations":[{"start":{"line":3,"column":12},"end":{"line":3,"column":15}},{"start":{"line":3,"column":19},"end":{"line":3,"column":33}}],"line":3}},"s":{"0":1,"1":1,"2":1,"3":1,"4":1,"5":3,"6":0,"7":0,"8":0,"9":0,"10":0},"f":{"0":1,"1":3,"2":0,"3":0,"4":0},"b":{"0":[1,1,1],"1":[0,1],"2":[1,1]},"inputSourceMap":{"version":3,"file":"/Volumes/Coding/forest-fire/vuex-plugin-firemodel/src/store/mutations/localCrud.ts","sources":["/Volumes/Coding/forest-fire/vuex-plugin-firemodel/src/store/mutations/localCrud.ts"],"names":[],"mappings":";;;;;AAIA,8CAAsB;AAET,QAAA,SAAS,GAAG,GAAM,EAAE,CAC/B,CAAC;IACC,oCAA6B,CAAC,KAAK,EAAE,OAA+B;QAClE,aAAG,CAAC,GAAG,CAAC,KAAK,EAAE,WAAW,kCACrB,KAAK,CAAC,SAAS,KAClB,CAAC,OAAO,CAAC,aAAa,CAAC,EAAE,OAAO,IAChC,CAAC;IACL,CAAC;IAED,wCAA+B,CAAC,KAAK,EAAE,OAA+B;QACpE,aAAG,CAAC,GAAG,CAAC,KAAK,EAAE,WAAW,kCACrB,KAAK,CAAC,SAAS,KAClB,CAAC,OAAO,CAAC,aAAa,CAAC,EAAE,OAAO,IAChC,CAAC;IACL,CAAC;IAED,wCAA+B,CAAC,KAAK,EAAE,OAA+B;QACpE,MAAM,SAAS,iBAAgC,EAAE,EAAK,KAAK,CAAC,SAAS,CAAE,CAAC;QACxE,OAAO,SAAS,CAAC,OAAO,CAAC,aAAa,CAAC,CAAC;QAExC,aAAG,CAAC,GAAG,CAAC,KAAK,EAAE,WAAW,EAAE,SAAS,CAAC,CAAC;IACzC,CAAC;CACmC,CAAA,CAAC","sourcesContent":["import { MutationTree } from \"vuex\";\nimport { IFiremodelState } from \"../..\";\nimport { FmCrudMutation } from \"../../types/mutations/FmCrudMutation\";\nimport { IFmLocalRecordEvent } from \"firemodel\";\nimport Vue from \"vue\";\n\nexport const localCrud = <T>() =>\n  ({\n    [FmCrudMutation.addedLocally](state, payload: IFmLocalRecordEvent<T>) {\n      Vue.set(state, \"localOnly\", {\n        ...state.localOnly,\n        [payload.transactionId]: payload\n      });\n    },\n\n    [FmCrudMutation.changedLocally](state, payload: IFmLocalRecordEvent<T>) {\n      Vue.set(state, \"localOnly\", {\n        ...state.localOnly,\n        [payload.transactionId]: payload\n      });\n    },\n\n    [FmCrudMutation.removedLocally](state, payload: IFmLocalRecordEvent<T>) {\n      const localOnly: typeof state.localOnly = { ...{}, ...state.localOnly };\n      delete localOnly[payload.transactionId];\n\n      Vue.set(state, \"localOnly\", localOnly);\n    }\n  } as MutationTree<IFiremodelState<T>>);\n"]},"_coverageSchema":"1a1c01bbd47fc00a2c39e90264f33305004495a9","hash":"3fcb2b36dba4cb09177ea5b3ebe36f0356ee4e98","contentHash":"a4ed74b1180fd4035010bc48bd40a8cb4cc64cd8f1013d7410df269623221a8a"},"/Volumes/Coding/forest-fire/vuex-plugin-firemodel/src/store/mutations/errors.ts":{"path":"/Volumes/Coding/forest-fire/vuex-plugin-firemodel/src/store/mutations/errors.ts","statementMap":{"0":{"start":{"line":2,"column":0},"end":{"line":2,"column":62}},"1":{"start":{"line":7,"column":0},"end":{"line":11,"column":3}},"2":{"start":{"line":7,"column":32},"end":{"line":11,"column":1}},"3":{"start":{"line":9,"column":8},"end":{"line":9,"column":71}}},"fnMap":{"0":{"name":"(anonymous_0)","decl":{"start":{"line":7,"column":25},"end":{"line":7,"column":26}},"loc":{"start":{"line":7,"column":32},"end":{"line":11,"column":1}},"line":7},"1":{"name":"(anonymous_1)","decl":{"start":{"line":8,"column":4},"end":{"line":8,"column":5}},"loc":{"start":{"line":8,"column":22},"end":{"line":10,"column":5}},"line":8}},"branchMap":{"0":{"loc":{"start":{"line":9,"column":23},"end":{"line":9,"column":70}},"type":"cond-expr","locations":[{"start":{"line":9,"column":38},"end":{"line":9,"column":62}},{"start":{"line":9,"column":65},"end":{"line":9,"column":70}}],"line":9}},"s":{"0":1,"1":1,"2":3,"3":0},"f":{"0":3,"1":0},"b":{"0":[0,0]},"inputSourceMap":{"version":3,"file":"/Volumes/Coding/forest-fire/vuex-plugin-firemodel/src/store/mutations/errors.ts","sources":["/Volumes/Coding/forest-fire/vuex-plugin-firemodel/src/store/mutations/errors.ts"],"names":[],"mappings":";;AAGA;;;GAGG;AACU,QAAA,cAAc,GAAG,GAAM,EAAE,CACpC,CAAC;IACC,KAAK,CAAC,KAAK,EAAE,GAAG;QACd,KAAK,CAAC,MAAM,GAAG,KAAK,CAAC,MAAM,CAAC,CAAC,CAAC,KAAK,CAAC,MAAM,CAAC,MAAM,CAAC,GAAG,CAAC,CAAC,CAAC,CAAC,CAAC,GAAG,CAAC,CAAC;IACjE,CAAC;CACmC,CAAA,CAAC","sourcesContent":["import { MutationTree } from \"vuex\";\nimport { IFiremodelState } from \"../../types/firemodel\";\n\n/**\n * The **mutations** associated to errors encountered during the\n * plugin's execution.\n */\nexport const errorMutations = <T>() =>\n  ({\n    error(state, err) {\n      state.errors = state.errors ? state.errors.concat(err) : [err];\n    }\n  } as MutationTree<IFiremodelState<T>>);\n"]},"_coverageSchema":"1a1c01bbd47fc00a2c39e90264f33305004495a9","hash":"25455fed8a7545d44389656311e7da0ca9930613","contentHash":"6c62c8bb67d34ad44d3b96346ff1e1905b4711213164155938fcbdc02abe4691"},"/Volumes/Coding/forest-fire/vuex-plugin-firemodel/src/store/mutations/relationships.ts":{"path":"/Volumes/Coding/forest-fire/vuex-plugin-firemodel/src/store/mutations/relationships.ts","statementMap":{"0":{"start":{"line":2,"column":22},"end":{"line":4,"column":1}},"1":{"start":{"line":3,"column":4},"end":{"line":3,"column":62}},"2":{"start":{"line":5,"column":0},"end":{"line":5,"column":62}},"3":{"start":{"line":6,"column":14},"end":{"line":6,"column":45}},"4":{"start":{"line":7,"column":0},"end":{"line":54,"column":3}},"5":{"start":{"line":7,"column":31},"end":{"line":54,"column":1}},"6":{"start":{"line":10,"column":8},"end":{"line":10,"column":135}},"7":{"start":{"line":13,"column":8},"end":{"line":13,"column":135}},"8":{"start":{"line":16,"column":8},"end":{"line":16,"column":135}},"9":{"start":{"line":20,"column":30},"end":{"line":20,"column":51}},"10":{"start":{"line":21,"column":26},"end":{"line":21,"column":60}},"11":{"start":{"line":22,"column":8},"end":{"line":22,"column":40}},"12":{"start":{"line":23,"column":8},"end":{"line":23,"column":57}},"13":{"start":{"line":26,"column":30},"end":{"line":26,"column":51}},"14":{"start":{"line":27,"column":26},"end":{"line":27,"column":60}},"15":{"start":{"line":28,"column":8},"end":{"line":28,"column":40}},"16":{"start":{"line":29,"column":8},"end":{"line":29,"column":57}},"17":{"start":{"line":32,"column":30},"end":{"line":32,"column":51}},"18":{"start":{"line":33,"column":26},"end":{"line":33,"column":60}},"19":{"start":{"line":34,"column":8},"end":{"line":34,"column":40}},"20":{"start":{"line":35,"column":8},"end":{"line":35,"column":57}},"21":{"start":{"line":46,"column":8},"end":{"line":46,"column":54}},"22":{"start":{"line":49,"column":8},"end":{"line":49,"column":54}},"23":{"start":{"line":52,"column":8},"end":{"line":52,"column":54}}},"fnMap":{"0":{"name":"(anonymous_0)","decl":{"start":{"line":2,"column":56},"end":{"line":2,"column":57}},"loc":{"start":{"line":2,"column":71},"end":{"line":4,"column":1}},"line":2},"1":{"name":"(anonymous_1)","decl":{"start":{"line":7,"column":24},"end":{"line":7,"column":25}},"loc":{"start":{"line":7,"column":31},"end":{"line":54,"column":1}},"line":7},"2":{"name":"(anonymous_2)","decl":{"start":{"line":9,"column":4},"end":{"line":9,"column":5}},"loc":{"start":{"line":9,"column":82},"end":{"line":11,"column":5}},"line":9},"3":{"name":"(anonymous_3)","decl":{"start":{"line":12,"column":4},"end":{"line":12,"column":5}},"loc":{"start":{"line":12,"column":78},"end":{"line":14,"column":5}},"line":12},"4":{"name":"(anonymous_4)","decl":{"start":{"line":15,"column":4},"end":{"line":15,"column":5}},"loc":{"start":{"line":15,"column":86},"end":{"line":17,"column":5}},"line":15},"5":{"name":"(anonymous_5)","decl":{"start":{"line":19,"column":4},"end":{"line":19,"column":5}},"loc":{"start":{"line":19,"column":90},"end":{"line":24,"column":5}},"line":19},"6":{"name":"(anonymous_6)","decl":{"start":{"line":25,"column":4},"end":{"line":25,"column":5}},"loc":{"start":{"line":25,"column":96},"end":{"line":30,"column":5}},"line":25},"7":{"name":"(anonymous_7)","decl":{"start":{"line":31,"column":4},"end":{"line":31,"column":5}},"loc":{"start":{"line":31,"column":88},"end":{"line":36,"column":5}},"line":31},"8":{"name":"(anonymous_8)","decl":{"start":{"line":45,"column":4},"end":{"line":45,"column":5}},"loc":{"start":{"line":45,"column":82},"end":{"line":47,"column":5}},"line":45},"9":{"name":"(anonymous_9)","decl":{"start":{"line":48,"column":4},"end":{"line":48,"column":5}},"loc":{"start":{"line":48,"column":88},"end":{"line":50,"column":5}},"line":48},"10":{"name":"(anonymous_10)","decl":{"start":{"line":51,"column":4},"end":{"line":51,"column":5}},"loc":{"start":{"line":51,"column":80},"end":{"line":53,"column":5}},"line":51}},"branchMap":{"0":{"loc":{"start":{"line":2,"column":22},"end":{"line":4,"column":1}},"type":"binary-expr","locations":[{"start":{"line":2,"column":23},"end":{"line":2,"column":27}},{"start":{"line":2,"column":31},"end":{"line":2,"column":51}},{"start":{"line":2,"column":56},"end":{"line":4,"column":1}}],"line":2},"1":{"loc":{"start":{"line":3,"column":11},"end":{"line":3,"column":61}},"type":"cond-expr","locations":[{"start":{"line":3,"column":37},"end":{"line":3,"column":40}},{"start":{"line":3,"column":43},"end":{"line":3,"column":61}}],"line":3},"2":{"loc":{"start":{"line":3,"column":12},"end":{"line":3,"column":33}},"type":"binary-expr","locations":[{"start":{"line":3,"column":12},"end":{"line":3,"column":15}},{"start":{"line":3,"column":19},"end":{"line":3,"column":33}}],"line":3}},"s":{"0":1,"1":1,"2":1,"3":1,"4":1,"5":3,"6":0,"7":0,"8":0,"9":0,"10":0,"11":0,"12":0,"13":0,"14":0,"15":0,"16":0,"17":0,"18":0,"19":0,"20":0,"21":0,"22":0,"23":0},"f":{"0":1,"1":3,"2":0,"3":0,"4":0,"5":0,"6":0,"7":0,"8":0,"9":0,"10":0},"b":{"0":[1,1,1],"1":[0,1],"2":[1,1]},"inputSourceMap":{"version":3,"file":"/Volumes/Coding/forest-fire/vuex-plugin-firemodel/src/store/mutations/relationships.ts","sources":["/Volumes/Coding/forest-fire/vuex-plugin-firemodel/src/store/mutations/relationships.ts"],"names":[],"mappings":";;;;;AAIA,8CAAsB;AAET,QAAA,aAAa,GAAG,GAAM,EAAE,CACnC,CAAC;IACC,QAAQ;IACR,6DAAyC,CACvC,KAAK,EACL,OAAqC;QAErC,aAAG,CAAC,GAAG,CAAC,KAAK,EAAE,WAAW,kCACrB,KAAK,CAAC,SAAS,KAClB,CAAC,OAAO,CAAC,aAAa,CAAC,EAAE,OAAO,IAChC,CAAC;IACL,CAAC;IAED,yDAAuC,CACrC,KAAK,EACL,OAAqC;QAErC,aAAG,CAAC,GAAG,CAAC,KAAK,EAAE,WAAW,kCACrB,KAAK,CAAC,SAAS,KAClB,CAAC,OAAO,CAAC,aAAa,CAAC,EAAE,OAAO,IAChC,CAAC;IACL,CAAC;IAED,iEAA2C,CACzC,KAAK,EACL,OAAqC;QAErC,aAAG,CAAC,GAAG,CAAC,KAAK,EAAE,WAAW,kCACrB,KAAK,CAAC,SAAS,KAClB,CAAC,OAAO,CAAC,aAAa,CAAC,EAAE,OAAO,IAChC,CAAC;IACL,CAAC;IAED,eAAe;IACf,qEAA4C,CAC1C,KAAK,EACL,OAAqC;QAErC,MAAM,aAAa,GAAG,OAAO,CAAC,aAAa,CAAC;QAC5C,MAAM,SAAS,iBAAgC,EAAE,EAAK,KAAK,CAAC,SAAS,CAAE,CAAC;QACxE,OAAO,SAAS,CAAC,aAAa,CAAC,CAAC;QAChC,aAAG,CAAC,GAAG,CAAC,KAAK,EAAE,WAAW,EAAE,SAAS,CAAC,CAAC;IACzC,CAAC;IACD,2EAAgD,CAC9C,KAAK,EACL,OAAqC;QAErC,MAAM,aAAa,GAAG,OAAO,CAAC,aAAa,CAAC;QAC5C,MAAM,SAAS,iBAAgC,EAAE,EAAK,KAAK,CAAC,SAAS,CAAE,CAAC;QACxE,OAAO,SAAS,CAAC,aAAa,CAAC,CAAC;QAChC,aAAG,CAAC,GAAG,CAAC,KAAK,EAAE,WAAW,EAAE,SAAS,CAAC,CAAC;IACzC,CAAC;IACD,mEAA4C,CAC1C,KAAK,EACL,OAAqC;QAErC,MAAM,aAAa,GAAG,OAAO,CAAC,aAAa,CAAC;QAC5C,MAAM,SAAS,iBAAgC,EAAE,EAAK,KAAK,CAAC,SAAS,CAAE,CAAC;QACxE,OAAO,SAAS,CAAC,aAAa,CAAC,CAAC;QAChC,aAAG,CAAC,GAAG,CAAC,KAAK,EAAE,WAAW,EAAE,SAAS,CAAC,CAAC;IACzC,CAAC;IAED,WAAW;IACX;;;;;;OAMG;IACH,6DAAwC,CACtC,KAAK,EACL,OAAqC;QAErC,OAAO,KAAK,CAAC,SAAS,CAAC,OAAO,CAAC,aAAa,CAAC,CAAC;IAChD,CAAC;IACD,mEAA4C,CAC1C,KAAK,EACL,OAAqC;QAErC,OAAO,KAAK,CAAC,SAAS,CAAC,OAAO,CAAC,aAAa,CAAC,CAAC;IAChD,CAAC;IACD,2DAAwC,CACtC,KAAK,EACL,OAAqC;QAErC,OAAO,KAAK,CAAC,SAAS,CAAC,OAAO,CAAC,aAAa,CAAC,CAAC;IAChD,CAAC;CACmC,CAAA,CAAC","sourcesContent":["import { MutationTree } from \"vuex\";\nimport { IFiremodelState } from \"../../index\";\nimport { FmCrudMutation } from \"../../types/mutations/FmCrudMutation\";\nimport { IFmLocalRelationshipEvent } from \"firemodel\";\nimport Vue from \"vue\";\n\nexport const relationships = <T>() =>\n  ({\n    // LOCAL\n    [FmCrudMutation.relationshipAddedLocally](\n      state,\n      payload: IFmLocalRelationshipEvent<T>\n    ) {\n      Vue.set(state, \"localOnly\", {\n        ...state.localOnly,\n        [payload.transactionId]: payload\n      });\n    },\n\n    [FmCrudMutation.relationshipSetLocally](\n      state,\n      payload: IFmLocalRelationshipEvent<T>\n    ) {\n      Vue.set(state, \"localOnly\", {\n        ...state.localOnly,\n        [payload.transactionId]: payload\n      });\n    },\n\n    [FmCrudMutation.relationshipRemovedLocally](\n      state,\n      payload: IFmLocalRelationshipEvent<T>\n    ) {\n      Vue.set(state, \"localOnly\", {\n        ...state.localOnly,\n        [payload.transactionId]: payload\n      });\n    },\n\n    // CONFIRMATION\n    [FmCrudMutation.relationshipAddConfirmation](\n      state,\n      payload: IFmLocalRelationshipEvent<T>\n    ) {\n      const transactionId = payload.transactionId;\n      const localOnly: typeof state.localOnly = { ...{}, ...state.localOnly };\n      delete localOnly[transactionId];\n      Vue.set(state, \"localOnly\", localOnly);\n    },\n    [FmCrudMutation.relationshipRemovedConfirmation](\n      state,\n      payload: IFmLocalRelationshipEvent<T>\n    ) {\n      const transactionId = payload.transactionId;\n      const localOnly: typeof state.localOnly = { ...{}, ...state.localOnly };\n      delete localOnly[transactionId];\n      Vue.set(state, \"localOnly\", localOnly);\n    },\n    [FmCrudMutation.relationshipSetConfirmation](\n      state,\n      payload: IFmLocalRelationshipEvent<T>\n    ) {\n      const transactionId = payload.transactionId;\n      const localOnly: typeof state.localOnly = { ...{}, ...state.localOnly };\n      delete localOnly[transactionId];\n      Vue.set(state, \"localOnly\", localOnly);\n    },\n\n    // ROLLBACK\n    /**\n     * Note: this and all rollback mutations remove their\n     * entry from the `localOnly` state hash because the\n     * action which called this will have ensured that the\n     * actual properties that had been set locally were rolled\n     * back already\n     */\n    [FmCrudMutation.relationshipAddRollback](\n      state,\n      payload: IFmLocalRelationshipEvent<T>\n    ) {\n      delete state.localOnly[payload.transactionId];\n    },\n    [FmCrudMutation.relationshipRemovedRollback](\n      state,\n      payload: IFmLocalRelationshipEvent<T>\n    ) {\n      delete state.localOnly[payload.transactionId];\n    },\n    [FmCrudMutation.relationshipSetRollback](\n      state,\n      payload: IFmLocalRelationshipEvent<T>\n    ) {\n      delete state.localOnly[payload.transactionId];\n    }\n  } as MutationTree<IFiremodelState<T>>);\n"]},"_coverageSchema":"1a1c01bbd47fc00a2c39e90264f33305004495a9","hash":"6e1ffa871bf7b7cc4ae4ccbfb923161ba470da06","contentHash":"79524d674f767d8e2d46cf8a987b3bf6ff7abc1c69d92d2529ac2f9a14f0a721"},"/Volumes/Coding/forest-fire/vuex-plugin-firemodel/src/store/actions.ts":{"path":"/Volumes/Coding/forest-fire/vuex-plugin-firemodel/src/store/actions.ts","statementMap":{"0":{"start":{"line":2,"column":0},"end":{"line":2,"column":62}},"1":{"start":{"line":3,"column":16},"end":{"line":3,"column":51}},"2":{"start":{"line":4,"column":24},"end":{"line":4,"column":63}},"3":{"start":{"line":5,"column":0},"end":{"line":5,"column":120}},"4":{"start":{"line":5,"column":25},"end":{"line":5,"column":118}}},"fnMap":{"0":{"name":"(anonymous_0)","decl":{"start":{"line":5,"column":18},"end":{"line":5,"column":19}},"loc":{"start":{"line":5,"column":25},"end":{"line":5,"column":118}},"line":5}},"branchMap":{},"s":{"0":1,"1":1,"2":1,"3":1,"4":3},"f":{"0":3},"b":{},"inputSourceMap":{"version":3,"file":"/Volumes/Coding/forest-fire/vuex-plugin-firemodel/src/store/actions.ts","sources":["/Volumes/Coding/forest-fire/vuex-plugin-firemodel/src/store/actions.ts"],"names":[],"mappings":";;AAAA,oDAA4D;AAC5D,gEAA6D;AAIhD,QAAA,OAAO,GAAG,GAAM,EAAE,CAC7B,CAAC,gCACI,wBAAgB,EAAK,GACrB,6BAAa,EAAK,CACgB,CAAA,CAAC","sourcesContent":["import { firemodelActions } from \"./firemodelActions/index\";\nimport { pluginActions } from \"./localActions/pluginActions\";\nimport { ActionTree } from \"vuex\";\nimport { IFiremodelState } from \"../types\";\n\nexport const actions = <T>() =>\n  ({\n    ...firemodelActions<T>(),\n    ...pluginActions<T>()\n  } as ActionTree<IFiremodelState<T>, T>);\n"]},"_coverageSchema":"1a1c01bbd47fc00a2c39e90264f33305004495a9","hash":"d408206c716d6e97fd7b9d70fa51010385a88d3a","contentHash":"e0c351343bccecdc58e313f6c69d5ab9bf237c8c07897307ec71ca1bc311f678"},"/Volumes/Coding/forest-fire/vuex-plugin-firemodel/src/store/firemodelActions/index.ts":{"path":"/Volumes/Coding/forest-fire/vuex-plugin-firemodel/src/store/firemodelActions/index.ts","statementMap":{"0":{"start":{"line":2,"column":0},"end":{"line":2,"column":62}},"1":{"start":{"line":3,"column":30},"end":{"line":3,"column":62}},"2":{"start":{"line":4,"column":16},"end":{"line":4,"column":34}},"3":{"start":{"line":5,"column":23},"end":{"line":5,"column":48}},"4":{"start":{"line":6,"column":22},"end":{"line":6,"column":46}},"5":{"start":{"line":7,"column":25},"end":{"line":7,"column":52}},"6":{"start":{"line":8,"column":26},"end":{"line":8,"column":54}},"7":{"start":{"line":9,"column":15},"end":{"line":9,"column":32}},"8":{"start":{"line":10,"column":17},"end":{"line":10,"column":36}},"9":{"start":{"line":11,"column":16},"end":{"line":11,"column":34}},"10":{"start":{"line":12,"column":0},"end":{"line":12,"column":447}},"11":{"start":{"line":12,"column":33},"end":{"line":12,"column":446}},"12":{"start":{"line":14,"column":18},"end":{"line":14,"column":20}},"13":{"start":{"line":15,"column":4},"end":{"line":17,"column":7}},"14":{"start":{"line":16,"column":8},"end":{"line":16,"column":60}},"15":{"start":{"line":18,"column":4},"en
[...]
t":{"line":71,"column":57},"end":{"line":71,"column":79}},"line":71},"7":{"name":"(anonymous_7)","decl":{"start":{"line":72,"column":48},"end":{"line":72,"column":49}},"loc":{"start":{"line":72,"column":53},"end":{"line":72,"column":75}},"line":72},"8":{"name":"(anonymous_8)","decl":{"start":{"line":78,"column":49},"end":{"line":78,"column":50}},"loc":{"start":{"line":78,"column":55},"end":{"line":82,"column":9}},"line":78}},"branchMap":{"0":{"loc":{"start":{"line":19,"column":4},"end":{"line":49,"column":5}},"type":"if","locations":[{"start":{"line":19,"column":4},"end":{"line":49,"column":5}},{"start":{"line":19,"column":4},"end":{"line":49,"column":5}}],"line":19},"1":{"loc":{"start":{"line":19,"column":8},"end":{"line":19,"column":52}},"type":"binary-expr","locations":[{"start":{"line":19,"column":8},"end":{"line":19,"column":25}},{"start":{"line":19,"column":29},"end":{"line":19,"column":52}}],"line":19},"2":{"loc":{"start":{"line":35,"column":8},"end":{"line":40,"column":9}},"type":"if","locations":[{"start":{"line":35,"column":8},"end":{"line":40,"column":9}},{"start":{"line":35,"column":8},"end":{"line":40,"column":9}}],"line":35},"3":{"loc":{"start":{"line":57,"column":8},"end":{"line":65,"column":9}},"type":"if","locations":[{"start":{"line":57,"column":8},"end":{"line":65,"column":9}},{"start":{"line":57,"column":8},"end":{"line":65,"column":9}}],"line":57},"4":{"loc":{"start":{"line":59,"column":12},"end":{"line":64,"column":13}},"type":"if","locations":[{"start":{"line":59,"column":12},"end":{"line":64,"column":13}},{"start":{"line":59,"column":12},"end":{"line":64,"column":13}}],"line":59},"5":{"loc":{"start":{"line":74,"column":4},"end":{"line":76,"column":5}},"type":"if","locations":[{"start":{"line":74,"column":4},"end":{"line":76,"column":5}},{"start":{"line":74,"column":4},"end":{"line":76,"column":5}}],"line":74},"6":{"loc":{"start":{"line":77,"column":4},"end":{"line":83,"column":5}},"type":"if","locations":[{"start":{"line":77,"column":4},"end":{"line":83,"column":5}},{"start":{"line":77,"column":4},"end":{"line":83,"column":5}}],"line":77}},"s":{"0":1,"1":1,"2":1,"3":1,"4":1,"5":1,"6":1,"7":0,"8":0,"9":0,"10":0,"11":0,"12":0,"13":0,"14":0,"15":0,"16":0,"17":0,"18":0,"19":0,"20":0,"21":0,"22":0,"23":0,"24":0,"25":0,"26":0,"27":0,"28":0,"29":0,"30":0,"31":0,"32":0,"33":0,"34":0,"35":0,"36":0,"37":0,"38":0,"39":0,"40":0,"41":0,"42":0,"43":0,"44":0,"45":0,"46":0,"47":0,"48":0,"49":0,"50":0,"51":0,"52":1},"f":{"0":0,"1":0,"2":0,"3":0,"4":0,"5":0,"6":0,"7":0,"8":0},"b":{"0":[0,0],"1":[0,0],"2":[0,0],"3":[0,0],"4":[0,0],"5":[0,0],"6":[0,0]},"inputSourceMap":{"version":3,"file":"/Volumes/Coding/forest-fire/vuex-plugin-firemodel/src/abc/api/shared/generalizedQuery.ts","sources":["/Volumes/Coding/forest-fire/vuex-plugin-firemodel/src/abc/api/shared/generalizedQuery.ts"],"names":[],"mappings":";;AAAA,0CASwB;AAExB,gCAA8D;AAC9D,kCAAmC;AACnC,yCAAuD;AACvD,6CAAwC;AACxC,6CAA0C;AAO1C;;;GAGG;AACI,KAAK,UAAU,gBAAgB,CACpC,SAAiC,EACjC,OAA0B,EAC1B,UAAgC,EAChC,cAAoC,EACpC,GAAc,EACd,OAAuB;IAEvB,MAAM,KAAK,GAAG,YAAQ,EAAE,CAAC;IACzB,MAAM,WAAW,GAAG,GAAG,CACrB,KAAK,CAAC,KAAK,EACX,GAAG,CAAC,IAAI,CAAC,QAAQ,CAAC,OAAO,CAAC,KAAK,EAAE,GAAG,CAAC,EACrC,EAAE,CACH,CAAC;IACF,MAAM,OAAO,GAAG,WAAW,CAAC,GAAG,CAAC,CAAC,CAAC,EAAE,CAClC,kBAAM,CAAC,eAAe,CAAC,GAAG,CAAC,KAAK,CAAC,WAAW,EAAE,CAAC,CAAC,CACjD,CAAC;IAEF,IAAI,UAAU,GAAQ,EAAE,CAAC;IACzB,IAAI,KAAiC,CAAC;IAEtC,IAAI,OAAO,KAAK,KAAK,IAAI,GAAG,CAAC,MAAM,CAAC,YAAY,EAAE;QAChD,0CAA0C;QAC1C,UAAU,GAAG,MAAM,UAAU,EAAE,CAAC;QAEhC,MAAM,YAAY,GAAG,UAAU,CAAC,GAAG,CAAC,CAAC,CAAC,EAAE,CACtC,kBAAM,CAAC,eAAe,CAAC,GAAG,CAAC,KAAK,CAAC,WAAW,EAAE,CAAC,CAAC,CACjD,CAAC;QACF,KAAK,GAAG;YACN,OAAO,EAAE,UAAU;YACnB,OAAO;YACP,YAAY;YACZ,QAAQ,EAAE,KAAK,CAAC,IAAI,CAAC,IAAI,GAAG,CAAC,OAAO,CAAC,MAAM,CAAC,GAAG,YAAY,CAAC,CAAC,CAAC;SAC/D,CAAC;QACF,MAAM,YAAY,GAAG,IAAI,aAAS,CAAC,GAAG,EAAE;YACtC,IAAI,EAAE,OAAO;YACb,SAAS;YACT,KAAK;YACL,OAAO;SACR,CAAC,CAAC;QAEH,IAAI,UAAU,CAAC,MAAM,GAAG,CAAC,EAAE;YACzB,KAAK,CAAC,MAAM,CACV,GAAG,GAAG,CAAC,IAAI,CAAC,UAAU,IAAI,mBAAW,CAAC,uBAAuB,EAAE,EAC/D,YAAY,CACb,CAAC;SACH;aAAM;YACL,KAAK,CAAC,MAAM,CACV,GAAG,GAAG,CAAC,IAAI,CAAC,UAAU,IAAI,mBAAW,CAAC,qBAAqB,EAAE,EAC7D,YAAY,CACb,CAAC;SACH;KACF;SAAM;QACL,KAAK,GAAG;YACN,OAAO,EAAE,WAAW;YACpB,OAAO;YACP,YAAY,EAAE,EAAE;YAChB,QAAQ,EAAE,OAAO;SACO,CAAC;KAC5B;IAED,MAAM,aAAa,GAAG,MAAM,cAAc,EAAE,CAAC;IAC7C,MAAM,SAAS,GAAG,aAAa,CAAC,GAAG,CAAC,CAAC,CAAC,EAAE,CACtC,kBAAM,CAAC,eAAe,CAAC,GAAG,CAAC,KAAK,CAAC,WAAW,EAAE,CAAC,CAAC,CACjD,CAAC;IACF,MAAM,MAAM,GAAG,SAAS,CAAC,MAAM,CAAC,CAAC,CAAC,EAAE,CAAC,CAAC,KAAK,CAAC,QAAQ,CAAC,QAAQ,CAAC,CAAC,CAAC,CAAC,CAAC;IAClE,MAAM,SAAS,GAAa,EAAE,CAAC;IAC/B,MAAM,QAAQ,GAAa,EAAE,CAAC;IAC9B,aAAa,CAAC,OAAO,CAAC,GAAG,CAAC,EAAE;QAC1B,MAAM,EAAE,GAAG,kBAAM,CAAC,eAAe,CAAC,GAAG,CAAC,KAAK,CAAC,WAAW,EAAE,GAAG,CAAC,CAAC;QAC9D,IAAI,CAAC,MAAM,CAAC,QAAQ,CAAC,EAAE,CAAC,EAAE;YACxB,MAAM,QAAQ,GAAG,eAAM,CAAC,EAAE,EAAE,KAAK,CAAC,OAAO,CAAC,CAAC;YAC3C,IAAI,uBAAS,CAAC,GAAG,EAAE,QAAQ,CAAC,EAAE;gBAC5B,SAAS,CAAC,IAAI,CAAC,EAAE,CAAC,CAAC;aACpB;iBAAM;gBACL,QAAQ,CAAC,IAAI,CAAC,EAAE,CAAC,CAAC;aACnB;SACF;IACH,CAAC,CAAC,CAAC;IAEH,GAAG,CAAC,gBAAgB,CAAC,IAAI,GAAG,GAAG,CAAC,gBAAgB,CAAC,IAAI,GAAG,SAAS,CAAC,MAAM,CAAC;IACzE,GAAG,CAAC,gBAAgB,CAAC,MAAM;QACzB,GAAG,CAAC,gBAAgB,CAAC,MAAM,GAAG,QAAQ,CAAC,MAAM,GAAG,MAAM,CAAC,MAAM,CAAC;IAEhE,QAAQ;IACR,MAAM,aAAa,GAAG,KAAK,CAAC,YAAY,CAAC,MAAM,CAAC,CAAC,CAAC,EAAE,CAAC,CAAC,SAAS,CAAC,QAAQ,CAAC,CAAC,CAAC,CAAC,CAAC;IAC7E,MAAM,cAAc,GAAG,KAAK,CAAC,OAAO,CAAC,MAAM,CAAC,CAAC,CAAC,EAAE,CAAC,CAAC,SAAS,CAAC,QAAQ,CAAC,CAAC,CAAC,CAAC,CAAC;IACzE,OAAO,CAAC,GAAG,CAAC,EAAE,aAAa,EAAE,cAAc,EAAE,CAAC,CAAC;IAE/C,IAAI,cAAc,CAAC,MAAM,GAAG,CAAC,EAAE;QAC7B,KAAK,CAAC,MAAM,CACV,GAAG,GAAG,CAAC,IAAI,CAAC,UAAU,IAAI,mBAAW,CAAC,4BAA4B,EAAE,EACpE,EAAE,GAAG,EAAE,cAAc,EAAE,IAAI,EAAE,GAAG,CAAC,IAAI,EAAE,CACxC,CAAC;KACH;IACD,IAAI,aAAa,CAAC,MAAM,GAAG,CAAC,EAAE;QAC5B,GAAG,CAAC,UAAU,CAAC,UAAU,CAAC,QAAQ,CAAC,CAAC,IAAI,CAAC,GAAG,EAAE;YAC5C,iFAAiF;YACjF,+DAA+D;YAC/D,KAAK,CAAC,MAAM,CACV,GAAG,GAAG,CAAC,IAAI,CAAC,UAAU,IAAI,mBAAW,CAAC,2BAA2B,EAAE,EACnE,EAAE,GAAG,EAAE,aAAa,EAAE,IAAI,EAAE,GAAG,CAAC,IAAI,EAAE,CACvC,CAAC;QACJ,CAAC,CAAC,CAAC;KACJ;IAED,MAAM,MAAM,GAA2B;QACrC,OAAO,EAAE,aAAa;QACtB,SAAS;QACT,MAAM;QACN,SAAS;QACT,QAAQ;QACR,aAAa;QACb,cAAc;QACd,uBAAuB,EAAE,GAAG,CAAC,gBAAgB;KAC9C,CAAC;IAEF,MAAM,QAAQ,GAAG,IAAI,aAAS,CAAC,GAAG,EAAE;QAClC,IAAI,EAAE,OAAO;QACb,SAAS;QACT,KAAK;QACL,MAAM;QACN,OAAO;KACR,CAAC,CAAC;IAEH,KAAK,CAAC,MAAM,CACV,GAAG,GAAG,CAAC,IAAI,CAAC,UAAU,IAAI,mBAAW,CAAC,2BAA2B,EAAE,EACnE,QAAQ,CACT,CAAC;IAEF,OAAO,QAAQ,CAAC;AAClB,CAAC;AAnID,4CAmIC","sourcesContent":["import {\n  IAbcAllQueryDefinition,\n  AbcRequestCommand,\n  AbcMutation,\n  IQueryLocalResults,\n  IQueryServerResults,\n  QueryType,\n  IAbcQueryDefinition,\n  IAbcOptions\n} from \"../../../types\";\nimport { AbcApi } from \"../AbcApi\";\nimport { getStore, AbcResult, IQueryOptions } from \"../../..\";\nimport get = require(\"lodash.get\");\nimport { Record, List, IListOptions } from \"firemodel\";\nimport { deepEqual } from \"fast-equals\";\nimport { findPk } from \"../shared/findPk\";\nimport { localRecords } from \"../api-parts/localRecords\";\n\nexport interface IGeneralizedQuery<T> {\n  (): Promise<T[]>;\n}\n\n/**\n * A generalized flow for queries; specific query helpers\n * should use this flow to standarize their approach.\n */\nexport async function generalizedQuery<T>(\n  queryDefn: IAbcQueryDefinition<T>,\n  command: AbcRequestCommand,\n  dexieQuery: IGeneralizedQuery<T>,\n  firemodelQuery: IGeneralizedQuery<T>,\n  ctx: AbcApi<T>,\n  options: IAbcOptions<T>\n) {\n  const store = getStore();\n  const vuexRecords = get<T[]>(\n    store.state,\n    ctx.vuex.fullPath.replace(/\\//g, \".\"),\n    []\n  );\n  const vuexPks = vuexRecords.map(v =>\n    Record.compositeKeyRef(ctx.model.constructor, v)\n  );\n\n  let idxRecords: T[] = [];\n  let local: IQueryLocalResults<T, any>;\n\n  if (command === \"get\" && ctx.config.useIndexedDb) {\n    // Populate Vuex with what IndexedDB knows\n    idxRecords = await dexieQuery();\n\n    const indexedDbPks = idxRecords.map(i =>\n      Record.compositeKeyRef(ctx.model.constructor, i)\n    );\n    local = {\n      records: idxRecords,\n      vuexPks,\n      indexedDbPks,\n      localPks: Array.from(new Set(vuexPks.concat(...indexedDbPks)))\n    };\n    const localResults = new AbcResult(ctx, {\n      type: \"query\",\n      queryDefn,\n      local,\n      options\n    });\n\n    if (idxRecords.length > 0) {\n      store.commit(\n        `${ctx.vuex.moduleName}/${AbcMutation.ABC_LOCAL_QUERY_TO_VUEX}`,\n        localResults\n      );\n    } else {\n      store.commit(\n        `${ctx.vuex.moduleName}/${AbcMutation.ABC_LOCAL_QUERY_EMPTY}`,\n        localResults\n      );\n    }\n  } else {\n    local = {\n      records: vuexRecords,\n      vuexPks,\n      indexedDbPks: [],\n      localPks: vuexPks\n    } as IQueryLocalResults<T>;\n  }\n\n  const serverRecords = await firemodelQuery();\n  const serverPks = serverRecords.map(i =>\n    Record.compositeKeyRef(ctx.model.constructor, i)\n  );\n  const newPks = serverPks.filter(i => !local.localPks.includes(i));\n  const cacheHits: string[] = [];\n  const stalePks: string[] = [];\n  serverRecords.forEach(rec => {\n    const pk = Record.compositeKeyRef(ctx.model.constructor, rec);\n    if (!newPks.includes(pk)) {\n      const localRec = findPk(pk, local.records);\n      if (deepEqual(rec, localRec)) {\n        cacheHits.push(pk);\n      } else {\n        stalePks.push(pk);\n      }\n    }\n  });\n\n  ctx.cachePerformance.hits = ctx.cachePerformance.hits + cacheHits.length;\n  ctx.cachePerformance.misses =\n    ctx.cachePerformance.misses + stalePks.length + newPks.length;\n\n  // PRUNE\n  const removeFromIdx = local.indexedDbPks.filter(i => !serverPks.includes(i));\n  const removeFromVuex = local.vuexPks.filter(i => !serverPks.includes(i));\n  console.log({ removeFromIdx, removeFromVuex });\n\n  if (removeFromVuex.length > 0) {\n    store.commit(\n      `${ctx.vuex.moduleName}/${AbcMutation.ABC_PRUNE_STALE_VUEX_RECORDS}`,\n      { pks: removeFromVuex, vuex: ctx.vuex }\n    );\n  }\n  if (removeFromIdx.length > 0) {\n    ctx.dexieTable.bulkDelete(stalePks).then(() => {\n      // NOTE: this is making the async component (which will be short) not part of the\n      // critical path for this query's completion. This is intended.\n      store.commit(\n        `${ctx.vuex.moduleName}/${AbcMutation.ABC_PRUNE_STALE_IDX_RECORDS}`,\n        { pks: removeFromIdx, vuex: ctx.vuex }\n      );\n    });\n  }\n\n  const server: IQueryServerResults<T> = {\n    records: serverRecords,\n    serverPks,\n    newPks,\n    cacheHits,\n    stalePks,\n    removeFromIdx,\n    removeFromVuex,\n    overallCachePerformance: ctx.cachePerformance\n  };\n\n  const response = new AbcResult(ctx, {\n    type: \"query\",\n    queryDefn,\n    local,\n    server,\n    options\n  });\n\n  store.commit(\n    `${ctx.vuex.moduleName}/${AbcMutation.ABC_FIREBASE_TO_VUEX_UPDATE}`,\n    response\n  );\n\n  return response;\n}\n"]},"_coverageSchema":"1a1c01bbd47fc00a2c39e90264f33305004495a9","hash":"a827d92ce0fa0ab6f5c22c651adcba47f10f1fd6","contentHash":"2589f9560564954d5c32d6e3e425cfa2f1fdec7463829afa3d240b773992174e"},"/Volumes/Coding/forest-fire/vuex-plugin-firemodel/src/abc/api/queryHelpers/since.ts":{"path":"/Volumes/Coding/forest-fire/vuex-plugin-firemodel/src/abc/api/queryHelpers/since.ts","statementMap":{"0":{"start":{"line":2,"column":0},"end":{"line":2,"column":62}},"1":{"start":{"line":8,"column":12},"end":{"line":12,"column":1}},"2":{"start":{"line":9,"column":4},"end":{"line":11,"column":6}},"3":{"start":{"line":10,"column":8},"end":{"line":10,"column":43}},"4":{"start":{"line":13,"column":0},"end":{"line":13,"column":22}},"5":{"start":{"line":14,"column":0},"end":{"line":14,"column":37}}},"fnMap":{"0":{"name":"since","decl":{"start":{"line":8,"column":21},"end":{"line":8,"column":26}},"loc":{"start":{"line":8,"column":33},"end":{"line":12,"column":1}},"line":8},"1":{"name":"all","decl":{"start":{"line":9,"column":20},"end":{"line":9,"column":23}},"loc":{"start":{"line":9,"column":30},"end":{"line":11,"column":5}},"line":9},"2":{"name":"(anonymous_2)","decl":{"start":{"line":10,"column":15},"end":{"line":10,"column":16}},"loc":{"start":{"line":10,"column":39},"end":{"line":10,"column":42}},"line":10}},"branchMap":{},"s":{"0":1,"1":1,"2":0,"3":0,"4":1,"5":1},"f":{"0":0,"1":0,"2":0},"b":{},"inputSourceMap":{"version":3,"file":"/Volumes/Coding/forest-fire/vuex-plugin-firemodel/src/abc/api/queryHelpers/since.ts","sources":["/Volumes/Coding/forest-fire/vuex-plugin-firemodel/src/abc/api/queryHelpers/since.ts"],"names":[],"mappings":";;AASA;;;;GAIG;AACH,IAAI,KAAK,GAAG,SAAS,KAAK,CACxB,IAAoD;IAEpD,OAAO,SAAS,GAAG,CAAI,IAAmD;QACxE,OAAO,KAAK,EAAE,OAA0B,EAAE,GAAc,EAAE,EAAE,GAAE,CAAC,CAAC;IAClE,CAAC,CAAC;AACJ,CAAC,CAAC;AAIO,sBAAK;AAFd,KAAK,CAAC,SAAS,CAAC,aAAa,GAAG,IAAI,CAAC","sourcesContent":["import { AbcApi } from \"../AbcApi\";\nimport { IDictionary } from \"common-types\";\nimport { Model } from \"firemodel\";\nimport {\n  AbcRequestCommand,\n  IAbcSinceQueryDefinition,\n  IAbcAllQueryDefinition\n} from \"../../../types\";\n\n/**\n * **since**\n *\n * Gets all records _since_ a certain timestamp (`epoch` with milliseconds)\n */\nlet since = function since<T extends Model = IDictionary>(\n  defn: Omit<IAbcSinceQueryDefinition<T>, \"queryType\">\n) {\n  return function all<T>(defn?: Omit<IAbcAllQueryDefinition<T>, \"queryType\">) {\n    return async (command: AbcRequestCommand, ctx: AbcApi<T>) => {};\n  };\n};\n\nsince.prototype.isQueryHelper = true;\n\nexport { since };\n"]},"_coverageSchema":"1a1c01bbd47fc00a2c39e90264f33305004495a9","hash":"9244398caceb69e9231af79cc2c5330a5dfc3c1b","contentHash":"d806049852b98cabd34c9edfabb2cf7750cf156f584d23a0c48c6dd93ed8b5a4"},"/Volumes/Coding/forest-fire/vuex-plugin-firemodel/src/abc/api/queryHelpers/where.ts":{"path":"/Volumes/Coding/forest-fire/vuex-plugin-firemodel/src/abc/api/queryHelpers/where.ts","statementMap":{"0":{"start":{"line":2,"column":0},"end":{"line":2,"column":62}},"1":{"start":{"line":3,"column":16},"end":{"line":3,"column":41}},"2":{"start":{"line":4,"column":20},"end":{"line":4,"column":40}},"3":{"start":{"line":5,"column":17},"end":{"line":5,"column":37}},"4":{"start":{"line":11,"column":12},"end":{"line":32,"column":1}},"5":{"start":{"line":12,"column":4},"end":{"line":12,"column":90}},"6":{"start":{"line":13,"column":4},"end":{"line":31,"column":6}},"7":{"start":{"line":15,"column":24},"end":{"line":19,"column":38}},"8":{"start":{"line":21,"column":27},"end":{"line":24,"column":9}},"9":{"start":{"line":22,"column":25},"end":{"line":22,"column":74}},"10":{"start":{"line":23,"column":12},"end":{"line":23,"column":24}},"11":{"start":{"line":26,"column":31},"end":{"line":29,"column":9}},"12":{"start":{"line":27,"column":25},"end":{"line":27,"column":100}},"13":{"start":{"line":28,"column":12},"end":{"line":28,"column":29}},"14":{"start":{"line":30,"column":8},"end":{"line":30,"column":98}},"15":{"start":{"line":33,"column":0},"end":{"line":33,"column":22}},"16":{"start":{"line":34,"column":0},"end":{"line":34,"column":37}}},"fnMap":{"0":{"name":"where","decl":{"start":{"line":11,"column":21},"end":{"line":11,"column":26}},"loc":{"start":{"line":11,"column":47},"end":{"line":32,"column":1}},"line":11},"1":{"name":"(anonymous_1)","decl":{"start":{"line":13,"column":11},"end":{"line":13,"column":12}},"loc":{"start":{"line":13,"column":35},"end":{"line":31,"column":5}},"line":13},"2":{"name":"(anonymous_2)","decl":{"start":{"line":21,"column":27},"end":{"line":21,"column":28}},"loc":{"start":{"line":21,"column":39},"end":{"line":24,"column":9}},"line":21},"3":{"name":"(anonymous_3)","decl":{"start":{"line":26,"column":31},"end":{"line":26,"column":32}},"loc":{"start":{"line":26,"column":43},"end":{"line":29,"column":9}},"line":26}},"branchMap":{"0":{"loc":{"start":{"line":11,"column":33},"end":{"line":11,"column":45}},"type":"default-arg","locations":[{"start":{"line":11,"column":43},"end":{"line":11,"column":45}}],"line":11},"1":{"loc":{"start":{"line":15,"column":24},"end":{"line":19,"column":38}},"type":"cond-expr","locations":[{"start":{"line":16,"column":14},"end":{"line":16,"column":25}},{"start":{"line":17,"column":14},"end":{"line":19,"column":38}}],"line":15},"2":{"loc":{"start":{"line":17,"column":14},"end":{"line":19,"column":38}},"type":"cond-expr","locations":[{"start":{"line":18,"column":18},"end":{"line":18,"column":41}},{"start":{"line":19,"column":18},"end":{"line":19,"column":38}}],"line":17}},"s":{"0":1,"1":1,"2":1,"3":1,"4":1,"5":0,"6":0,"7":0,"8":0,"9":0,"10":0,"11":0,"12":0,"13":0,"14":0,"15":1,"16":1},"f":{"0":0,"1":0,"2":0,"3":0},"b":{"0":[0],"1":[0,0],"2":[0,0]},"inputSourceMap":{"version":3,"file":"/Volumes/Coding/forest-fire/vuex-plugin-firemodel/src/abc/api/queryHelpers/where.ts","sources":["/Volumes/Coding/forest-fire/vuex-plugin-firemodel/src/abc/api/queryHelpers/where.ts"],"names":[],"mappings":";;AAAA,0CAA8D;AAQ9D,yCAAuE;AACvE,sCAA6C;AAE7C;;;;GAIG;AACH,IAAI,KAAK,GAAG,SAAS,KAAK,CACxB,IAEkE,EAClE,UAA4B,EAAE;IAE9B,IAAI,mCAAQ,IAAI,KAAE,SAAS,EAAE,iBAAS,CAAC,KAAK,GAAE,CAAC;IAC/C,OAAO,KAAK,EACV,OAA0B,EAC1B,GAAc,EACS,EAAE;QACzB,qCAAqC;QACrC,MAAM,OAAO,GACX,IAAI,CAAC,MAAM,KAAK,SAAS;YACvB,CAAC,CAAC,IAAI,CAAC,MAAM;YACb,CAAC,CAAC,IAAI,CAAC,WAAW,KAAK,SAAS;gBAChC,CAAC,CAAC,CAAC,GAAG,EAAE,IAAI,CAAC,WAAW,CAAC;gBACzB,CAAC,CAAC,CAAC,GAAG,EAAE,IAAI,CAAC,QAAQ,CAAC,CAAC;QAC3B,iCAAiC;QACjC,MAAM,UAAU,GAAG,KAAK,IAAI,EAAE;YAC5B,MAAM,IAAI,GAAG,MAAM,GAAG,CAAC,SAAS,CAAC,KAAK,CAAC,IAAI,CAAC,QAAQ,EAAE,OAAO,CAAC,CAAC;YAE/D,OAAO,IAAI,CAAC;QACd,CAAC,CAAC;QACF,gCAAgC;QAChC,MAAM,cAAc,GAAG,KAAK,IAAI,EAAE;YAChC,MAAM,IAAI,GAAG,MAAM,gBAAI,CAAC,KAAK,CAC3B,GAAG,CAAC,KAAK,CAAC,WAAW,EACrB,IAAI,CAAC,QAAQ,EACb,OAAO,CACR,CAAC;YACF,OAAO,IAAI,CAAC,IAAI,CAAC;QACnB,CAAC,CAAC;QAEF,OAAO,yBAAgB,CACrB,IAAI,EACJ,OAAO,EACP,UAAU,EACV,cAAc,EACd,GAAG,EACH,OAAO,CACR,CAAC;IACJ,CAAC,CAAC;AACJ,CAAC,CAAC;AAIO,sBAAK;AAFd,KAAK,CAAC,SAAS,CAAC,aAAa,GAAG,IAAI,CAAC","sourcesContent":["import { AbcRequestCommand, QueryType } from \"../../../types\";\nimport { AbcApi } from \"../AbcApi\";\nimport {\n  getStore,\n  AbcResult,\n  IQueryOptions,\n  IAbcWhereQueryDefinition\n} from \"../../..\";\nimport { List, Model, PropType, IComparisonOperator } from \"firemodel\";\nimport { generalizedQuery } from \"../shared\";\n\n/**\n * Offers a configuration to consumers of the standard _where_ clause that Firebase\n * provides and then provides an implementation that is aligned with the ABC `get`\n * and `load` endpoints.\n */\nlet where = function where<T extends Model, K extends keyof T>(\n  defn:\n    | IAbcWhereQueryDefinition<T>\n    | (IAbcWhereQueryDefinition<T> & { queryType: QueryType.where }),\n  options: IQueryOptions<T> = {}\n) {\n  defn = { ...defn, queryType: QueryType.where };\n  return async (\n    command: AbcRequestCommand,\n    ctx: AbcApi<T>\n  ): Promise<AbcResult<T>> => {\n    // The value and operation to be used\n    const valueOp: PropType<T, K> | [IComparisonOperator, PropType<T, K>] =\n      defn.equals !== undefined\n        ? defn.equals\n        : defn.greaterThan !== undefined\n        ? [\">\", defn.greaterThan]\n        : [\"<\", defn.lessThan];\n    // The query to use for IndexedDB\n    const dexieQuery = async () => {\n      const recs = await ctx.dexieList.where(defn.property, valueOp);\n\n      return recs;\n    };\n    // The query to use for Firebase\n    const firemodelQuery = async () => {\n      const list = await List.where(\n        ctx.model.constructor,\n        defn.property,\n        valueOp\n      );\n      return list.data;\n    };\n\n    return generalizedQuery(\n      defn,\n      command,\n      dexieQuery,\n      firemodelQuery,\n      ctx,\n      options\n    );\n  };\n};\n\nwhere.prototype.isQueryHelper = true;\n\nexport { where };\n"]},"_coverageSchema":"1a1c01bbd47fc00a2c39e90264f33305004495a9","hash":"74a4de6a9ec66f6998933659a1636cd474d389e1","contentHash":"8b34fb54e20781c6888faba5862eff9923da2ef01275e0c5884db8132b4e0280"}}