{"/Volumes/Coding/forest-fire/vuex-plugin-firemodel/dist/cjs/abc/api/AbcApi.js":{"path":"/Volumes/Coding/forest-fire/vuex-plugin-firemodel/dist/cjs/abc/api/AbcApi.js","statementMap":{"0":{"start":{"line":2,"column":0},"end":{"line":2,"column":62}},"1":{"start":{"line":3,"column":20},"end":{"line":3,"column":40}},"2":{"start":{"line":4,"column":14},"end":{"line":4,"column":40}},"3":{"start":{"line":5,"column":20},"end":{"line":5,"column":57}},"4":{"start":{"line":6,"column":17},"end":{"line":6,"column":40}},"5":{"start":{"line":7,"column":17},"end":{"line":7,"column":40}},"6":{"start":{"line":8,"column":23},"end":{"line":8,"column":58}},"7":{"start":{"line":9,"column":16},"end":{"line":9,"column":45}},"8":{"start":{"line":10,"column":20},"end":{"line":10,"column":42}},"9":{"start":{"line":11,"column":24},"end":{"line":11,"column":57}},"10":{"start":{"line":12,"column":23},"end":{"line":12,"column":46}},"11":{"start":{"line":20,"column":8},"end":{"line":20,"column":28}},"12":{"start":{"line":21,"column":8},"end":{"line":21,"column":30}},"13":{"start":{"line":22,"column":8},"end":{"line":22,"column":31}},"14":{"start":{"line":26,"column":8},"end":{"line":26,"column":39}},"15":{"start":{"line":27,"column":8},"end":{"line":27,"column":99}},"16":{"start":{"line":28,"column":20},"end":{"line":28,"column":69}},"17":{"start":{"line":29,"column":8},"end":{"line":31,"column":20}},"18":{"start":{"line":32,"column":8},"end":{"line":32,"column":38}},"19":{"start":{"line":33,"column":8},"end":{"line":37,"column":10}},"20":{"start":{"line":38,"column":8},"end":{"line":38,"column":35}},"21":{"start":{"line":39,"column":8},"end":{"line":39,"column":30}},"22":{"start":{"line":46,"column":8},"end":{"line":46,"column":74}},"23":{"start":{"line":52,"column":26},"end":{"line":52,"column":50}},"24":{"start":{"line":53,"column":8},"end":{"line":55,"column":9}},"25":{"start":{"line":54,"column":12},"end":{"line":54,"column":142}},"26":{"start":{"line":56,"column":8},"end":{"line":56,"column":49}},"27":{"start":{"line":57,"column":8},"end":{"line":57,"column":21}},"28":{"start":{"line":64,"column":8},"end":{"line":64,"column":50}},"29":{"start":{"line":70,"column":8},"end":{"line":72,"column":66}},"30":{"start":{"line":71,"column":25},"end":{"line":71,"column":69}},"31":{"start":{"line":72,"column":22},"end":{"line":72,"column":64}},"32":{"start":{"line":78,"column":18},"end":{"line":78,"column":50}},"33":{"start":{"line":79,"column":21},"end":{"line":79,"column":53}},"34":{"start":{"line":80,"column":8},"end":{"line":82,"column":9}},"35":{"start":{"line":81,"column":12},"end":{"line":81,"column":151}},"36":{"start":{"line":83,"column":8},"end":{"line":83,"column":43}},"37":{"start":{"line":89,"column":24},"end":{"line":89,"column":26}},"38":{"start":{"line":90,"column":8},"end":{"line":95,"column":11}},"39":{"start":{"line":91,"column":24},"end":{"line":91,"column":88}},"40":{"start":{"line":92,"column":12},"end":{"line":94,"column":13}},"41":{"start":{"line":93,"column":16},"end":{"line":93,"column":53}},"42":{"start":{"line":96,"column":8},"end":{"line":96,"column":35}},"43":{"start":{"line":97,"column":8},"end":{"line":97,"column":35}},"44":{"start":{"line":98,"column":8},"end":{"line":100,"column":9}},"45":{"start":{"line":99,"column":12},"end":{"line":99,"column":32}},"46":{"start":{"line":103,"column":8},"end":{"line":103,"column":39}},"47":{"start":{"line":110,"column":23},"end":{"line":110,"column":56}},"48":{"start":{"line":111,"column":8},"end":{"line":119,"column":9}},"49":{"start":{"line":112,"column":12},"end":{"line":112,"column":76}},"50":{"start":{"line":113,"column":12},"end":{"line":115,"column":13}},"51":{"start":{"line":114,"column":16},"end":{"line":114,"column":45}},"52":{"start":{"line":118,"column":12},"end":{"line":118,"column":66}},"53":{"start":{"line":126,"column":8},"end":{"line":126,"column":106}},"54":{"start":{"line":133,"column":8},"end":{"line":145,"column":10}},"55":{"start":{"line":151,"column":8},"end":{"line":180,"column":10}},"56":{"start":{"line":187,"column":8},"end":{"line":194,"column":10}},"57":{"start":{"line":202,"column":8},"end":{"line":207,"column":9}},"58":{"start":{"line":203,"column":12},"end":{"line":203,"column":61}},"59":{"start":{"line":206,"column":12},"end":{"line":206,"column":40}},"60":{"start":{"line":213,"column":22},"end":{"line":213,"column":40}},"61":{"start":{"line":214,"column":27},"end":{"line":214,"column":106}},"62":{"start":{"line":214,"column":44},"end":{"line":214,"column":105}},"63":{"start":{"line":215,"column":22},"end":{"line":215,"column":91}},"64":{"start":{"line":216,"column":8},"end":{"line":216,"column":45}},"65":{"start":{"line":217,"column":8},"end":{"line":217,"column":49}},"66":{"start":{"line":218,"column":22},"end":{"line":218,"column":115}},"67":{"start":{"line":219,"column":8},"end":{"line":221,"column":9}},"68":{"start":{"line":220,"column":12},"end":{"line":220,"column":312}},"69":{"start":{"line":222,"column":28},"end":{"line":226,"column":10}},"70":{"start":{"line":227,"column":8},"end":{"line":239,"column":9}},"71":{"start":{"line":229,"column":12},"end":{"line":229,"column":99}},"72":{"start":{"line":231,"column":13},"end":{"line":239,"column":9}},"73":{"start":{"line":233,"column":12},"end":{"line":238,"column":13}},"74":{"start":{"line":234,"column":16},"end":{"line":234,"column":115}},"75":{"start":{"line":237,"column":16},"end":{"line":237,"column":110}},"76":{"start":{"line":240,"column":8},"end":{"line":242,"column":9}},"77":{"start":{"line":241,"column":12},"end":{"line":241,"column":31}},"78":{"start":{"line":243,"column":23},"end":{"line":243,"column":100}},"79":{"start":{"line":244,"column":30},"end":{"line":249,"column":10}},"80":{"start":{"line":251,"column":8},"end":{"line":253,"column":9}},"81":{"start":{"line":252,"column":12},"end":{"line":252,"column":116}},"82":{"start":{"line":255,"column":8},"end":{"line":269,"column":9}},"83":{"start":{"line":256,"column":12},"end":{"line":268,"column":13}},"84":{"start":{"line":257,"column":32},"end":{"line":257,"column":34}},"85":{"start":{"line":258,"column":28},"end":{"line":258,"column":48}},"86":{"start":{"line":259,"column":16},"end":{"line":262,"column":19}},"87":{"start":{"line":260,"column":35},"end":{"line":260,"column":133}},"88":{"start":{"line":261,"column":20},"end":{"line":261,"column":62}},"89":{"start":{"line":263,"column":16},"end":{"line":263,"column":43}},"90":{"start":{"line":264,"column":16},"end":{"line":264,"column":124}},"91":{"start":{"line":267,"column":16},"end":{"line":267,"column":206}},"92":{"start":{"line":270,"column":8},"end":{"line":275,"column":11}},"93":{"start":{"line":281,"column":19},"end":{"line":281,"column":68}},"94":{"start":{"line":282,"column":8},"end":{"line":284,"column":9}},"95":{"start":{"line":283,"column":12},"end":{"line":283,"column":211}},"96":{"start":{"line":285,"column":8},"end":{"line":285,"column":18}},"97":{"start":{"line":291,"column":8},"end":{"line":291,"column":28}},"98":{"start":{"line":294,"column":8},"end":{"line":294,"column":38}},"99":{"start":{"line":300,"column":8},"end":{"line":300,"column":56}},"100":{"start":{"line":306,"column":8},"end":{"line":306,"column":57}},"101":{"start":{"line":312,"column":8},"end":{"line":312,"column":55}},"102":{"start":{"line":315,"column":8},"end":{"line":317,"column":9}},"103":{"start":{"line":316,"column":12},"end":{"line":316,"column":208}},"104":{"start":{"line":318,"column":8},"end":{"line":320,"column":9}},"105":{"start":{"line":319,"column":12},"end":{"line":319,"column":224}},"106":{"start":{"line":321,"column":8},"end":{"line":321,"column":31}},"107":{"start":{"line":327,"column":8},"end":{"line":327,"column":41}},"108":{"start":{"line":335,"column":8},"end":{"line":340,"column":9}},"109":{"start":{"line":336,"column":12},"end":{"line":336,"column":62}},"110":{"start":{"line":339,"column":12},"end":{"line":339,"column":40}},"111":{"start":{"line":346,"column":8},"end":{"line":346,"column":18}},"112":{"start":{"line":349,"column":8},"end":{"line":353,"column":10}},"113":{"start":{"line":356,"column":8},"end":{"line":356,"column":141}},"114":{"start":{"line":359,"column":0},"end":{"line":359,"column":24}},"115":{"start":{"line":364,"column":0},"end":{"line":364,"column":27}}},"fnMap":{"0":{"name":"(anonymous_0)","decl":{"start":{"line":18,"column":4},"end":{"line":18,"column":5}},"loc":{"start":{"line":18,"column":36},"end":{"line":40,"column":5}},"line":18},"1":{"name":"(anonymous_1)","decl":{"start":{"line":45,"column":4},"end":{"line":45,"column":5}},"loc":{"start":{"line":45,"column":36},"end":{"line":47,"column":5}},"line":45},"2":{"name":"(anonymous_2)","decl":{"start":{"line":51,"column":4},"end":{"line":51,"column":5}},"loc":{"start":{"line":51,"column":27},"end":{"line":58,"column":5}},"line":51},"3":{"name":"(anonymous_3)","decl":{"start":{"line":63,"column":4},"end":{"line":63,"column":5}},"loc":{"start":{"line":63,"column":43},"end":{"line":65,"column":5}},"line":63},"4":{"name":"(anonymous_4)","decl":{"start":{"line":69,"column":4},"end":{"line":69,"column":5}},"loc":{"start":{"line":69,"column":44},"end":{"line":73,"column":5}},"line":69},"5":{"name":"(anonymous_5)","decl":{"start":{"line":71,"column":20},"end":{"line":71,"column":21}},"loc":{"start":{"line":71,"column":25},"end":{"line":71,"column":69}},"line":71},"6":{"name":"(anonymous_6)","decl":{"start":{"line":72,"column":17},"end":{"line":72,"column":18}},"loc":{"start":{"line":72,"column":22},"end":{"line":72,"column":64}},"line":72},"7":{"name":"(anonymous_7)","decl":{"start":{"line":77,"column":4},"end":{"line":77,"column":5}},"loc":{"start":{"line":77,"column":30},"end":{"line":84,"column":5}},"line":77},"8":{"name":"(anonymous_8)","decl":{"start":{"line":88,"column":4},"end":{"line":88,"column":5}},"loc":{"start":{"line":88,"column":25},"end":{"line":101,"column":5}},"line":88},"9":{"name":"(anonymous_9)","decl":{"start":{"line":90,"column":51},"end":{"line":90,"column":52}},"loc":{"start":{"line":90,"column":58},"end":{"line":95,"column":9}},"line":90},"10":{"name":"(anonymous_10)","decl":{"start":{"line":102,"column":4},"end":{"line":102,"column":5}},"loc":{"start":{"line":102,"column":24},"end":{"line":104,"column":5}},"line":102},"11":{"name":"(anonymous_11)","decl":{"start":{"line":109,"column":4},"end":{"line":109,"column":5}},"loc":{"start":{"line":109,"column":36},"end":{"line":120,"column":5}},"line":109},"12":{"name":"(anonymous_12)","decl":{"start":{"line":125,"column":4},"end":{"line":125,"column":5}},"loc":{"start":{"line":125,"column":16},"end":{"line":127,"column":5}},"line":125},"13":{"name":"(anonymous_13)","decl":{"start":{"line":132,"column":4},"end":{"line":132,"column":5}},"loc":{"start":{"line":132,"column":16},"end":{"line":146,"column":5}},"line":132},"14":{"name":"(anonymous_14)","decl":{"start":{"line":150,"column":4},"end":{"line":150,"column":5}},"loc":{"start":{"line":150,"column":15},"end":{"line":181,"column":5}},"line":150},"15":{"name":"(anonymous_15)","decl":{"start":{"line":186,"column":4},"end":{"line":186,"column":5}},"loc":{"start":{"line":186,"column":27},"end":{"line":195,"column":5}},"line":186},"16":{"name":"(anonymous_16)","decl":{"start":{"line":201,"column":4},"end":{"line":201,"column":5}},"loc":{"start":{"line":201,"column":37},"end":{"line":208,"column":5}},"line":201},"17":{"name":"(anonymous_17)","decl":{"start":{"line":212,"column":4},"end":{"line":212,"column":5}},"loc":{"start":{"line":212,"column":54},"end":{"line":276,"column":5}},"line":212},"18":{"name":"(anonymous_18)","decl":{"start":{"line":214,"column":39},"end":{"line":214,"column":40}},"loc":{"start":{"line":214,"column":44},"end":{"line":214,"column":105}},"line":214},"19":{"name":"(anonymous_19)","decl":{"start":{"line":259,"column":39},"end":{"line":259,"column":40}},"loc":{"start":{"line":259,"column":49},"end":{"line":262,"column":17}},"line":259},"20":{"name":"(anonymous_20)","decl":{"start":{"line":280,"column":4},"end":{"line":280,"column":5}},"loc":{"start":{"line":280,"column":13},"end":{"line":286,"column":5}},"line":280},"21":{"name":"(anonymous_21)","decl":{"start":{"line":290,"column":4},"end":{"line":290,"column":5}},"loc":{"start":{"line":290,"column":17},"end":{"line":292,"column":5}},"line":290},"22":{"name":"(anonymous_22)","decl":{"start":{"line":293,"column":4},"end":{"line":293,"column":5}},"loc":{"start":{"line":293,"column":22},"end":{"line":295,"column":5}},"line":293},"23":{"name":"(anonymous_23)","decl":{"start":{"line":299,"column":4},"end":{"line":299,"column":5}},"loc":{"start":{"line":299,"column":21},"end":{"line":301,"column":5}},"line":299},"24":{"name":"(anonymous_24)","decl":{"start":{"line":305,"column":4},"end":{"line":305,"column":5}},"loc":{"start":{"line":305,"column":22},"end":{"line":307,"column":5}},"line":305},"25":{"name":"(anonymous_25)","decl":{"start":{"line":311,"column":4},"end":{"line":311,"column":5}},"loc":{"start":{"line":311,"column":20},"end":{"line":313,"column":5}},"line":311},"26":{"name":"(anonymous_26)","decl":{"start":{"line":314,"column":4},"end":{"line":314,"column":5}},"loc":{"start":{"line":314,"column":16},"end":{"line":322,"column":5}},"line":314},"27":{"name":"(anonymous_27)","decl":{"start":{"line":326,"column":4},"end":{"line":326,"column":5}},"loc":{"start":{"line":326,"column":25},"end":{"line":328,"column":5}},"line":326},"28":{"name":"(anonymous_28)","decl":{"start":{"line":334,"column":4},"end":{"line":334,"column":5}},"loc":{"start":{"line":334,"column":38},"end":{"line":341,"column":5}},"line":334},"29":{"name":"(anonymous_29)","decl":{"start":{"line":345,"column":4},"end":{"line":345,"column":5}},"loc":{"start":{"line":345,"column":18},"end":{"line":347,"column":5}},"line":345},"30":{"name":"(anonymous_30)","decl":{"start":{"line":348,"column":4},"end":{"line":348,"column":5}},"loc":{"start":{"line":348,"column":13},"end":{"line":354,"column":5}},"line":348},"31":{"name":"(anonymous_31)","decl":{"start":{"line":355,"column":4},"end":{"line":355,"column":5}},"loc":{"start":{"line":355,"column":15},"end":{"line":357,"column":5}},"line":355}},"branchMap":{"0":{"loc":{"start":{"line":18,"column":23},"end":{"line":18,"column":34}},"type":"default-arg","locations":[{"start":{"line":18,"column":32},"end":{"line":18,"column":34}}],"line":18},"1":{"loc":{"start":{"line":29,"column":38},"end":{"line":31,"column":19}},"type":"cond-expr","locations":[{"start":{"line":30,"column":14},"end":{"line":30,"column":39}},{"start":{"line":31,"column":14},"end":{"line":31,"column":19}}],"line":29},"2":{"loc":{"start":{"line":46,"column":15},"end":{"line":46,"column":73}},"type":"cond-expr","locations":[{"start":{"line":46,"column":61},"end":{"line":46,"column":65}},{"start":{"line":46,"column":68},"end":{"line":46,"column":73}}],"line":46},"3":{"loc":{"start":{"line":46,"column":15},"end":{"line":46,"column":58}},"type":"binary-expr","locations":[{"start":{"line":46,"column":15},"end":{"line":46,"column":30}},{"start":{"line":46,"column":34},"end":{"line":46,"column":58}}],"line":46},"4":{"loc":{"start":{"line":53,"column":8},"end":{"line":55,"column":9}},"type":"if","locations":[{"start":{"line":53,"column":8},"end":{"line":55,"column":9}},{"start":{"line":53,"column":8},"end":{"line":55,"column":9}}],"line":53},"5":{"loc":{"start":{"line":80,"column":8},"end":{"line":82,"column":9}},"type":"if","locations":[{"start":{"line":80,"column":8},"end":{"line":82,"column":9}},{"start":{"line":80,"column":8},"end":{"line":82,"column":9}}],"line":80},"6":{"loc":{"start":{"line":92,"column":12},"end":{"line":94,"column":13}},"type":"if","locations":[{"start":{"line":92,"column":12},"end":{"line":94,"column":13}},{"start":{"line":92,"column":12},"end":{"line":94,"column":13}}],"line":92},"7":{"loc":{"start":{"line":98,"column":8},"end":{"line":100,"column":9}},"type":"if","locations":[{"start":{"line":98,"column":8},"end":{"line":100,"column":9}},{"start":{"line":98,"column":8},"end":{"line":100,"column":9}}],"line":98},"8":{"loc":{"start":{"line":111,"column":8},"end":{"line":119,"column":9}},"type":"if","locations":[{"start":{"line":111,"column":8},"end":{"line":119,"column":9}},{"start":{"line":111,"column":8},"end":{"line":119,"column":9}}],"line":111},"9":{"loc":{"start":{"line":113,"column":12},"end":{"line":115,"column":13}},"type":"if","locations":[{"start":{"line":113,"column":12},"end":{"line":115,"column":13}},{"start":{"line":113,"column":12},"end":{"line":115,"column":13}}],"line":113},"10":{"loc":{"start":{"line":160,"column":24},"end":{"line":160,"column":84}},"type":"cond-expr","locations":[{"start":{"line":160,"column":45},"end":{"line":160,"column":62}},{"start":{"line":160,"column":65},"end":{"line":160,"column":84}}],"line":160},"11":{"loc":{"start":{"line":165,"column":25},"end":{"line":167,"column":53}},"type":"cond-expr","locations":[{"start":{"line":166,"column":18},"end":{"line":166,"column":41}},{"start":{"line":167,"column":18},"end":{"line":167,"column":53}}],"line":165},"12":{"loc":{"start":{"line":165,"column":25},"end":{"line":165,"column":69}},"type":"binary-expr","locations":[{"start":{"line":165,"column":25},"end":{"line":165,"column":47}},{"start":{"line":165,"column":51},"end":{"line":165,"column":69}}],"line":165},"13":{"loc":{"start":{"line":171,"column":27},"end":{"line":173,"column":20}},"type":"cond-expr","locations":[{"start":{"line":172,"column":18},"end":{"line":172,"column":55}},{"start":{"line":173,"column":18},"end":{"line":173,"column":20}}],"line":171},"14":{"loc":{"start":{"line":172,"column":18},"end":{"line":172,"column":55}},"type":"binary-expr","locations":[{"start":{"line":172,"column":18},"end":{"line":172,"column":46}},{"start":{"line":172,"column":50},"end":{"line":172,"column":55}}],"line":172},"15":{"loc":{"start":{"line":177,"column":22},"end":{"line":179,"column":37}},"type":"cond-expr","locations":[{"start":{"line":178,"column":18},"end":{"line":178,"column":99}},{"start":{"line":179,"column":18},"end":{"line":179,"column":37}}],"line":177},"16":{"loc":{"start":{"line":178,"column":61},"end":{"line":178,"column":98}},"type":"binary-expr","locations":[{"start":{"line":178,"column":61},"end":{"line":178,"column":89}},{"start":{"line":178,"column":93},"end":{"line":178,"column":98}}],"line":178},"17":{"loc":{"start":{"line":201,"column":23},"end":{"line":201,"column":35}},"type":"default-arg","locations":[{"start":{"line":201,"column":33},"end":{"line":201,"column":35}}],"line":201},"18":{"loc":{"start":{"line":202,"column":8},"end":{"line":207,"column":9}},"type":"if","locations":[{"start":{"line":202,"column":8},"end":{"line":207,"column":9}},{"start":{"line":202,"column":8},"end":{"line":207,"column":9}}],"line":202},"19":{"loc":{"start":{"line":212,"column":40},"end":{"line":212,"column":52}},"type":"default-arg","locations":[{"start":{"line":212,"column":50},"end":{"line":212,"column":52}}],"line":212},"20":{"loc":{"start":{"line":219,"column":8},"end":{"line":221,"column":9}},"type":"if","locations":[{"start":{"line":219,"column":8},"end":{"line":221,"column":9}},{"start":{"line":219,"column":8},"end":{"line":221,"column":9}}],"line":219},"21":{"loc":{"start":{"line":219,"column":12},"end":{"line":219,"column":59}},"type":"binary-expr","locations":[{"start":{"line":219,"column":12},"end":{"line":219,"column":37}},{"start":{"line":219,"column":41},"end":{"line":219,"column":59}}],"line":219},"22":{"loc":{"start":{"line":227,"column":8},"end":{"line":239,"column":9}},"type":"if","locations":[{"start":{"line":227,"column":8},"end":{"line":239,"column":9}},{"start":{"line":227,"column":8},"end":{"line":239,"column":9}}],"line":227},"23":{"loc":{"start":{"line":231,"column":13},"end":{"line":239,"column":9}},"type":"if","locations":[{"start":{"line":231,"column":13},"end":{"line":239,"column":9}},{"start":{"line":231,"column":13},"end":{"line":239,"column":9}}],"line":231},"24":{"loc":{"start":{"line":233,"column":12},"end":{"line":238,"column":13}},"type":"if","locations":[{"start":{"line":233,"column":12},"end":{"line":238,"column":13}},{"start":{"line":233,"column":12},"end":{"line":238,"column":13}}],"line":233},"25":{"loc":{"start":{"line":240,"column":8},"end":{"line":242,"column":9}},"type":"if","locations":[{"start":{"line":240,"column":8},"end":{"line":242,"column":9}},{"start":{"line":240,"column":8},"end":{"line":242,"column":9}}],"line":240},"26":{"loc":{"start":{"line":251,"column":8},"end":{"line":253,"column":9}},"type":"if","locations":[{"start":{"line":251,"column":8},"end":{"line":253,"column":9}},{"start":{"line":251,"column":8},"end":{"line":253,"column":9}}],"line":251},"27":{"loc":{"start":{"line":255,"column":8},"end":{"line":269,"column":9}},"type":"if","locations":[{"start":{"line":255,"column":8},"end":{"line":269,"column":9}},{"start":{"line":255,"column":8},"end":{"line":269,"column":9}}],"line":255},"28":{"loc":{"start":{"line":260,"column":107},"end":{"line":260,"column":130}},"type":"binary-expr","locations":[{"start":{"line":260,"column":107},"end":{"line":260,"column":123}},{"start":{"line":260,"column":127},"end":{"line":260,"column":130}}],"line":260},"29":{"loc":{"start":{"line":281,"column":19},"end":{"line":281,"column":68}},"type":"binary-expr","locations":[{"start":{"line":281,"column":19},"end":{"line":281,"column":33}},{"start":{"line":281,"column":37},"end":{"line":281,"column":68}}],"line":281},"30":{"loc":{"start":{"line":282,"column":8},"end":{"line":284,"column":9}},"type":"if","locations":[{"start":{"line":282,"column":8},"end":{"line":284,"column":9}},{"start":{"line":282,"column":8},"end":{"line":284,"column":9}}],"line":282},"31":{"loc":{"start":{"line":315,"column":8},"end":{"line":317,"column":9}},"type":"if","locations":[{"start":{"line":315,"column":8},"end":{"line":317,"column":9}},{"start":{"line":315,"column":8},"end":{"line":317,"column":9}}],"line":315},"32":{"loc":{"start":{"line":318,"column":8},"end":{"line":320,"column":9}},"type":"if","locations":[{"start":{"line":318,"column":8},"end":{"line":320,"column":9}},{"start":{"line":318,"column":8},"end":{"line":320,"column":9}}],"line":318},"33":{"loc":{"start":{"line":334,"column":24},"end":{"line":334,"column":36}},"type":"default-arg","locations":[{"start":{"line":334,"column":34},"end":{"line":334,"column":36}}],"line":334},"34":{"loc":{"start":{"line":335,"column":8},"end":{"line":340,"column":9}},"type":"if","locations":[{"start":{"line":335,"column":8},"end":{"line":340,"column":9}},{"start":{"line":335,"column":8},"end":{"line":340,"column":9}}],"line":335}},"s":{"0":0,"1":0,"2":0,"3":0,"4":0,"5":0,"6":0,"7":0,"8":0,"9":0,"10":0,"11":0,"12":0,"13":0,"14":0,"15":0,"16":0,"17":0,"18":0,"19":0,"20":0,"21":0,"22":0,"23":0,"24":0,"25":0,"26":0,"27":0,"28":0,"29":0,"30":0,"31":0,"32":0,"33":0,"34":0,"35":0,"36":0,"37":0,"38":0,"39":0,"40":0,"41":0,"42":0,"43":0,"44":0,"45":0,"46":0,"47":0,"48":0,"49":0,"50":0,"51":0,"52":0,"53":0,"54":0,"55":0,"56":0,"57":0,"58":0,"59":0,"60":0,"61":0,"62":0,"63":0,"64":0,"65":0,"66":0,"67":0,"68":0,"69":0,"70":0,"71":0,"72":0,"73":0,"74":0,"75":0,"76":0,"77":0,"78":0,"79":0,"80":0,"81":0,"82":0,"83":0,"84":0,"85":0,"86":0,"87":0,"88":0,"89":0,"90":0,"91":0,"92":0,"93":0,"94":0,"95":0,"96":0,"97":0,"98":0,"99":0,"100":0,"101":0,"102":0,"103":0,"104":0,"105":0,"106":0,"107":0,"108":0,"109":0,"110":0,"111":0,"112":0,"113":0,"114":0,"115":0},"f":{"0":0,"1":0,"2":0,"3":0,"4":0,"5":0,"6":0,"7":0,"8":0,"9":0,"10":0,"11":0,"12":0,"13":0,"14":0,"15":0,"16":0,"17":0,"18":0,"19":0,"20":0,"21":0,"22":0,"23":0,"24":0,"25":0,"26":0,"27":0,"28":0,"29":0,"30":0,"31":0},"b":{"0":[0],"1":[0,0],"2":[0,0],"3":[0,0],"4":[0,0],"5":[0,0],"6":[0,0],"7":[0,0],"8":[0,0],"9":[0,0],"10":[0,0],"11":[0,0],"12":[0,0],"13":[0,0],"14":[0,0],"15":[0,0],"16":[0,0],"17":[0],"18":[0,0],"19":[0],"20":[0,0],"21":[0,0],"22":[0,0],"23":[0,0],"24":[0,0],"25":[0,0],"26":[0,0],"27":[0,0],"28":[0,0],"29":[0,0],"30":[0,0],"31":[0,0],"32":[0,0],"33":[0],"34":[0,0]},"inputSourceMap":{"version":3,"file":"AbcApi.js","sourceRoot":"","sources":["../../../../src/abc/api/AbcApi.ts"],"names":[],"mappings":";;AAAA,yCAOmB;AACnB,yCASyB;AACzB,0DAAiE;AACjE,yCAA0C;AAG1C,yCAAwC;AACxC,2DAAwD;AACxD,8CAA8C;AAC9C,2CAAwC;AACxC,0DAAuD;AACvD,+CAAwC;AAExC;;;GAGG;AACH,MAAa,MAAM;IA8HjB,YAAY,KAA6B,EAAE,SAA2B,EAAE;QALxE,cAAc;QACN,eAAU,GAAW,CAAC,CAAC;QACvB,iBAAY,GAAW,CAAC,CAAC;QACzB,kBAAa,GAAW,CAAC,CAAC;QAGhC,2CAA2C;QAC3C,8OAA8O;QAC9O,IAAI;QACJ,IAAI,CAAC,iBAAiB,GAAG,KAAK,CAAC;QAC/B,IAAI,CAAC,OAAO,mCAAQ,+BAAmB,EAAE,GAAK,MAAM,CAAE,CAAC;QACvD,MAAM,GAAG,GAAG,kBAAM,CAAC,MAAM,CAAC,IAAI,CAAC,iBAAiB,CAAC,CAAC;QAClD,IAAI,CAAC,sBAAsB,GAAG,GAAG,CAAC,cAAc;YAC9C,CAAC,CAAC,GAAG,CAAC,qBAAqB;YAC3B,CAAC,CAAC,KAAK,CAAC;QACV,IAAI,CAAC,SAAS,GAAG,GAAG,CAAC,QAAQ,CAAC;QAC9B,IAAI,CAAC,UAAU,GAAG;YAChB,QAAQ,EAAE,GAAG,CAAC,SAAS;YACvB,MAAM,EAAE,GAAG,CAAC,UAAU;YACtB,MAAM,EAAE,mBAAU,CAAC,GAAG,CAAC,SAAS,CAAC;SAClC,CAAC;QACF,IAAI,CAAC,UAAU,GAAG,GAAG,CAAC,IAAI,CAAC;QAC3B,MAAM,CAAC,QAAQ,CAAC,IAAI,CAAC,CAAC;IACxB,CAAC;IAjID;;;OAGG;IACI,MAAM,KAAK,kBAAkB;QAClC,OAAO,MAAM,CAAC,QAAQ,IAAI,MAAM,CAAC,QAAQ,CAAC,MAAM,EAAE,CAAC,CAAC,CAAC,IAAI,CAAC,CAAC,CAAC,KAAK,CAAC;IACpE,CAAC;IAED;;OAEG;IACI,MAAM,CAAC,QAAQ,CAAC,KAAkB;QACvC,MAAM,SAAS,GAAG,KAAK,CAAC,KAAK,CAAC,KAAK,CAAC,MAAM,CAAC;QAC3C,IAAI,MAAM,CAAC,cAAc,CAAC,SAAS,CAAC,EAAE;YACpC,MAAM,IAAI,iBAAQ,CAChB,4CAA4C,SAAS,SAAS,EAC9D,oCAAoC,CACrC,CAAC;SACH;QAED,MAAM,CAAC,cAAc,CAAC,SAAS,CAAC,GAAG,KAAK,CAAC;QAEzC,OAAO,KAAK,CAAC;IACf,CAAC;IAED;;;OAGG;IACI,MAAM,KAAK,yBAAyB;QACzC,OAAO,MAAM,CAAC,IAAI,CAAC,MAAM,CAAC,cAAc,CAAC,CAAC;IAC5C,CAAC;IAED;;OAEG;IACO,MAAM,KAAK,0BAA0B;QAG7C,OAAO,MAAM,CAAC,IAAI,CAAC,MAAM,CAAC,cAAc,CAAC;aACtC,MAAM,CAAC,CAAC,CAAC,EAAE,CAAC,MAAM,CAAC,cAAc,CAAC,CAAC,CAAC,CAAC,MAAM,CAAC,YAAY,CAAC;aACzD,GAAG,CAAC,CAAC,CAAC,EAAE,CAAC,MAAM,CAAC,cAAc,CAAC,CAAC,CAAC,CAAC,iBAAiB,CAAC,CAAC;IAC1D,CAAC;IAED;;OAEG;IACI,MAAM,CAAC,WAAW,CAAkB,KAA6B;QACtE,MAAM,CAAC,GAAG,kBAAM,CAAC,MAAM,CAAC,KAAK,CAAC,CAAC;QAC/B,MAAM,IAAI,GAAG,mBAAU,CAAC,CAAC,CAAC,SAAS,CAAC,CAAC;QACrC,IAAI,CAAC,MAAM,CAAC,cAAc,CAAC,IAAI,CAAC,EAAE;YAChC,MAAM,IAAI,iBAAQ,CAChB,gDAAgD,IAAI,gCAAgC,EACpF,uBAAuB,CACxB,CAAC;SACH;QACD,OAAO,MAAM,CAAC,cAAc,CAAC,IAAI,CAAc,CAAC;IAClD,CAAC;IAED;;OAEG;IACI,MAAM,CAAC,KAAK,CAAC,KAAK;QACvB,MAAM,OAAO,GAAU,EAAE,CAAC;QAC1B,MAAM,CAAC,IAAI,CAAC,MAAM,CAAC,cAAc,CAAC,CAAC,OAAO,CAAC,GAAG,CAAC,EAAE;YAC/C,MAAM,GAAG,GAAG,MAAM,CAAC,WAAW,CAC5B,MAAM,CAAC,cAAc,CAAC,GAAG,CAAC,CAAC,KAAK,CAAC,WAAW,CAC7C,CAAC;YACF,IAAI,GAAG,CAAC,MAAM,CAAC,YAAY,EAAE;gBAC3B,OAAO,CAAC,IAAI,CAAC,GAAG,CAAC,UAAU,CAAC,KAAK,EAAE,CAAC,CAAC;aACtC;QACH,CAAC,CAAC,CAAC;QACH,MAAM,OAAO,CAAC,GAAG,CAAC,OAAO,CAAC,CAAC;QAC3B,MAAM,CAAC,cAAc,GAAG,EAAE,CAAC;QAC3B,IAAI,MAAM,CAAC,kBAAkB,EAAE;YAC7B,MAAM,CAAC,UAAU,EAAE,CAAC;SACrB;IACH,CAAC;IAEM,MAAM,CAAC,UAAU;QACtB,OAAO,MAAM,CAAC,QAAQ,CAAC,KAAK,EAAE,CAAC;IACjC,CAAC;IAED;;;OAGG;IACI,MAAM,CAAC,KAAK,CAAC,gBAAgB;QAClC,MAAM,MAAM,GAAG,MAAM,CAAC,0BAA0B,CAAC;QACjD,IAAI,MAAM,CAAC,MAAM,GAAG,CAAC,EAAE;YACrB,MAAM,CAAC,QAAQ,GAAG,IAAI,mBAAO,CAAC,SAAS,EAAE,GAAG,MAAM,CAAC,CAAC;YACpD,IAAI,CAAC,MAAM,CAAC,QAAQ,CAAC,MAAM,EAAE,EAAE;gBAC7B,MAAM,MAAM,CAAC,QAAQ,CAAC,IAAI,EAAE,CAAC;aAC9B;SACF;aAAM;YACL,OAAO,CAAC,IAAI,CAAC,uCAAuC,CAAC,CAAC;SACvD;IACH,CAAC;IAkCD;;;OAGG;IACH,IAAI,KAAK;QACP,uCAAY,IAAI,CAAC,UAAU,KAAE,WAAW,EAAE,IAAI,CAAC,iBAAiB,IAAG;IACrE,CAAC;IAED;;;OAGG;IACH,IAAI,KAAK;QACP,OAAO;YACL;;;eAGG;YACH,KAAK,EAAE,IAAI,CAAC,KAAK;YACjB,sDAAsD;YACtD,SAAS,EAAE,IAAI,CAAC,UAAU;YAC1B,kCAAkC;YAClC,MAAM,EAAE,IAAI,CAAC,OAAO;YACpB,QAAQ,EAAE,IAAI,CAAC,SAAS;YACxB,qBAAqB,EAAE,IAAI,CAAC,sBAAsB;SACnD,CAAC;IACJ,CAAC;IAED;;OAEG;IACH,IAAI,IAAI;QACN,OAAO;YACL;;;eAGG;YACH,MAAM,EAAE,IAAI,CAAC,MAAM,CAAC,MAAM;YAC1B;;eAEG;YACH,UAAU,EAAE,IAAI,CAAC,MAAM,CAAC,MAAM,CAAC,CAAC,CAAC,IAAI,CAAC,KAAK,CAAC,MAAM,CAAC,CAAC,CAAC,IAAI,CAAC,KAAK,CAAC,QAAQ;YACxE;;;eAGG;YACH,UAAU,EAAE,CAAC,IAAI,CAAC,MAAM,CAAC,UAAU,IAAI,IAAI,CAAC,MAAM,CAAC,MAAM;gBACvD,CAAC,CAAC,IAAI,CAAC,KAAK,CAAC,KAAK,CAAC,MAAM;gBACzB,CAAC,CAAC,IAAI,CAAC,KAAK,CAAC,SAAS,CAAC,cAAc,CAAW;YAClD;;eAEG;YACH,aAAa,EAAE,IAAI,CAAC,MAAM,CAAC,MAAM;gBAC/B,CAAC,CAAC,IAAI,CAAC,UAAU,CAAC,YAAY,IAAI,KAAK;gBACvC,CAAC,CAAC,EAAE;YACN;;eAEG;YACH,QAAQ,EAAE,IAAI,CAAC,MAAM,CAAC,MAAM;gBAC1B,CAAC,CAAC,uBAAQ,CAAC,IAAI,CAAC,KAAK,CAAC,MAAM,EAAE,IAAI,CAAC,UAAU,CAAC,YAAY,IAAI,KAAK,CAAC;gBACpE,CAAC,CAAC,IAAI,CAAC,KAAK,CAAC,QAAQ;SACxB,CAAC;IACJ,CAAC;IAED;;;OAGG;IACH,IAAI,gBAAgB;QAClB,OAAO;YACL,iCAAiC;YACjC,IAAI,EAAE,IAAI,CAAC,UAAU;YACrB,wCAAwC;YACxC,MAAM,EAAE,IAAI,CAAC,YAAY;YACzB,0DAA0D;YAC1D,OAAO,EAAE,IAAI,CAAC,aAAa;SAC5B,CAAC;IACJ,CAAC;IAED;;;;OAIG;IACH,KAAK,CAAC,GAAG,CACP,OAAqB,EACrB,UAA0B,EAAE;QAE5B,IAAI,uBAAiB,CAAC,OAAO,CAAC,EAAE;YAC9B,OAAO,IAAI,CAAC,WAAW,CAAC,KAAK,EAAE,OAAO,EAAE,OAAO,CAAC,CAAC;SAClD;aAAM;YACL,OAAO,OAAO,CAAC,KAAK,EAAE,IAAI,CAAC,CAAC;SAC7B;IACH,CAAC;IAED;;OAEG;IACK,KAAK,CAAC,WAAW,CACvB,OAA0B,EAC1B,OAAyB,EACzB,UAA+B,EAAE;QAEjC,MAAM,KAAK,GAAG,gBAAQ,EAAE,CAAC;QAEzB,MAAM,UAAU,GAAG,OAAO,CAAC,GAAG,CAAC,CAAC,CAAC,EAAE,CACjC,kBAAM,CAAC,eAAe,CAAC,IAAI,CAAC,iBAAiB,EAAE,CAAC,CAAC,CAClD,CAAC;QACF,IAAI,OAAO,GAAG,MAAM,2BAAY,CAAC,OAAO,EAAE,UAAU,EAAE,OAAO,EAAE,IAAI,CAAC,CAAC;QACrE,IAAI,CAAC,UAAU,IAAI,OAAO,CAAC,SAAS,CAAC;QACrC,IAAI,CAAC,YAAY,IAAI,OAAO,CAAC,WAAW,CAAC;QACzC,MAAM,KAAK,mCACN,OAAO,KACV,uBAAuB,EAAE,IAAI,CAAC,gBAAgB,GAC/C,CAAC;QAEF,IAAI,CAAC,IAAI,CAAC,MAAM,CAAC,YAAY,IAAI,OAAO,KAAK,MAAM,EAAE;YACnD,MAAM,IAAI,iBAAQ,CAChB,2BAA2B,mBAAU,CACnC,IAAI,CAAC,KAAK,CAAC,MAAM,CAClB,8CACC,IAAI,CAAC,KAAK,CAAC,MACb,4EAA4E,mBAAU,CACpF,IAAI,CAAC,KAAK,CAAC,MAAM,CAClB,aAAa,EACd,aAAa,CACd,CAAC;SACH;QAED,MAAM,WAAW,GAAG,IAAI,qBAAS,CAAC,IAAI,EAAE;YACtC,IAAI,EAAE,UAAU;YAChB,KAAK;YACL,OAAO;SACR,CAAC,CAAC;QAEH,IAAI,KAAK,CAAC,SAAS,KAAK,CAAC,EAAE;YACzB,qBAAqB;YACrB,KAAK,CAAC,MAAM,CACV,GAAG,IAAI,CAAC,IAAI,CAAC,UAAU,IAAI,iBAAW,CAAC,YAAY,EAAE,EACrD,WAAW,CACZ,CAAC;SACH;aAAM,IAAI,IAAI,CAAC,MAAM,CAAC,YAAY,EAAE;YACnC,kBAAkB;YAClB,IAAI,KAAK,CAAC,2BAA2B,EAAE;gBACrC,KAAK,CAAC,MAAM,CACV,GAAG,IAAI,CAAC,IAAI,CAAC,UAAU,IAAI,iBAAW,CAAC,wBAAwB,EAAE,EACjE,WAAW,CACZ,CAAC;aACH;iBAAM;gBACL,KAAK,CAAC,MAAM,CACV,GAAG,IAAI,CAAC,IAAI,CAAC,UAAU,IAAI,iBAAW,CAAC,mBAAmB,EAAE,EAC5D,WAAW,CACZ,CAAC;aACH;SACF;QAED,IAAI,KAAK,CAAC,eAAe,EAAE;YACzB,OAAO,WAAW,CAAC;SACpB;QAED,MAAM,MAAM,GAAG,MAAM,6BAAa,CAChC,OAAO,EACP,IAAI,EACJ,KAAK,CAAC,OAAO,EACb,UAAU,CACX,CAAC;QAEF,MAAM,aAAa,GAAG,IAAI,qBAAS,CAAC,IAAI,EAAE;YACxC,IAAI,EAAE,UAAU;YAChB,KAAK;YACL,MAAM;YACN,OAAO;SACR,CAAC,CAAC;QAEH,kCAAkC;QAClC,IAAI,OAAO,KAAK,KAAK,EAAE;YACrB,KAAK,CAAC,MAAM,CACV,GAAG,IAAI,CAAC,IAAI,CAAC,UAAU,IAAI,iBAAW,CAAC,2BAA2B,EAAE,EACpE,aAAa,CACd,CAAC;SACH;QAED,6BAA6B;QAC7B,IAAI,IAAI,CAAC,MAAM,CAAC,YAAY,EAAE;YAC5B,IAAI;gBACF,MAAM,OAAO,GAAU,EAAE,CAAC;gBAC1B,MAAM,GAAG,GAAG,IAAI,IAAI,EAAE,CAAC,OAAO,EAAE,CAAC;gBACjC,MAAM,CAAC,OAAO,CAAC,OAAO,CAAC,MAAM,CAAC,EAAE;oBAC9B,MAAM,MAAM,mCACP,MAAM,KACT,WAAW,EAAE,GAAG,EAChB,SAAS,EAAE,MAAM,CAAC,SAAS,IAAI,GAAG,GACnC,CAAC;oBACF,OAAO,CAAC,IAAI,CAAC,IAAI,CAAC,UAAU,CAAC,GAAG,CAAC,MAAM,CAAC,CAAC,CAAC;gBAC5C,CAAC,CAAC,CAAC;gBACH,MAAM,OAAO,CAAC,GAAG,CAAC,OAAO,CAAC,CAAC;gBAC3B,KAAK,CAAC,MAAM,CACV,GAAG,IAAI,CAAC,IAAI,CAAC,UAAU,IAAI,iBAAW,CAAC,+BAA+B,EAAE,EACxE,aAAa,CACd,CAAC;aACH;YAAC,OAAO,CAAC,EAAE;gBACV,KAAK,CAAC,MAAM,CACV,GAAG,IAAI,CAAC,IAAI,CAAC,UAAU,IAAI,iBAAW,CAAC,6BAA6B,EAAE,kCACjE,aAAa,KAAE,YAAY,EAAE,CAAC,CAAC,OAAO,EAAE,UAAU,EAAE,CAAC,CAAC,KAAK,IACjE,CAAC;aACH;SACF;QAED,OAAO,IAAI,qBAAS,CAAC,IAAI,EAAE;YACzB,IAAI,EAAE,UAAU;YAChB,OAAO;YACP,KAAK;YACL,MAAM;SACP,CAAC,CAAC;IACL,CAAC;IAED;;OAEG;IACH,IAAI,EAAE;QACJ,MAAM,EAAE,GAAG,IAAI,CAAC,MAAM,CAAC,EAAE,IAAI,qBAAS,CAAC,SAAS,CAAC;QACjD,IAAI,CAAC,EAAE,EAAE;YACP,MAAM,IAAI,iBAAQ,CAChB,yKAAyK,CAC1K,CAAC;SACH;QAED,OAAO,EAAE,CAAC;IACZ,CAAC;IAED;;OAEG;IACH,IAAI,MAAM;QACR,OAAO,IAAI,CAAC,OAAO,CAAC;IACtB,CAAC;IAED,IAAI,WAAW;QACb,OAAO,IAAI,CAAC,KAAK,CAAC,WAAW,CAAC;IAChC,CAAC;IAED;;OAEG;IACH,IAAI,UAAU;QACZ,OAAO,IAAI,CAAC,KAAK,CAAC,KAAK,CAAC,IAAI,CAAC,iBAAiB,CAAC,CAAC;IAClD,CAAC;IAED;;OAEG;IACH,IAAI,WAAW;QACb,OAAO,IAAI,CAAC,KAAK,CAAC,MAAM,CAAC,IAAI,CAAC,iBAAiB,CAAC,CAAC;IACnD,CAAC;IAED;;OAEG;IACH,IAAI,SAAS;QACX,OAAO,IAAI,CAAC,KAAK,CAAC,IAAI,CAAC,IAAI,CAAC,iBAAiB,CAAC,CAAC;IACjD,CAAC;IAED,IAAc,KAAK;QACjB,IAAI,CAAC,IAAI,CAAC,KAAK,CAAC,MAAM,CAAC,YAAY,EAAE;YACnC,MAAM,IAAI,iBAAQ,CAChB,oFAAoF,IAAI,CAAC,KAAK,CAAC,KAAK,CAAC,MAAM,4CAA4C,EACvJ,aAAa,CACd,CAAC;SACH;QAED,IAAI,CAAC,MAAM,CAAC,QAAQ,EAAE;YACpB,MAAM,IAAI,iBAAQ,CAChB,yKAAyK,EACzK,WAAW,CACZ,CAAC;SACH;QACD,OAAO,MAAM,CAAC,QAAQ,CAAC;IACzB,CAAC;IAED;;OAEG;IACH,KAAK,CAAC,YAAY;QAChB,OAAO,MAAM,CAAC,gBAAgB,EAAE,CAAC;IACnC,CAAC;IAED;;;;OAIG;IACH,KAAK,CAAC,IAAI,CAAC,OAAqB,EAAE,UAA0B,EAAE;QAC5D,IAAI,uBAAiB,CAAC,OAAO,CAAC,EAAE;YAC9B,OAAO,IAAI,CAAC,WAAW,CAAC,MAAM,EAAE,OAAO,EAAE,OAAO,CAAC,CAAC;SACnD;aAAM;YACL,OAAO,OAAO,CAAC,KAAK,EAAE,IAAI,CAAC,CAAC;SAC7B;IACH,CAAC;IAED;;OAEG;IACH,KAAK,CAAC,KAAK;QACT,OAAO,EAAE,CAAC;IACZ,CAAC;IAED,MAAM;QACJ,OAAO;YACL,KAAK,EAAE,IAAI,CAAC,KAAK,CAAC,KAAK,CAAC,MAAM;YAC9B,MAAM,EAAE,IAAI,CAAC,KAAK,CAAC,MAAM;YACzB,gBAAgB,EAAE,IAAI,CAAC,gBAAgB;SACxC,CAAC;IACJ,CAAC;IACD,QAAQ;QACN,OAAO,oBAAoB,IAAI,CAAC,KAAK,CAAC,KAAK,CAAC,MAAM,oBAAoB,IAAI,CAAC,gBAAgB,CAAC,IAAI,IAAI,IAAI,CAAC,gBAAgB,CAAC,MAAM,IAAI,CAAC;IACvI,CAAC;;AA7cH,wBA8cC;AA7cC;;;GAGG;AACY,qBAAc,GAA6B,EAAE,CAAC"},"all":true},"/Volumes/Coding/forest-fire/vuex-plugin-firemodel/dist/cjs/abc/api/AbcResult.js":{"path":"/Volumes/Coding/forest-fire/vuex-plugin-firemodel/dist/cjs/abc/api/AbcResult.js","statementMap":{"0":{"start":{"line":2,"column":0},"end":{"line":2,"column":62}},"1":{"start":{"line":3,"column":28},"end":{"line":3,"column":56}},"2":{"start":{"line":4,"column":17},"end":{"line":4,"column":40}},"3":{"start":{"line":13,"column":8},"end":{"line":13,"column":33}},"4":{"start":{"line":14,"column":8},"end":{"line":14,"column":33}},"5":{"start":{"line":20,"column":8},"end":{"line":29,"column":9}},"6":{"start":{"line":21,"column":12},"end":{"line":23,"column":36}},"7":{"start":{"line":26,"column":26},"end":{"line":26,"column":76}},"8":{"start":{"line":27,"column":27},"end":{"line":27,"column":78}},"9":{"start":{"line":28,"column":12},"end":{"line":28,"column":100}},"10":{"start":{"line":35,"column":8},"end":{"line":35,"column":49}},"11":{"start":{"line":41,"column":8},"end":{"line":41,"column":72}},"12":{"start":{"line":44,"column":8},"end":{"line":44,"column":46}},"13":{"start":{"line":47,"column":8},"end":{"line":47,"column":34}},"14":{"start":{"line":53,"column":8},"end":{"line":53,"column":37}},"15":{"start":{"line":57,"column":8},"end":{"line":59,"column":9}},"16":{"start":{"line":58,"column":12},"end":{"line":58,"column":147}},"17":{"start":{"line":60,"column":8},"end":{"line":60,"column":39}},"18":{"start":{"line":73,"column":0},"end":{"line":73,"column":30}}},"fnMap":{"0":{"name":"(anonymous_0)","decl":{"start":{"line":12,"column":4},"end":{"line":12,"column":5}},"loc":{"start":{"line":12,"column":36},"end":{"line":15,"column":5}},"line":12},"1":{"name":"(anonymous_1)","decl":{"start":{"line":19,"column":4},"end":{"line":19,"column":5}},"loc":{"start":{"line":19,"column":18},"end":{"line":30,"column":5}},"line":19},"2":{"name":"(anonymous_2)","decl":{"start":{"line":34,"column":4},"end":{"line":34,"column":5}},"loc":{"start":{"line":34,"column":23},"end":{"line":36,"column":5}},"line":34},"3":{"name":"(anonymous_3)","decl":{"start":{"line":40,"column":4},"end":{"line":40,"column":5}},"loc":{"start":{"line":40,"column":24},"end":{"line":42,"column":5}},"line":40},"4":{"name":"(anonymous_4)","decl":{"start":{"line":43,"column":4},"end":{"line":43,"column":5}},"loc":{"start":{"line":43,"column":27},"end":{"line":45,"column":5}},"line":43},"5":{"name":"(anonymous_5)","decl":{"start":{"line":46,"column":4},"end":{"line":46,"column":5}},"loc":{"start":{"line":46,"column":15},"end":{"line":48,"column":5}},"line":46},"6":{"name":"(anonymous_6)","decl":{"start":{"line":52,"column":4},"end":{"line":52,"column":5}},"loc":{"start":{"line":52,"column":18},"end":{"line":54,"column":5}},"line":52},"7":{"name":"(anonymous_7)","decl":{"start":{"line":56,"column":4},"end":{"line":56,"column":5}},"loc":{"start":{"line":56,"column":20},"end":{"line":61,"column":5}},"line":56},"8":{"name":"(anonymous_8)","decl":{"start":{"line":69,"column":4},"end":{"line":69,"column":5}},"loc":{"start":{"line":69,"column":14},"end":{"line":71,"column":5}},"line":69}},"branchMap":{"0":{"loc":{"start":{"line":20,"column":8},"end":{"line":29,"column":9}},"type":"if","locations":[{"start":{"line":20,"column":8},"end":{"line":29,"column":9}},{"start":{"line":20,"column":8},"end":{"line":29,"column":9}}],"line":20},"1":{"loc":{"start":{"line":21,"column":19},"end":{"line":23,"column":35}},"type":"cond-expr","locations":[{"start":{"line":22,"column":18},"end":{"line":22,"column":36}},{"start":{"line":23,"column":18},"end":{"line":23,"column":35}}],"line":21},"2":{"loc":{"start":{"line":35,"column":15},"end":{"line":35,"column":48}},"type":"binary-expr","locations":[{"start":{"line":35,"column":15},"end":{"line":35,"column":42}},{"start":{"line":35,"column":46},"end":{"line":35,"column":48}}],"line":35},"3":{"loc":{"start":{"line":41,"column":15},"end":{"line":41,"column":71}},"type":"cond-expr","locations":[{"start":{"line":41,"column":38},"end":{"line":41,"column":66}},{"start":{"line":41,"column":69},"end":{"line":41,"column":71}}],"line":41},"4":{"loc":{"start":{"line":57,"column":8},"end":{"line":59,"column":9}},"type":"if","locations":[{"start":{"line":57,"column":8},"end":{"line":59,"column":9}},{"start":{"line":57,"column":8},"end":{"line":59,"column":9}}],"line":57}},"s":{"0":0,"1":0,"2":0,"3":0,"4":0,"5":0,"6":0,"7":0,"8":0,"9":0,"10":0,"11":0,"12":0,"13":0,"14":0,"15":0,"16":0,"17":0,"18":0},"f":{"0":0,"1":0,"2":0,"3":0,"4":0,"5":0,"6":0,"7":0,"8":0},"b":{"0":[0,0],"1":[0,0],"2":[0,0],"3":[0,0],"4":[0,0]},"inputSourceMap":{"version":3,"file":"AbcResult.js","sourceRoot":"","sources":["../../../../src/abc/api/AbcResult.ts"],"names":[],"mappings":";;AAGA,yDAA6D;AAC7D,yCAAwC;AAExC;;;;;GAKG;AACH,MAAa,SAAS;IACpB,YAAoB,QAAmB,EAAU,QAAuB;QAApD,aAAQ,GAAR,QAAQ,CAAW;QAAU,aAAQ,GAAR,QAAQ,CAAe;IAAG,CAAC;IAE5E;;OAEG;IACH,IAAI,OAAO;QACT,IAAI,CAAC,IAAI,CAAC,OAAO,CAAC,YAAY,EAAE;YAC9B,OAAO,IAAI,CAAC,aAAa,CAAC,MAAM,GAAG,CAAC;gBAClC,CAAC,CAAC,IAAI,CAAC,aAAa;gBACpB,CAAC,CAAC,IAAI,CAAC,YAAY,CAAC;SACvB;aAAM;YACL,MAAM,KAAK,GAAG,+BAAW,CAAC,IAAI,CAAC,YAAY,CAAC,CAAC;YAC7C,MAAM,MAAM,GAAG,+BAAW,CAAC,IAAI,CAAC,aAAa,CAAC,CAAC;YAC/C,OAAO,+BAAW,iCAAM,KAAK,GAAK,MAAM,EAAG,CAAC;SAC7C;IACH,CAAC;IAED;;OAEG;IACH,IAAI,YAAY;QACd,OAAO,IAAI,CAAC,QAAQ,CAAC,KAAK,CAAC,OAAO,IAAI,EAAE,CAAC;IAC3C,CAAC;IAED;;OAEG;IACH,IAAI,aAAa;QACf,OAAO,IAAI,CAAC,QAAQ,CAAC,MAAM,CAAC,CAAC,CAAC,IAAI,CAAC,QAAQ,CAAC,MAAM,CAAC,OAAO,CAAC,CAAC,CAAC,EAAE,CAAC;IAClE,CAAC;IAED,IAAI,gBAAgB;QAClB,OAAO,IAAI,CAAC,QAAQ,CAAC,gBAAgB,CAAC;IACxC,CAAC;IAED,IAAI,IAAI;QACN,OAAO,IAAI,CAAC,QAAQ,CAAC,IAAI,CAAC;IAC5B,CAAC;IAED;;OAEG;IACH,IAAI,OAAO;QACT,OAAO,IAAI,CAAC,QAAQ,CAAC,OAAO,CAAC;IAC/B,CAAC;IAED,2DAA2D;IAC3D,IAAI,SAAS;QACX,IAAI,IAAI,CAAC,QAAQ,CAAC,IAAI,KAAK,OAAO,EAAE;YAClC,MAAM,IAAI,iBAAQ,CAChB,0FAA0F,EAC1F,aAAa,CACd,CAAC;SACH;QAED,OAAO,IAAI,CAAC,QAAQ,CAAC,SAAS,CAAC;IACjC,CAAC;IAED;;;;;;OAMG;IACH,KAAK,CAAC,EAAsB;QAC1B,uCAAuC;IACzC,CAAC;CACF;AArED,8BAqEC"},"all":true},"/Volumes/Coding/forest-fire/vuex-plugin-firemodel/dist/cjs/abc/api/api-parts/get.js":{"path":"/Volumes/Coding/forest-fire/vuex-plugin-firemodel/dist/cjs/abc/api/api-parts/get.js","statementMap":{"0":{"start":{"line":2,"column":22},"end":{"line":4,"column":1}},"1":{"start":{"line":3,"column":4},"end":{"line":3,"column":62}},"2":{"start":{"line":5,"column":0},"end":{"line":5,"column":62}},"3":{"start":{"line":6,"column":17},"end":{"line":6,"column":37}},"4":{"start":{"line":7,"column":16},"end":{"line":7,"column":41}},"5":{"start":{"line":8,"column":21},"end":{"line":8,"column":59}},"6":{"start":{"line":20,"column":20},"end":{"line":20,"column":22}},"7":{"start":{"line":21,"column":18},"end":{"line":21,"column":36}},"8":{"start":{"line":22,"column":23},"end":{"line":22,"column":98}},"9":{"start":{"line":23,"column":4},"end":{"line":25,"column":5}},"10":{"start":{"line":24,"column":8},"end":{"line":24,"column":49}},"11":{"start":{"line":26,"column":4},"end":{"line":30,"column":5}},"12":{"start":{"line":27,"column":24},"end":{"line":27,"column":26}},"13":{"start":{"line":28,"column":8},"end":{"line":28,"column":100}},"14":{"start":{"line":28,"column":26},"end":{"line":28,"column":98}},"15":{"start":{"line":28,"column":79},"end":{"line":28,"column":96}},"16":{"start":{"line":29,"column":8},"end":{"line":29,"column":35}},"17":{"start":{"line":31,"column":4},"end":{"line":31,"column":14}},"18":{"start":{"line":33,"column":0},"end":{"line":33,"column":36}}},"fnMap":{"0":{"name":"(anonymous_0)","decl":{"start":{"line":2,"column":56},"end":{"line":2,"column":57}},"loc":{"start":{"line":2,"column":71},"end":{"line":4,"column":1}},"line":2},"1":{"name":"retrieveKeys","decl":{"start":{"line":19,"column":15},"end":{"line":19,"column":27}},"loc":{"start":{"line":19,"column":60},"end":{"line":32,"column":1}},"line":19},"2":{"name":"(anonymous_2)","decl":{"start":{"line":28,"column":20},"end":{"line":28,"column":21}},"loc":{"start":{"line":28,"column":26},"end":{"line":28,"column":98}},"line":28},"3":{"name":"(anonymous_3)","decl":{"start":{"line":28,"column":72},"end":{"line":28,"column":73}},"loc":{"start":{"line":28,"column":79},"end":{"line":28,"column":96}},"line":28}},"branchMap":{"0":{"loc":{"start":{"line":2,"column":22},"end":{"line":4,"column":1}},"type":"binary-expr","locations":[{"start":{"line":2,"column":23},"end":{"line":2,"column":27}},{"start":{"line":2,"column":31},"end":{"line":2,"column":51}},{"start":{"line":2,"column":56},"end":{"line":4,"column":1}}],"line":2},"1":{"loc":{"start":{"line":3,"column":11},"end":{"line":3,"column":61}},"type":"cond-expr","locations":[{"start":{"line":3,"column":37},"end":{"line":3,"column":40}},{"start":{"line":3,"column":43},"end":{"line":3,"column":61}}],"line":3},"2":{"loc":{"start":{"line":3,"column":12},"end":{"line":3,"column":33}},"type":"binary-expr","locations":[{"start":{"line":3,"column":12},"end":{"line":3,"column":15}},{"start":{"line":3,"column":19},"end":{"line":3,"column":33}}],"line":3},"3":{"loc":{"start":{"line":23,"column":4},"end":{"line":25,"column":5}},"type":"if","locations":[{"start":{"line":23,"column":4},"end":{"line":25,"column":5}},{"start":{"line":23,"column":4},"end":{"line":25,"column":5}}],"line":23},"4":{"loc":{"start":{"line":26,"column":4},"end":{"line":30,"column":5}},"type":"if","locations":[{"start":{"line":26,"column":4},"end":{"line":30,"column":5}},{"start":{"line":26,"column":4},"end":{"line":30,"column":5}}],"line":26}},"s":{"0":0,"1":0,"2":0,"3":0,"4":0,"5":0,"6":0,"7":0,"8":0,"9":0,"10":0,"11":0,"12":0,"13":0,"14":0,"15":0,"16":0,"17":0,"18":0},"f":{"0":0,"1":0,"2":0,"3":0},"b":{"0":[0,0,0],"1":[0,0],"2":[0,0],"3":[0,0],"4":[0,0]},"inputSourceMap":{"version":3,"file":"get.js","sourceRoot":"","sources":["../../../../../src/abc/api/api-parts/get.ts"],"names":[],"mappings":";;;;;AAEA,sCAAmC;AACnC,0CAA0C;AAC1C,4DAA6B;AAE7B;;;;;;;;;GASG;AACI,KAAK,UAAU,YAAY,CAAkB,OAA0B,EAAE,GAA2B,EAAE,OAAuB,EAAE,OAAkB;IACtJ,MAAM,OAAO,GAAQ,EAAE,CAAA;IACvB,MAAM,KAAK,GAAG,gBAAQ,EAAE,CAAC;IACzB,MAAM,UAAU,GAAG,oBAAG,CAAC,KAAK,CAAC,KAAK,EAAE,GAAG,OAAO,CAAC,KAAK,CAAC,SAAS,CAAC,WAAW,EAAE,CAAC,CAAA;IAE7E,IAAI,CAAC,eAAM,CAAC,kBAAkB,EAAE;QAC9B,MAAM,eAAM,CAAC,gBAAgB,EAAE,CAAA;KAChC;IAED,IAAI,OAAO,CAAC,MAAM,CAAC,YAAY,EAAE;QAC/B,MAAM,OAAO,GAAU,EAAE,CAAC;QAC1B,GAAG,CAAC,OAAO,CAAC,EAAE,CAAC,EAAE,CAAC,OAAO,CAAC,IAAI,CAC5B,OAAO,CAAC,WAAW,CAAC,GAAG,CAAC,EAAE,CAAC,CAAC,IAAI,CAAC,GAAG,CAAC,EAAE,CAAC,OAAO,CAAC,IAAI,CAAC,GAAG,CAAC,CAAC,CAC3D,CAAC,CAAA;QACF,MAAM,OAAO,CAAC,GAAG,CAAC,OAAO,CAAC,CAAC;KAE5B;IAED,OAAO,EAAE,CAAA;AACX,CAAC;AAnBD,oCAmBC"},"all":true},"/Volumes/Coding/forest-fire/vuex-plugin-firemodel/dist/cjs/abc/api/api-parts/load.js":{"path":"/Volumes/Coding/forest-fire/vuex-plugin-firemodel/dist/cjs/abc/api/api-parts/load.js","statementMap":{"0":{"start":{"line":2,"column":0},"end":{"line":2,"column":62}},"1":{"start":{"line":4,"column":4},"end":{"line":4,"column":31}},"2":{"start":{"line":6,"column":0},"end":{"line":6,"column":30}},"3":{"start":{"line":8,"column":4},"end":{"line":8,"column":31}},"4":{"start":{"line":10,"column":0},"end":{"line":10,"column":26}}},"fnMap":{"0":{"name":"loadQuery","decl":{"start":{"line":3,"column":15},"end":{"line":3,"column":24}},"loc":{"start":{"line":3,"column":41},"end":{"line":5,"column":1}},"line":3},"1":{"name":"loadIds","decl":{"start":{"line":7,"column":15},"end":{"line":7,"column":22}},"loc":{"start":{"line":7,"column":32},"end":{"line":9,"column":1}},"line":7}},"branchMap":{},"s":{"0":0,"1":0,"2":0,"3":0,"4":0},"f":{"0":0,"1":0},"b":{},"inputSourceMap":{"version":3,"file":"load.js","sourceRoot":"","sources":["../../../../../src/abc/api/api-parts/load.ts"],"names":[],"mappings":";;AAEO,KAAK,UAAU,SAAS,CAAkB,KAAU,EAAE,OAAY;IACvE,OAAO,OAAO,CAAC,OAAO,CAAC,EAAE,CAAC,CAAC;AAC7B,CAAC;AAFD,8BAEC;AAGM,KAAK,UAAU,OAAO,CAAkB,GAAG,IAAW;IAC3D,OAAO,OAAO,CAAC,OAAO,CAAC,EAAE,CAAC,CAAC;AAC7B,CAAC;AAFD,0BAEC"},"all":true},"/Volumes/Coding/forest-fire/vuex-plugin-firemodel/dist/cjs/abc/api/api-parts/localRecords.js":{"path":"/Volumes/Coding/forest-fire/vuex-plugin-firemodel/dist/cjs/abc/api/api-parts/localRecords.js","statementMap":{"0":{"start":{"line":2,"column":22},"end":{"line":4,"column":1}},"1":{"start":{"line":3,"column":4},"end":{"line":3,"column":62}},"2":{"start":{"line":5,"column":0},"end":{"line":5,"column":62}},"3":{"start":{"line":6,"column":20},"end":{"line":6,"column":40}},"4":{"start":{"line":7,"column":17},"end":{"line":7,"column":37}},"5":{"start":{"line":8,"column":16},"end":{"line":8,"column":41}},"6":{"start":{"line":9,"column":21},"end":{"line":9,"column":59}},"7":{"start":{"line":19,"column":23},"end":{"line":19,"column":25}},"8":{"start":{"line":20,"column":18},"end":{"line":20,"column":36}},"9":{"start":{"line":21,"column":24},"end":{"line":21,"column":104}},"10":{"start":{"line":22,"column":4},"end":{"line":24,"column":5}},"11":{"start":{"line":23,"column":8},"end":{"line":23,"column":49}},"12":{"start":{"line":25,"column":4},"end":{"line":32,"column":5}},"13":{"start":{"line":26,"column":24},"end":{"line":26,"column":26}},"14":{"start":{"line":27,"column":8},"end":{"line":30,"column":13}},"15":{"start":{"line":27,"column":33},"end":{"line":30,"column":11}},"16":{"start":{"line":28,"column":12},"end":{"line":29,"column":37}},"17":{"start":{"line":29,"column":16},"end":{"line":29,"column":37}},"18":{"start":{"line":31,"column":8},"end":{"line":31,"column":35}},"19":{"start":{"line":33,"column":18},"end":{"line":33,"column":43}},"20":{"start":{"line":34,"column":20},"end":{"line":34,"column":86}},"21":{"start":{"line":34,"column":41},"end":{"line":34,"column":85}},"22":{"start":{"line":35,"column":19},"end":{"line":35,"column":84}},"23":{"start":{"line":35,"column":39},"end":{"line":35,"column":83}},"24":{"start":{"line":36,"column":21},"end":{"line":36,"column":65}},"25":{"start":{"line":37,"column":23},"end":{"line":39,"column":45}},"26":{"start":{"line":38,"column":19},"end":{"line":38,"column":101}},"27":{"start":{"line":39,"column":22},"end":{"line":39,"column":44}},"28":{"start":{"line":40,"column":26},"end":{"line":40,"column":62}},"29":{"start":{"line":41,"column":25},"end":{"line":41,"column":52}},"30":{"start":{"line":42,"column":28},"end":{"line":44,"column":48}},"31":{"start":{"line":45,"column":4},"end":{"line":56,"column":6}},"32":{"start":{"line":50,"column":56},"end":{"line":50,"column":76}},"33":{"start":{"line":58,"column":0},"end":{"line":58,"column":36}}},"fnMap":{"0":{"name":"(anonymous_0)","decl":{"start":{"line":2,"column":56},"end":{"line":2,"column":57}},"loc":{"start":{"line":2,"column":71},"end":{"line":4,"column":1}},"line":2},"1":{"name":"localRecords","decl":{"start":{"line":18,"column":15},"end":{"line":18,"column":27}},"loc":{"start":{"line":18,"column":67},"end":{"line":57,"column":1}},"line":18},"2":{"name":"(anonymous_2)","decl":{"start":{"line":27,"column":27},"end":{"line":27,"column":28}},"loc":{"start":{"line":27,"column":33},"end":{"line":30,"column":11}},"line":27},"3":{"name":"(anonymous_3)","decl":{"start":{"line":27,"column":79},"end":{"line":27,"column":80}},"loc":{"start":{"line":27,"column":86},"end":{"line":30,"column":9}},"line":27},"4":{"name":"(anonymous_4)","decl":{"start":{"line":34,"column":36},"end":{"line":34,"column":37}},"loc":{"start":{"line":34,"column":41},"end":{"line":34,"column":85}},"line":34},"5":{"name":"(anonymous_5)","decl":{"start":{"line":35,"column":34},"end":{"line":35,"column":35}},"loc":{"start":{"line":35,"column":39},"end":{"line":35,"column":83}},"line":35},"6":{"name":"(anonymous_6)","decl":{"start":{"line":38,"column":13},"end":{"line":38,"column":14}},"loc":{"start":{"line":38,"column":19},"end":{"line":38,"column":101}},"line":38},"7":{"name":"(anonymous_7)","decl":{"start":{"line":39,"column":16},"end":{"line":39,"column":17}},"loc":{"start":{"line":39,"column":22},"end":{"line":39,"column":44}},"line":39},"8":{"name":"(anonymous_8)","decl":{"start":{"line":50,"column":51},"end":{"line":50,"column":52}},"loc":{"start":{"line":50,"column":56},"end":{"line":50,"column":76}},"line":50}},"branchMap":{"0":{"loc":{"start":{"line":2,"column":22},"end":{"line":4,"column":1}},"type":"binary-expr","locations":[{"start":{"line":2,"column":23},"end":{"line":2,"column":27}},{"start":{"line":2,"column":31},"end":{"line":2,"column":51}},{"start":{"line":2,"column":56},"end":{"line":4,"column":1}}],"line":2},"1":{"loc":{"start":{"line":3,"column":11},"end":{"line":3,"column":61}},"type":"cond-expr","locations":[{"start":{"line":3,"column":37},"end":{"line":3,"column":40}},{"start":{"line":3,"column":43},"end":{"line":3,"column":61}}],"line":3},"2":{"loc":{"start":{"line":3,"column":12},"end":{"line":3,"column":33}},"type":"binary-expr","locations":[{"start":{"line":3,"column":12},"end":{"line":3,"column":15}},{"start":{"line":3,"column":19},"end":{"line":3,"column":33}}],"line":3},"3":{"loc":{"start":{"line":22,"column":4},"end":{"line":24,"column":5}},"type":"if","locations":[{"start":{"line":22,"column":4},"end":{"line":24,"column":5}},{"start":{"line":22,"column":4},"end":{"line":24,"column":5}}],"line":22},"4":{"loc":{"start":{"line":25,"column":4},"end":{"line":32,"column":5}},"type":"if","locations":[{"start":{"line":25,"column":4},"end":{"line":32,"column":5}},{"start":{"line":25,"column":4},"end":{"line":32,"column":5}}],"line":25},"5":{"loc":{"start":{"line":28,"column":12},"end":{"line":29,"column":37}},"type":"if","locations":[{"start":{"line":28,"column":12},"end":{"line":29,"column":37}},{"start":{"line":28,"column":12},"end":{"line":29,"column":37}}],"line":28},"6":{"loc":{"start":{"line":38,"column":19},"end":{"line":38,"column":101}},"type":"cond-expr","locations":[{"start":{"line":38,"column":44},"end":{"line":38,"column":46}},{"start":{"line":38,"column":49},"end":{"line":38,"column":101}}],"line":38},"7":{"loc":{"start":{"line":42,"column":28},"end":{"line":44,"column":48}},"type":"cond-expr","locations":[{"start":{"line":43,"column":10},"end":{"line":43,"column":36}},{"start":{"line":44,"column":10},"end":{"line":44,"column":48}}],"line":42},"8":{"loc":{"start":{"line":42,"column":28},"end":{"line":42,"column":69}},"type":"binary-expr","locations":[{"start":{"line":42,"column":28},"end":{"line":42,"column":53}},{"start":{"line":42,"column":57},"end":{"line":42,"column":69}}],"line":42},"9":{"loc":{"start":{"line":51,"column":25},"end":{"line":51,"column":63}},"type":"cond-expr","locations":[{"start":{"line":51,"column":51},"end":{"line":51,"column":55}},{"start":{"line":51,"column":58},"end":{"line":51,"column":63}}],"line":51}},"s":{"0":0,"1":0,"2":0,"3":0,"4":0,"5":0,"6":0,"7":0,"8":0,"9":0,"10":0,"11":0,"12":0,"13":0,"14":0,"15":0,"16":0,"17":0,"18":0,"19":0,"20":0,"21":0,"22":0,"23":0,"24":0,"25":0,"26":0,"27":0,"28":0,"29":0,"30":0,"31":0,"32":0,"33":0},"f":{"0":0,"1":0,"2":0,"3":0,"4":0,"5":0,"6":0,"7":0,"8":0},"b":{"0":[0,0,0],"1":[0,0],"2":[0,0],"3":[0,0],"4":[0,0],"5":[0,0],"6":[0,0],"7":[0,0],"8":[0,0],"9":[0,0]},"inputSourceMap":{"version":3,"file":"localRecords.js","sourceRoot":"","sources":["../../../../../src/abc/api/api-parts/localRecords.ts"],"names":[],"mappings":";;;;;AAAA,yCAAuD;AAQvD,sCAAmC;AACnC,0CAA0C;AAC1C,4DAA6B;AAE7B;;;;;;;GAOG;AACI,KAAK,UAAU,YAAY,CAChC,OAA0B,EAC1B,UAA4B,EAC5B,OAA4B,EAC5B,OAAkB;IAElB,MAAM,UAAU,GAAQ,EAAE,CAAC;IAC3B,MAAM,KAAK,GAAG,gBAAQ,EAAE,CAAC;IAEzB,MAAM,WAAW,GAAQ,oBAAG,CAC1B,KAAK,CAAC,KAAK,EACX,OAAO,CAAC,IAAI,CAAC,QAAQ,CAAC,OAAO,CAAC,KAAK,EAAE,GAAG,CAAC,EACzC,EAAE,CACH,CAAC;IAEF,IAAI,CAAC,eAAM,CAAC,kBAAkB,EAAE;QAC9B,MAAM,eAAM,CAAC,gBAAgB,EAAE,CAAC;KACjC;IAED,IAAI,OAAO,CAAC,MAAM,CAAC,YAAY,EAAE;QAC/B,MAAM,OAAO,GAAU,EAAE,CAAC;QAC1B,UAAU,CAAC,OAAO,CAAC,EAAE,CAAC,EAAE,CACtB,OAAO,CAAC,IAAI,CACV,OAAO,CAAC,WAAW,CAAC,GAAG,CAAC,EAAE,CAAC,CAAC,IAAI,CAAC,GAAG,CAAC,EAAE;YACrC,IAAI,GAAG;gBAAE,UAAU,CAAC,IAAI,CAAC,GAAG,CAAC,CAAC;QAChC,CAAC,CAAC,CACH,CACF,CAAC;QACF,MAAM,OAAO,CAAC,GAAG,CAAC,OAAO,CAAC,CAAC;KAC5B;IACD,MAAM,KAAK,GAAG,OAAO,CAAC,KAAK,CAAC,WAAW,CAAC;IACxC,MAAM,OAAO,GAAG,WAAW,CAAC,GAAG,CAAC,CAAC,CAAC,EAAE,CAAC,kBAAM,CAAC,eAAe,CAAC,KAAK,EAAE,CAAC,CAAC,CAAC,CAAC;IACvE,MAAM,MAAM,GAAG,UAAU,CAAC,GAAG,CAAC,CAAC,CAAC,EAAE,CAAC,kBAAM,CAAC,eAAe,CAAC,KAAK,EAAE,CAAC,CAAC,CAAC,CAAC;IAErE,MAAM,QAAQ,GAAG,KAAK,CAAC,IAAI,CACzB,IAAI,GAAG,CAAS,CAAC,GAAG,OAAO,EAAE,GAAG,MAAM,CAAC,CAAC,CACzC,CAAC;IAEF,MAAM,UAAU,GAAG,UAAU;SAC1B,GAAG,CAAC,EAAE,CAAC,EAAE,CACR,OAAO,EAAE,KAAK,QAAQ,CAAC,CAAC,CAAC,EAAE,CAAC,CAAC,CAAC,kBAAM,CAAC,MAAM,CAAC,KAAK,EAAE,EAAE,CAAC,CAAC,eAAe,CACvE;SACA,MAAM,CAAC,EAAE,CAAC,EAAE,CAAC,CAAC,QAAQ,CAAC,QAAQ,CAAC,EAAE,CAAC,CAAC,CAAC;IAExC,MAAM,aAAa,GAAG,OAAO,CAAC,KAAK,CAAC,SAAS,CAAC,YAAsB,CAAC;IACrE,MAAM,YAAY,GAAG,OAAO,CAAC,KAAK,CAAC,MAAM,CAAC,MAAiB,CAAC;IAC5D,MAAM,cAAc,GAAG,CAAC,OAAO,CAAC,MAAM,CAAC,UAAU,IAAI,YAAY;QAC/D,CAAC,CAAC,OAAO,CAAC,KAAK,CAAC,KAAK,CAAC,MAAM;QAC5B,CAAC,CAAC,OAAO,CAAC,KAAK,CAAC,SAAS,CAAC,cAAc,CAAW,CAAC;IAEtD,OAAO;QACL,SAAS,EAAE,QAAQ,CAAC,MAAM;QAC1B,WAAW,EAAE,UAAU,CAAC,MAAM;QAC9B,gBAAgB,EAAE,MAAM;QACxB,WAAW,EAAE,OAAO;QACpB,2BAA2B,EAAE,MAAM,CAAC,MAAM,CAAC,CAAC,CAAC,EAAE,CAAC,CAAC,OAAO,CAAC,QAAQ,CAAC,CAAC,CAAC,CAAC;QACrE,eAAe,EAAE,UAAU,CAAC,MAAM,KAAK,CAAC,CAAC,CAAC,CAAC,IAAI,CAAC,CAAC,CAAC,KAAK;QACvD,OAAO,EAAE,CAAC,GAAG,UAAU,EAAE,GAAG,WAAW,CAAC;QACxC,OAAO,EAAE,UAAU;QACnB,UAAU,EAAE,OAAO;QACnB,WAAW,EAAE,OAAO,CAAC,MAAM;KAC5B,CAAC;AACJ,CAAC;AA9DD,oCA8DC"},"all":true},"/Volumes/Coding/forest-fire/vuex-plugin-firemodel/dist/cjs/abc/api/api-parts/watch.js":{"path":"/Volumes/Coding/forest-fire/vuex-plugin-firemodel/dist/cjs/abc/api/api-parts/watch.js","statementMap":{},"fnMap":{},"branchMap":{},"s":{},"f":{},"b":{},"inputSourceMap":{"version":3,"file":"watch.js","sourceRoot":"","sources":["../../../../../src/abc/api/api-parts/watch.ts"],"names":[],"mappings":""},"all":true},"/Volumes/Coding/forest-fire/vuex-plugin-firemodel/dist/cjs/abc/api/index.js":{"path":"/Volumes/Coding/forest-fire/vuex-plugin-firemodel/dist/cjs/abc/api/index.js","statementMap":{"0":{"start":{"line":3,"column":4},"end":{"line":3,"column":71}},"1":{"start":{"line":3,"column":21},"end":{"line":3,"column":71}},"2":{"start":{"line":3,"column":53},"end":{"line":3,"column":71}},"3":{"start":{"line":5,"column":0},"end":{"line":5,"column":62}},"4":{"start":{"line":6,"column":0},"end":{"line":6,"column":30}},"5":{"start":{"line":7,"column":0},"end":{"line":7,"column":33}},"6":{"start":{"line":8,"column":0},"end":{"line":8,"column":36}}},"fnMap":{"0":{"name":"__export","decl":{"start":{"line":2,"column":9},"end":{"line":2,"column":17}},"loc":{"start":{"line":2,"column":21},"end":{"line":4,"column":1}},"line":2}},"branchMap":{"0":{"loc":{"start":{"line":3,"column":21},"end":{"line":3,"column":71}},"type":"if","locations":[{"start":{"line":3,"column":21},"end":{"line":3,"column":71}},{"start":{"line":3,"column":21},"end":{"line":3,"column":71}}],"line":3}},"s":{"0":0,"1":0,"2":0,"3":0,"4":0,"5":0,"6":0},"f":{"0":0},"b":{"0":[0,0]},"inputSourceMap":{"version":3,"file":"index.js","sourceRoot":"","sources":["../../../../src/abc/api/index.ts"],"names":[],"mappings":";;;;;AAAA,8BAAyB;AACzB,iCAA4B;AAC5B,oCAA+B"},"all":true},"/Volumes/Coding/forest-fire/vuex-plugin-firemodel/dist/cjs/abc/api/queryHelpers/all.js":{"path":"/Volumes/Coding/forest-fire/vuex-plugin-firemodel/dist/cjs/abc/api/queryHelpers/all.js","statementMap":{"0":{"start":{"line":2,"column":0},"end":{"line":2,"column":62}},"1":{"start":{"line":3,"column":16},"end":{"line":3,"column":41}},"2":{"start":{"line":4,"column":20},"end":{"line":4,"column":40}},"3":{"start":{"line":5,"column":17},"end":{"line":5,"column":37}},"4":{"start":{"line":6,"column":10},"end":{"line":21,"column":1}},"5":{"start":{"line":7,"column":4},"end":{"line":20,"column":6}},"6":{"start":{"line":8,"column":8},"end":{"line":8,"column":92}},"7":{"start":{"line":10,"column":27},"end":{"line":13,"column":9}},"8":{"start":{"line":11,"column":25},"end":{"line":11,"column":50}},"9":{"start":{"line":12,"column":12},"end":{"line":12,"column":24}},"10":{"start":{"line":15,"column":31},"end":{"line":18,"column":9}},"11":{"start":{"line":16,"column":25},"end":{"line":16,"column":74}},"12":{"start":{"line":17,"column":12},"end":{"line":17,"column":29}},"13":{"start":{"line":19,"column":8},"end":{"line":19,"column":98}},"14":{"start":{"line":22,"column":0},"end":{"line":22,"column":18}},"15":{"start":{"line":23,"column":0},"end":{"line":23,"column":35}}},"fnMap":{"0":{"name":"all","decl":{"start":{"line":6,"column":19},"end":{"line":6,"column":22}},"loc":{"start":{"line":6,"column":48},"end":{"line":21,"column":1}},"line":6},"1":{"name":"(anonymous_1)","decl":{"start":{"line":7,"column":11},"end":{"line":7,"column":12}},"loc":{"start":{"line":7,"column":35},"end":{"line":20,"column":5}},"line":7},"2":{"name":"(anonymous_2)","decl":{"start":{"line":10,"column":27},"end":{"line":10,"column":28}},"loc":{"start":{"line":10,"column":39},"end":{"line":13,"column":9}},"line":10},"3":{"name":"(anonymous_3)","decl":{"start":{"line":15,"column":31},"end":{"line":15,"column":32}},"loc":{"start":{"line":15,"column":43},"end":{"line":18,"column":9}},"line":15}},"branchMap":{"0":{"loc":{"start":{"line":6,"column":23},"end":{"line":6,"column":32}},"type":"default-arg","locations":[{"start":{"line":6,"column":30},"end":{"line":6,"column":32}}],"line":6},"1":{"loc":{"start":{"line":6,"column":34},"end":{"line":6,"column":46}},"type":"default-arg","locations":[{"start":{"line":6,"column":44},"end":{"line":6,"column":46}}],"line":6}},"s":{"0":0,"1":0,"2":0,"3":0,"4":0,"5":0,"6":0,"7":0,"8":0,"9":0,"10":0,"11":0,"12":0,"13":0,"14":0,"15":0},"f":{"0":0,"1":0,"2":0,"3":0},"b":{"0":[0],"1":[0]},"inputSourceMap":{"version":3,"file":"all.js","sourceRoot":"","sources":["../../../../../src/abc/api/queryHelpers/all.ts"],"names":[],"mappings":";;AAAA,0CAIwB;AAGxB,yCAAiC;AACjC,sCAA6C;AAE7C,IAAI,GAAG,GAAG,SAAS,GAAG,CACpB,OAEgC,EAAE,EAClC,UAA4B,EAAE;IAE9B,OAAO,KAAK,EACV,OAA0B,EAC1B,GAAc,EACS,EAAE;QACzB,IAAI,mCAAQ,IAAI,KAAE,SAAS,EAAE,iBAAS,CAAC,GAAG,GAAE,CAAC;QAC7C,iCAAiC;QACjC,MAAM,UAAU,GAAG,KAAK,IAAI,EAAE;YAC5B,MAAM,IAAI,GAAG,MAAM,GAAG,CAAC,SAAS,CAAC,GAAG,EAAE,CAAC;YACvC,OAAO,IAAI,CAAC;QACd,CAAC,CAAC;QAEF,gCAAgC;QAChC,MAAM,cAAc,GAAG,KAAK,IAAI,EAAE;YAChC,MAAM,IAAI,GAAG,MAAM,gBAAI,CAAC,GAAG,CAAC,GAAG,CAAC,KAAK,CAAC,WAAW,CAAC,CAAC;YACnD,OAAO,IAAI,CAAC,IAAI,CAAC;QACnB,CAAC,CAAC;QAEF,OAAO,yBAAgB,CACrB,IAAI,EACJ,OAAO,EACP,UAAU,EACV,cAAc,EACd,GAAG,EACH,OAAO,CACR,CAAC;IACJ,CAAC,CAAC;AACJ,CAAC,CAAC;AAIO,kBAAG;AAFZ,GAAG,CAAC,SAAS,CAAC,aAAa,GAAG,IAAI,CAAC"},"all":true},"/Volumes/Coding/forest-fire/vuex-plugin-firemodel/dist/cjs/abc/api/queryHelpers/index.js":{"path":"/Volumes/Coding/forest-fire/vuex-plugin-firemodel/dist/cjs/abc/api/queryHelpers/index.js","statementMap":{"0":{"start":{"line":3,"column":4},"end":{"line":3,"column":71}},"1":{"start":{"line":3,"column":21},"end":{"line":3,"column":71}},"2":{"start":{"line":3,"column":53},"end":{"line":3,"column":71}},"3":{"start":{"line":5,"column":0},"end":{"line":5,"column":62}},"4":{"start":{"line":6,"column":0},"end":{"line":6,"column":27}},"5":{"start":{"line":7,"column":0},"end":{"line":7,"column":29}},"6":{"start":{"line":8,"column":0},"end":{"line":8,"column":29}}},"fnMap":{"0":{"name":"__export","decl":{"start":{"line":2,"column":9},"end":{"line":2,"column":17}},"loc":{"start":{"line":2,"column":21},"end":{"line":4,"column":1}},"line":2}},"branchMap":{"0":{"loc":{"start":{"line":3,"column":21},"end":{"line":3,"column":71}},"type":"if","locations":[{"start":{"line":3,"column":21},"end":{"line":3,"column":71}},{"start":{"line":3,"column":21},"end":{"line":3,"column":71}}],"line":3}},"s":{"0":0,"1":0,"2":0,"3":0,"4":0,"5":0,"6":0},"f":{"0":0},"b":{"0":[0,0]},"inputSourceMap":{"version":3,"file":"index.js","sourceRoot":"","sources":["../../../../../src/abc/api/queryHelpers/index.ts"],"names":[],"mappings":";;;;;AAAA,2BAAsB;AACtB,6BAAwB;AACxB,6BAAwB"},"all":true},"/Volumes/Coding/forest-fire/vuex-plugin-firemodel/dist/cjs/abc/api/queryHelpers/refresh.js":{"path":"/Volumes/Coding/forest-fire/vuex-plugin-firemodel/dist/cjs/abc/api/queryHelpers/refresh.js","statementMap":{"0":{"start":{"line":2,"column":0},"end":{"line":2,"column":62}},"1":{"start":{"line":3,"column":17},"end":{"line":3,"column":43}},"2":{"start":{"line":13,"column":14},"end":{"line":26,"column":1}},"3":{"start":{"line":14,"column":4},"end":{"line":25,"column":6}},"4":{"start":{"line":17,"column":8},"end":{"line":21,"column":9}},"5":{"start":{"line":20,"column":12},"end":{"line":20,"column":249}},"6":{"start":{"line":24,"column":8},"end":{"line":24,"column":35}},"7":{"start":{"line":27,"column":0},"end":{"line":27,"column":26}},"8":{"start":{"line":28,"column":0},"end":{"line":28,"column":39}}},"fnMap":{"0":{"name":"refresh","decl":{"start":{"line":13,"column":23},"end":{"line":13,"column":30}},"loc":{"start":{"line":13,"column":42},"end":{"line":26,"column":1}},"line":13},"1":{"name":"(anonymous_1)","decl":{"start":{"line":14,"column":11},"end":{"line":14,"column":12}},"loc":{"start":{"line":14,"column":42},"end":{"line":25,"column":5}},"line":14}},"branchMap":{"0":{"loc":{"start":{"line":17,"column":8},"end":{"line":21,"column":9}},"type":"if","locations":[{"start":{"line":17,"column":8},"end":{"line":21,"column":9}},{"start":{"line":17,"column":8},"end":{"line":21,"column":9}}],"line":17}},"s":{"0":0,"1":0,"2":0,"3":0,"4":0,"5":0,"6":0,"7":0,"8":0},"f":{"0":0,"1":0},"b":{"0":[0,0]},"inputSourceMap":{"version":3,"file":"refresh.js","sourceRoot":"","sources":["../../../../../src/abc/api/queryHelpers/refresh.ts"],"names":[],"mappings":";;AAGA,4CAA2C;AAG3C;;;;;;;;GAQG;AACH,IAAI,OAAO,GAAG,SAAS,OAAO,CAAgC,SAAiB;IAC7E,OAAO,CAAI,OAA0B,EAAE,OAAuB,EAAE,OAAkB,EAAgB,EAAE;QAClG,0DAA0D;QAC1D,kDAAkD;QAClD,IAAI,OAAO,CAAC,MAAM,CAAC,YAAY,EAAE;SAIhC;aAAM;YACL,MAAM,IAAI,iBAAQ,CAAC,qBAAqB,OAAO,QAAQ,OAAO,CAAC,KAAK,CAAC,KAAK,CAAC,MAAM,kIAAkI,EAAE,aAAa,CAAC,CAAC;SACrO;QAED,uBAAuB;QAEvB,wBAAwB;QAExB,OAAO,OAAO,CAAC,OAAO,CAAC,EAAE,CAAC,CAAC;IAC7B,CAAC,CAAA;AAEH,CAAC,CAAA;AAIQ,0BAAO;AAFhB,OAAO,CAAC,SAAS,CAAC,aAAa,GAAG,IAAI,CAAC"},"all":true},"/Volumes/Coding/forest-fire/vuex-plugin-firemodel/dist/cjs/abc/api/queryHelpers/since.js":{"path":"/Volumes/Coding/forest-fire/vuex-plugin-firemodel/dist/cjs/abc/api/queryHelpers/since.js","statementMap":{"0":{"start":{"line":2,"column":0},"end":{"line":2,"column":62}},"1":{"start":{"line":8,"column":12},"end":{"line":12,"column":1}},"2":{"start":{"line":9,"column":4},"end":{"line":11,"column":6}},"3":{"start":{"line":10,"column":8},"end":{"line":10,"column":43}},"4":{"start":{"line":13,"column":0},"end":{"line":13,"column":22}},"5":{"start":{"line":14,"column":0},"end":{"line":14,"column":37}}},"fnMap":{"0":{"name":"since","decl":{"start":{"line":8,"column":21},"end":{"line":8,"column":26}},"loc":{"start":{"line":8,"column":33},"end":{"line":12,"column":1}},"line":8},"1":{"name":"all","decl":{"start":{"line":9,"column":20},"end":{"line":9,"column":23}},"loc":{"start":{"line":9,"column":30},"end":{"line":11,"column":5}},"line":9},"2":{"name":"(anonymous_2)","decl":{"start":{"line":10,"column":15},"end":{"line":10,"column":16}},"loc":{"start":{"line":10,"column":39},"end":{"line":10,"column":42}},"line":10}},"branchMap":{},"s":{"0":0,"1":0,"2":0,"3":0,"4":0,"5":0},"f":{"0":0,"1":0,"2":0},"b":{},"inputSourceMap":{"version":3,"file":"since.js","sourceRoot":"","sources":["../../../../../src/abc/api/queryHelpers/since.ts"],"names":[],"mappings":";;AASA;;;;GAIG;AACH,IAAI,KAAK,GAAG,SAAS,KAAK,CACxB,IAAoD;IAEpD,OAAO,SAAS,GAAG,CAAI,IAAmD;QACxE,OAAO,KAAK,EAAE,OAA0B,EAAE,GAAc,EAAE,EAAE,GAAE,CAAC,CAAC;IAClE,CAAC,CAAC;AACJ,CAAC,CAAC;AAIO,sBAAK;AAFd,KAAK,CAAC,SAAS,CAAC,aAAa,GAAG,IAAI,CAAC"},"all":true},"/Volumes/Coding/forest-fire/vuex-plugin-firemodel/dist/cjs/abc/api/queryHelpers/where.js":{"path":"/Volumes/Coding/forest-fire/vuex-plugin-firemodel/dist/cjs/abc/api/queryHelpers/where.js","statementMap":{"0":{"start":{"line":2,"column":0},"end":{"line":2,"column":62}},"1":{"start":{"line":3,"column":16},"end":{"line":3,"column":41}},"2":{"start":{"line":4,"column":20},"end":{"line":4,"column":40}},"3":{"start":{"line":5,"column":17},"end":{"line":5,"column":37}},"4":{"start":{"line":11,"column":12},"end":{"line":32,"column":1}},"5":{"start":{"line":12,"column":4},"end":{"line":12,"column":90}},"6":{"start":{"line":13,"column":4},"end":{"line":31,"column":6}},"7":{"start":{"line":15,"column":24},"end":{"line":19,"column":38}},"8":{"start":{"line":21,"column":27},"end":{"line":24,"column":9}},"9":{"start":{"line":22,"column":25},"end":{"line":22,"column":74}},"10":{"start":{"line":23,"column":12},"end":{"line":23,"column":24}},"11":{"start":{"line":26,"column":31},"end":{"line":29,"column":9}},"12":{"start":{"line":27,"column":25},"end":{"line":27,"column":100}},"13":{"start":{"line":28,"column":12},"end":{"line":28,"column":29}},"14":{"start":{"line":30,"column":8},"end":{"line":30,"column":98}},"15":{"start":{"line":33,"column":0},"end":{"line":33,"column":22}},"16":{"start":{"line":34,"column":0},"end":{"line":34,"column":37}}},"fnMap":{"0":{"name":"where","decl":{"start":{"line":11,"column":21},"end":{"line":11,"column":26}},"loc":{"start":{"line":11,"column":47},"end":{"line":32,"column":1}},"line":11},"1":{"name":"(anonymous_1)","decl":{"start":{"line":13,"column":11},"end":{"line":13,"column":12}},"loc":{"start":{"line":13,"column":35},"end":{"line":31,"column":5}},"line":13},"2":{"name":"(anonymous_2)","decl":{"start":{"line":21,"column":27},"end":{"line":21,"column":28}},"loc":{"start":{"line":21,"column":39},"end":{"line":24,"column":9}},"line":21},"3":{"name":"(anonymous_3)","decl":{"start":{"line":26,"column":31},"end":{"line":26,"column":32}},"loc":{"start":{"line":26,"column":43},"end":{"line":29,"column":9}},"line":26}},"branchMap":{"0":{"loc":{"start":{"line":11,"column":33},"end":{"line":11,"column":45}},"type":"default-arg","locations":[{"start":{"line":11,"column":43},"end":{"line":11,"column":45}}],"line":11},"1":{"loc":{"start":{"line":15,"column":24},"end":{"line":19,"column":38}},"type":"cond-expr","locations":[{"start":{"line":16,"column":14},"end":{"line":16,"column":25}},{"start":{"line":17,"column":14},"end":{"line":19,"column":38}}],"line":15},"2":{"loc":{"start":{"line":17,"column":14},"end":{"line":19,"column":38}},"type":"cond-expr","locations":[{"start":{"line":18,"column":18},"end":{"line":18,"column":41}},{"start":{"line":19,"column":18},"end":{"line":19,"column":38}}],"line":17}},"s":{"0":0,"1":0,"2":0,"3":0,"4":0,"5":0,"6":0,"7":0,"8":0,"9":0,"10":0,"11":0,"12":0,"13":0,"14":0,"15":0,"16":0},"f":{"0":0,"1":0,"2":0,"3":0},"b":{"0":[0],"1":[0,0],"2":[0,0]},"inputSourceMap":{"version":3,"file":"where.js","sourceRoot":"","sources":["../../../../../src/abc/api/queryHelpers/where.ts"],"names":[],"mappings":";;AAAA,0CAA8D;AAQ9D,yCAAuE;AACvE,sCAA6C;AAE7C;;;;GAIG;AACH,IAAI,KAAK,GAAG,SAAS,KAAK,CACxB,IAEkE,EAClE,UAA4B,EAAE;IAE9B,IAAI,mCAAQ,IAAI,KAAE,SAAS,EAAE,iBAAS,CAAC,KAAK,GAAE,CAAC;IAC/C,OAAO,KAAK,EACV,OAA0B,EAC1B,GAAc,EACS,EAAE;QACzB,qCAAqC;QACrC,MAAM,OAAO,GACX,IAAI,CAAC,MAAM,KAAK,SAAS;YACvB,CAAC,CAAC,IAAI,CAAC,MAAM;YACb,CAAC,CAAC,IAAI,CAAC,WAAW,KAAK,SAAS;gBAChC,CAAC,CAAC,CAAC,GAAG,EAAE,IAAI,CAAC,WAAW,CAAC;gBACzB,CAAC,CAAC,CAAC,GAAG,EAAE,IAAI,CAAC,QAAQ,CAAC,CAAC;QAC3B,iCAAiC;QACjC,MAAM,UAAU,GAAG,KAAK,IAAI,EAAE;YAC5B,MAAM,IAAI,GAAG,MAAM,GAAG,CAAC,SAAS,CAAC,KAAK,CAAC,IAAI,CAAC,QAAQ,EAAE,OAAO,CAAC,CAAC;YAE/D,OAAO,IAAI,CAAC;QACd,CAAC,CAAC;QACF,gCAAgC;QAChC,MAAM,cAAc,GAAG,KAAK,IAAI,EAAE;YAChC,MAAM,IAAI,GAAG,MAAM,gBAAI,CAAC,KAAK,CAC3B,GAAG,CAAC,KAAK,CAAC,WAAW,EACrB,IAAI,CAAC,QAAQ,EACb,OAAO,CACR,CAAC;YACF,OAAO,IAAI,CAAC,IAAI,CAAC;QACnB,CAAC,CAAC;QAEF,OAAO,yBAAgB,CACrB,IAAI,EACJ,OAAO,EACP,UAAU,EACV,cAAc,EACd,GAAG,EACH,OAAO,CACR,CAAC;IACJ,CAAC,CAAC;AACJ,CAAC,CAAC;AAIO,sBAAK;AAFd,KAAK,CAAC,SAAS,CAAC,aAAa,GAAG,IAAI,CAAC"},"all":true},"/Volumes/Coding/forest-fire/vuex-plugin-firemodel/dist/cjs/abc/api/shared/findPk.js":{"path":"/Volumes/Coding/forest-fire/vuex-plugin-firemodel/dist/cjs/abc/api/shared/findPk.js","statementMap":{"0":{"start":{"line":2,"column":0},"end":{"line":2,"column":62}},"1":{"start":{"line":3,"column":17},"end":{"line":3,"column":43}},"2":{"start":{"line":12,"column":30},"end":{"line":12,"column":44}},"3":{"start":{"line":13,"column":16},"end":{"line":13,"column":48}},"4":{"start":{"line":13,"column":36},"end":{"line":13,"column":47}},"5":{"start":{"line":14,"column":4},"end":{"line":17,"column":7}},"6":{"start":{"line":15,"column":23},"end":{"line":15,"column":36}},"7":{"start":{"line":16,"column":8},"end":{"line":16,"column":46}},"8":{"start":{"line":16,"column":34},"end":{"line":16,"column":44}},"9":{"start":{"line":18,"column":4},"end":{"line":20,"column":5}},"10":{"start":{"line":19,"column":8},"end":{"line":19,"column":142}},"11":{"start":{"line":21,"column":4},"end":{"line":21,"column":49}},"12":{"start":{"line":23,"column":0},"end":{"line":23,"column":24}}},"fnMap":{"0":{"name":"findPk","decl":{"start":{"line":11,"column":9},"end":{"line":11,"column":15}},"loc":{"start":{"line":11,"column":29},"end":{"line":22,"column":1}},"line":11},"1":{"name":"(anonymous_1)","decl":{"start":{"line":13,"column":31},"end":{"line":13,"column":32}},"loc":{"start":{"line":13,"column":36},"end":{"line":13,"column":47}},"line":13},"2":{"name":"(anonymous_2)","decl":{"start":{"line":14,"column":21},"end":{"line":14,"column":22}},"loc":{"start":{"line":14,"column":27},"end":{"line":17,"column":5}},"line":14},"3":{"name":"(anonymous_3)","decl":{"start":{"line":16,"column":29},"end":{"line":16,"column":30}},"loc":{"start":{"line":16,"column":34},"end":{"line":16,"column":44}},"line":16}},"branchMap":{"0":{"loc":{"start":{"line":18,"column":4},"end":{"line":20,"column":5}},"type":"if","locations":[{"start":{"line":18,"column":4},"end":{"line":20,"column":5}},{"start":{"line":18,"column":4},"end":{"line":20,"column":5}}],"line":18},"1":{"loc":{"start":{"line":21,"column":11},"end":{"line":21,"column":48}},"type":"cond-expr","locations":[{"start":{"line":21,"column":32},"end":{"line":21,"column":40}},{"start":{"line":21,"column":43},"end":{"line":21,"column":48}}],"line":21}},"s":{"0":0,"1":0,"2":0,"3":0,"4":0,"5":0,"6":0,"7":0,"8":0,"9":0,"10":0,"11":0,"12":0},"f":{"0":0,"1":0,"2":0,"3":0},"b":{"0":[0,0],"1":[0,0]},"inputSourceMap":{"version":3,"file":"findPk.js","sourceRoot":"","sources":["../../../../../src/abc/api/shared/findPk.ts"],"names":[],"mappings":";;AACA,4CAA2C;AAG3C;;;;;;GAMG;AACH,SAAgB,MAAM,CACpB,EAAU,EACV,OAAY;IAEZ,MAAM,CAAC,EAAE,EAAE,GAAG,QAAQ,CAAC,GAAG,EAAE,CAAC,KAAK,CAAC,IAAI,CAAC,CAAC;IACzC,IAAI,KAAK,GAAG,OAAO,CAAC,MAAM,CAAC,CAAC,CAAC,EAAE,CAAC,CAAC,CAAC,EAAE,KAAK,EAAE,CAAC,CAAC;IAE7C,QAAQ,CAAC,OAAO,CAAC,EAAE,CAAC,EAAE;QACpB,MAAM,CAAC,CAAC,EAAE,CAAC,CAAC,GAAG,EAAE,CAAC,KAAK,CAAC,GAAG,CAAC,CAAC;QAC7B,KAAK,GAAG,KAAK,CAAC,MAAM,CAAC,CAAC,CAAC,EAAE,CAAC,CAAC,CAAC,CAAC,CAAC,KAAK,CAAC,CAAC,CAAC;IACxC,CAAC,CAAC,CAAC;IAEH,IAAI,KAAK,CAAC,MAAM,GAAG,CAAC,EAAE;QACpB,MAAM,IAAI,iBAAQ,CAChB,oCAAoC,EAAE,mDAAmD,EACzF,aAAa,CACd,CAAC;KACH;IAED,OAAO,KAAK,CAAC,MAAM,KAAK,CAAC,CAAC,CAAC,CAAC,KAAK,CAAC,CAAC,CAAC,CAAC,CAAC,CAAC,KAAK,CAAC;AAC/C,CAAC;AApBD,wBAoBC"},"all":true},"/Volumes/Coding/forest-fire/vuex-plugin-firemodel/dist/cjs/abc/api/shared/generalizedQuery.js":{"path":"/Volumes/Coding/forest-fire/vuex-plugin-firemodel/dist/cjs/abc/api/shared/generalizedQuery.js","statementMap":{"0":{"start":{"line":2,"column":22},"end":{"line":4,"column":1}},"1":{"start":{"line":3,"column":4},"end":{"line":3,"column":62}},"2":{"start":{"line":5,"column":0},"end":{"line":5,"column":62}},"3":{"start":{"line":6,"column":16},"end":{"line":6,"column":41}},"4":{"start":{"line":7,"column":12},"end":{"line":7,"column":31}},"5":{"start":{"line":8,"column":21},"end":{"line":8,"column":59}},"6":{"start":{"line":9,"column":20},"end":{"line":9,"column":40}},"7":{"start":{"line":10,"column":22},"end":{"line":10,"column":44}},"8":{"start":{"line":11,"column":17},"end":{"line":11,"column":44}},"9":{"start":{"line":17,"column":18},"end":{"line":17,"column":32}},"10":{"start":{"line":18,"column":24},"end":{"line":18,"column":100}},"11":{"start":{"line":19,"column":20},"end":{"line":19,"column":102}},"12":{"start":{"line":19,"column":41},"end":{"line":19,"column":101}},"13":{"start":{"line":20,"column":21},"end":{"line":20,"column":23}},"14":{"start":{"line":22,"column":4},"end":{"line":54,"column":5}},"15":{"start":{"line":24,"column":8},"end":{"line":26,"column":11}},"16":{"start":{"line":25,"column":12},"end":{"line":25,"column":20}},"17":{"start":{"line":27,"column":29},"end":{"line":27,"column":110}},"18":{"start":{"line":27,"column":49},"end":{"line":27,"column":109}},"19":{"start":{"line":28,"column":8},"end":{"line":33,"column":10}},"20":{"start":{"line":34,"column":29},"end":{"line":39,"column":10}},"21":{"start":{"line":40,"column":8},"end":{"line":45,"column":9}},"22":{"start":{"line":41,"column":12},"end":{"line":41,"column":112}},"23":{"start":{"line":44,"column":12},"end":{"line":44,"column":110}},"24":{"start":{"line":48,"column":8},"end":{"line":53,"column":10}},"25":{"start":{"line":55,"column":26},"end":{"line":55,"column":48}},"26":{"start":{"line":56,"column":22},"end":{"line":56,"column":106}},"27":{"start":{"line":56,"column":45},"end":{"line":56,"column":105}},"28":{"start":{"line":57,"column":19},"end":{"line":57,"column":69}},"29":{"start":{"line":57,"column":41},"end":{"line":57,"column":68}},"30":{"start":{"line":58,"column":22},"end":{"line":58,"column":24}},"31":{"start":{"line":59,"column":21},"end":{"line":59,"column":23}},"32":{"start":{"line":60,"column":4},"end":{"line":71,"column":7}},"33":{"start":{"line":61,"column":19},"end":{"line":61,"column":81}},"34":{"start":{"line":62,"column":8},"end":{"line":70,"column":9}},"35":{"start":{"line":63,"column":29},"end":{"line":63,"column":63}},"36":{"start":{"line":64,"column":12},"end":{"line":69,"column":13}},"37":{"start":{"line":65,"column":16},"end":{"line":65,"column":35}},"38":{"start":{"line":68,"column":16},"end":{"line":68,"column":34}},"39":{"start":{"line":72,"column":4},"end":{"line":72,"column":77}},"40":{"start":{"line":73,"column":4},"end":{"line":74,"column":70}},"41":{"start":{"line":76,"column":26},"end":{"line":76,"column":80}},"42":{"start":{"line":76,"column":57},"end":{"line":76,"column":79}},"43":{"start":{"line":77,"column":27},"end":{"line":77,"column":76}},"44":{"start":{"line":77,"column":53},"end":{"line":77,"column":75}},"45":{"start":{"line":78,"column":4},"end":{"line":78,"column":51}},"46":{"start":{"line":79,"column":4},"end":{"line":81,"column":5}},"47":{"start":{"line":80,"column":8},"end":{"line":80,"column":140}},"48":{"start":{"line":82,"column":4},"end":{"line":88,"column":5}},"49":{"start":{"line":83,"column":8},"end":{"line":87,"column":11}},"50":{"start":{"line":86,"column":12},"end":{"line":86,"column":142}},"51":{"start":{"line":89,"column":19},"end":{"line":98,"column":5}},"52":{"start":{"line":99,"column":21},"end":{"line":105,"column":6}},"53":{"start":{"line":106,"column":4},"end":{"line":106,"column":104}},"54":{"start":{"line":107,"column":4},"end":{"line":107,"column":20}},"55":{"start":{"line":109,"column":0},"end":{"line":109,"column":44}}},"fnMap":{"0":{"name":"(anonymous_0)","decl":{"start":{"line":2,"column":56},"end":{"line":2,"column":57}},"loc":{"start":{"line":2,"column":71},"end":{"line":4,"column":1}},"line":2},"1":{"name":"generalizedQuery","decl":{"start":{"line":16,"column":15},"end":{"line":16,"column":31}},"loc":{"start":{"line":16,"column":94},"end":{"line":108,"column":1}},"line":16},"2":{"name":"(anonymous_2)","decl":{"start":{"line":19,"column":36},"end":{"line":19,"column":37}},"loc":{"start":{"line":19,"column":41},"end":{"line":19,"column":101}},"line":19},"3":{"name":"(anonymous_3)","decl":{"start":{"line":24,"column":46},"end":{"line":24,"column":47}},"loc":{"start":{"line":24,"column":51},"end":{"line":26,"column":9}},"line":24},"4":{"name":"(anonymous_4)","decl":{"start":{"line":27,"column":44},"end":{"line":27,"column":45}},"loc":{"start":{"line":27,"column":49},"end":{"line":27,"column":109}},"line":27},"5":{"name":"(anonymous_5)","decl":{"start":{"line":56,"column":40},"end":{"line":56,"column":41}},"loc":{"start":{"line":56,"column":45},"end":{"line":56,"column":105}},"line":56},"6":{"name":"(anonymous_6)","decl":{"start":{"line":57,"column":36},"end":{"line":57,"column":37}},"loc":{"start":{"line":57,"column":41},"end":{"line":57,"column":68}},"line":57},"7":{"name":"(anonymous_7)","decl":{"start":{"line":60,"column":26},"end":{"line":60,"column":27}},"loc":{"start":{"line":60,"column":33},"end":{"line":71,"column":5}},"line":60},"8":{"name":"(anonymous_8)","decl":{"start":{"line":76,"column":52},"end":{"line":76,"column":53}},"loc":{"start":{"line":76,"column":57},"end":{"line":76,"column":79}},"line":76},"9":{"name":"(anonymous_9)","decl":{"start":{"line":77,"column":48},"end":{"line":77,"column":49}},"loc":{"start":{"line":77,"column":53},"end":{"line":77,"column":75}},"line":77},"10":{"name":"(anonymous_10)","decl":{"start":{"line":83,"column":49},"end":{"line":83,"column":50}},"loc":{"start":{"line":83,"column":55},"end":{"line":87,"column":9}},"line":83}},"branchMap":{"0":{"loc":{"start":{"line":2,"column":22},"end":{"line":4,"column":1}},"type":"binary-expr","locations":[{"start":{"line":2,"column":23},"end":{"line":2,"column":27}},{"start":{"line":2,"column":31},"end":{"line":2,"column":51}},{"start":{"line":2,"column":56},"end":{"line":4,"column":1}}],"line":2},"1":{"loc":{"start":{"line":3,"column":11},"end":{"line":3,"column":61}},"type":"cond-expr","locations":[{"start":{"line":3,"column":37},"end":{"line":3,"column":40}},{"start":{"line":3,"column":43},"end":{"line":3,"column":61}}],"line":3},"2":{"loc":{"start":{"line":3,"column":12},"end":{"line":3,"column":33}},"type":"binary-expr","locations":[{"start":{"line":3,"column":12},"end":{"line":3,"column":15}},{"start":{"line":3,"column":19},"end":{"line":3,"column":33}}],"line":3},"3":{"loc":{"start":{"line":22,"column":4},"end":{"line":54,"column":5}},"type":"if","locations":[{"start":{"line":22,"column":4},"end":{"line":54,"column":5}},{"start":{"line":22,"column":4},"end":{"line":54,"column":5}}],"line":22},"4":{"loc":{"start":{"line":22,"column":8},"end":{"line":22,"column":52}},"type":"binary-expr","locations":[{"start":{"line":22,"column":8},"end":{"line":22,"column":25}},{"start":{"line":22,"column":29},"end":{"line":22,"column":52}}],"line":22},"5":{"loc":{"start":{"line":40,"column":8},"end":{"line":45,"column":9}},"type":"if","locations":[{"start":{"line":40,"column":8},"end":{"line":45,"column":9}},{"start":{"line":40,"column":8},"end":{"line":45,"column":9}}],"line":40},"6":{"loc":{"start":{"line":62,"column":8},"end":{"line":70,"column":9}},"type":"if","locations":[{"start":{"line":62,"column":8},"end":{"line":70,"column":9}},{"start":{"line":62,"column":8},"end":{"line":70,"column":9}}],"line":62},"7":{"loc":{"start":{"line":64,"column":12},"end":{"line":69,"column":13}},"type":"if","locations":[{"start":{"line":64,"column":12},"end":{"line":69,"column":13}},{"start":{"line":64,"column":12},"end":{"line":69,"column":13}}],"line":64},"8":{"loc":{"start":{"line":79,"column":4},"end
[...]
":6,"column":5}},"loc":{"start":{"line":6,"column":61},"end":{"line":8,"column":5}},"line":6},"2":{"name":"(anonymous_2)","decl":{"start":{"line":9,"column":4},"end":{"line":9,"column":5}},"loc":{"start":{"line":9,"column":67},"end":{"line":11,"column":5}},"line":9},"3":{"name":"(anonymous_3)","decl":{"start":{"line":16,"column":4},"end":{"line":16,"column":5}},"loc":{"start":{"line":16,"column":67},"end":{"line":18,"column":5}},"line":16},"4":{"name":"(anonymous_4)","decl":{"start":{"line":19,"column":4},"end":{"line":19,"column":5}},"loc":{"start":{"line":19,"column":82},"end":{"line":25,"column":5}},"line":19}},"branchMap":{},"s":{"0":0,"1":0,"2":0,"3":0,"4":0,"5":0,"6":0},"f":{"0":0,"1":0,"2":0,"3":0,"4":0},"b":{},"all":true},"/Volumes/Coding/forest-fire/vuex-plugin-firemodel/dist/esnext/store/mutations/watcher.js":{"path":"/Volumes/Coding/forest-fire/vuex-plugin-firemodel/dist/esnext/store/mutations/watcher.js","statementMap":{"0":{"start":{"line":2,"column":23},"end":{"line":21,"column":2}},"1":{"start":{"line":2,"column":30},"end":{"line":21,"column":1}},"2":{"start":{"line":7,"column":8},"end":{"line":7,"column":96}},"3":{"start":{"line":10,"column":8},"end":{"line":10,"column":87}},"4":{"start":{"line":10,"column":52},"end":{"line":10,"column":85}},"5":{"start":{"line":13,"column":8},"end":{"line":13,"column":28}},"6":{"start":{"line":16,"column":8},"end":{"line":16,"column":52}},"7":{"start":{"line":19,"column":8},"end":{"line":19,"column":63}},"8":{"start":{"line":19,"column":46},"end":{"line":19,"column":61}}},"fnMap":{"0":{"name":"(anonymous_0)","decl":{"start":{"line":2,"column":23},"end":{"line":2,"column":24}},"loc":{"start":{"line":2,"column":30},"end":{"line":21,"column":1}},"line":2},"1":{"name":"(anonymous_1)","decl":{"start":{"line":3,"column":4},"end":{"line":3,"column":5}},"loc":{"start":{"line":3,"column":63},"end":{"line":5,"column":5}},"line":3},"2":{"name":"(anonymous_2)","decl":{"start":{"line":6,"column":4},"end":{"line":6,"column":5}},"loc":{"start":{"line":6,"column":61},"end":{"line":8,"column":5}},"line":6},"3":{"name":"(anonymous_3)","decl":{"start":{"line":9,"column":4},"end":{"line":9,"column":5}},"loc":{"start":{"line":9,"column":61},"end":{"line":11,"column":5}},"line":9},"4":{"name":"(anonymous_4)","decl":{"start":{"line":10,"column":47},"end":{"line":10,"column":48}},"loc":{"start":{"line":10,"column":52},"end":{"line":10,"column":85}},"line":10},"5":{"name":"(anonymous_5)","decl":{"start":{"line":12,"column":4},"end":{"line":12,"column":5}},"loc":{"start":{"line":12,"column":68},"end":{"line":14,"column":5}},"line":12},"6":{"name":"(anonymous_6)","decl":{"start":{"line":15,"column":4},"end":{"line":15,"column":5}},"loc":{"start":{"line":15,"column":59},"end":{"line":17,"column":5}},"line":15},"7":{"name":"(anonymous_7)","decl":{"start":{"line":18,"column":4},"end":{"line":18,"column":5}},"loc":{"start":{"line":18,"column":63},"end":{"line":20,"column":5}},"line":18},"8":{"name":"(anonymous_8)","decl":{"start":{"line":19,"column":41},"end":{"line":19,"column":42}},"loc":{"start":{"line":19,"column":46},"end":{"line":19,"column":61}},"line":19}},"branchMap":{"0":{"loc":{"start":{"line":7,"column":35},"end":{"line":7,"column":94}},"type":"cond-expr","locations":[{"start":{"line":7,"column":52},"end":{"line":7,"column":82}},{"start":{"line":7,"column":85},"end":{"line":7,"column":94}}],"line":7}},"s":{"0":0,"1":0,"2":0,"3":0,"4":0,"5":0,"6":0,"7":0,"8":0},"f":{"0":0,"1":0,"2":0,"3":0,"4":0,"5":0,"6":0,"7":0,"8":0},"b":{"0":[0,0]},"all":true},"/Volumes/Coding/forest-fire/vuex-plugin-firemodel/dist/esnext/store/state.js":{"path":"/Volumes/Coding/forest-fire/vuex-plugin-firemodel/dist/esnext/store/state.js","statementMap":{"0":{"start":{"line":4,"column":21},"end":{"line":11,"column":2}},"1":{"start":{"line":4,"column":28},"end":{"line":11,"column":1}}},"fnMap":{"0":{"name":"(anonymous_0)","decl":{"start":{"line":4,"column":21},"end":{"line":4,"column":22}},"loc":{"start":{"line":4,"column":28},"end":{"line":11,"column":1}},"line":4}},"branchMap":{},"s":{"0":0,"1":0},"f":{"0":0},"b":{},"all":true},"/Volumes/Coding/forest-fire/vuex-plugin-firemodel/dist/esnext/types/abc.js":{"path":"/Volumes/Coding/forest-fire/vuex-plugin-firemodel/dist/esnext/types/abc.js","statementMap":{"0":{"start":{"line":2,"column":4},"end":{"line":2,"column":41}},"1":{"start":{"line":5,"column":0},"end":{"line":62,"column":38}},"2":{"start":{"line":12,"column":4},"end":{"line":12,"column":73}},"3":{"start":{"line":17,"column":4},"end":{"line":17,"column":63}},"4":{"start":{"line":21,"column":4},"end":{"line":21,"column":49}},"5":{"start":{"line":25,"column":4},"end":{"line":25,"column":59}},"6":{"start":{"line":29,"column":4},"end":{"line":29,"column":63}},"7":{"start":{"line":33,"column":4},"end":{"line":33,"column":79}},"8":{"start":{"line":37,"column":4},"end":{"line":37,"column":87}},"9":{"start":{"line":43,"column":4},"end":{"line":43,"column":71}},"10":{"start":{"line":47,"column":4},"end":{"line":47,"column":67}},"11":{"start":{"line":51,"column":4},"end":{"line":51,"column":83}},"12":{"start":{"line":56,"column":4},"end":{"line":56,"column":79}},"13":{"start":{"line":61,"column":4},"end":{"line":61,"column":81}},"14":{"start":{"line":64,"column":0},"end":{"line":68,"column":42}},"15":{"start":{"line":65,"column":4},"end":{"line":65,"column":35}},"16":{"start":{"line":66,"column":4},"end":{"line":66,"column":45}},"17":{"start":{"line":67,"column":4},"end":{"line":67,"column":43}},"18":{"start":{"line":70,"column":0},"end":{"line":74,"column":34}},"19":{"start":{"line":71,"column":4},"end":{"line":71,"column":29}},"20":{"start":{"line":72,"column":4},"end":{"line":72,"column":33}},"21":{"start":{"line":73,"column":4},"end":{"line":73,"column":33}}},"fnMap":{"0":{"name":"isDiscreteRequest","decl":{"start":{"line":1,"column":16},"end":{"line":1,"column":33}},"loc":{"start":{"line":1,"column":43},"end":{"line":3,"column":1}},"line":1},"1":{"name":"(anonymous_1)","decl":{"start":{"line":5,"column":1},"end":{"line":5,"column":2}},"loc":{"start":{"line":5,"column":24},"end":{"line":62,"column":1}},"line":5},"2":{"name":"(anonymous_2)","decl":{"start":{"line":64,"column":1},"end":{"line":64,"column":2}},"loc":{"start":{"line":64,"column":26},"end":{"line":68,"column":1}},"line":64},"3":{"name":"(anonymous_3)","decl":{"start":{"line":70,"column":1},"end":{"line":70,"column":2}},"loc":{"start":{"line":70,"column":22},"end":{"line":74,"column":1}},"line":70}},"branchMap":{"0":{"loc":{"start":{"line":62,"column":3},"end":{"line":62,"column":36}},"type":"binary-expr","locations":[{"start":{"line":62,"column":3},"end":{"line":62,"column":14}},{"start":{"line":62,"column":19},"end":{"line":62,"column":35}}],"line":62},"1":{"loc":{"start":{"line":68,"column":3},"end":{"line":68,"column":40}},"type":"binary-expr","locations":[{"start":{"line":68,"column":3},"end":{"line":68,"column":16}},{"start":{"line":68,"column":21},"end":{"line":68,"column":39}}],"line":68},"2":{"loc":{"start":{"line":74,"column":3},"end":{"line":74,"column":32}},"type":"binary-expr","locations":[{"start":{"line":74,"column":3},"end":{"line":74,"column":12}},{"start":{"line":74,"column":17},"end":{"line":74,"column":31}}],"line":74}},"s":{"0":0,"1":0,"2":0,"3":0,"4":0,"5":0,"6":0,"7":0,"8":0,"9":0,"10":0,"11":0,"12":0,"13":0,"14":0,"15":0,"16":0,"17":0,"18":0,"19":0,"20":0,"21":0},"f":{"0":0,"1":0,"2":0,"3":0},"b":{"0":[0,0],"1":[0,0],"2":[0,0]},"all":true},"/Volumes/Coding/forest-fire/vuex-plugin-firemodel/dist/esnext/types/actions/FmConfigActions.js":{"path":"/Volumes/Coding/forest-fire/vuex-plugin-firemodel/dist/esnext/types/actions/FmConfigActions.js","statementMap":{"0":{"start":{"line":2,"column":0},"end":{"line":9,"column":44}},"1":{"start":{"line":3,"column":4},"end":{"line":3,"column":42}},"2":{"start":{"line":4,"column":4},"end":{"line":4,"column":53}},"3":{"start":{"line":5,"column":4},"end":{"line":5,"column":57}},"4":{"start":{"line":6,"column":4},"end":{"line":6,"column":64}},"5":{"start":{"line":7,"column":4},"end":{"line":7,"column":56}},"6":{"start":{"line":8,"column":4},"end":{"line":8,"column":59}}},"fnMap":{"0":{"name":"(anonymous_0)","decl":{"start":{"line":2,"column":1},"end":{"line":2,"column":2}},"loc":{"start":{"line":2,"column":27},"end":{"line":9,"column":1}},"line":2}},"branchMap":{"0":{"loc":{"start":{"line":9,"column":3},"end":{"line":9,"column":42}},"type":"binary-expr","locations":[{"start":{"line":9,"column":3},"end":{"line":9,"column":17}},{"start":{"line":9,"column":22},"end":{"line":9,"column":41}}],"line":9}},"s":{"0":0,"1":0,"2":0,"3":0,"4":0,"5":0,"6":0},"f":{"0":0},"b":{"0":[0,0]},"all":true},"/Volumes/Coding/forest-fire/vuex-plugin-firemodel/dist/esnext/types/actions/index.js":{"path":"/Volumes/Coding/forest-fire/vuex-plugin-firemodel/dist/esnext/types/actions/index.js","statementMap":{},"fnMap":{},"branchMap":{},"s":{},"f":{},"b":{},"all":true},"/Volumes/Coding/forest-fire/vuex-plugin-firemodel/dist/esnext/types/auth.js":{"path":"/Volumes/Coding/forest-fire/vuex-plugin-firemodel/dist/esnext/types/auth.js","statementMap":{"0":{"start":{"line":2,"column":0},"end":{"line":21,"column":62}},"1":{"start":{"line":9,"column":4},"end":{"line":9,"column":47}},"2":{"start":{"line":15,"column":4},"end":{"line":15,"column":51}},"3":{"start":{"line":20,"column":4},"end":{"line":20,"column":45}}},"fnMap":{"0":{"name":"(anonymous_0)","decl":{"start":{"line":2,"column":1},"end":{"line":2,"column":2}},"loc":{"start":{"line":2,"column":36},"end":{"line":21,"column":1}},"line":2}},"branchMap":{"0":{"loc":{"start":{"line":21,"column":3},"end":{"line":21,"column":60}},"type":"binary-expr","locations":[{"start":{"line":21,"column":3},"end":{"line":21,"column":26}},{"start":{"line":21,"column":31},"end":{"line":21,"column":59}}],"line":21}},"s":{"0":0,"1":0,"2":0,"3":0},"f":{"0":0},"b":{"0":[0,0]},"all":true},"/Volumes/Coding/forest-fire/vuex-plugin-firemodel/dist/esnext/types/config.js":{"path":"/Volumes/Coding/forest-fire/vuex-plugin-firemodel/dist/esnext/types/config.js","statementMap":{},"fnMap":{},"branchMap":{},"s":{},"f":{},"b":{},"all":true},"/Volumes/Coding/forest-fire/vuex-plugin-firemodel/dist/esnext/types/firemodel.js":{"path":"/Volumes/Coding/forest-fire/vuex-plugin-firemodel/dist/esnext/types/firemodel.js","statementMap":{},"fnMap":{},"branchMap":{},"s":{},"f":{},"b":{},"all":true},"/Volumes/Coding/forest-fire/vuex-plugin-firemodel/dist/esnext/types/index.js":{"path":"/Volumes/Coding/forest-fire/vuex-plugin-firemodel/dist/esnext/types/index.js","statementMap":{},"fnMap":{},"branchMap":{},"s":{},"f":{},"b":{},"all":true},"/Volumes/Coding/forest-fire/vuex-plugin-firemodel/dist/esnext/types/mutations/FmConfigMutation.js":{"path":"/Volumes/Coding/forest-fire/vuex-plugin-firemodel/dist/esnext/types/mutations/FmConfigMutation.js","statementMap":{"0":{"start":{"line":2,"column":0},"end":{"line":55,"column":48}},"1":{"start":{"line":3,"column":4},"end":{"line":3,"column":55}},"2":{"start":{"line":4,"column":4},"end":{"line":4,"column":55}},"3":{"start":{"line":6,"column":4},"end":{"line":6,"column":48}},"4":{"start":{"line":8,"column":4},"end":{"line":8,"column":50}},"5":{"start":{"line":10,"column":4},"end":{"line":10,"column":48}},"6":{"start":{"line":12,"column":4},"end":{"line":12,"column":54}},"7":{"start":{"line":14,"column":4},"end":{"line":14,"column":61}},"8":{"start":{"line":16,"column":4},"end":{"line":16,"column":45}},"9":{"start":{"line":18,"column":4},"end":{"line":18,"column":53}},"10":{"start":{"line":20,"column":4},"end":{"line":20,"column":60}},"11":{"start":{"line":22,"column":4},"end":{"line":22,"column":56}},"12":{"start":{"line":24,"column":4},"end":{"line":24,"column":55}},"13":{"start":{"line":26,"column":4},"end":{"line":26,"column":57}},"14":{"start":{"line":28,"column":4},"end":{"line":28,"column":58}},"15":{"start":{"line":30,"column":4},"end":{"line":30,"column":78}},"16":{"start":{"line":32,"column":4},"end":{"line":32,"column":70}},"17":{"start":{"line":35,"column":4},"end":{"line":35,"column":61}},"18":{"start":{"line":37,"column":4},"end":{"line":37,"column":59}},"19":{"start":{"line":39,"column":4},"end":{"line":39,"column":57}},"20":{"start":{"line":41,"column":4},"end":{"line":41,"column":59}},"21":{"start":{"line":43,"column":4},"end":{"line":43,"column":66}},"22":{"start":{"line":49,"column":4},"end":{"line":49,"column":55}},"23":{"start":{"line":54,"column":4},"end":{"line":54,"column":59}}},"fnMap":{"0":{"name":"(anonymous_0)","decl":{"start":{"line":2,"column":1},"end":{"line":2,"column":2}},"loc":{"start":{"line":2,"column":29},"end":{"line":55,"column":1}},"line":2}},"branchMap":{"0":{"loc":{"start":{"line":55,"column":3},"end":{"line":55,"column":46}},"type":"binary-expr","locations":[{"start":{"line":55,"column":3},"end":{"line":55,"column":19}},{"start":{"line":55,"column":24},"end":{"line":55,"column":45}}],"line":55}},"s":{"0":0,"1":0,"2":0,"3":0,"4":0,"5":0,"6":0,"7":0,"8":0,"9":0,"10":0,"11":0,"12":0,"13":0,"14":0,"15":0,"16":0,"17":0,"18":0,"19":0,"20":0,"21":0,"22":0,"23":0},"f":{"0":0},"b":{"0":[0,0]},"all":true},"/Volumes/Coding/forest-fire/vuex-plugin-firemodel/dist/esnext/types/mutations/FmCrudMutation.js":{"path":"/Volumes/Coding/forest-fire/vuex-plugin-firemodel/dist/esnext/types/mutations/FmCrudMutation.js","statementMap":{"0":{"start":{"line":2,"column":0},"end":{"line":39,"column":44}},"1":{"start":{"line":4,"column":4},"end":{"line":4,"column":57}},"2":{"start":{"line":5,"column":4},"end":{"line":5,"column":53}},"3":{"start":{"line":6,"column":4},"end":{"line":6,"column":57}},"4":{"start":{"line":7,"column":4},"end":{"line":7,"column":78}},"5":{"start":{"line":8,"column":4},"end":{"line":8,"column":82}},"6":{"start":{"line":9,"column":4},"end":{"line":9,"column":74}},"7":{"start":{"line":10,"column":4},"end":{"line":10,"column":86}},"8":{"start":{"line":11,"column":4},"end":{"line":11,"column":92}},"9":{"start":{"line":12,"column":4},"end":{"line":12,"column":84}},"10":{"start":{"line":13,"column":4},"end":{"line":13,"column":78}},"11":{"start":{"line":14,"column":4},"end":{"line":14,"column":84}},"12":{"start":{"line":15,"column":4},"end":{"line":15,"column":76}},"13":{"start":{"line":17,"column":4},"end":{"line":17,"column":60}},"14":{"start":{"line":18,"column":4},"end":{"line":18,"column":66}},"15":{"start":{"line":19,"column":4},"end":{"line":19,"column":66}},"16":{"start":{"line":21,"column":4},"end":{"line":21,"column":57}},"17":{"start":{"line":22,"column":4},"end":{"line":22,"column":63}},"18":{"start":{"line":23,"column":4},"end":{"line":23,"column":63}},"19":{"start":{"line":25,"column":4},"end":{"line":25,"column":47}},"20":{"start":{"line":26,"column":4},"end":{"line":26,"column":53}},"21":{"start":{"line":27,"column":4},"end":{"line":27,"column":53}},"22":{"start":{"line":33,"column":4},"end":{"line":33,"column":60}},"23":{"start":{"line":38,"column":4},"end":{"line":38,"column":38}}},"fnMap":{"0":{"name":"(anonymous_0)","decl":{"start":{"line":2,"column":1},"end":{"line":2,"column":2}},"loc":{"start":{"line":2,"column":27},"end":{"line":39,"column":1}},"line":2}},"branchMap":{"0":{"loc":{"start":{"line":39,"column":3},"end":{"line":39,"column":42}},"type":"binary-expr","locations":[{"start":{"line":39,"column":3},"end":{"line":39,"column":17}},{"start":{"line":39,"column":22},"end":{"line":39,"column":41}}],"line":39}},"s":{"0":0,"1":0,"2":0,"3":0,"4":0,"5":0,"6":0,"7":0,"8":0,"9":0,"10":0,"11":0,"12":0,"13":0,"14":0,"15":0,"16":0,"17":0,"18":0,"19":0,"20":0,"21":0,"22":0,"23":0},"f":{"0":0},"b":{"0":[0,0]},"all":true},"/Volumes/Coding/forest-fire/vuex-plugin-firemodel/do.config.js":{"path":"/Volumes/Coding/forest-fire/vuex-plugin-firemodel/do.config.js","statementMap":{"0":{"start":{"line":1,"column":15},"end":{"line":22,"column":1}},"1":{"start":{"line":23,"column":0},"end":{"line":23,"column":24}}},"fnMap":{},"branchMap":{},"s":{"0":0,"1":0},"f":{},"b":{},"all":true},"/Volumes/Coding/forest-fire/vuex-plugin-firemodel/docs/.vuepress/config.js":{"path":"/Volumes/Coding/forest-fire/vuex-plugin-firemodel/docs/.vuepress/config.js","statementMap":{"0":{"start":{"line":1,"column":0},"end":{"line":213,"column":2}},"1":{"start":{"line":31,"column":29},"end":{"line":31,"column":96}}},"fnMap":{"0":{"name":"(anonymous_0)","decl":{"start":{"line":31,"column":16},"end":{"line":31,"column":17}},"loc":{"start":{"line":31,"column":29},"end":{"line":31,"column":96}},"line":31}},"branchMap":{},"s":{"0":0,"1":0},"f":{"0":0},"b":{},"all":true},"/Volumes/Coding/forest-fire/vuex-plugin-firemodel/src/abc/api/api-parts/watch.ts":{"path":"/Volumes/Coding/forest-fire/vuex-plugin-firemodel/src/abc/api/api-parts/watch.ts","statementMap":{},"fnMap":{},"branchMap":{},"s":{},"f":{},"b":{},"all":true},"/Volumes/Coding/forest-fire/vuex-plugin-firemodel/src/abc/api/index.ts":{"path":"/Volumes/Coding/forest-fire/vuex-plugin-firemodel/src/abc/api/index.ts","statementMap":{},"fnMap":{},"branchMap":{},"s":{},"f":{},"b":{},"all":true},"/Volumes/Coding/forest-fire/vuex-plugin-firemodel/src/abc/api/queryHelpers/index.ts":{"path":"/Volumes/Coding/forest-fire/vuex-plugin-firemodel/src/abc/api/queryHelpers/index.ts","statementMap":{},"fnMap":{},"branchMap":{},"s":{},"f":{},"b":{},"all":true},"/Volumes/Coding/forest-fire/vuex-plugin-firemodel/src/abc/api/shared/index.ts":{"path":"/Volumes/Coding/forest-fire/vuex-plugin-firemodel/src/abc/api/shared/index.ts","statementMap":{},"fnMap":{},"branchMap":{},"s":{},"f":{},"b":{},"all":true},"/Volumes/Coding/forest-fire/vuex-plugin-firemodel/src/abc/configuration/loadRecords.ts":{"path":"/Volumes/Coding/forest-fire/vuex-plugin-firemodel/src/abc/configuration/loadRecords.ts","statementMap":{},"fnMap":{},"branchMap":{},"s":{},"f":{},"b":{},"all":true},"/Volumes/Coding/forest-fire/vuex-plugin-firemodel/src/abc/index.ts":{"path":"/Volumes/Coding/forest-fire/vuex-plugin-firemodel/src/abc/index.ts","statementMap":{},"fnMap":{},"branchMap":{},"s":{},"f":{},"b":{},"all":true},"/Volumes/Coding/forest-fire/vuex-plugin-firemodel/src/auth/api/index.ts":{"path":"/Volumes/Coding/forest-fire/vuex-plugin-firemodel/src/auth/api/index.ts","statementMap":{},"fnMap":{},"branchMap":{},"s":{},"f":{},"b":{},"all":true},"/Volumes/Coding/forest-fire/vuex-plugin-firemodel/src/errors/index.ts":{"path":"/Volumes/Coding/forest-fire/vuex-plugin-firemodel/src/errors/index.ts","statementMap":{},"fnMap":{},"branchMap":{},"s":{},"f":{},"b":{},"all":true},"/Volumes/Coding/forest-fire/vuex-plugin-firemodel/src/shared/index.ts":{"path":"/Volumes/Coding/forest-fire/vuex-plugin-firemodel/src/shared/index.ts","statementMap":{},"fnMap":{},"branchMap":{},"s":{},"f":{},"b":{},"all":true},"/Volumes/Coding/forest-fire/vuex-plugin-firemodel/src/types/index.ts":{"path":"/Volumes/Coding/forest-fire/vuex-plugin-firemodel/src/types/index.ts","statementMap":{},"fnMap":{},"branchMap":{},"s":{},"f":{},"b":{},"all":true},"/Volumes/Coding/forest-fire/vuex-plugin-firemodel/wallaby.js":{"path":"/Volumes/Coding/forest-fire/vuex-plugin-firemodel/wallaby.js","statementMap":{"0":{"start":{"line":1,"column":0},"end":{"line":54,"column":2}},"1":{"start":{"line":2,"column":2},"end":{"line":53,"column":4}},"2":{"start":{"line":29,"column":6},"end":{"line":31,"column":7}},"3":{"start":{"line":30,"column":8},"end":{"line":30,"column":39}}},"fnMap":{"0":{"name":"(anonymous_0)","decl":{"start":{"line":1,"column":17},"end":{"line":1,"column":18}},"loc":{"start":{"line":1,"column":29},"end":{"line":54,"column":1}},"line":1},"1":{"name":"(anonymous_1)","decl":{"start":{"line":28,"column":4},"end":{"line":28,"column":5}},"loc":{"start":{"line":28,"column":12},"end":{"line":49,"column":5}},"line":28}},"branchMap":{"0":{"loc":{"start":{"line":29,"column":6},"end":{"line":31,"column":7}},"type":"if","locations":[{"start":{"line":29,"column":6},"end":{"line":31,"column":7}},{"start":{"line":29,"column":6},"end":{"line":31,"column":7}}],"line":29}},"s":{"0":0,"1":0,"2":0,"3":0},"f":{"0":0,"1":0},"b":{"0":[0,0]},"all":true}}