TN:
SF:do.config.js
FNF:0
FNH:0
DA:1,0
DA:23,0
LF:2
LH:0
BRF:0
BRH:0
end_of_record
TN:
SF:wallaby.js
FN:1,(anonymous_0)
FN:28,(anonymous_1)
FNF:2
FNH:0
FNDA:0,(anonymous_0)
FNDA:0,(anonymous_1)
DA:1,0
DA:2,0
DA:29,0
DA:30,0
LF:4
LH:0
BRDA:29,0,0,0
BRDA:29,0,1,0
BRF:2
BRH:0
end_of_record
TN:
SF:dist/esnext/coreServices.js
FN:8,coreServices
FNF:1
FNH:0
FNDA:0,coreServices
DA:9,0
DA:10,0
DA:11,0
DA:12,0
DA:13,0
DA:15,0
DA:16,0
DA:17,0
DA:19,0
DA:20,0
DA:22,0
DA:23,0
LF:12
LH:0
BRDA:10,0,0,0
BRDA:10,0,1,0
BRDA:15,1,0,0
BRDA:15,1,1,0
BRDA:19,2,0,0
BRDA:19,2,1,0
BRF:6
BRH:0
end_of_record
TN:
SF:dist/esnext/index.js
FN:18,(anonymous_0)
FN:21,getStore
FN:26,getAuth
FN:33,setAuth
FN:37,(anonymous_4)
FN:39,(anonymous_5)
FN:43,(anonymous_6)
FN:49,(anonymous_7)
FN:53,queueLifecycleEvents
FNF:9
FNH:0
FNDA:0,(anonymous_0)
FNDA:0,getStore
FNDA:0,getAuth
FNDA:0,setAuth
FNDA:0,(anonymous_4)
FNDA:0,(anonymous_5)
FNDA:0,(anonymous_6)
FNDA:0,(anonymous_7)
FNDA:0,queueLifecycleEvents
DA:18,0
DA:19,0
DA:22,0
DA:27,0
DA:28,0
DA:29,0
DA:31,0
DA:34,0
DA:37,0
DA:38,0
DA:39,0
DA:40,0
DA:41,0
DA:42,0
DA:43,0
DA:44,0
DA:45,0
DA:48,0
DA:49,0
DA:54,0
DA:55,0
DA:56,0
DA:58,0
DA:67,0
DA:68,0
DA:69,0
DA:70,0
DA:71,0
LF:28
LH:0
BRDA:27,0,0,0
BRDA:27,0,1,0
BRDA:44,1,0,0
BRDA:44,1,1,0
BRDA:54,2,0,0
BRDA:54,2,1,0
BRDA:69,3,0,0
BRDA:69,3,1,0
BRF:8
BRH:0
end_of_record
TN:
SF:dist/esnext/abc/index.js
FNF:0
FNH:0
LF:0
LH:0
BRF:0
BRH:0
end_of_record
TN:
SF:dist/esnext/abc/api/AbcApi.js
FN:12,(anonymous_0)
FN:33,(anonymous_1)
FN:39,(anonymous_2)
FN:51,(anonymous_3)
FN:57,(anonymous_4)
FN:59,(anonymous_5)
FN:60,(anonymous_6)
FN:65,(anonymous_7)
FN:74,(anonymous_8)
FN:80,(anonymous_9)
FN:87,(anonymous_10)
FN:103,(anonymous_11)
FN:119,(anonymous_12)
FN:134,(anonymous_13)
FN:145,(anonymous_14)
FN:155,(anonymous_15)
FN:161,(anonymous_16)
FN:167,(anonymous_17)
FN:173,(anonymous_18)
FN:176,(anonymous_19)
FN:184,(anonymous_20)
FN:195,(anonymous_21)
FN:198,(anonymous_22)
FN:205,(anonymous_23)
FNF:24
FNH:0
FNDA:0,(anonymous_0)
FNDA:0,(anonymous_1)
FNDA:0,(anonymous_2)
FNDA:0,(anonymous_3)
FNDA:0,(anonymous_4)
FNDA:0,(anonymous_5)
FNDA:0,(anonymous_6)
FNDA:0,(anonymous_7)
FNDA:0,(anonymous_8)
FNDA:0,(anonymous_9)
FNDA:0,(anonymous_10)
FNDA:0,(anonymous_11)
FNDA:0,(anonymous_12)
FNDA:0,(anonymous_13)
FNDA:0,(anonymous_14)
FNDA:0,(anonymous_15)
FNDA:0,(anonymous_16)
FNDA:0,(anonymous_17)
FNDA:0,(anonymous_18)
FNDA:0,(anonymous_19)
FNDA:0,(anonymous_20)
FNDA:0,(anonymous_21)
FNDA:0,(anonymous_22)
FNDA:0,(anonymous_23)
DA:14,0
DA:15,0
DA:16,0
DA:17,0
DA:18,0
DA:20,0
DA:21,0
DA:22,0
DA:23,0
DA:24,0
DA:25,0
DA:26,0
DA:27,0
DA:34,0
DA:40,0
DA:41,0
DA:42,0
DA:44,0
DA:45,0
DA:52,0
DA:58,0
DA:59,0
DA:60,0
DA:66,0
DA:67,0
DA:69,0
DA:75,0
DA:76,0
DA:77,0
DA:81,0
DA:88,0
DA:89,0
DA:90,0
DA:91,0
DA:92,0
DA:96,0
DA:104,0
DA:120,0
DA:135,0
DA:136,0
DA:139,0
DA:146,0
DA:147,0
DA:148,0
DA:150,0
DA:156,0
DA:162,0
DA:168,0
DA:174,0
DA:177,0
DA:185,0
DA:186,0
DA:189,0
DA:196,0
DA:199,0
DA:206,0
DA:213,0
LF:57
LH:0
BRDA:12,0,0,0
BRDA:17,1,0,0
BRDA:17,1,1,0
BRDA:17,2,0,0
BRDA:17,2,1,0
BRDA:23,3,0,0
BRDA:23,3,1,0
BRDA:34,4,0,0
BRDA:34,4,1,0
BRDA:34,5,0,0
BRDA:34,5,1,0
BRDA:41,6,0,0
BRDA:41,6,1,0
BRDA:66,7,0,0
BRDA:66,7,1,0
BRDA:76,8,0,0
BRDA:76,8,1,0
BRDA:89,9,0,0
BRDA:89,9,1,0
BRDA:91,10,0,0
BRDA:91,10,1,0
BRDA:134,11,0,0
BRDA:135,12,0,0
BRDA:135,12,1,0
BRDA:146,13,0,0
BRDA:146,13,1,0
BRDA:147,14,0,0
BRDA:147,14,1,0
BRDA:184,15,0,0
BRDA:185,16,0,0
BRDA:185,16,1,0
BRF:31
BRH:0
end_of_record
TN:
SF:dist/esnext/abc/api/AbcResult.js
FN:8,(anonymous_0)
FN:11,(anonymous_1)
FN:25,(anonymous_2)
FNF:3
FNH:0
FNDA:0,(anonymous_0)
FNDA:0,(anonymous_1)
FNDA:0,(anonymous_2)
DA:9,0
DA:12,0
DA:26,0
LF:3
LH:0
BRF:0
BRH:0
end_of_record
TN:
SF:dist/esnext/abc/api/index.js
FNF:0
FNH:0
LF:0
LH:0
BRF:0
BRH:0
end_of_record
TN:
SF:dist/esnext/abc/api/api-parts/get.js
FN:14,retrieveKeys
FN:23,(anonymous_1)
FN:23,(anonymous_2)
FNF:3
FNH:0
FNDA:0,retrieveKeys
FNDA:0,(anonymous_1)
FNDA:0,(anonymous_2)
DA:15,0
DA:16,0
DA:17,0
DA:18,0
DA:19,0
DA:21,0
DA:22,0
DA:23,0
DA:24,0
DA:26,0
LF:10
LH:0
BRDA:18,0,0,0
BRDA:18,0,1,0
BRDA:21,1,0,0
BRDA:21,1,1,0
BRF:4
BRH:0
end_of_record
TN:
SF:dist/esnext/abc/api/api-parts/load.js
FN:1,loadQuery
FN:4,loadIds
FNF:2
FNH:0
FNDA:0,loadQuery
FNDA:0,loadIds
DA:2,0
DA:5,0
LF:2
LH:0
BRF:0
BRH:0
end_of_record
TN:
SF:dist/esnext/abc/api/api-parts/watch.js
FNF:0
FNH:0
LF:0
LH:0
BRF:0
BRH:0
end_of_record
TN:
SF:dist/esnext/abc/api/queryHelpers/all.js
FN:1,all
FNF:1
FNH:0
FNDA:0,all
DA:1,0
DA:2,0
DA:4,0
LF:3
LH:0
BRF:0
BRH:0
end_of_record
TN:
SF:dist/esnext/abc/api/queryHelpers/index.js
FNF:0
FNH:0
LF:0
LH:0
BRF:0
BRH:0
end_of_record
TN:
SF:dist/esnext/abc/api/queryHelpers/refresh.js
FN:11,refresh
FN:12,(anonymous_1)
FNF:2
FNH:0
FNDA:0,refresh
FNDA:0,(anonymous_1)
DA:11,0
DA:12,0
DA:15,0
DA:18,0
DA:22,0
DA:25,0
LF:6
LH:0
BRDA:15,0,0,0
BRDA:15,0,1,0
BRF:2
BRH:0
end_of_record
TN:
SF:dist/esnext/abc/api/queryHelpers/since.js
FN:6,since
FN:7,(anonymous_1)
FNF:2
FNH:0
FNDA:0,since
FNDA:0,(anonymous_1)
DA:6,0
DA:7,0
DA:10,0
DA:13,0
LF:4
LH:0
BRF:0
BRH:0
end_of_record
TN:
SF:dist/esnext/abc/api/queryHelpers/where.js
FN:1,where
FNF:1
FNH:0
FNDA:0,where
DA:1,0
DA:2,0
DA:4,0
LF:3
LH:0
BRF:0
BRH:0
end_of_record
TN:
SF:dist/esnext/abc/api/shared/retrieve.js
FNF:0
FNH:0
LF:0
LH:0
BRF:0
BRH:0
end_of_record
TN:
SF:dist/esnext/abc/configuration/abc.js
FN:5,abc
FNF:1
FNH:0
FNDA:0,abc
DA:6,0
DA:7,0
LF:2
LH:0
BRDA:5,0,0,0
BRF:1
BRH:0
end_of_record
TN:
SF:dist/esnext/abc/configuration/configApi.js
FN:17,configApi
FN:22,getDefaultApiConfig
FNF:2
FNH:0
FNDA:0,configApi
FNDA:0,getDefaultApiConfig
DA:1,0
DA:18,0
DA:19,0
DA:23,0
LF:4
LH:0
BRF:0
BRH:0
end_of_record
TN:
SF:dist/esnext/abc/configuration/get.js
FN:5,get
FNF:1
FNH:0
FNDA:0,get
DA:6,0
DA:7,0
LF:2
LH:0
BRDA:5,0,0,0
BRF:1
BRH:0
end_of_record
TN:
SF:dist/esnext/abc/configuration/loadRecords.js
FNF:0
FNH:0
LF:0
LH:0
BRF:0
BRH:0
end_of_record
TN:
SF:dist/esnext/api/auth.js
FN:12,signInWithEmailAndPassword
FN:24,createUserWithEmailAndPassword
FN:36,signOut
FN:42,getIdToken
FN:64,sendPasswordResetEmail
FN:75,confirmPasswordReset
FN:86,verifyPasswordResetCode
FN:96,updateEmail
FN:108,updatePassword
FN:118,updateProfile
FN:127,sendEmailVerification
FN:132,reauthenticateWithCredential
FN:138,linkWithCredential
FNF:13
FNH:0
FNDA:0,signInWithEmailAndPassword
FNDA:0,createUserWithEmailAndPassword
FNDA:0,signOut
FNDA:0,getIdToken
FNDA:0,sendPasswordResetEmail
FNDA:0,confirmPasswordReset
FNDA:0,verifyPasswordResetCode
FNDA:0,updateEmail
FNDA:0,updatePassword
FNDA:0,updateProfile
FNDA:0,sendEmailVerification
FNDA:0,reauthenticateWithCredential
FNDA:0,linkWithCredential
DA:13,0
DA:25,0
DA:37,0
DA:44,0
DA:45,0
DA:46,0
DA:48,0
DA:49,0
DA:50,0
DA:51,0
DA:52,0
DA:54,0
DA:65,0
DA:76,0
DA:87,0
DA:97,0
DA:109,0
DA:119,0
DA:128,0
DA:133,0
DA:139,0
LF:21
LH:0
BRDA:45,0,0,0
BRDA:45,0,1,0
BRDA:45,1,0,0
BRDA:45,1,1,0
BRDA:49,2,0,0
BRDA:49,2,1,0
BRDA:49,3,0,0
BRDA:49,3,1,0
BRDA:50,4,0,0
BRDA:50,4,1,0
BRDA:54,5,0,0
BRDA:54,5,1,0
BRF:12
BRH:0
end_of_record
TN:
SF:dist/esnext/api/index.js
FNF:0
FNH:0
LF:0
LH:0
BRF:0
BRH:0
end_of_record
TN:
SF:dist/esnext/api/other.js
FN:2,resetModule
FNF:1
FNH:0
FNDA:0,resetModule
DA:3,0
LF:1
LH:0
BRF:0
BRH:0
end_of_record
TN:
SF:dist/esnext/api/providers/EmailAuthProvider.js
FN:4,(anonymous_0)
FNF:1
FNH:0
FNDA:0,(anonymous_0)
DA:5,0
DA:6,0
DA:7,0
DA:9,0
LF:4
LH:0
BRDA:6,0,0,0
BRDA:6,0,1,0
BRF:2
BRH:0
end_of_record
TN:
SF:dist/esnext/auth/api/auth.js
FN:12,signInWithEmailAndPassword
FN:24,createUserWithEmailAndPassword
FN:36,signOut
FN:42,getIdToken
FN:64,sendPasswordResetEmail
FN:75,confirmPasswordReset
FN:86,verifyPasswordResetCode
FN:96,updateEmail
FN:108,updatePassword
FN:118,updateProfile
FN:127,sendEmailVerification
FN:132,reauthenticateWithCredential
FN:138,linkWithCredential
FNF:13
FNH:0
FNDA:0,signInWithEmailAndPassword
FNDA:0,createUserWithEmailAndPassword
FNDA:0,signOut
FNDA:0,getIdToken
FNDA:0,sendPasswordResetEmail
FNDA:0,confirmPasswordReset
FNDA:0,verifyPasswordResetCode
FNDA:0,updateEmail
FNDA:0,updatePassword
FNDA:0,updateProfile
FNDA:0,sendEmailVerification
FNDA:0,reauthenticateWithCredential
FNDA:0,linkWithCredential
DA:13,0
DA:25,0
DA:37,0
DA:44,0
DA:45,0
DA:46,0
DA:48,0
DA:49,0
DA:50,0
DA:51,0
DA:52,0
DA:54,0
DA:65,0
DA:76,0
DA:87,0
DA:97,0
DA:109,0
DA:119,0
DA:128,0
DA:133,0
DA:139,0
LF:21
LH:0
BRDA:45,0,0,0
BRDA:45,0,1,0
BRDA:45,1,0,0
BRDA:45,1,1,0
BRDA:49,2,0,0
BRDA:49,2,1,0
BRDA:49,3,0,0
BRDA:49,3,1,0
BRDA:50,4,0,0
BRDA:50,4,1,0
BRDA:54,5,0,0
BRDA:54,5,1,0
BRF:12
BRH:0
end_of_record
TN:
SF:dist/esnext/auth/api/index.js
FNF:0
FNH:0
LF:0
LH:0
BRF:0
BRH:0
end_of_record
TN:
SF:dist/esnext/auth/api/other.js
FN:2,resetModule
FNF:1
FNH:0
FNDA:0,resetModule
DA:3,0
LF:1
LH:0
BRF:0
BRH:0
end_of_record
TN:
SF:dist/esnext/auth/api/providers/EmailAuthProvider.js
FN:4,(anonymous_0)
FNF:1
FNH:0
FNDA:0,(anonymous_0)
DA:5,0
DA:6,0
DA:7,0
DA:9,0
LF:4
LH:0
BRDA:6,0,0,0
BRDA:6,0,1,0
BRF:2
BRH:0
end_of_record
TN:
SF:dist/esnext/errors/AbcError.js
FN:6,(anonymous_0)
FNF:1
FNH:0
FNDA:0,(anonymous_0)
DA:7,0
DA:8,0
DA:9,0
DA:10,0
DA:11,0
DA:12,0
DA:13,0
LF:7
LH:0
BRDA:6,0,0,0
BRDA:11,1,0,0
BRDA:11,1,1,0
BRF:3
BRH:0
end_of_record
TN:
SF:dist/esnext/errors/FiremodelPluginError.js
FN:6,(anonymous_0)
FNF:1
FNH:0
FNDA:0,(anonymous_0)
DA:7,0
DA:8,0
DA:9,0
DA:10,0
DA:11,0
DA:12,0
LF:6
LH:0
BRDA:6,0,0,0
BRDA:10,1,0,0
BRDA:10,1,1,0
BRF:3
BRH:0
end_of_record
TN:
SF:dist/esnext/errors/index.js
FNF:0
FNH:0
LF:0
LH:0
BRF:0
BRH:0
end_of_record
TN:
SF:dist/esnext/firemodelMutations/addedLocally.js
FN:4,addedLocally
FN:7,(anonymous_1)
FN:15,(anonymous_2)
FN:23,(anonymous_3)
FNF:4
FNH:0
FNDA:0,addedLocally
FNDA:0,(anonymous_1)
FNDA:0,(anonymous_2)
FNDA:0,(anonymous_3)
DA:5,0
DA:6,0
DA:8,0
DA:9,0
DA:12,0
DA:16,0
DA:17,0
DA:20,0
DA:24,0
DA:25,0
DA:28,0
LF:11
LH:0
BRDA:5,0,0,0
BRDA:5,0,1,0
BRDA:8,1,0,0
BRDA:8,1,1,0
BRDA:16,2,0,0
BRDA:16,2,1,0
BRDA:24,3,0,0
BRDA:24,3,1,0
BRF:8
BRH:0
end_of_record
TN:
SF:dist/esnext/firemodelMutations/index.js
FN:29,firemodelMutations
FNF:1
FNH:0
FNDA:0,firemodelMutations
DA:42,0
DA:43,0
LF:2
LH:0
BRF:0
BRH:0
end_of_record
TN:
SF:dist/esnext/firemodelMutations/reset.js
FN:3,reset
FN:6,(anonymous_1)
FN:12,(anonymous_2)
FNF:3
FNH:0
FNDA:0,reset
FNDA:0,(anonymous_1)
FNDA:0,(anonymous_2)
DA:4,0
DA:5,0
DA:7,0
DA:8,0
DA:12,0
LF:5
LH:0
BRDA:4,0,0,0
BRDA:4,0,1,0
BRDA:7,1,0,0
BRDA:7,1,1,0
BRDA:7,2,0,0
BRDA:7,2,1,0
BRF:6
BRH:0
end_of_record
TN:
SF:dist/esnext/firemodelMutations/serverConfirms.js
FN:12,serverConfirms
FN:14,(anonymous_1)
FN:17,(anonymous_2)
FN:20,(anonymous_3)
FNF:4
FNH:0
FNDA:0,serverConfirms
FNDA:0,(anonymous_1)
FNDA:0,(anonymous_2)
FNDA:0,(anonymous_3)
DA:13,0
LF:1
LH:0
BRF:0
BRH:0
end_of_record
TN:
SF:dist/esnext/firemodelMutations/serverEvents.js
FN:4,serverEvents
FN:7,(anonymous_1)
FN:20,(anonymous_2)
FN:40,(anonymous_3)
FNF:4
FNH:0
FNDA:0,serverEvents
FNDA:0,(anonymous_1)
FNDA:0,(anonymous_2)
FNDA:0,(anonymous_3)
DA:5,0
DA:6,0
DA:13,0
DA:14,0
DA:17,0
DA:26,0
DA:31,0
DA:33,0
DA:34,0
DA:37,0
DA:46,0
DA:47,0
DA:50,0
LF:13
LH:0
BRDA:5,0,0,0
BRDA:5,0,1,0
BRDA:13,1,0,0
BRDA:13,1,1,0
BRDA:26,2,0,0
BRDA:26,2,1,0
BRDA:33,3,0,0
BRDA:33,3,1,0
BRDA:46,4,0,0
BRDA:46,4,1,0
BRF:10
BRH:0
end_of_record
TN:
SF:dist/esnext/firemodelMutations/serverRollbacks.js
FN:15,serverRollbacks
FN:21,(anonymous_1)
FN:29,(anonymous_2)
FN:37,(anonymous_3)
FNF:4
FNH:0
FNDA:0,serverRollbacks
FNDA:0,(anonymous_1)
FNDA:0,(anonymous_2)
FNDA:0,(anonymous_3)
DA:17,0
DA:20,0
DA:22,0
DA:23,0
DA:26,0
DA:30,0
DA:31,0
DA:34,0
DA:38,0
DA:39,0
DA:42,0
LF:11
LH:0
BRDA:17,0,0,0
BRDA:17,0,1,0
BRDA:22,1,0,0
BRDA:22,1,1,0
BRDA:30,2,0,0
BRDA:30,2,1,0
BRDA:38,3,0,0
BRDA:38,3,1,0
BRF:8
BRH:0
end_of_record
TN:
SF:dist/esnext/firemodelMutations/watchEvents.js
FN:4,watchEvents
FN:11,(anonymous_1)
FNF:2
FNH:0
FNDA:0,watchEvents
FNDA:0,(anonymous_1)
DA:5,0
DA:6,0
DA:12,0
DA:13,0
DA:16,0
LF:5
LH:0
BRDA:5,0,0,0
BRDA:5,0,1,0
BRDA:12,1,0,0
BRDA:12,1,1,0
BRF:4
BRH:0
end_of_record
TN:
SF:dist/esnext/shared/addNamespace.js
FN:2,addNamespace
FNF:1
FNH:0
FNDA:0,addNamespace
DA:3,0
LF:1
LH:0
BRF:0
BRH:0
end_of_record
TN:
SF:dist/esnext/shared/authChanges.js
FN:5,(anonymous_0)
FN:5,(anonymous_1)
FN:46,extractUserInfo
FNF:3
FNH:0
FNDA:0,(anonymous_0)
FNDA:0,(anonymous_1)
FNDA:0,extractUserInfo
DA:5,0
DA:6,0
DA:7,0
DA:8,0
DA:9,0
DA:10,0
DA:14,0
DA:15,0
DA:17,0
DA:18,0
DA:19,0
DA:20,0
DA:21,0
DA:22,0
DA:23,0
DA:24,0
DA:25,0
DA:26,0
DA:29,0
DA:30,0
DA:31,0
DA:32,0
DA:33,0
DA:34,0
DA:36,0
DA:38,0
DA:47,0
LF:27
LH:0
BRDA:6,0,0,0
BRDA:6,0,1,0
BRDA:7,1,0,0
BRDA:7,1,1,0
BRDA:7,2,0,0
BRDA:7,2,1,0
BRDA:33,3,0,0
BRDA:33,3,1,0
BRDA:33,4,0,0
BRDA:33,4,1,0
BRDA:33,4,2,0
BRDA:47,5,0,0
BRDA:47,5,1,0
BRF:13
BRH:0
end_of_record
TN:
SF:dist/esnext/shared/capitalize.js
FN:1,capitalize
FNF:1
FNH:0
FNDA:0,capitalize
DA:2,0
LF:1
LH:0
BRF:0
BRH:0
end_of_record
TN:
SF:dist/esnext/shared/changeRoot.js
FN:14,(anonymous_0)
FN:20,(anonymous_1)
FNF:2
FNH:0
FNDA:0,(anonymous_0)
FNDA:0,(anonymous_1)
DA:14,0
DA:16,0
DA:17,0
DA:18,0
DA:20,0
DA:21,0
DA:22,0
DA:23,0
DA:24,0
DA:27,0
LF:10
LH:0
BRDA:16,0,0,0
BRDA:16,0,1,0
BRDA:17,1,0,0
BRDA:17,1,1,0
BRDA:21,2,0,0
BRDA:21,2,1,0
BRDA:24,3,0,0
BRDA:24,3,1,0
BRF:8
BRH:0
end_of_record
TN:
SF:dist/esnext/shared/database.js
FN:10,database
FNF:1
FNH:0
FNDA:0,database
DA:11,0
DA:12,0
DA:13,0
DA:14,0
DA:16,0
DA:18,0
DA:19,0
DA:21,0
LF:8
LH:0
BRDA:11,0,0,0
BRDA:11,0,1,0
BRDA:12,1,0,0
BRDA:12,1,1,0
BRDA:12,2,0,0
BRDA:12,2,1,0
BRDA:18,3,0,0
BRDA:18,3,1,0
BRDA:18,4,0,0
BRDA:18,4,1,0
BRF:10
BRH:0
end_of_record
TN:
SF:dist/esnext/shared/determineLocalStateNode.js
FN:8,determineLocalStateNode
FNF:1
FNH:0
FNDA:0,determineLocalStateNode
DA:9,0
LF:1
LH:0
BRDA:9,0,0,0
BRDA:9,0,1,0
BRF:2
BRH:0
end_of_record
TN:
SF:dist/esnext/shared/index.js
FNF:0
FNH:0
LF:0
LH:0
BRF:0
BRH:0
end_of_record
TN:
SF:dist/esnext/shared/isRecord.js
FN:6,isRecord
FNF:1
FNH:0
FNDA:0,isRecord
DA:7,0
LF:1
LH:0
BRF:0
BRH:0
end_of_record
TN:
SF:dist/esnext/shared/localChange.js
FN:5,localChange
FN:15,mapper
FNF:2
FNH:0
FNDA:0,localChange
FNDA:0,mapper
DA:6,0
DA:7,0
DA:16,0
DA:21,0
LF:4
LH:0
BRDA:21,0,0,0
BRDA:21,0,1,0
BRF:2
BRH:0
end_of_record
TN:
SF:dist/esnext/shared/localizeName.js
FN:4,localizeName
FNF:1
FNH:0
FNDA:0,localizeName
DA:5,0
LF:1
LH:0
BRF:0
BRH:0
end_of_record
TN:
SF:dist/esnext/shared/removeProperty.js
FN:4,removeProperty
FN:7,(anonymous_1)
FN:8,(anonymous_2)
FNF:3
FNH:0
FNDA:0,removeProperty
FNDA:0,(anonymous_1)
FNDA:0,(anonymous_2)
DA:5,0
DA:6,0
DA:7,0
DA:8,0
DA:9,0
LF:5
LH:0
BRF:0
BRH:0
end_of_record
TN:
SF:dist/esnext/shared/runQueue.js
FN:7,runQueue
FN:9,(anonymous_1)
FN:22,(anonymous_2)
FN:45,(anonymous_3)
FN:45,(anonymous_4)
FNF:5
FNH:0
FNDA:0,runQueue
FNDA:0,(anonymous_1)
FNDA:0,(anonymous_2)
FNDA:0,(anonymous_3)
FNDA:0,(anonymous_4)
DA:8,0
DA:9,0
DA:10,0
DA:11,0
DA:12,0
DA:13,0
DA:14,0
DA:15,0
DA:18,0
DA:19,0
DA:20,0
DA:21,0
DA:24,0
DA:27,0
DA:30,0
DA:32,0
DA:37,0
DA:40,0
DA:41,0
DA:43,0
DA:45,0
LF:21
LH:0
BRDA:24,0,0,0
BRDA:24,0,1,0
BRDA:24,1,0,0
BRDA:24,1,1,0
BRDA:24,2,0,0
BRDA:24,2,1,0
BRDA:30,3,0,0
BRDA:30,3,1,0
BRDA:34,4,0,0
BRDA:34,4,1,0
BRDA:40,5,0,0
BRDA:40,5,1,0
BRF:12
BRH:0
end_of_record
TN:
SF:dist/esnext/shared/updateList.js
FN:16,updateList
FN:24,(anonymous_1)
FNF:2
FNH:0
FNDA:0,updateList
FNDA:0,(anonymous_1)
DA:19,0
DA:20,0
DA:22,0
DA:23,0
DA:24,0
DA:25,0
DA:26,0
DA:28,0
DA:30,0
LF:9
LH:0
BRDA:19,0,0,0
BRDA:19,0,1,0
BRDA:22,1,0,0
BRDA:22,1,1,0
BRDA:25,2,0,0
BRDA:25,2,1,0
BRDA:25,3,0,0
BRDA:25,3,1,0
BRDA:28,4,0,0
BRDA:28,4,1,0
BRDA:28,5,0,0
BRDA:28,5,1,0
BRDA:30,6,0,0
BRDA:30,6,1,0
BRF:14
BRH:0
end_of_record
TN:
SF:dist/esnext/store/actions.js
FN:3,(anonymous_0)
FNF:1
FNH:0
FNDA:0,(anonymous_0)
DA:3,0
LF:1
LH:0
BRF:0
BRH:0
end_of_record
TN:
SF:dist/esnext/store/index.js
FN:4,generateLocalId
FN:8,(anonymous_1)
FN:12,(anonymous_2)
FNF:3
FNH:0
FNDA:0,generateLocalId
FNDA:0,(anonymous_1)
FNDA:0,(anonymous_2)
DA:5,0
DA:8,0
DA:12,0
LF:3
LH:0
BRF:0
BRH:0
end_of_record
TN:
SF:dist/esnext/store/state.js
FN:4,(anonymous_0)
FNF:1
FNH:0
FNDA:0,(anonymous_0)
DA:4,0
LF:1
LH:0
BRF:0
BRH:0
end_of_record
TN:
SF:dist/esnext/store/firemodelActions/auth.js
FN:10,(anonymous_0)
FN:15,(anonymous_1)
FN:36,(anonymous_2)
FN:58,(anonymous_3)
FN:77,(anonymous_4)
FN:96,(anonymous_5)
FN:116,(anonymous_6)
FN:141,(anonymous_7)
FN:164,(anonymous_8)
FN:188,(anonymous_9)
FN:211,(anonymous_10)
FN:228,(anonymous_11)
FN:242,(anonymous_12)
FNF:13
FNH:0
FNDA:0,(anonymous_0)
FNDA:0,(anonymous_1)
FNDA:0,(anonymous_2)
FNDA:0,(anonymous_3)
FNDA:0,(anonymous_4)
FNDA:0,(anonymous_5)
FNDA:0,(anonymous_6)
FNDA:0,(anonymous_7)
FNDA:0,(anonymous_8)
FNDA:0,(anonymous_9)
FNDA:0,(anonymous_10)
FNDA:0,(anonymous_11)
FNDA:0,(anonymous_12)
DA:10,0
DA:16,0
DA:17,0
DA:18,0
DA:19,0
DA:20,0
DA:21,0
DA:24,0
DA:28,0
DA:37,0
DA:38,0
DA:39,0
DA:40,0
DA:41,0
DA:42,0
DA:45,0
DA:49,0
DA:59,0
DA:60,0
DA:61,0
DA:62,0
DA:63,0
DA:66,0
DA:70,0
DA:78,0
DA:79,0
DA:80,0
DA:81,0
DA:82,0
DA:85,0
DA:89,0
DA:97,0
DA:98,0
DA:99,0
DA:100,0
DA:101,0
DA:102,0
DA:105,0
DA:109,0
DA:117,0
DA:118,0
DA:119,0
DA:121,0
DA:122,0
DA:123,0
DA:124,0
DA:125,0
DA:128,0
DA:132,0
DA:142,0
DA:143,0
DA:144,0
DA:146,0
DA:147,0
DA:148,0
DA:149,0
DA:150,0
DA:153,0
DA:157,0
DA:165,0
DA:166,0
DA:167,0
DA:168,0
DA:169,0
DA:170,0
DA:172,0
DA:173,0
DA:176,0
DA:180,0
DA:189,0
DA:190,0
DA:191,0
DA:192,0
DA:193,0
DA:194,0
DA:195,0
DA:197,0
DA:201,0
DA:205,0
DA:212,0
DA:213,0
DA:214,0
DA:215,0
DA:216,0
DA:218,0
DA:221,0
DA:225,0
DA:229,0
DA:230,0
DA:231,0
DA:232,0
DA:233,0
DA:234,0
DA:236,0
DA:239,0
DA:244,0
DA:245,0
DA:246,0
DA:247,0
DA:248,0
DA:251,0
LF:101
LH:0
BRDA:117,0,0,0
BRDA:117,0,1,0
BRDA:142,1,0,0
BRDA:142,1,1,0
BRDA:169,2,0,0
BRDA:169,2,1,0
BRDA:193,3,0,0
BRDA:193,3,1,0
BRDA:194,4,0,0
BRDA:194,4,1,0
BRDA:215,5,0,0
BRDA:215,5,1,0
BRDA:233,6,0,0
BRDA:233,6,1,0
BRDA:248,7,0,0
BRDA:248,7,1,0
BRDA:248,8,0,0
BRDA:248,8,1,0
BRF:18
BRH:0
end_of_record
TN:
SF:dist/esnext/store/firemodelActions/errors.js
FN:2,(anonymous_0)
FN:3,(anonymous_1)
FNF:2
FNH:0
FNDA:0,(anonymous_0)
FNDA:0,(anonymous_1)
DA:2,0
DA:4,0
LF:2
LH:0
BRF:0
BRH:0
end_of_record
TN:
SF:dist/esnext/store/firemodelActions/index.js
FN:10,(anonymous_0)
FN:11,stripNamespaceFromKeys
FN:13,(anonymous_2)
FNF:3
FNH:0
FNDA:0,(anonymous_0)
FNDA:0,stripNamespaceFromKeys
FNDA:0,(anonymous_2)
DA:10,0
DA:12,0
DA:13,0
DA:14,0
DA:16,0
LF:5
LH:0
BRF:0
BRH:0
end_of_record
TN:
SF:dist/esnext/store/firemodelActions/other.js
FN:1,(anonymous_0)
FN:5,(anonymous_1)
FNF:2
FNH:0
FNDA:0,(anonymous_0)
FNDA:0,(anonymous_1)
DA:1,0
DA:6,0
LF:2
LH:0
BRF:0
BRH:0
end_of_record
TN:
SF:dist/esnext/store/firemodelActions/recordConfirms.js
FN:3,(anonymous_0)
FN:4,(anonymous_1)
FN:10,(anonymous_2)
FN:16,(anonymous_3)
FNF:4
FNH:0
FNDA:0,(anonymous_0)
FNDA:0,(anonymous_1)
FNDA:0,(anonymous_2)
FNDA:0,(anonymous_3)
DA:3,0
DA:5,0
DA:6,0
DA:11,0
DA:12,0
DA:17,0
DA:18,0
LF:7
LH:0
BRF:0
BRH:0
end_of_record
TN:
SF:dist/esnext/store/firemodelActions/recordLocal.js
FN:4,(anonymous_0)
FN:5,(anonymous_1)
FN:12,(anonymous_2)
FN:19,(anonymous_3)
FNF:4
FNH:0
FNDA:0,(anonymous_0)
FNDA:0,(anonymous_1)
FNDA:0,(anonymous_2)
FNDA:0,(anonymous_3)
DA:4,0
DA:6,0
DA:7,0
DA:8,0
DA:13,0
DA:14,0
DA:15,0
DA:20,0
DA:21,0
LF:9
LH:0
BRF:0
BRH:0
end_of_record
TN:
SF:dist/esnext/store/firemodelActions/recordRollbacks.js
FN:3,(anonymous_0)
FN:4,(anonymous_1)
FN:10,(anonymous_2)
FN:16,(anonymous_3)
FNF:4
FNH:0
FNDA:0,(anonymous_0)
FNDA:0,(anonymous_1)
FNDA:0,(anonymous_2)
FNDA:0,(anonymous_3)
DA:3,0
DA:5,0
DA:6,0
DA:11,0
DA:12,0
DA:17,0
DA:18,0
LF:7
LH:0
BRF:0
BRH:0
end_of_record
TN:
SF:dist/esnext/store/firemodelActions/recordServerChanges.js
FN:3,(anonymous_0)
FN:4,(anonymous_1)
FN:16,(anonymous_2)
FN:21,(anonymous_3)
FN:24,(anonymous_4)
FNF:5
FNH:0
FNDA:0,(anonymous_0)
FNDA:0,(anonymous_1)
FNDA:0,(anonymous_2)
FNDA:0,(anonymous_3)
FNDA:0,(anonymous_4)
DA:3,0
DA:5,0
DA:6,0
DA:7,0
DA:12,0
DA:17,0
DA:22,0
DA:25,0
DA:26,0
DA:31,0
LF:10
LH:0
BRDA:5,0,0,0
BRDA:5,0,1,0
BRF:2
BRH:0
end_of_record
TN:
SF:dist/esnext/store/firemodelActions/relationship.js
FN:2,(anonymous_0)
FN:3,(anonymous_1)
FN:6,(anonymous_2)
FN:9,(anonymous_3)
FN:12,(anonymous_4)
FN:15,(anonymous_5)
FN:18,(anonymous_6)
FN:21,(anonymous_7)
FN:25,(anonymous_8)
FN:29,(anonymous_9)
FNF:10
FNH:0
FNDA:0,(anonymous_0)
FNDA:0,(anonymous_1)
FNDA:0,(anonymous_2)
FNDA:0,(anonymous_3)
FNDA:0,(anonymous_4)
FNDA:0,(anonymous_5)
FNDA:0,(anonymous_6)
FNDA:0,(anonymous_7)
FNDA:0,(anonymous_8)
FNDA:0,(anonymous_9)
DA:2,0
DA:4,0
DA:7,0
DA:10,0
DA:13,0
DA:16,0
DA:19,0
DA:23,0
DA:27,0
DA:31,0
LF:10
LH:0
BRF:0
BRH:0
end_of_record
TN:
SF:dist/esnext/store/firemodelActions/watch.js
FN:3,(anonymous_0)
FN:4,(anonymous_1)
FN:7,(anonymous_2)
FN:10,(anonymous_3)
FN:13,(anonymous_4)
FN:17,(anonymous_5)
FN:24,(anonymous_6)
FN:27,(anonymous_7)
FNF:8
FNH:0
FNDA:0,(anonymous_0)
FNDA:0,(anonymous_1)
FNDA:0,(anonymous_2)
FNDA:0,(anonymous_3)
FNDA:0,(anonymous_4)
FNDA:0,(anonymous_5)
FNDA:0,(anonymous_6)
FNDA:0,(anonymous_7)
DA:3,0
DA:5,0
DA:8,0
DA:11,0
DA:14,0
DA:15,0
DA:18,0
DA:25,0
DA:26,0
DA:27,0
DA:28,0
LF:11
LH:0
BRF:0
BRH:0
end_of_record
TN:
SF:dist/esnext/store/localActions/pluginActions.js
FN:13,(anonymous_0)
FN:19,(anonymous_1)
FN:50,(anonymous_2)
FN:68,(anonymous_3)
FN:99,(anonymous_4)
FNF:5
FNH:0
FNDA:0,(anonymous_0)
FNDA:0,(anonymous_1)
FNDA:0,(anonymous_2)
FNDA:0,(anonymous_3)
FNDA:0,(anonymous_4)
DA:13,0
DA:20,0
DA:21,0
DA:22,0
DA:24,0
DA:25,0
DA:26,0
DA:27,0
DA:37,0
DA:38,0
DA:41,0
DA:51,0
DA:52,0
DA:53,0
DA:54,0
DA:55,0
DA:56,0
DA:69,0
DA:70,0
DA:71,0
DA:72,0
DA:73,0
DA:74,0
DA:85,0
DA:86,0
DA:87,0
DA:90,0
DA:91,0
DA:100,0
DA:101,0
DA:112,0
LF:31
LH:0
BRDA:21,0,0,0
BRDA:21,0,1,0
BRDA:54,1,0,0
BRDA:54,1,1,0
BRDA:54,2,0,0
BRDA:54,2,1,0
BRDA:86,3,0,0
BRDA:86,3,1,0
BRDA:86,4,0,0
BRDA:86,4,1,0
BRDA:100,5,0,0
BRDA:100,5,1,0
BRF:12
BRH:0
end_of_record
TN:
SF:dist/esnext/store/mutations/auth.js
FN:5,(anonymous_0)
FN:6,(anonymous_1)
FN:11,(anonymous_2)
FN:14,(anonymous_3)
FN:17,(anonymous_4)
FN:20,(anonymous_5)
FN:23,(anonymous_6)
FN:26,(anonymous_7)
FN:29,(anonymous_8)
FN:36,(anonymous_9)
FN:39,(anonymous_10)
FN:42,(anonymous_11)
FN:45,(anonymous_12)
FNF:13
FNH:0
FNDA:0,(anonymous_0)
FNDA:0,(anonymous_1)
FNDA:0,(anonymous_2)
FNDA:0,(anonymous_3)
FNDA:0,(anonymous_4)
FNDA:0,(anonymous_5)
FNDA:0,(anonymous_6)
FNDA:0,(anonymous_7)
FNDA:0,(anonymous_8)
FNDA:0,(anonymous_9)
FNDA:0,(anonymous_10)
FNDA:0,(anonymous_11)
FNDA:0,(anonymous_12)
DA:5,0
DA:7,0
DA:8,0
DA:24,0
DA:37,0
DA:40,0
DA:43,0
LF:7
LH:0
BRF:0
BRH:0
end_of_record
TN:
SF:dist/esnext/store/mutations/errors.js
FN:5,(anonymous_0)
FN:6,(anonymous_1)
FNF:2
FNH:0
FNDA:0,(anonymous_0)
FNDA:0,(anonymous_1)
DA:5,0
DA:7,0
LF:2
LH:0
BRDA:7,0,0,0
BRDA:7,0,1,0
BRF:2
BRH:0
end_of_record
TN:
SF:dist/esnext/store/mutations/index.js
FN:14,(anonymous_0)
FNF:1
FNH:0
FNDA:0,(anonymous_0)
DA:14,0
LF:1
LH:0
BRF:0
BRH:0
end_of_record
TN:
SF:dist/esnext/store/mutations/localConfig.js
FN:5,(anonymous_0)
FN:6,(anonymous_1)
FN:9,(anonymous_2)
FN:12,(anonymous_3)
FN:15,(anonymous_4)
FN:18,(anonymous_5)
FN:22,(anonymous_6)
FN:28,(anonymous_7)
FN:31,(anonymous_8)
FN:35,(anonymous_9)
FN:39,(anonymous_10)
FN:42,(anonymous_11)
FN:45,(anonymous_12)
FN:48,(anonymous_13)
FN:51,(anonymous_14)
FN:55,isUserCredential
FNF:16
FNH:0
FNDA:0,(anonymous_0)
FNDA:0,(anonymous_1)
FNDA:0,(anonymous_2)
FNDA:0,(anonymous_3)
FNDA:0,(anonymous_4)
FNDA:0,(anonymous_5)
FNDA:0,(anonymous_6)
FNDA:0,(anonymous_7)
FNDA:0,(anonymous_8)
FNDA:0,(anonymous_9)
FNDA:0,(anonymous_10)
FNDA:0,(anonymous_11)
FNDA:0,(anonymous_12)
FNDA:0,(anonymous_13)
FNDA:0,(anonymous_14)
FNDA:0,isUserCredential
DA:5,0
DA:10,0
DA:13,0
DA:16,0
DA:19,0
DA:20,0
DA:23,0
DA:24,0
DA:26,0
DA:29,0
DA:32,0
DA:33,0
DA:36,0
DA:37,0
DA:46,0
DA:49,0
DA:56,0
LF:17
LH:0
BRDA:20,0,0,0
BRDA:20,0,1,0
BRDA:23,1,0,0
BRDA:23,1,1,0
BRDA:33,2,0,0
BRDA:33,2,1,0
BRDA:33,3,0,0
BRDA:33,3,1,0
BRDA:56,4,0,0
BRDA:56,4,1,0
BRF:10
BRH:0
end_of_record
TN:
SF:dist/esnext/store/mutations/localCrud.js
FN:2,(anonymous_0)
FN:3,(anonymous_1)
FN:6,(anonymous_2)
FN:9,(anonymous_3)
FNF:4
FNH:0
FNDA:0,(anonymous_0)
FNDA:0,(anonymous_1)
FNDA:0,(anonymous_2)
FNDA:0,(anonymous_3)
DA:2,0
DA:4,0
DA:7,0
DA:10,0
DA:11,0
DA:12,0
LF:6
LH:0
BRF:0
BRH:0
end_of_record
TN:
SF:dist/esnext/store/mutations/relationships.js
FN:2,(anonymous_0)
FN:4,(anonymous_1)
FN:7,(anonymous_2)
FN:10,(anonymous_3)
FN:14,(anonymous_4)
FN:20,(anonymous_5)
FN:26,(anonymous_6)
FN:40,(anonymous_7)
FN:43,(anonymous_8)
FN:46,(anonymous_9)
FNF:10
FNH:0
FNDA:0,(anonymous_0)
FNDA:0,(anonymous_1)
FNDA:0,(anonymous_2)
FNDA:0,(anonymous_3)
FNDA:0,(anonymous_4)
FNDA:0,(anonymous_5)
FNDA:0,(anonymous_6)
FNDA:0,(anonymous_7)
FNDA:0,(anonymous_8)
FNDA:0,(anonymous_9)
DA:2,0
DA:5,0
DA:8,0
DA:11,0
DA:15,0
DA:16,0
DA:17,0
DA:18,0
DA:21,0
DA:22,0
DA:23,0
DA:24,0
DA:27,0
DA:28,0
DA:29,0
DA:30,0
DA:41,0
DA:44,0
DA:47,0
LF:19
LH:0
BRF:0
BRH:0
end_of_record
TN:
SF:dist/esnext/store/mutations/serverConfirm.js
FN:2,(anonymous_0)
FN:6,(anonymous_1)
FN:9,(anonymous_2)
FN:20,(anonymous_3)
FNF:4
FNH:0
FNDA:0,(anonymous_0)
FNDA:0,(anonymous_1)
FNDA:0,(anonymous_2)
FNDA:0,(anonymous_3)
DA:2,0
DA:7,0
DA:10,0
DA:11,0
DA:12,0
DA:13,0
DA:21,0
DA:22,0
DA:23,0
DA:24,0
LF:10
LH:0
BRF:0
BRH:0
end_of_record
TN:
SF:dist/esnext/store/mutations/serverRollback.js
FN:2,(anonymous_0)
FN:6,(anonymous_1)
FN:9,(anonymous_2)
FN:16,(anonymous_3)
FN:19,(anonymous_4)
FNF:5
FNH:0
FNDA:0,(anonymous_0)
FNDA:0,(anonymous_1)
FNDA:0,(anonymous_2)
FNDA:0,(anonymous_3)
FNDA:0,(anonymous_4)
DA:2,0
DA:20,0
DA:21,0
DA:22,0
DA:23,0
DA:24,0
LF:6
LH:0
BRF:0
BRH:0
end_of_record
TN:
SF:dist/esnext/store/mutations/watcher.js
FN:2,(anonymous_0)
FN:3,(anonymous_1)
FN:6,(anonymous_2)
FN:9,(anonymous_3)
FN:10,(anonymous_4)
FN:12,(anonymous_5)
FN:15,(anonymous_6)
FN:18,(anonymous_7)
FN:19,(anonymous_8)
FNF:9
FNH:0
FNDA:0,(anonymous_0)
FNDA:0,(anonymous_1)
FNDA:0,(anonymous_2)
FNDA:0,(anonymous_3)
FNDA:0,(anonymous_4)
FNDA:0,(anonymous_5)
FNDA:0,(anonymous_6)
FNDA:0,(anonymous_7)
FNDA:0,(anonymous_8)
DA:2,0
DA:7,0
DA:10,0
DA:13,0
DA:16,0
DA:19,0
LF:6
LH:0
BRDA:7,0,0,0
BRDA:7,0,1,0
BRF:2
BRH:0
end_of_record
TN:
SF:dist/esnext/types/abc.js
FN:1,isDiscreteRequest
FNF:1
FNH:0
FNDA:0,isDiscreteRequest
DA:2,0
LF:1
LH:0
BRF:0
BRH:0
end_of_record
TN:
SF:dist/esnext/types/auth.js
FN:2,(anonymous_0)
FNF:1
FNH:0
FNDA:0,(anonymous_0)
DA:2,0
DA:9,0
DA:15,0
DA:20,0
LF:4
LH:0
BRDA:21,0,0,0
BRDA:21,0,1,0
BRF:2
BRH:0
end_of_record
TN:
SF:dist/esnext/types/config.js
FNF:0
FNH:0
LF:0
LH:0
BRF:0
BRH:0
end_of_record
TN:
SF:dist/esnext/types/firemodel.js
FNF:0
FNH:0
LF:0
LH:0
BRF:0
BRH:0
end_of_record
TN:
SF:dist/esnext/types/index.js
FNF:0
FNH:0
LF:0
LH:0
BRF:0
BRH:0
end_of_record
TN:
SF:dist/esnext/types/actions/FmConfigActions.js
FN:2,(anonymous_0)
FNF:1
FNH:0
FNDA:0,(anonymous_0)
DA:2,0
DA:3,0
DA:4,0
DA:5,0
DA:6,0
DA:7,0
DA:8,0
LF:7
LH:0
BRDA:9,0,0,0
BRDA:9,0,1,0
BRF:2
BRH:0
end_of_record
TN:
SF:dist/esnext/types/actions/index.js
FNF:0
FNH:0
LF:0
LH:0
BRF:0
BRH:0
end_of_record
TN:
SF:dist/esnext/types/mutations/FmConfigMutation.js
FN:2,(anonymous_0)
FNF:1
FNH:0
FNDA:0,(anonymous_0)
DA:2,0
DA:3,0
DA:4,0
DA:6,0
DA:8,0
DA:10,0
DA:12,0
DA:14,0
DA:16,0
DA:18,0
DA:20,0
DA:22,0
DA:24,0
DA:26,0
DA:28,0
DA:30,0
DA:32,0
DA:35,0
DA:37,0
DA:39,0
DA:41,0
DA:43,0
DA:49,0
DA:54,0
LF:24
LH:0
BRDA:55,0,0,0
BRDA:55,0,1,0
BRF:2
BRH:0
end_of_record
TN:
SF:dist/esnext/types/mutations/FmCrudMutation.js
FN:2,(anonymous_0)
FNF:1
FNH:0
FNDA:0,(anonymous_0)
DA:2,0
DA:4,0
DA:5,0
DA:6,0
DA:7,0
DA:8,0
DA:9,0
DA:10,0
DA:11,0
DA:12,0
DA:13,0
DA:14,0
DA:15,0
DA:17,0
DA:18,0
DA:19,0
DA:21,0
DA:22,0
DA:23,0
DA:25,0
DA:26,0
DA:27,0
DA:33,0
DA:38,0
LF:24
LH:0
BRDA:39,0,0,0
BRDA:39,0,1,0
BRF:2
BRH:0
end_of_record
TN:
SF:docs/.vuepress/config.js
FN:31,(anonymous_0)
FNF:1
FNH:0
FNDA:0,(anonymous_0)
DA:1,0
DA:31,0
LF:2
LH:0
BRF:0
BRH:0
end_of_record
TN:
SF:src/coreServices.ts
FN:12,coreServices
FNF:1
FNH:1
FNDA:3,coreServices
DA:2,1
DA:3,1
DA:6,1
DA:12,1
DA:16,3
DA:17,3
DA:18,3
DA:19,3
DA:21,3
DA:26,3
DA:27,3
DA:29,0
DA:32,3
DA:33,0
DA:34,0
DA:35,0
DA:37,3
DA:39,3
DA:41,0
LF:19
LH:14
BRDA:17,0,0,3
BRDA:17,0,1,0
BRDA:26,1,0,0
BRDA:26,1,1,0
BRDA:34,2,0,0
BRDA:34,2,1,0
BRDA:26,3,0,3
BRDA:26,3,1,0
BRDA:32,4,0,0
BRDA:32,4,1,3
BRF:10
BRH:3
end_of_record
TN:
SF:src/index.ts
FN:31,(anonymous_2)
FN:34,getStore
FN:41,getAuth
FN:50,setAuth
FN:58,(anonymous_6)
FN:61,(anonymous_7)
FN:66,(anonymous_8)
FN:76,(anonymous_9)
FN:84,queueLifecycleEvents
FNF:9
FNH:6
FNDA:3,(anonymous_2)
FNDA:0,getStore
FNDA:0,getAuth
FNDA:0,setAuth
FNDA:3,(anonymous_6)
FNDA:3,(anonymous_7)
FNDA:30,(anonymous_8)
FNDA:3,(anonymous_9)
FNDA:3,queueLifecycleEvents
DA:8,1
DA:11,1
DA:12,1
DA:13,1
DA:14,1
DA:16,1
DA:18,1
DA:20,1
DA:21,1
DA:22,1
DA:23,1
DA:24,1
DA:25,1
DA:31,1
DA:32,3
DA:34,1
DA:35,0
DA:41,1
DA:42,0
DA:43,0
DA:44,0
DA:47,0
DA:50,1
DA:51,0
DA:58,1
DA:59,3
DA:61,3
DA:62,3
DA:63,3
DA:64,3
DA:66,3
DA:67,30
DA:68,0
DA:74,3
DA:76,3
DA:77,3
DA:82,1
DA:88,3
DA:89,0
DA:93,0
DA:95,3
DA:105,3
DA:106,21
DA:107,21
DA:108,15
DA:111,15
LF:46
LH:37
BRDA:42,0,0,0
BRDA:42,0,1,0
BRDA:67,1,0,0
BRDA:67,1,1,30
BRDA:88,2,0,0
BRDA:88,2,1,3
BRDA:107,3,0,15
BRDA:107,3,1,6
BRF:8
BRH:4
end_of_record
TN:
SF:src/abc/index.ts
FNF:0
FNH:0
DA:1,1
DA:2,1
DA:3,1
LF:3
LH:3
BRF:0
BRH:0
end_of_record
TN:
SF:src/abc/api/AbcApi.ts
FN:121,(anonymous_0)
FN:34,(anonymous_1)
FN:41,(anonymous_2)
FN:56,(anonymous_3)
FN:63,(anonymous_4)
FN:65,(anonymous_5)
FN:66,(anonymous_6)
FN:72,(anonymous_7)
FN:82,(anonymous_8)
FN:89,(anonymous_9)
FN:97,(anonymous_10)
FN:139,(anonymous_11)
FN:156,(anonymous_12)
FN:172,(anonymous_13)
FN:185,(anonymous_14)
FN:197,(anonymous_15)
FN:204,(anonymous_16)
FN:211,(anonymous_17)
FN:218,(anonymous_18)
FN:222,(anonymous_19)
FN:231,(anonymous_20)
FN:244,(anonymous_21)
FN:250,(anonymous_22)
FN:257,(anonymous_23)
FN:160,(anonymous_0)
FN:53,(anonymous_1)
FN:60,(anonymous_2)
FN:78,(anonymous_3)
FN:85,(anonymous_4)
FN:89,(anonymous_5)
FN:90,(anonymous_6)
FN:96,(anonymous_7)
FN:111,(anonymous_8)
FN:113,(anonymous_9)
FN:128,(anonymous_10)
FN:136,(anonymous_11)
FN:184,(anonymous_12)
FN:192,(anonymous_13)
FN:248,(anonymous_15)
FN:264,(anonymous_16)
FN:278,(anonymous_17)
FN:285,(anonymous_18)
FN:367,(anonymous_19)
FN:399,(anonymous_20)
FN:413,(anonymous_21)
FN:417,(anonymous_22)
FN:424,(anonymous_23)
FN:431,(anonymous_24)
FN:438,(anonymous_25)
FN:442,(anonymous_26)
FN:462,(anonymous_27)
FN:471,(anonymous_28)
FN:482,(anonymous_29)
FN:486,(anonymous_30)
FN:493,(anonymous_31)
FNF:55
FNH:20
FNDA:0,(anonymous_0)
FNDA:0,(anonymous_1)
FNDA:0,(anonymous_2)
FNDA:0,(anonymous_3)
FNDA:0,(anonymous_4)
FNDA:0,(anonymous_5)
FNDA:0,(anonymous_6)
FNDA:0,(anonymous_7)
FNDA:0,(anonymous_8)
FNDA:0,(anonymous_9)
FNDA:0,(anonymous_10)
FNDA:0,(anonymous_11)
FNDA:0,(anonymous_12)
FNDA:0,(anonymous_13)
FNDA:0,(anonymous_14)
FNDA:0,(anonymous_15)
FNDA:0,(anonymous_16)
FNDA:0,(anonymous_17)
FNDA:0,(anonymous_18)
FNDA:0,(anonymous_19)
FNDA:0,(anonymous_20)
FNDA:0,(anonymous_21)
FNDA:0,(anonymous_22)
FNDA:0,(anonymous_23)
FNDA:15,(anonymous_0)
FNDA:11,(anonymous_1)
FNDA:15,(anonymous_2)
FNDA:4,(anonymous_3)
FNDA:5,(anonymous_4)
FNDA:9,(anonymous_5)
FNDA:6,(anonymous_6)
FNDA:9,(anonymous_7)
FNDA:9,(anonymous_8)
FNDA:6,(anonymous_9)
FNDA:0,(anonymous_10)
FNDA:5,(anonymous_11)
FNDA:37,(anonymous_12)
FNDA:31,(anonymous_13)
FNDA:2,(anonymous_15)
FNDA:0,(anonymous_16)
FNDA:0,(anonymous_17)
FNDA:0,(anonymous_18)
FNDA:0,(anonymous_19)
FNDA:1,(anonymous_20)
FNDA:16,(anonymous_21)
FNDA:0,(anonymous_22)
FNDA:7,(anonymous_23)
FNDA:3,(anonymous_24)
FNDA:4,(anonymous_25)
FNDA:14,(anonymous_26)
FNDA:0,(anonymous_27)
FNDA:0,(anonymous_28)
FNDA:0,(anonymous_29)
FNDA:0,(anonymous_30)
FNDA:0,(anonymous_31)
DA:1,1
DA:2,0
DA:3,0
DA:4,0
DA:7,0
DA:8,0
DA:9,1
DA:15,0
DA:19,1
DA:20,1
DA:23,1
DA:24,1
DA:25,1
DA:26,1
DA:27,1
DA:28,1
DA:34,1
DA:35,0
DA:39,1
DA:42,0
DA:43,0
DA:44,0
DA:47,0
DA:49,0
DA:54,11
DA:57,0
DA:61,15
DA:62,15
DA:63,2
DA:64,0
DA:65,0
DA:66,0
DA:69,13
DA:71,13
DA:73,0
DA:74,0
DA:76,0
DA:79,4
DA:83,0
DA:84,0
DA:85,0
DA:88,5
DA:89,9
DA:90,6
DA:97,9
DA:98,9
DA:99,9
DA:100,0
DA:101,0
DA:102,0
DA:105,9
DA:112,9
DA:113,9
DA:114,6
DA:117,6
DA:118,4
DA:119,0
DA:121,9
DA:122,7
DA:123,7
DA:124,0
DA:125,0
DA:126,0
DA:127,0
DA:128,0
DA:129,0
DA:130,0
DA:131,0
DA:132,0
DA:137,5
DA:138,5
DA:139,5
DA:140,5
DA:141,5
DA:144,0
DA:156,15
DA:157,15
DA:158,15
DA:164,15
DA:165,15
DA:166,15
DA:167,15
DA:170,15
DA:171,15
DA:174,0
DA:175,0
DA:176,15
DA:177,15
DA:185,37
DA:186,0
DA:187,0
DA:188,0
DA:191,0
DA:193,31
DA:198,0
DA:205,0
DA:212,0
DA:219,0
DA:223,0
DA:233,0
DA:234,0
DA:236,0
DA:245,0
DA:249,2
DA:251,0
DA:258,0
DA:268,0
DA:269,0
DA:271,0
DA:283,0
DA:285,0
DA:286,0
DA:288,0
DA:289,0
DA:290,0
DA:291,0
DA:296,0
DA:297,0
DA:309,0
DA:315,0
DA:317,0
DA:321,0
DA:323,0
DA:324,0
DA:329,0
DA:336,0
DA:337,0
DA:340,0
DA:347,0
DA:355,0
DA:356,0
DA:363,0
DA:364,0
DA:365,0
DA:366,0
DA:367,0
DA:368,0
DA:373,0
DA:375,0
DA:376,0
DA:381,0
DA:388,0
DA:400,1
DA:401,1
DA:402,0
DA:407,1
DA:414,16
DA:418,0
DA:425,7
DA:432,3
DA:439,4
DA:443,14
DA:444,1
DA:450,13
DA:451,0
DA:456,13
DA:463,0
DA:472,0
DA:473,0
DA:475,0
DA:483,0
DA:487,0
DA:494,0
LF:163
LH:64
BRDA:121,0,0,0
BRDA:122,1,0,0
BRDA:122,1,1,0
BRDA:122,2,0,0
BRDA:122,2,1,0
BRDA:128,3,0,0
BRDA:128,3,1,0
BRDA:35,4,0,0
BRDA:35,4,1,0
BRDA:35,5,0,0
BRDA:35,5,1,0
BRDA:43,6,0,0
BRDA:43,6,1,0
BRDA:73,7,0,0
BRDA:73,7,1,0
BRDA:84,8,0,0
BRDA:84,8,1,0
BRDA:99,9,0,0
BRDA:99,9,1,0
BRDA:101,10,0,0
BRDA:101,10,1,0
BRDA:172,11,0,0
BRDA:174,12,0,0
BRDA:174,12,1,0
BRDA:186,13,0,0
BRDA:186,13,1,0
BRDA:187,14,0,0
BRDA:187,14,1,0
BRDA:231,15,0,0
BRDA:233,16,0,0
BRDA:233,16,1,0
BRDA:160,17,0,5
BRDA:168,18,0,0
BRDA:168,18,1,15
BRDA:54,19,0,2
BRDA:54,19,1,9
BRDA:54,20,0,11
BRDA:54,20,1,6
BRDA:62,21,0,2
BRDA:62,21,1,13
BRDA:99,22,0,0
BRDA:99,22,1,9
BRDA:117,23,0,4
BRDA:117,23,1,2
BRDA:123,24,0,0
BRDA:123,24,1,7
BRDA:138,25,0,5
BRDA:138,25,1,0
BRDA:140,26,0,5
BRDA:140,26,1,0
BRDA:221,27,0,0
BRDA:221,27,1,0
BRDA:227,28,0,0
BRDA:227,28,1,0
BRDA:226,29,0,0
BRDA:226,29,1,0
BRDA:233,30,0,0
BRDA:233,30,1,0
BRDA:233,31,0,0
BRDA:233,31,1,0
BRDA:239,32,0,0
BRDA:239,32,1,0
BRDA:239,33,0,0
BRDA:239,33,1,0
BRDA:266,34,0,0
BRDA:268,35,0,0
BRDA:268,35,1,0
BRDA:281,36,0,0
BRDA:296,37,0,0
BRDA:296,37,1,0
BRDA:296,38,0,0
BRDA:296,38,1,0
BRDA:315,39,0,0
BRDA:315,39,1,0
BRDA:321,40,0,0
BRDA:321,40,1,0
BRDA:323,41,0,0
BRDA:323,41,1,0
BRDA:336,42,0,0
BRDA:336,42,1,0
BRDA:355,43,0,0
BRDA:355,43,1,0
BRDA:363,44,0,0
BRDA:363,44,1,0
BRDA:371,45,0,0
BRDA:371,45,1,0
BRDA:400,46,0,1
BRDA:400,46,1,1
BRDA:401,47,0,0
BRDA:401,47,1,1
BRDA:443,48,0,1
BRDA:443,48,1,13
BRDA:450,49,0,0
BRDA:450,49,1,13
BRDA:471,50,0,0
BRDA:472,51,0,0
BRDA:472,51,1,0
BRF:97
BRH:20
end_of_record
TN:
SF:src/abc/api/AbcResult.ts
FN:12,(anonymous_0)
FN:16,(anonymous_1)
FN:31,(anonymous_2)
FN:14,(anonymous_0)
FN:19,(anonymous_1)
FN:34,(anonymous_2)
FN:41,(anonymous_3)
FN:45,(anonymous_4)
FN:49,(anonymous_5)
FN:56,(anonymous_6)
FN:61,(anonymous_7)
FN:79,(anonymous_8)
FNF:12
FNH:0
FNDA:0,(anonymous_0)
FNDA:0,(anonymous_1)
FNDA:0,(anonymous_2)
FNDA:0,(anonymous_0)
FNDA:0,(anonymous_1)
FNDA:0,(anonymous_2)
FNDA:0,(anonymous_3)
FNDA:0,(anonymous_4)
FNDA:0,(anonymous_5)
FNDA:0,(anonymous_6)
FNDA:0,(anonymous_7)
FNDA:0,(anonymous_8)
DA:4,1
DA:5,1
DA:10,0
DA:13,1
DA:14,0
DA:17,0
DA:20,0
DA:21,0
DA:25,0
DA:26,0
DA:27,0
DA:32,0
DA:35,0
DA:42,0
DA:46,0
DA:50,0
DA:57,0
DA:62,0
DA:63,0
DA:69,0
LF:20
LH:3
BRDA:20,0,0,0
BRDA:20,0,1,0
BRDA:22,1,0,0
BRDA:22,1,1,0
BRDA:35,2,0,0
BRDA:35,2,1,0
BRDA:42,3,0,0
BRDA:42,3,1,0
BRDA:62,4,0,0
BRDA:62,4,1,0
BRF:10
BRH:0
end_of_record
TN:
SF:src/abc/api/index.ts
FNF:0
FNH:0
DA:1,1
DA:2,1
DA:3,1
LF:3
LH:3
BRF:0
BRH:0
end_of_record
TN:
SF:src/abc/api/api-parts/get.ts
FN:17,retrieveKeys
FN:28,(anonymous_2)
FN:29,(anonymous_3)
FNF:3
FNH:0
FNDA:0,retrieveKeys
FNDA:0,(anonymous_2)
FNDA:0,(anonymous_3)
DA:3,0
DA:4,0
DA:5,0
DA:17,0
DA:18,0
DA:19,0
DA:20,0
DA:22,0
DA:23,0
DA:26,0
DA:27,0
DA:28,0
DA:29,0
DA:31,0
DA:35,0
LF:15
LH:0
BRDA:22,0,0,0
BRDA:22,0,1,0
BRDA:26,1,0,0
BRDA:26,1,1,0
BRF:4
BRH:0
end_of_record
TN:
SF:src/abc/api/api-parts/load.ts
FN:3,loadQuery
FN:8,loadIds
FNF:2
FNH:0
FNDA:0,loadQuery
FNDA:0,loadIds
DA:3,0
DA:4,0
DA:8,0
DA:9,0
LF:4
LH:0
BRF:0
BRH:0
end_of_record
TN:
SF:src/abc/api/api-parts/localRecords.ts
FN:21,localRecords
FN:42,(anonymous_2)
FN:44,(anonymous_3)
FN:52,(anonymous_4)
FN:53,(anonymous_5)
FN:60,(anonymous_6)
FN:63,(anonymous_7)
FN:76,(anonymous_8)
FNF:8
FNH:0
FNDA:0,localRecords
FNDA:0,(anonymous_2)
FNDA:0,(anonymous_3)
FNDA:0,(anonymous_4)
FNDA:0,(anonymous_5)
FNDA:0,(anonymous_6)
FNDA:0,(anonymous_7)
FNDA:0,(anonymous_8)
DA:1,1
DA:9,1
DA:10,1
DA:11,1
DA:21,1
DA:27,0
DA:28,0
DA:30,0
DA:36,0
DA:37,0
DA:40,0
DA:41,0
DA:42,0
DA:43,0
DA:45,0
DA:49,0
DA:51,0
DA:52,0
DA:53,0
DA:55,0
DA:59,0
DA:61,0
DA:63,0
DA:65,0
DA:66,0
DA:67,0
DA:71,0
DA:76,0
LF:28
LH:5
BRDA:36,0,0,0
BRDA:36,0,1,0
BRDA:40,1,0,0
BRDA:40,1,1,0
BRDA:45,2,0,0
BRDA:45,2,1,0
BRDA:61,3,0,0
BRDA:61,3,1,0
BRDA:68,4,0,0
BRDA:68,4,1,0
BRDA:67,5,0,0
BRDA:67,5,1,0
BRDA:77,6,0,0
BRDA:77,6,1,0
BRF:14
BRH:0
end_of_record
TN:
SF:src/abc/api/api-parts/watch.ts
FNF:0
FNH:0
LF:0
LH:0
BRF:0
BRH:0
end_of_record
TN:
SF:src/abc/api/queryHelpers/all.ts
FN:1,all
FN:17,all
FN:23,(anonymous_1)
FN:29,(anonymous_2)
FN:35,(anonymous_3)
FNF:5
FNH:0
FNDA:0,all
FNDA:0,all
FNDA:0,(anonymous_1)
FNDA:0,(anonymous_2)
FNDA:0,(anonymous_3)
DA:1,1
DA:2,0
DA:5,0
DA:7,0
DA:12,1
DA:15,1
DA:17,1
DA:23,0
DA:27,0
DA:29,0
DA:30,0
DA:31,0
DA:35,0
DA:36,0
DA:37,0
DA:40,0
DA:51,1
DA:53,1
LF:18
LH:6
BRDA:20,0,0,0
BRDA:21,1,0,0
BRF:2
BRH:0
end_of_record
TN:
SF:src/abc/api/queryHelpers/index.ts
FNF:0
FNH:0
DA:1,1
DA:2,1
DA:3,1
LF:3
LH:3
BRF:0
BRH:0
end_of_record
TN:
SF:src/abc/api/queryHelpers/refresh.ts
FN:16,refresh
FN:17,(anonymous_1)
FNF:2
FNH:0
FNDA:0,refresh
FNDA:0,(anonymous_1)
DA:4,0
DA:16,0
DA:17,0
DA:20,0
DA:25,0
DA:32,0
DA:37,0
DA:39,0
LF:8
LH:0
BRDA:20,0,0,0
BRDA:20,0,1,0
BRF:2
BRH:0
end_of_record
TN:
SF:src/abc/api/queryHelpers/since.ts
FN:10,since
FN:11,(anonymous_1)
FN:15,since
FN:18,all
FN:19,(anonymous_2)
FNF:5
FNH:0
FNDA:0,since
FNDA:0,(anonymous_1)
FNDA:0,since
FNDA:0,all
FNDA:0,(anonymous_2)
DA:10,0
DA:11,0
DA:15,1
DA:18,0
DA:19,0
DA:20,0
DA:22,0
DA:23,1
DA:25,1
LF:9
LH:3
BRF:0
BRH:0
end_of_record
TN:
SF:src/abc/api/queryHelpers/where.ts
FN:1,where
FN:17,where
FN:24,(anonymous_1)
FN:36,(anonymous_2)
FN:42,(anonymous_3)
FNF:5
FNH:0
FNDA:0,where
FNDA:0,where
FNDA:0,(anonymous_1)
FNDA:0,(anonymous_2)
FNDA:0,(anonymous_3)
DA:1,1
DA:2,0
DA:5,0
DA:7,0
DA:9,1
DA:10,1
DA:17,1
DA:23,0
DA:24,0
DA:30,0
DA:36,0
DA:37,0
DA:39,0
DA:42,0
DA:43,0
DA:48,0
DA:51,0
DA:62,1
DA:64,1
LF:19
LH:6
BRDA:21,0,0,0
BRDA:31,1,0,0
BRDA:31,1,1,0
BRDA:33,2,0,0
BRDA:33,2,1,0
BRF:5
BRH:0
end_of_record
TN:
SF:src/abc/api/shared/findPk.ts
FN:12,findPk
FN:17,(anonymous_1)
FN:19,(anonymous_2)
FN:21,(anonymous_3)
FNF:4
FNH:0
FNDA:0,findPk
FNDA:0,(anonymous_1)
FNDA:0,(anonymous_2)
FNDA:0,(anonymous_3)
DA:2,1
DA:12,1
DA:16,0
DA:17,0
DA:19,0
DA:20,0
DA:21,0
DA:24,0
DA:25,0
DA:31,0
LF:10
LH:2
BRDA:24,0,0,0
BRDA:24,0,1,0
BRDA:31,1,0,0
BRDA:31,1,1,0
BRF:4
BRH:0
end_of_record
TN:
SF:src/abc/api/shared/generalizedQuery.ts
FN:27,generalizedQuery
FN:41,(anonymous_1)
FN:52,(anonymous_2)
FN:89,(anonymous_3)
FN:92,(anonymous_4)
FN:95,(anonymous_5)
FN:112,(anonymous_6)
FN:113,(anonymous_7)
FN:123,(anonymous_8)
FNF:9
FNH:0
FNDA:0,generalizedQuery
FNDA:0,(anonymous_1)
FNDA:0,(anonymous_2)
FNDA:0,(anonymous_3)
FNDA:0,(anonymous_4)
FNDA:0,(anonymous_5)
FNDA:0,(anonymous_6)
FNDA:0,(anonymous_7)
FNDA:0,(anonymous_8)
DA:1,1
DA:12,1
DA:13,1
DA:14,1
DA:15,1
DA:16,1
DA:27,1
DA:35,0
DA:36,0
DA:41,0
DA:42,0
DA:45,0
DA:48,0
DA:50,0
DA:52,0
DA:53,0
DA:55,0
DA:61,0
DA:68,0
DA:69,0
DA:74,0
DA:80,0
DA:88,0
DA:89,0
DA:90,0
DA:92,0
DA:93,0
DA:94,0
DA:95,0
DA:96,0
DA:97,0
DA:98,0
DA:99,0
DA:100,0
DA:102,0
DA:107,0
DA:108,0
DA:112,0
DA:113,0
DA:114,0
DA:116,0
DA:117,0
DA:122,0
DA:123,0
DA:126,0
DA:133,0
DA:144,0
DA:152,0
DA:157,0
LF:49
LH:7
BRDA:48,0,0,0
BRDA:48,0,1,0
BRDA:48,1,0,0
BRDA:48,1,1,0
BRDA:68,2,0,0
BRDA:68,2,1,0
BRDA:97,3,0,0
BRDA:97,3,1,0
BRDA:99,4,0,0
BRDA:99,4,1,0
BRDA:116,5,0,0
BRDA:116,5,1,0
BRDA:122,6,0,0
BRDA:122,6,1,0
BRF:14
BRH:0
end_of_record
TN:
SF:src/abc/api/shared/index.ts
FNF:0
FNH:0
DA:1,1
DA:2,1
DA:3,1
LF:3
LH:3
BRF:0
BRH:0
end_of_record
TN:
SF:src/abc/api/shared/serverRecords.ts
FN:6,serverRecords
FN:13,(anonymous_1)
FN:16,(anonymous_2)
FNF:3
FNH:0
FNDA:0,serverRecords
FNDA:0,(anonymous_1)
FNDA:0,(anonymous_2)
DA:2,1
DA:6,1
DA:12,0
DA:13,0
DA:14,0
DA:16,0
DA:18,0
LF:7
LH:2
BRF:0
BRH:0
end_of_record
TN:
SF:src/abc/configuration/abc.ts
FN:9,abc
FNF:1
FNH:1
FNDA:8,abc
DA:1,1
DA:9,1
DA:10,0
DA:11,0
DA:13,8
DA:15,6
LF:6
LH:4
BRDA:9,0,0,0
BRDA:11,1,0,5
BRF:2
BRH:1
end_of_record
TN:
SF:src/abc/configuration/configApi.ts
FN:20,configApi
FN:26,getDefaultApiConfig
FNF:2
FNH:1
FNDA:0,configApi
FNDA:15,getDefaultApiConfig
DA:3,1
DA:20,1
DA:21,0
DA:22,0
DA:26,1
DA:27,15
LF:6
LH:4
BRF:0
BRH:0
end_of_record
TN:
SF:src/abc/configuration/get.ts
FN:9,get
FNF:1
FNH:0
FNDA:0,get
DA:1,0
DA:9,0
DA:10,0
DA:12,0
LF:4
LH:0
BRDA:9,0,0,0
BRF:1
BRH:0
end_of_record
TN:
SF:src/abc/configuration/loadRecords.ts
FNF:0
FNH:0
LF:0
LH:0
BRF:0
BRH:0
end_of_record
TN:
SF:src/api/auth.ts
FN:22,signInWithEmailAndPassword
FN:38,createUserWithEmailAndPassword
FN:54,signOut
FN:66,getIdToken
FN:96,sendPasswordResetEmail
FN:111,confirmPasswordReset
FN:126,verifyPasswordResetCode
FN:137,updateEmail
FN:150,updatePassword
FN:161,updateProfile
FN:171,sendEmailVerification
FN:177,reauthenticateWithCredential
FN:186,linkWithCredential
FNF:13
FNH:0
FNDA:0,signInWithEmailAndPassword
FNDA:0,createUserWithEmailAndPassword
FNDA:0,signOut
FNDA:0,getIdToken
FNDA:0,sendPasswordResetEmail
FNDA:0,confirmPasswordReset
FNDA:0,verifyPasswordResetCode
FNDA:0,updateEmail
FNDA:0,updatePassword
FNDA:0,updateProfile
FNDA:0,sendEmailVerification
FNDA:0,reauthenticateWithCredential
FNDA:0,linkWithCredential
DA:7,0
DA:16,0
DA:22,0
DA:26,0
DA:38,0
DA:42,0
DA:54,0
DA:60,0
DA:66,0
DA:69,0
DA:70,0
DA:71,0
DA:73,0
DA:74,0
DA:75,0
DA:76,0
DA:77,0
DA:80,0
DA:96,0
DA:100,0
DA:111,0
DA:115,0
DA:126,0
DA:127,0
DA:137,0
DA:138,0
DA:150,0
DA:151,0
DA:161,0
DA:162,0
DA:171,0
DA:172,0
DA:177,0
DA:180,0
DA:186,0
DA:187,0
LF:36
LH:0
BRDA:70,0,0,0
BRDA:70,0,1,0
BRDA:70,1,0,0
BRDA:70,1,1,0
BRDA:74,2,0,0
BRDA:74,2,1,0
BRDA:74,3,0,0
BRDA:74,3,1,0
BRDA:75,4,0,0
BRDA:75,4,1,0
BRDA:83,5,0,0
BRDA:83,5,1,0
BRF:12
BRH:0
end_of_record
TN:
SF:src/api/index.ts
FNF:0
FNH:0
DA:1,0
DA:2,0
DA:3,0
LF:3
LH:0
BRF:0
BRH:0
end_of_record
TN:
SF:src/api/other.ts
FN:3,resetModule
FNF:1
FNH:0
FNDA:0,resetModule
DA:1,0
DA:3,0
DA:4,0
LF:3
LH:0
BRF:0
BRH:0
end_of_record
TN:
SF:src/api/providers/EmailAuthProvider.ts
FN:5,(anonymous_0)
FNF:1
FNH:0
FNDA:0,(anonymous_0)
DA:1,0
DA:2,0
DA:4,0
DA:6,0
DA:7,0
DA:8,0
DA:12,0
LF:7
LH:0
BRDA:7,0,0,0
BRDA:7,0,1,0
BRF:2
BRH:0
end_of_record
TN:
SF:src/auth/api/auth.ts
FN:22,signInWithEmailAndPassword
FN:38,createUserWithEmailAndPassword
FN:54,signOut
FN:66,getIdToken
FN:96,sendPasswordResetEmail
FN:111,confirmPasswordReset
FN:126,verifyPasswordResetCode
FN:137,updateEmail
FN:150,updatePassword
FN:161,updateProfile
FN:171,sendEmailVerification
FN:177,reauthenticateWithCredential
FN:186,linkWithCredential
FNF:13
FNH:0
FNDA:0,signInWithEmailAndPassword
FNDA:0,createUserWithEmailAndPassword
FNDA:0,signOut
FNDA:0,getIdToken
FNDA:0,sendPasswordResetEmail
FNDA:0,confirmPasswordReset
FNDA:0,verifyPasswordResetCode
FNDA:0,updateEmail
FNDA:0,updatePassword
FNDA:0,updateProfile
FNDA:0,sendEmailVerification
FNDA:0,reauthenticateWithCredential
FNDA:0,linkWithCredential
DA:7,1
DA:16,1
DA:22,1
DA:26,0
DA:38,1
DA:42,0
DA:54,1
DA:60,0
DA:66,1
DA:69,0
DA:70,0
DA:71,0
DA:73,0
DA:74,0
DA:75,0
DA:76,0
DA:77,0
DA:80,0
DA:96,1
DA:100,0
DA:111,1
DA:115,0
DA:126,1
DA:127,0
DA:137,1
DA:138,0
DA:150,1
DA:151,0
DA:161,1
DA:162,0
DA:171,1
DA:172,0
DA:177,1
DA:180,0
DA:186,1
DA:187,0
LF:36
LH:15
BRDA:70,0,0,0
BRDA:70,0,1,0
BRDA:70,1,0,0
BRDA:70,1,1,0
BRDA:74,2,0,0
BRDA:74,2,1,0
BRDA:74,3,0,0
BRDA:74,3,1,0
BRDA:75,4,0,0
BRDA:75,4,1,0
BRDA:83,5,0,0
BRDA:83,5,1,0
BRF:12
BRH:0
end_of_record
TN:
SF:src/auth/api/index.ts
FNF:0
FNH:0
DA:1,1
DA:2,1
DA:3,1
LF:3
LH:3
BRF:0
BRH:0
end_of_record
TN:
SF:src/auth/api/other.ts
FN:3,resetModule
FNF:1
FNH:0
FNDA:0,resetModule
DA:1,1
DA:3,1
DA:4,0
LF:3
LH:2
BRF:0
BRH:0
end_of_record
TN:
SF:src/auth/api/providers/EmailAuthProvider.ts
FN:5,(anonymous_0)
FNF:1
FNH:0
FNDA:0,(anonymous_0)
DA:1,1
DA:2,1
DA:4,1
DA:6,0
DA:7,0
DA:8,0
DA:12,0
LF:7
LH:3
BRDA:7,0,0,0
BRDA:7,0,1,0
BRF:2
BRH:0
end_of_record
TN:
SF:src/errors/AbcError.ts
FN:9,(anonymous_0)
FNF:1
FNH:1
FNDA:3,(anonymous_0)
DA:5,1
DA:6,3
DA:7,3
DA:10,3
DA:11,3
DA:12,3
DA:13,3
DA:14,3
LF:8
LH:8
BRDA:9,0,0,0
BRDA:12,1,0,1
BRDA:12,1,1,2
BRF:3
BRH:2
end_of_record
TN:
SF:src/errors/FiremodelPluginError.ts
FN:8,(anonymous_0)
FNF:1
FNH:0
FNDA:0,(anonymous_0)
DA:5,1
DA:6,0
DA:9,0
DA:10,0
DA:11,0
DA:12,0
DA:13,0
LF:7
LH:1
BRDA:8,0,0,0
BRDA:11,1,0,0
BRDA:11,1,1,0
BRF:3
BRH:0
end_of_record
TN:
SF:src/errors/index.ts
FNF:0
FNH:0
DA:1,1
DA:2,1
LF:2
LH:2
BRF:0
BRH:0
end_of_record
TN:
SF:src/firemodelMutations/abc.ts
FN:19,abc
FN:21,(anonymous_2)
FN:35,(anonymous_3)
FN:42,(anonymous_4)
FN:62,(anonymous_5)
FN:69,(anonymous_6)
FN:83,(anonymous_7)
FN:86,(anonymous_8)
FN:93,(anonymous_9)
FN:107,(anonymous_10)
FN:114,(anonymous_11)
FN:123,(anonymous_12)
FN:132,validResultSize
FNF:13
FNH:1
FNDA:3,abc
FNDA:0,(anonymous_2)
FNDA:0,(anonymous_3)
FNDA:0,(anonymous_4)
FNDA:0,(anonymous_5)
FNDA:0,(anonymous_6)
FNDA:0,(anonymous_7)
FNDA:0,(anonymous_8)
FNDA:0,(anonymous_9)
FNDA:0,(anonymous_10)
FNDA:0,(anonymous_11)
FNDA:0,(anonymous_12)
FNDA:0,validResultSize
DA:2,1
DA:3,1
DA:5,1
DA:6,1
DA:17,1
DA:19,1
DA:20,3
DA:25,0
DA:26,0
DA:28,0
DA:29,0
DA:31,0
DA:46,0
DA:47,0
DA:48,0
DA:53,0
DA:55,0
DA:56,0
DA:58,0
DA:76,0
DA:77,0
DA:78,0
DA:79,0
DA:80,0
DA:97,0
DA:98,0
DA:100,0
DA:101,0
DA:103,0
DA:118,0
DA:119,0
DA:120,0
DA:123,0
DA:126,0
DA:136,0
DA:137,0
DA:138,0
DA:142,0
DA:144,0
DA:145,0
DA:148,0
DA:151,0
LF:42
LH:7
BRDA:25,0,0,0
BRDA:25,0,1,0
BRDA:28,1,0,0
BRDA:28,1,1,0
BRDA:46,2,0,0
BRDA:46,2,1,0
BRDA:49,3,0,0
BRDA:49,3,1,0
BRDA:50,4,0,0
BRDA:50,4,1,0
BRDA:55,5,0,0
BRDA:55,5,1,0
BRDA:97,6,0,0
BRDA:97,6,1,0
BRDA:100,7,0,0
BRDA:100,7,1,0
BRDA:118,8,0,0
BRDA:118,8,1,0
BRDA:134,9,0,0
BRDA:137,10,0,0
BRDA:137,10,1,0
BRDA:144,11,0,0
BRDA:144,11,1,0
BRF:23
BRH:0
end_of_record
TN:
SF:src/firemodelMutations/addedLocally.ts
FN:9,addedLocally
FN:15,(anonymous_1)
FN:26,(anonymous_2)
FN:34,(anonymous_3)
FNF:4
FNH:1
FNDA:3,addedLocally
FNDA:0,(anonymous_1)
FNDA:0,(anonymous_2)
FNDA:0,(anonymous_3)
DA:3,1
DA:4,1
DA:7,1
DA:9,1
DA:12,3
DA:14,3
DA:19,0
DA:20,0
DA:22,0
DA:27,0
DA:28,0
DA:30,0
DA:35,0
DA:36,0
DA:38,0
LF:15
LH:6
BRDA:12,0,0,2
BRDA:12,0,1,1
BRDA:19,1,0,0
BRDA:19,1,1,0
BRDA:27,2,0,0
BRDA:27,2,1,0
BRDA:35,3,0,0
BRDA:35,3,1,0
BRF:8
BRH:2
end_of_record
TN:
SF:src/firemodelMutations/index.ts
FN:38,firemodelMutations
FN:39,firemodelMutations
FNF:2
FNH:1
FNDA:0,firemodelMutations
FNDA:3,firemodelMutations
DA:3,1
DA:4,1
DA:5,1
DA:6,1
DA:7,1
DA:8,1
DA:9,0
DA:10,1
DA:38,0
DA:39,1
DA:52,0
DA:53,3
DA:61,0
DA:63,3
LF:14
LH:10
BRF:0
BRH:0
end_of_record
TN:
SF:src/firemodelMutations/reset.ts
FN:7,reset
FN:12,(anonymous_2)
FN:17,(anonymous_3)
FNF:3
FNH:1
FNDA:3,reset
FNDA:0,(anonymous_2)
FNDA:0,(anonymous_3)
DA:3,1
DA:5,1
DA:7,1
DA:10,3
DA:11,3
DA:13,0
DA:14,0
DA:17,0
DA:18,0
LF:9
LH:5
BRDA:10,0,0,2
BRDA:10,0,1,1
BRDA:13,1,0,0
BRDA:13,1,1,0
BRDA:13,2,0,0
BRDA:13,2,1,0
BRF:6
BRH:2
end_of_record
TN:
SF:src/firemodelMutations/serverConfirms.ts
FN:16,serverConfirms
FN:20,(anonymous_1)
FN:24,(anonymous_2)
FN:28,(anonymous_3)
FNF:4
FNH:1
FNDA:3,serverConfirms
FNDA:0,(anonymous_1)
FNDA:0,(anonymous_2)
FNDA:0,(anonymous_3)
DA:16,1
DA:19,3
LF:2
LH:2
BRF:0
BRH:0
end_of_record
TN:
SF:src/firemodelMutations/serverEvents.ts
FN:8,serverEvents
FN:13,(anonymous_1)
FN:28,(anonymous_2)
FN:50,(anonymous_3)
FNF:4
FNH:1
FNDA:3,serverEvents
FNDA:0,(anonymous_1)
FNDA:0,(anonymous_2)
FNDA:0,(anonymous_3)
DA:4,1
DA:5,1
DA:6,1
DA:8,1
DA:11,3
DA:12,3
DA:21,0
DA:22,0
DA:24,0
DA:36,0
DA:41,0
DA:43,0
DA:44,0
DA:46,0
DA:58,0
DA:59,0
DA:61,0
LF:17
LH:6
BRDA:11,0,0,2
BRDA:11,0,1,1
BRDA:21,1,0,0
BRDA:21,1,1,0
BRDA:36,2,0,0
BRDA:36,2,1,0
BRDA:43,3,0,0
BRDA:43,3,1,0
BRDA:58,4,0,0
BRDA:58,4,1,0
BRF:10
BRH:2
end_of_record
TN:
SF:src/firemodelMutations/serverRollbacks.ts
FN:21,serverRollbacks
FN:30,(anonymous_1)
FN:38,(anonymous_2)
FN:49,(anonymous_3)
FNF:4
FNH:1
FNDA:3,serverRollbacks
FNDA:0,(anonymous_1)
FNDA:0,(anonymous_2)
FNDA:0,(anonymous_3)
DA:6,1
DA:7,1
DA:8,1
DA:21,1
DA:25,3
DA:29,3
DA:31,0
DA:32,0
DA:34,0
DA:42,0
DA:43,0
DA:45,0
DA:53,0
DA:54,0
DA:56,0
LF:15
LH:6
BRDA:26,0,0,2
BRDA:26,0,1,1
BRDA:31,1,0,0
BRDA:31,1,1,0
BRDA:42,2,0,0
BRDA:42,2,1,0
BRDA:53,3,0,0
BRDA:53,3,1,0
BRF:8
BRH:2
end_of_record
TN:
SF:src/firemodelMutations/watchEvents.ts
FN:9,watchEvents
FN:17,(anonymous_2)
FNF:2
FNH:1
FNDA:3,watchEvents
FNDA:0,(anonymous_2)
DA:5,1
DA:6,1
DA:7,1
DA:9,1
DA:10,3
DA:12,3
DA:21,0
DA:22,0
DA:24,0
LF:9
LH:6
BRDA:10,0,0,2
BRDA:10,0,1,1
BRDA:21,1,0,0
BRDA:21,1,1,0
BRF:4
BRH:2
end_of_record
TN:
SF:src/shared/addNamespace.ts
FN:2,addNamespace
FNF:1
FNH:1
FNDA:24,addNamespace
DA:2,1
DA:3,24
LF:2
LH:2
BRF:0
BRH:0
end_of_record
TN:
SF:src/shared/authChanges.ts
FN:15,(anonymous_0)
FN:15,(anonymous_1)
FN:86,extractUserInfo
FN:90,extractUserInfo
FNF:4
FNH:3
FNDA:3,(anonymous_0)
FNDA:3,(anonymous_1)
FNDA:0,extractUserInfo
FNDA:3,extractUserInfo
DA:9,1
DA:10,1
DA:15,3
DA:18,3
DA:19,0
DA:20,0
DA:21,0
DA:24,0
DA:29,0
DA:30,0
DA:32,0
DA:33,0
DA:37,0
DA:39,0
DA:40,0
DA:41,0
DA:42,0
DA:43,0
DA:44,0
DA:56,0
DA:58,3
DA:59,3
DA:60,3
DA:69,3
DA:71,3
DA:72,0
DA:74,0
DA:76,0
DA:77,0
DA:78,0
DA:81,3
DA:87,0
DA:91,3
LF:33
LH:11
BRDA:18,0,0,0
BRDA:18,0,1,0
BRDA:19,1,0,0
BRDA:19,1,1,0
BRDA:19,2,0,0
BRDA:19,2,1,0
BRDA:71,3,0,0
BRDA:71,3,1,0
BRDA:71,4,0,0
BRDA:71,4,1,0
BRDA:71,4,2,0
BRDA:88,5,0,0
BRDA:88,5,1,0
BRDA:18,6,0,0
BRDA:18,6,1,3
BRDA:71,7,0,0
BRDA:71,7,1,3
BRDA:72,8,0,3
BRDA:72,8,1,3
BRDA:72,8,2,0
BRDA:92,9,0,0
BRDA:92,9,1,3
BRF:22
BRH:5
end_of_record
TN:
SF:src/shared/capitalize.ts
FN:1,capitalize
FNF:1
FNH:1
FNDA:24,capitalize
DA:1,1
DA:2,24
LF:2
LH:2
BRF:0
BRH:0
end_of_record
TN:
SF:src/shared/changeRoot.ts
FN:17,(anonymous_1)
FN:35,(anonymous_2)
FNF:2
FNH:0
FNDA:0,(anonymous_1)
FNDA:0,(anonymous_2)
DA:2,1
DA:4,1
DA:5,1
DA:17,1
DA:23,0
DA:29,0
DA:30,0
DA:35,0
DA:36,0
DA:37,0
DA:38,0
DA:40,0
DA:44,0
LF:13
LH:4
BRDA:25,0,0,0
BRDA:25,0,1,0
BRDA:29,1,0,0
BRDA:29,1,1,0
BRDA:36,2,0,0
BRDA:36,2,1,0
BRDA:40,3,0,0
BRDA:40,3,1,0
BRF:8
BRH:0
end_of_record
TN:
SF:src/shared/database.ts
FN:11,database
FNF:1
FNH:1
FNDA:9,database
DA:1,1
DA:2,1
DA:3,1
DA:11,1
DA:12,9
DA:13,6
DA:14,3
DA:15,3
DA:17,6
DA:20,9
DA:21,0
DA:27,9
LF:12
LH:11
BRDA:12,0,0,6
BRDA:12,0,1,3
BRDA:13,1,0,3
BRDA:13,1,1,3
BRDA:13,2,0,6
BRDA:13,2,1,3
BRDA:20,3,0,0
BRDA:20,3,1,9
BRDA:20,4,0,9
BRDA:20,4,1,0
BRF:10
BRH:8
end_of_record
TN:
SF:src/shared/determineLocalStateNode.ts
FN:10,determineLocalStateNode
FNF:1
FNH:0
FNDA:0,determineLocalStateNode
DA:1,1
DA:10,1
DA:14,0
LF:3
LH:2
BRDA:15,0,0,0
BRDA:15,0,1,0
BRF:2
BRH:0
end_of_record
TN:
SF:src/shared/index.ts
FNF:0
FNH:0
DA:1,1
DA:2,1
DA:3,1
DA:4,1
DA:5,1
DA:6,1
DA:7,1
DA:8,1
DA:9,1
DA:10,1
DA:11,1
DA:12,1
LF:12
LH:12
BRF:0
BRH:0
end_of_record
TN:
SF:src/shared/isRecord.ts
FN:9,isRecord
FNF:1
FNH:0
FNDA:0,isRecord
DA:9,1
DA:13,0
LF:2
LH:1
BRF:0
BRH:0
end_of_record
TN:
SF:src/shared/localChange.ts
FN:9,localChange
FN:20,mapper
FNF:2
FNH:0
FNDA:0,localChange
FNDA:0,mapper
DA:1,1
DA:9,1
DA:10,0
DA:11,0
DA:21,0
DA:26,0
LF:6
LH:2
BRDA:26,0,0,0
BRDA:26,0,1,0
BRF:2
BRH:0
end_of_record
TN:
SF:src/shared/localizeName.ts
FN:4,localizeName
FNF:1
FNH:0
FNDA:0,localizeName
DA:4,1
DA:5,0
LF:2
LH:1
BRF:0
BRH:0
end_of_record
TN:
SF:src/shared/removeProperty.ts
FN:5,removeProperty
FN:8,(anonymous_1)
FN:9,(anonymous_2)
FNF:3
FNH:0
FNDA:0,removeProperty
FNDA:0,(anonymous_1)
FNDA:0,(anonymous_2)
DA:5,1
DA:6,0
DA:7,0
DA:8,0
DA:9,0
DA:10,0
LF:6
LH:1
BRF:0
BRH:0
end_of_record
TN:
SF:src/shared/runQueue.ts
FN:16,runQueue
FN:21,(anonymous_2)
FN:37,(anonymous_3)
FN:77,(anonymous_4)
FN:77,(anonymous_5)
FNF:5
FNH:4
FNDA:6,runQueue
FNDA:30,(anonymous_2)
FNDA:0,(anonymous_3)
FNDA:6,(anonymous_4)
FNDA:6,(anonymous_5)
DA:9,1
DA:16,1
DA:20,6
DA:21,30
DA:23,6
DA:24,6
DA:26,6
DA:27,6
DA:28,6
DA:29,6
DA:31,0
DA:33,0
DA:34,0
DA:35,0
DA:38,0
DA:45,0
DA:49,0
DA:58,0
DA:63,0
DA:69,6
DA:70,0
DA:75,6
DA:77,6
LF:23
LH:13
BRDA:38,0,0,0
BRDA:38,0,1,0
BRDA:38,1,0,0
BRDA:38,1,1,0
BRDA:40,2,0,0
BRDA:40,2,1,0
BRDA:53,3,0,0
BRDA:53,3,1,0
BRDA:60,4,0,0
BRDA:60,4,1,0
BRDA:69,5,0,0
BRDA:69,5,1,6
BRF:12
BRH:1
end_of_record
TN:
SF:src/shared/updateList.ts
FN:23,updateList
FN:42,(anonymous_2)
FNF:2
FNH:0
FNDA:0,updateList
FNDA:0,(anonymous_2)
DA:2,1
DA:3,1
DA:23,1
DA:32,0
DA:33,0
DA:39,0
DA:41,0
DA:42,0
DA:43,0
DA:44,0
DA:46,0
DA:49,0
LF:12
LH:3
BRDA:32,0,0,0
BRDA:32,0,1,0
BRDA:39,1,0,0
BRDA:39,1,1,0
BRDA:43,2,0,0
BRDA:43,2,1,0
BRDA:43,3,0,0
BRDA:43,3,1,0
BRDA:46,4,0,0
BRDA:46,4,1,0
BRDA:46,5,0,0
BRDA:46,5,1,0
BRDA:52,6,0,0
BRDA:52,6,1,0
BRF:14
BRH:0
end_of_record
TN:
SF:src/store/actions.ts
FN:6,(anonymous_0)
FNF:1
FNH:1
FNDA:3,(anonymous_0)
DA:1,1
DA:2,1
DA:6,1
DA:7,3
LF:4
LH:4
BRF:0
BRH:0
end_of_record
TN:
SF:src/store/index.ts
FN:8,generateLocalId
FN:18,(anonymous_1)
FN:27,(anonymous_2)
FNF:3
FNH:1
FNDA:0,generateLocalId
FNDA:0,(anonymous_1)
FNDA:3,(anonymous_2)
DA:4,1
DA:5,1
DA:6,1
DA:8,1
DA:12,0
DA:15,1
DA:17,1
DA:18,0
DA:27,3
LF:9
LH:7
BRF:0
BRH:0
end_of_record
TN:
SF:src/store/state.ts
FN:6,(anonymous_0)
FNF:1
FNH:1
FNDA:3,(anonymous_0)
DA:6,3
LF:1
LH:1
BRF:0
BRH:0
end_of_record
TN:
SF:src/store/firemodelActions/auth.ts
FN:20,(anonymous_0)
FN:26,(anonymous_1)
FN:54,(anonymous_2)
FN:83,(anonymous_3)
FN:108,(anonymous_4)
FN:130,(anonymous_5)
FN:151,(anonymous_6)
FN:183,(anonymous_7)
FN:213,(anonymous_8)
FN:240,(anonymous_9)
FN:264,(anonymous_10)
FN:284,(anonymous_11)
FN:305,(anonymous_12)
FNF:13
FNH:1
FNDA:3,(anonymous_0)
FNDA:0,(anonymous_1)
FNDA:0,(anonymous_2)
FNDA:0,(anonymous_3)
FNDA:0,(anonymous_4)
FNDA:0,(anonymous_5)
FNDA:0,(anonymous_6)
FNDA:0,(anonymous_7)
FNDA:0,(anonymous_8)
FNDA:0,(anonymous_9)
FNDA:0,(anonymous_10)
FNDA:0,(anonymous_11)
FNDA:0,(anonymous_12)
DA:4,1
DA:5,1
DA:11,1
DA:12,1
DA:20,1
DA:21,3
DA:30,0
DA:31,0
DA:32,0
DA:33,0
DA:37,0
DA:39,0
DA:41,0
DA:45,0
DA:58,0
DA:59,0
DA:60,0
DA:61,0
DA:65,0
DA:67,0
DA:69,0
DA:73,0
DA:90,0
DA:91,0
DA:92,0
DA:93,0
DA:94,0
DA:96,0
DA:100,0
DA:112,0
DA:113,0
DA:114,0
DA:115,0
DA:116,0
DA:118,0
DA:122,0
DA:131,0
DA:132,0
DA:133,0
DA:134,0
DA:135,0
DA:137,0
DA:139,0
DA:143,0
DA:152,0
DA:153,0
DA:157,0
DA:163,0
DA:164,0
DA:165,0
DA:166,0
DA:167,0
DA:169,0
DA:173,0
DA:184,0
DA:185,0
DA:189,0
DA:195,0
DA:196,0
DA:197,0
DA:198,0
DA:199,0
DA:201,0
DA:205,0
DA:214,0
DA:215,0
DA:216,0
DA:217,0
DA:218,0
DA:219,0
DA:224,0
DA:225,0
DA:227,0
DA:231,0
DA:241,0
DA:242,0
DA:243,0
DA:244,0
DA:245,0
DA:247,0
DA:248,0
DA:250,0
DA:253,0
DA:257,0
DA:265,0
DA:266,0
DA:267,0
DA:268,0
DA:269,0
DA:274,0
DA:276,0
DA:280,0
DA:285,0
DA:286,0
DA:287,0
DA:288,0
DA:289,0
DA:290,0
DA:296,0
DA:298,0
DA:306,0
DA:307,0
DA:308,0
DA:309,0
DA:311,0
DA:313,0
LF:106
LH:6
BRDA:152,0,0,0
BRDA:152,0,1,0
BRDA:184,1,0,0
BRDA:184,1,1,0
BRDA:218,2,0,0
BRDA:218,2,1,0
BRDA:245,3,0,0
BRDA:245,3,1,0
BRDA:247,4,0,0
BRDA:247,4,1,0
BRDA:268,5,0,0
BRDA:268,5,1,0
BRDA:289,6,0,0
BRDA:289,6,1,0
BRDA:311,7,0,0
BRDA:311,7,1,0
BRDA:311,8,0,0
BRDA:311,8,1,0
BRF:18
BRH:0
end_of_record
TN:
SF:src/store/firemodelActions/errors.ts
FN:3,(anonymous_0)
FN:4,(anonymous_1)
FNF:2
FNH:1
FNDA:3,(anonymous_0)
FNDA:0,(anonymous_1)
DA:1,1
DA:3,3
DA:5,0
LF:3
LH:2
BRF:0
BRH:0
end_of_record
TN:
SF:src/store/firemodelActions/index.ts
FN:13,(anonymous_0)
FN:26,stripNamespaceFromKeys
FN:28,(anonymous_2)
FNF:3
FNH:3
FNDA:3,(anonymous_0)
FNDA:3,stripNamespaceFromKeys
FNDA:120,(anonymous_2)
DA:1,1
DA:4,1
DA:5,1
DA:6,1
DA:7,1
DA:8,1
DA:9,1
DA:10,1
DA:11,1
DA:13,1
DA:14,3
DA:27,3
DA:28,3
DA:29,120
DA:32,3
LF:15
LH:15
BRF:0
BRH:0
end_of_record
TN:
SF:src/store/firemodelActions/other.ts
FN:4,(anonymous_0)
FN:9,(anonymous_1)
FNF:2
FNH:1
FNDA:3,(anonymous_0)
FNDA:0,(anonymous_1)
DA:4,1
DA:5,3
DA:10,0
LF:3
LH:2
BRF:0
BRH:0
end_of_record
TN:
SF:src/store/firemodelActions/recordConfirms.ts
FN:7,(anonymous_0)
FN:9,(anonymous_1)
FN:23,(anonymous_2)
FN:37,(anonymous_3)
FNF:4
FNH:1
FNDA:3,(anonymous_0)
FNDA:0,(anonymous_1)
FNDA:0,(anonymous_2)
FNDA:0,(anonymous_3)
DA:3,1
DA:5,1
DA:7,1
DA:8,3
DA:13,0
DA:14,0
DA:27,0
DA:28,0
DA:41,0
DA:42,0
LF:10
LH:4
BRF:0
BRH:0
end_of_record
TN:
SF:src/store/firemodelActions/recordLocal.ts
FN:8,(anonymous_1)
FN:10,(anonymous_2)
FN:28,(anonymous_3)
FN:46,(anonymous_4)
FNF:4
FNH:1
FNDA:3,(anonymous_1)
FNDA:0,(anonymous_2)
FNDA:0,(anonymous_3)
FNDA:0,(anonymous_4)
DA:3,1
DA:4,1
DA:6,1
DA:8,1
DA:9,3
DA:14,0
DA:18,0
DA:19,0
DA:32,0
DA:36,0
DA:37,0
DA:47,0
DA:48,0
LF:13
LH:5
BRF:0
BRH:0
end_of_record
TN:
SF:src/store/firemodelActions/recordRollbacks.ts
FN:7,(anonymous_0)
FN:9,(anonymous_1)
FN:22,(anonymous_2)
FN:35,(anonymous_3)
FNF:4
FNH:1
FNDA:3,(anonymous_0)
FNDA:0,(anonymous_1)
FNDA:0,(anonymous_2)
FNDA:0,(anonymous_3)
DA:3,1
DA:5,1
DA:7,1
DA:8,3
DA:13,0
DA:14,0
DA:26,0
DA:27,0
DA:39,0
DA:40,0
LF:10
LH:4
BRF:0
BRH:0
end_of_record
TN:
SF:src/store/firemodelActions/recordServerChanges.ts
FN:7,(anonymous_0)
FN:9,(anonymous_1)
FN:30,(anonymous_2)
FN:40,(anonymous_3)
FN:44,(anonymous_4)
FNF:5
FNH:1
FNDA:3,(anonymous_0)
FNDA:0,(anonymous_1)
FNDA:0,(anonymous_2)
FNDA:0,(anonymous_3)
FNDA:0,(anonymous_4)
DA:3,1
DA:5,1
DA:7,1
DA:8,3
DA:10,0
DA:11,0
DA:12,0
DA:20,0
DA:31,0
DA:41,0
DA:45,0
DA:46,0
DA:54,0
LF:13
LH:4
BRDA:10,0,0,0
BRDA:10,0,1,0
BRF:2
BRH:0
end_of_record
TN:
SF:src/store/firemodelActions/relationship.ts
FN:6,(anonymous_0)
FN:8,(anonymous_1)
FN:14,(anonymous_2)
FN:20,(anonymous_3)
FN:27,(anonymous_4)
FN:33,(anonymous_5)
FN:39,(anonymous_6)
FN:46,(anonymous_7)
FN:53,(anonymous_8)
FN:60,(anonymous_9)
FNF:10
FNH:1
FNDA:3,(anonymous_0)
FNDA:0,(anonymous_1)
FNDA:0,(anonymous_2)
FNDA:0,(anonymous_3)
FNDA:0,(anonymous_4)
FNDA:0,(anonymous_5)
FNDA:0,(anonymous_6)
FNDA:0,(anonymous_7)
FNDA:0,(anonymous_8)
FNDA:0,(anonymous_9)
DA:3,1
DA:6,1
DA:7,3
DA:12,0
DA:18,0
DA:24,0
DA:31,0
DA:37,0
DA:43,0
DA:51,0
DA:58,0
DA:65,0
LF:12
LH:3
BRF:0
BRH:0
end_of_record
TN:
SF:src/store/firemodelActions/watch.ts
FN:8,(anonymous_0)
FN:10,(anonymous_1)
FN:14,(anonymous_2)
FN:18,(anonymous_3)
FN:22,(anonymous_4)
FN:27,(anonymous_5)
FN:35,(anonymous_6)
FN:42,(anonymous_7)
FNF:8
FNH:1
FNDA:3,(anonymous_0)
FNDA:0,(anonymous_1)
FNDA:0,(anonymous_2)
FNDA:0,(anonymous_3)
FNDA:0,(anonymous_4)
FNDA:0,(anonymous_5)
FNDA:0,(anonymous_6)
FNDA:0,(anonymous_7)
DA:3,1
DA:6,1
DA:8,1
DA:9,3
DA:11,0
DA:15,0
DA:19,0
DA:23,0
DA:24,0
DA:28,0
DA:36,0
DA:37,0
DA:42,0
DA:43,0
LF:14
LH:4
BRF:0
BRH:0
end_of_record
TN:
SF:src/store/localActions/pluginActions.ts
FN:29,(anonymous_0)
FN:36,(anonymous_1)
FN:76,(anonymous_2)
FN:96,(anonymous_3)
FN:134,(anonymous_4)
FNF:5
FNH:3
FNDA:3,(anonymous_0)
FNDA:3,(anonymous_1)
FNDA:0,(anonymous_2)
FNDA:3,(anonymous_3)
FNDA:0,(anonymous_4)
DA:1,1
DA:17,1
DA:18,1
DA:19,1
DA:20,1
DA:21,1
DA:22,1
DA:29,1
DA:30,3
DA:37,3
DA:38,3
DA:39,0
DA:44,3
DA:45,3
DA:46,3
DA:47,3
DA:59,3
DA:61,3
DA:63,0
DA:77,0
DA:78,0
DA:79,0
DA:81,0
DA:82,0
DA:83,0
DA:97,3
DA:99,3
DA:100,3
DA:101,3
DA:102,3
DA:104,3
DA:117,3
DA:118,3
DA:119,0
DA:124,0
DA:125,0
DA:138,0
DA:139,0
DA:152,0
LF:39
LH:25
BRDA:38,0,0,0
BRDA:38,0,1,3
BRDA:81,1,0,0
BRDA:81,1,1,0
BRDA:81,2,0,0
BRDA:81,2,1,0
BRDA:118,3,0,0
BRDA:118,3,1,0
BRDA:118,4,0,0
BRDA:118,4,1,0
BRDA:138,5,0,0
BRDA:138,5,1,0
BRDA:120,6,0,0
BRDA:120,6,1,3
BRDA:120,7,0,0
BRDA:120,7,1,0
BRF:16
BRH:2
end_of_record
TN:
SF:src/store/mutations/auth.ts
FN:11,(anonymous_1)
FN:13,(anonymous_2)
FN:18,(anonymous_3)
FN:22,(anonymous_4)
FN:26,(anonymous_5)
FN:30,(anonymous_6)
FN:34,(anonymous_7)
FN:41,(anonymous_8)
FN:45,(anonymous_9)
FN:54,(anonymous_10)
FN:58,(anonymous_11)
FN:62,(anonymous_12)
FN:66,(anonymous_13)
FNF:13
FNH:1
FNDA:3,(anonymous_1)
FNDA:0,(anonymous_2)
FNDA:0,(anonymous_3)
FNDA:0,(anonymous_4)
FNDA:0,(anonymous_5)
FNDA:0,(anonymous_6)
FNDA:0,(anonymous_7)
FNDA:0,(anonymous_8)
FNDA:0,(anonymous_9)
FNDA:0,(anonymous_10)
FNDA:0,(anonymous_11)
FNDA:0,(anonymous_12)
FNDA:0,(anonymous_13)
DA:5,1
DA:11,1
DA:12,3
DA:14,0
DA:15,0
DA:35,0
DA:55,0
DA:59,0
DA:63,0
LF:9
LH:3
BRF:0
BRH:0
end_of_record
TN:
SF:src/store/mutations/errors.ts
FN:8,(anonymous_0)
FN:10,(anonymous_1)
FNF:2
FNH:1
FNDA:3,(anonymous_0)
FNDA:0,(anonymous_1)
DA:8,1
DA:9,3
DA:11,0
LF:3
LH:2
BRDA:11,0,0,0
BRDA:11,0,1,0
BRF:2
BRH:0
end_of_record
TN:
SF:src/store/mutations/index.ts
FN:17,(anonymous_0)
FNF:1
FNH:1
FNDA:3,(anonymous_0)
DA:1,1
DA:2,1
DA:3,1
DA:4,1
DA:5,1
DA:6,1
DA:7,1
DA:10,1
DA:17,1
DA:18,3
LF:10
LH:10
BRF:0
BRH:0
end_of_record
TN:
SF:src/store/mutations/localConfig.ts
FN:15,(anonymous_1)
FN:17,(anonymous_2)
FN:20,(anonymous_3)
FN:23,(anonymous_4)
FN:26,(anonymous_5)
FN:29,(anonymous_6)
FN:37,(anonymous_7)
FN:43,(anonymous_8)
FN:47,(anonymous_9)
FN:57,(anonymous_10)
FN:62,(anonymous_11)
FN:66,(anonymous_12)
FN:70,(anonymous_13)
FN:74,(anonymous_14)
FN:78,(anonymous_15)
FN:86,isUserCredential
FNF:16
FNH:6
FNDA:3,(anonymous_1)
FNDA:3,(anonymous_2)
FNDA:3,(anonymous_3)
FNDA:0,(anonymous_4)
FNDA:0,(anonymous_5)
FNDA:0,(anonymous_6)
FNDA:0,(anonymous_7)
FNDA:0,(anonymous_8)
FNDA:0,(anonymous_9)
FNDA:3,(anonymous_10)
FNDA:0,(anonymous_11)
FNDA:0,(anonymous_12)
FNDA:15,(anonymous_13)
FNDA:0,(anonymous_14)
FNDA:6,(anonymous_15)
FNDA:0,isUserCredential
DA:10,1
DA:15,1
DA:16,3
DA:21,3
DA:24,0
DA:27,0
DA:30,0
DA:31,0
DA:38,0
DA:39,0
DA:41,0
DA:44,0
DA:48,0
DA:50,0
DA:58,3
DA:59,3
DA:71,15
DA:75,0
DA:87,0
LF:19
LH:7
BRDA:34,0,0,0
BRDA:34,0,1,0
BRDA:38,1,0,0
BRDA:38,1,1,0
BRDA:53,2,0,0
BRDA:53,2,1,0
BRDA:53,3,0,0
BRDA:53,3,1,0
BRDA:87,4,0,0
BRDA:87,4,1,0
BRF:10
BRH:0
end_of_record
TN:
SF:src/store/mutations/localCrud.ts
FN:7,(anonymous_1)
FN:9,(anonymous_2)
FN:16,(anonymous_3)
FN:23,(anonymous_4)
FNF:4
FNH:1
FNDA:3,(anonymous_1)
FNDA:0,(anonymous_2)
FNDA:0,(anonymous_3)
FNDA:0,(anonymous_4)
DA:5,1
DA:7,1
DA:8,3
DA:10,0
DA:17,0
DA:24,0
DA:25,0
DA:27,0
LF:8
LH:3
BRF:0
BRH:0
end_of_record
TN:
SF:src/store/mutations/relationships.ts
FN:7,(anonymous_1)
FN:10,(anonymous_2)
FN:20,(anonymous_3)
FN:30,(anonymous_4)
FN:41,(anonymous_5)
FN:50,(anonymous_6)
FN:59,(anonymous_7)
FN:77,(anonymous_8)
FN:83,(anonymous_9)
FN:89,(anonymous_10)
FNF:10
FNH:1
FNDA:3,(anonymous_1)
FNDA:0,(anonymous_2)
FNDA:0,(anonymous_3)
FNDA:0,(anonymous_4)
FNDA:0,(anonymous_5)
FNDA:0,(anonymous_6)
FNDA:0,(anonymous_7)
FNDA:0,(anonymous_8)
FNDA:0,(anonymous_9)
FNDA:0,(anonymous_10)
DA:5,1
DA:7,1
DA:8,3
DA:14,0
DA:24,0
DA:34,0
DA:45,0
DA:46,0
DA:47,0
DA:48,0
DA:54,0
DA:55,0
DA:56,0
DA:57,0
DA:63,0
DA:64,0
DA:65,0
DA:66,0
DA:81,0
DA:87,0
DA:93,0
LF:21
LH:3
BRF:0
BRH:0
end_of_record
TN:
SF:src/store/mutations/serverConfirm.ts
FN:6,(anonymous_1)
FN:11,(anonymous_2)
FN:15,(anonymous_3)
FN:31,(anonymous_4)
FNF:4
FNH:1
FNDA:3,(anonymous_1)
FNDA:0,(anonymous_2)
FNDA:0,(anonymous_3)
FNDA:0,(anonymous_4)
DA:3,1
DA:6,1
DA:7,3
DA:12,0
DA:19,0
DA:20,0
DA:21,0
DA:23,0
DA:35,0
DA:36,0
DA:37,0
DA:39,0
LF:12
LH:3
BRF:0
BRH:0
end_of_record
TN:
SF:src/store/mutations/serverRollback.ts
FN:6,(anonymous_1)
FN:11,(anonymous_2)
FN:15,(anonymous_3)
FN:26,(anonymous_4)
FN:33,(anonymous_5)
FNF:5
FNH:1
FNDA:3,(anonymous_1)
FNDA:0,(anonymous_2)
FNDA:0,(anonymous_3)
FNDA:0,(anonymous_4)
FNDA:0,(anonymous_5)
DA:3,1
DA:6,1
DA:7,3
DA:37,0
DA:38,0
DA:39,0
DA:40,0
DA:41,0
LF:8
LH:3
BRF:0
BRH:0
end_of_record
TN:
SF:src/store/mutations/watcher.ts
FN:7,(anonymous_1)
FN:9,(anonymous_2)
FN:16,(anonymous_3)
FN:27,(anonymous_4)
FN:32,(anonymous_5)
FN:35,(anonymous_6)
FN:39,(anonymous_7)
FN:46,(anonymous_8)
FN:50,(anonymous_9)
FNF:9
FNH:1
FNDA:3,(anonymous_1)
FNDA:0,(anonymous_2)
FNDA:0,(anonymous_3)
FNDA:0,(anonymous_4)
FNDA:0,(anonymous_5)
FNDA:0,(anonymous_6)
FNDA:0,(anonymous_7)
FNDA:0,(anonymous_8)
FNDA:0,(anonymous_9)
DA:5,1
DA:7,1
DA:8,3
DA:20,0
DA:31,0
DA:32,0
DA:36,0
DA:43,0
DA:50,0
LF:9
LH:3
BRDA:23,0,0,0
BRDA:23,0,1,0
BRF:2
BRH:0
end_of_record
TN:
SF:src/types/abc.ts
FN:70,isDiscreteRequest
FN:82,isDiscreteRequest
FN:203,(anonymous_1)
FN:262,(anonymous_2)
FN:268,(anonymous_3)
FNF:5
FNH:3
FNDA:0,isDiscreteRequest
FNDA:0,isDiscreteRequest
FNDA:1,(anonymous_1)
FNDA:1,(anonymous_2)
FNDA:1,(anonymous_3)
DA:70,0
DA:71,0
DA:82,1
DA:85,0
DA:203,1
DA:210,1
DA:215,1
DA:219,1
DA:223,1
DA:227,1
DA:231,1
DA:235,1
DA:241,1
DA:245,1
DA:249,1
DA:254,1
DA:259,1
DA:262,1
DA:263,1
DA:264,1
DA:265,1
DA:268,1
DA:269,1
DA:270,1
DA:271,1
LF:25
LH:22
BRDA:203,0,0,1
BRDA:203,0,1,1
BRDA:262,1,0,1
BRDA:262,1,1,1
BRDA:268,2,0,1
BRDA:268,2,1,1
BRF:6
BRH:6
end_of_record
TN:
SF:src/types/auth.ts
FN:6,(anonymous_0)
FNF:1
FNH:1
FNDA:1,(anonymous_0)
DA:6,1
DA:13,1
DA:19,1
DA:24,1
LF:4
LH:4
BRDA:6,0,0,1
BRDA:6,0,1,1
BRF:2
BRH:2
end_of_record
TN:
SF:src/types/index.ts
FNF:0
FNH:0
DA:2,1
DA:3,1
DA:5,1
DA:6,1
DA:7,1
LF:5
LH:5
BRF:0
BRH:0
end_of_record
TN:
SF:src/types/actions/FmConfigActions.ts
FN:1,(anonymous_0)
FNF:1
FNH:1
FNDA:1,(anonymous_0)
DA:1,1
DA:2,1
DA:3,1
DA:4,1
DA:5,1
DA:6,1
DA:7,1
LF:7
LH:7
BRDA:1,0,0,1
BRDA:1,0,1,1
BRF:2
BRH:2
end_of_record
TN:
SF:src/types/actions/index.ts
FNF:0
FNH:0
DA:3,1
LF:1
LH:1
BRF:0
BRH:0
end_of_record
